Information	5/2/2021 2:55:42 AM	Microsoft-Windows-UserPnp	20003	(7005)	Driver Management has concluded the process to add Service NdisTapi for Device Instance ID ROOT\MS_NDISWANBH\0000 with the following status: 0.
Information	5/2/2021 2:55:42 AM	Microsoft-Windows-UserPnp	20003	(7005)	Driver Management has concluded the process to add Service NdisWan for Device Instance ID ROOT\MS_NDISWANBH\0000 with the following status: 0.
Information	5/2/2021 2:55:41 AM	Microsoft-Windows-UserPnp	20001	(7005)	Driver Management concluded the process to install driver  for Device Instance ID ROOT\MS_L2TPMINIPORT\0000 with the following status: 0x0.
Information	5/2/2021 2:55:41 AM	Microsoft-Windows-UserPnp	20003	(7005)	Driver Management has concluded the process to add Service Rasl2tp for Device Instance ID ROOT\MS_L2TPMINIPORT\0000 with the following status: 0.
Information	5/2/2021 2:55:41 AM	Microsoft-Windows-UserPnp	20001	(7005)	Driver Management concluded the process to install driver FileRepository\compositebus.inf_amd64_neutral_b9280780a8000d4b\compositebus.inf for Device Instance ID ROOT\COMPOSITEBUS\0000 with the following status: 0x0.
Information	5/2/2021 2:55:41 AM	Microsoft-Windows-UserPnp	20003	(7005)	Driver Management has concluded the process to add Service CompositeBus for Device Instance ID ROOT\COMPOSITEBUS\0000 with the following status: 0.
Information	5/2/2021 2:55:40 AM	Microsoft-Windows-UserPnp	20001	(7005)	Driver Management concluded the process to install driver FileRepository\machine.inf_amd64_neutral_a2f120466549d68b\machine.inf for Device Instance ID ROOT\MSSMBIOS\0000 with the following status: 0x0.
Information	5/2/2021 2:55:40 AM	Microsoft-Windows-UserPnp	20003	(7005)	Driver Management has concluded the process to add Service mssmbios for Device Instance ID ROOT\MSSMBIOS\0000 with the following status: 0.
Information	5/2/2021 2:55:40 AM	Microsoft-Windows-UserPnp	20001	(7005)	Driver Management concluded the process to install driver FileRepository\blbdrive.inf_amd64_neutral_1aa816fe7dc98c3f\blbdrive.inf for Device Instance ID ROOT\BLBDRIVE\0000 with the following status: 0x0.
Information	5/2/2021 2:55:40 AM	Microsoft-Windows-UserPnp	20003	(7005)	Driver Management has concluded the process to add Service blbdrive for Device Instance ID ROOT\BLBDRIVE\0000 with the following status: 0.
Information	5/2/2021 2:55:40 AM	Microsoft-Windows-UserPnp	20001	(7005)	Driver Management concluded the process to install driver FileRepository\hal.inf_amd64_neutral_232b95977cf6d84c\hal.inf for Device Instance ID ROOT\ACPI_HAL\0000 with the following status: 0x0.
Information	5/2/2021 2:55:40 AM	Microsoft-Windows-UserPnp	20001	(7005)	Driver Management concluded the process to install driver NULL Driver for Device Instance ID PCI\VEN_15AD&DEV_0740&SUBSYS_074015AD&REV_10\3&2B8E0B4B&0&3F with the following status: 0x0.
Information	5/2/2021 2:55:39 AM	Microsoft-Windows-UserPnp	20001	(7005)	Driver Management concluded the process to install driver FileRepository\volume.inf_amd64_neutral_df8bea40ac96ca21\volume.inf for Device Instance ID STORAGE\VOLUME\{7DB38AA3-AB2C-11EB-95AE-806E6F6E6963}#0000000000100000 with the following status: 0x0.
Information	5/2/2021 2:55:39 AM	Microsoft-Windows-UserPnp	20003	(7005)	Driver Management has concluded the process to add Service volsnap for Device Instance ID STORAGE\VOLUME\{7DB38AA3-AB2C-11EB-95AE-806E6F6E6963}#0000000000100000 with the following status: 0.
Information	5/2/2021 2:55:39 AM	Microsoft-Windows-UserPnp	20001	(7005)	Driver Management concluded the process to install driver FileRepository\machine.inf_amd64_neutral_a2f120466549d68b\machine.inf for Device Instance ID PCI\VEN_15AD&DEV_07A0&SUBSYS_07A015AD&REV_01\3&2B8E0B4B&0&AE with the following status: 0x0.
Information	5/2/2021 2:55:39 AM	Microsoft-Windows-UserPnp	20003	(7005)	Driver Management has concluded the process to add Service pci for Device Instance ID PCI\VEN_15AD&DEV_07A0&SUBSYS_07A015AD&REV_01\3&2B8E0B4B&0&AE with the following status: 0.
Information	5/2/2021 2:55:38 AM	Microsoft-Windows-UserPnp	20001	(7005)	Driver Management concluded the process to install driver FileRepository\msports.inf_amd64_neutral_fdcfb86ce78678d1\msports.inf for Device Instance ID ACPI\PNP0501\2 with the following status: 0x0.
Information	5/2/2021 2:55:38 AM	Microsoft-Windows-UserPnp	20003	(7005)	Driver Management has concluded the process to add Service Serenum for Device Instance ID ACPI\PNP0501\2 with the following status: 0.
Information	5/2/2021 2:55:38 AM	Microsoft-Windows-UserPnp	20003	(7005)	Driver Management has concluded the process to add Service Serial for Device Instance ID ACPI\PNP0501\2 with the following status: 0.
Information	5/2/2021 2:55:37 AM	Service Control Manager	7036	None	The Portable Device Enumerator Service service entered the running state.
Information	5/2/2021 2:55:37 AM	Service Control Manager	7036	None	The Application Experience service entered the running state.
Information	5/2/2021 2:55:37 AM	Service Control Manager	7036	None	The Software Protection service entered the running state.
Information	5/2/2021 2:55:37 AM	Service Control Manager	7036	None	The Network List Service service entered the running state.
Information	5/2/2021 2:55:37 AM	Service Control Manager	7036	None	The Server service entered the running state.
Information	5/2/2021 2:55:37 AM	Service Control Manager	7036	None	The IP Helper service entered the running state.
Information	5/2/2021 2:55:37 AM	Service Control Manager	7036	None	The Windows Licensing Monitoring Service service entered the running state.
Information	5/2/2021 2:55:37 AM	Service Control Manager	7036	None	The Windows Management Instrumentation service entered the running state.
Information	5/2/2021 2:55:37 AM	Service Control Manager	7036	None	The Distributed Link Tracking Client service entered the running state.
Information	5/2/2021 2:55:37 AM	Service Control Manager	7036	None	The Network Location Awareness service entered the running state.
Information	5/2/2021 2:55:37 AM	Service Control Manager	7036	None	The Remote Registry service entered the running state.
Information	5/2/2021 2:55:37 AM	Service Control Manager	7036	None	The Cryptographic Services service entered the running state.
Information	5/2/2021 2:55:37 AM	Service Control Manager	7036	None	The Print Spooler service entered the running state.
Information	5/2/2021 2:55:37 AM	Service Control Manager	7036	None	The Security Accounts Manager service entered the running state.
Information	5/2/2021 2:55:37 AM	Service Control Manager	7036	None	The Workstation service entered the running state.
Information	5/2/2021 2:55:37 AM	Service Control Manager	7036	None	The Windows Firewall service entered the running state.
Information	5/2/2021 2:55:37 AM	Service Control Manager	7036	None	The Base Filtering Engine service entered the running state.
Information	5/2/2021 2:55:37 AM	Service Control Manager	7036	None	The Task Scheduler service entered the running state.
Information	5/2/2021 2:55:37 AM	Service Control Manager	7036	None	The Shell Hardware Detection service entered the stopped state.
Information	5/2/2021 2:55:37 AM	Service Control Manager	7036	None	The Shell Hardware Detection service entered the running state.
Information	5/2/2021 2:55:37 AM	Service Control Manager	7036	None	The DNS Client service entered the running state.
Information	5/2/2021 2:55:37 AM	Service Control Manager	7036	None	The DHCP Client service entered the running state.
Information	5/2/2021 2:55:37 AM	Microsoft-Windows-DHCPv6-Client	51046	Service State Event	DHCPv6 client service is started
Information	5/2/2021 2:55:37 AM	Microsoft-Windows-Dhcp-Client	50036	Service State Event	DHCPv4 client service is started
Information	5/2/2021 2:55:37 AM	Service Control Manager	7036	None	The TCP/IP NetBIOS Helper service entered the running state.
Information	5/2/2021 2:55:37 AM	Service Control Manager	7036	None	The Network Store Interface Service service entered the running state.
Information	5/2/2021 2:55:36 AM	Service Control Manager	7036	None	The Desktop Window Manager Session Manager service entered the running state.
Information	5/2/2021 2:55:36 AM	Service Control Manager	7036	None	The Windows Modules Installer service entered the running state.
Information	5/2/2021 2:55:36 AM	Service Control Manager	7036	None	The System Event Notification Service service entered the running state.
Information	5/2/2021 2:55:36 AM	Service Control Manager	7036	None	The COM+ Event System service entered the running state.
Information	5/2/2021 2:55:36 AM	Service Control Manager	7036	None	The User Profile Service service entered the running state.
Information	5/2/2021 2:55:36 AM	Service Control Manager	7036	None	The Group Policy Client service entered the running state.
Information	5/2/2021 2:55:36 AM	Service Control Manager	7036	None	The Windows Event Log service entered the running state.
Information	5/2/2021 2:55:36 AM	Microsoft-Windows-FilterManager	6	None	File System Filter 'luafv' (6.1, ‎2009‎-‎07‎-‎13T16:26:13.000000000Z) has successfully loaded and registered with Filter Manager.
Information	5/2/2021 2:55:36 AM	Service Control Manager	7040	None	The start type of the isapnp service was changed from boot start to demand start.
Information	5/2/2021 2:55:36 AM	Service Control Manager	7040	None	The start type of the nvraid service was changed from boot start to demand start.
Information	5/2/2021 2:55:36 AM	Service Control Manager	7040	None	The start type of the Wd service was changed from boot start to demand start.
Information	5/2/2021 2:55:36 AM	Service Control Manager	7040	None	The start type of the sbp2port service was changed from boot start to demand start.
Information	5/2/2021 2:55:36 AM	Service Control Manager	7040	None	The start type of the vmbus service was changed from boot start to demand start.
Information	5/2/2021 2:55:36 AM	Service Control Manager	7040	None	The start type of the Compbatt service was changed from boot start to demand start.
Information	5/2/2021 2:55:36 AM	Service Control Manager	7040	None	The start type of the pciide service was changed from boot start to demand start.
Information	5/2/2021 2:55:36 AM	Service Control Manager	7040	None	The start type of the msahci service was changed from boot start to demand start.
Information	5/2/2021 2:55:36 AM	Service Control Manager	7040	None	The start type of the HpSAMD service was changed from boot start to demand start.
Information	5/2/2021 2:55:36 AM	Service Control Manager	7040	None	The start type of the LSI_SCSI service was changed from boot start to demand start.
Information	5/2/2021 2:55:36 AM	Service Control Manager	7040	None	The start type of the MegaSR service was changed from boot start to demand start.
Information	5/2/2021 2:55:36 AM	Service Control Manager	7040	None	The start type of the megasas service was changed from boot start to demand start.
Information	5/2/2021 2:55:36 AM	Service Control Manager	7040	None	The start type of the LSI_SAS2 service was changed from boot start to demand start.
Information	5/2/2021 2:55:36 AM	Service Control Manager	7040	None	The start type of the LSI_FC service was changed from boot start to demand start.
Information	5/2/2021 2:55:36 AM	Service Control Manager	7040	None	The start type of the amdsbs service was changed from boot start to demand start.
Information	5/2/2021 2:55:36 AM	Service Control Manager	7040	None	The start type of the amdsata service was changed from boot start to demand start.
Information	5/2/2021 2:55:36 AM	Service Control Manager	7040	None	The start type of the nfrd960 service was changed from boot start to demand start.
Information	5/2/2021 2:55:36 AM	Service Control Manager	7040	None	The start type of the amdide service was changed from boot start to demand start.
Information	5/2/2021 2:55:36 AM	Service Control Manager	7040	None	The start type of the SiSRaid2 service was changed from boot start to demand start.
Information	5/2/2021 2:55:36 AM	Service Control Manager	7040	None	The start type of the SiSRaid4 service was changed from boot start to demand start.
Information	5/2/2021 2:55:36 AM	Service Control Manager	7040	None	The start type of the stexstor service was changed from boot start to demand start.
Information	5/2/2021 2:55:36 AM	Service Control Manager	7040	None	The start type of the ql2300 service was changed from boot start to demand start.
Information	5/2/2021 2:55:36 AM	Service Control Manager	7040	None	The start type of the ql40xx service was changed from boot start to demand start.
Information	5/2/2021 2:55:36 AM	Service Control Manager	7040	None	The start type of the cmdide service was changed from boot start to demand start.
Information	5/2/2021 2:55:36 AM	Service Control Manager	7040	None	The start type of the aliide service was changed from boot start to demand start.
Information	5/2/2021 2:55:36 AM	Service Control Manager	7040	None	The start type of the nvstor service was changed from boot start to demand start.
Information	5/2/2021 2:55:36 AM	Service Control Manager	7040	None	The start type of the elxstor service was changed from boot start to demand start.
Information	5/2/2021 2:55:36 AM	Service Control Manager	7040	None	The start type of the viaide service was changed from boot start to demand start.
Information	5/2/2021 2:55:36 AM	Service Control Manager	7040	None	The start type of the vsmraid service was changed from boot start to demand start.
Information	5/2/2021 2:55:36 AM	Service Control Manager	7040	None	The start type of the iirsp service was changed from boot start to demand start.
Information	5/2/2021 2:55:36 AM	Service Control Manager	7040	None	The start type of the iaStorV service was changed from boot start to demand start.
Information	5/2/2021 2:55:36 AM	Service Control Manager	7040	None	The start type of the adpahci service was changed from boot start to demand start.
Information	5/2/2021 2:55:36 AM	Service Control Manager	7040	None	The start type of the arc service was changed from boot start to demand start.
Information	5/2/2021 2:55:36 AM	Service Control Manager	7040	None	The start type of the arcsas service was changed from boot start to demand start.
Information	5/2/2021 2:55:36 AM	Service Control Manager	7040	None	The start type of the adp94xx service was changed from boot start to demand start.
Information	5/2/2021 2:55:36 AM	Service Control Manager	7040	None	The start type of the adpu320 service was changed from boot start to demand start.
Information	5/2/2021 2:55:36 AM	Service Control Manager	7040	None	The start type of the mpio service was changed from boot start to demand start.
Information	5/2/2021 2:55:36 AM	Service Control Manager	7040	None	The start type of the msdsm service was changed from boot start to demand start.
Information	5/2/2021 2:55:36 AM	Service Control Manager	7040	None	The start type of the storvsc service was changed from boot start to demand start.
Information	5/2/2021 2:55:35 AM	Service Control Manager	7036	None	The Remote Procedure Call (RPC) service entered the running state.
Information	5/2/2021 2:55:34 AM	Service Control Manager	7036	None	The RPC Endpoint Mapper service entered the running state.
Information	5/2/2021 2:55:34 AM	Service Control Manager	7036	None	The DCOM Server Process Launcher service entered the running state.
Information	5/2/2021 2:55:34 AM	Service Control Manager	7036	None	The Power service entered the running state.
Information	5/2/2021 2:55:34 AM	Microsoft-Windows-UserPnp	20010	(7010)	"One or more of the Plug and Play service's subsystems has changed state. 

PlugPlay install subsystem enabled: 'true' 
PlugPlay caching subsystem enabled: 'true' 
"
Information	5/2/2021 2:55:34 AM	Service Control Manager	7036	None	The Plug and Play service entered the running state.
Information	5/2/2021 2:55:30 AM	Microsoft-Windows-Kernel-Processor-Power	26	(4)	"Processor 1 in group 0 exposes the following:

1 idle state(s)
0 performance state(s)
8 throttle state(s)"
Information	5/2/2021 2:55:30 AM	Microsoft-Windows-Kernel-Processor-Power	26	(4)	"Processor 0 in group 0 exposes the following:

1 idle state(s)
0 performance state(s)
8 throttle state(s)"
Information	5/2/2021 2:55:12 AM	Microsoft-Windows-Kernel-General	12	None	The operating system started at system time ‎2021‎-‎05‎-‎02T08:55:12.468750000Z.
Information	11/20/2010 7:56:03 PM	Microsoft-Windows-Kernel-General	13	None	The operating system is shutting down at system time ‎2010‎-‎11‎-‎21T03:56:03.261233400Z.
Information	11/20/2010 7:56:00 PM	Microsoft-Windows-Kernel-Power	109	(103)	The kernel power manager has initiated a shutdown transition.
Information	11/20/2010 7:56:00 PM	Service Control Manager	7036	None	The Windows Modules Installer service entered the stopped state.
Information	11/20/2010 7:56:00 PM	Service Control Manager	7036	None	The Plug and Play service entered the stopped state.
Information	11/20/2010 7:56:00 PM	Microsoft-Windows-UserPnp	20010	(7010)	"One or more of the Plug and Play service's subsystems has changed state. 

PlugPlay install subsystem enabled: 'false' 
PlugPlay caching subsystem enabled: 'false' 
"
Information	11/20/2010 7:56:00 PM	Service Control Manager	7036	None	The Cryptographic Services service entered the stopped state.
Information	11/20/2010 7:55:59 PM	Service Control Manager	7036	None	The Software Protection service entered the stopped state.
Information	11/20/2010 7:55:59 PM	Service Control Manager	7036	None	The Windows Remote Management (WS-Management) service entered the stopped state.
Information	11/20/2010 7:55:59 PM	Service Control Manager	7036	None	The Windows Management Instrumentation service entered the stopped state.
Information	11/20/2010 7:55:59 PM	Service Control Manager	7036	None	The User Profile Service service entered the stopped state.
Information	11/20/2010 7:55:59 PM	Service Control Manager	7036	None	The Distributed Link Tracking Client service entered the stopped state.
Information	11/20/2010 7:55:59 PM	Service Control Manager	7036	None	The Desktop Window Manager Session Manager service entered the stopped state.
Information	11/20/2010 7:55:59 PM	Service Control Manager	7036	None	The Power service entered the stopped state.
Information	11/20/2010 7:55:59 PM	Service Control Manager	7036	None	The Windows Font Cache Service service entered the stopped state.
Information	11/20/2010 7:55:59 PM	Service Control Manager	7036	None	The DHCP Client service entered the stopped state.
Information	11/20/2010 7:55:59 PM	Service Control Manager	7036	None	The IPsec Policy Agent service entered the stopped state.
Information	11/20/2010 7:55:59 PM	Microsoft-Windows-Dhcp-Client	50037	Service State Event	DHCPv4 client service is stopped. ShutDown Flag value is 1
Information	5/2/2021 2:55:36 AM	EventLog	6005	None	The Event log service was started.
Information	5/2/2021 2:55:36 AM	EventLog	6009	None	Microsoft (R) Windows (R) 6.01. 7601 Service Pack 1 Multiprocessor Free.
Information	5/2/2021 2:55:36 AM	EventLog	6011	None	The NetBIOS name and DNS host name of this machine have been changed from 37L4247F27-26 to VAGRANT-P98UQBN.
Information	11/20/2010 7:55:59 PM	Microsoft-Windows-DHCPv6-Client	51047	Service State Event	DHCPv6 client service is stopped. ShutDown Flag value is 1
Information	11/20/2010 7:55:59 PM	Service Control Manager	7036	None	The Windows Event Log service entered the stopped state.
