Information	9/3/2022 11:12:59 AM	Service Control Manager	7036	None	The WinHTTP Web Proxy Auto-Discovery Service service entered the stopped state.
Information	9/3/2022 11:08:35 AM	Service Control Manager	7036	None	The Windows Modules Installer service entered the running state.
Information	9/3/2022 11:06:29 AM	Service Control Manager	7036	None	The Application Experience service entered the stopped state.
Information	9/3/2022 10:58:29 AM	Service Control Manager	7036	None	The Portable Device Enumerator Service service entered the stopped state.
Information	9/3/2022 10:58:28 AM	Service Control Manager	7036	None	The Windows Update service entered the running state.
Information	9/3/2022 10:58:27 AM	Service Control Manager	7036	None	The SNMP Trap service entered the running state.
Information	9/3/2022 10:58:27 AM	Service Control Manager	7036	None	The Distributed Transaction Coordinator service entered the running state.
Information	9/3/2022 10:58:27 AM	Service Control Manager	7036	None	The Windows Font Cache Service service entered the running state.
Information	9/3/2022 10:58:27 AM	Service Control Manager	7036	None	The Diagnostic System Host service entered the running state.
Information	9/3/2022 10:58:27 AM	Service Control Manager	7036	None	The Diagnostic Policy Service service entered the running state.
Information	9/3/2022 10:58:27 AM	Service Control Manager	7036	None	The Microsoft .NET Framework NGEN v4.0.30319_X64 service entered the stopped state.
Information	9/3/2022 10:58:27 AM	Service Control Manager	7036	None	The Microsoft .NET Framework NGEN v4.0.30319_X64 service entered the running state.
Information	9/3/2022 10:58:27 AM	Service Control Manager	7036	None	The Microsoft .NET Framework NGEN v4.0.30319_X86 service entered the stopped state.
Information	9/3/2022 10:58:27 AM	Service Control Manager	7036	None	The Microsoft .NET Framework NGEN v4.0.30319_X86 service entered the running state.
Information	9/3/2022 10:56:45 AM	Service Control Manager	7036	None	The Network Connections service entered the running state.
Information	9/3/2022 10:56:31 AM	Service Control Manager	7036	None	The Remote Desktop Configuration service entered the running state.
Information	9/3/2022 10:56:31 AM	Service Control Manager	7036	None	The IPsec Policy Agent service entered the running state.
Information	9/3/2022 10:56:31 AM	Microsoft-Windows-Winlogon	7001	(1101)	User Logon Notification for Customer Experience Improvement Program
Information	9/3/2022 10:56:30 AM	Service Control Manager	7036	None	The Certificate Propagation service entered the running state.
Information	9/3/2022 10:56:29 AM	Service Control Manager	7036	None	The Portable Device Enumerator Service service entered the running state.
Information	9/3/2022 10:56:29 AM	Service Control Manager	7036	None	The Remote Desktop Services UserMode Port Redirector service entered the running state.
Information	9/3/2022 10:56:29 AM	Service Control Manager	7036	None	The Application Experience service entered the running state.
Information	9/3/2022 10:56:28 AM	Service Control Manager	7036	None	The WinHTTP Web Proxy Auto-Discovery Service service entered the running state.
Information	9/3/2022 10:56:28 AM	Service Control Manager	7036	None	The Software Protection service entered the running state.
Information	9/3/2022 10:56:28 AM	Microsoft-Windows-Iphlpsvc	4200	None	Isatap interface isatap.{D464B526-8C35-48EB-B0F2-6A86344462EB} with address fe80::5efe:192.168.128.151 has been brought up.
Information	9/3/2022 10:56:27 AM	Service Control Manager	7036	None	The Network List Service service entered the running state.
Error	9/3/2022 10:56:27 AM	Service Control Manager	7026	None	"The following boot-start or system-start driver(s) failed to load: 
vmhgfs"
Information	9/3/2022 10:56:27 AM	Service Control Manager	7036	None	The wampmysqld service entered the running state.
Information	9/3/2022 10:56:26 AM	Service Control Manager	7036	None	The OpenSSH Server service entered the running state.
Information	9/3/2022 10:56:28 AM	SNMP	1001	None	The SNMP Service has started successfully.
Information	9/3/2022 10:56:26 AM	Microsoft-Windows-TerminalServices-Licensing	0	None	The Remote Desktop Licensing service has started.
Information	9/3/2022 10:56:26 AM	Service Control Manager	7036	None	The Server service entered the running state.
Information	9/3/2022 10:56:26 AM	Service Control Manager	7036	None	The wampapache service entered the running state.
Information	9/3/2022 10:56:26 AM	Service Control Manager	7036	None	The Remote Desktop Licensing service entered the running state.
Information	9/3/2022 10:56:26 AM	Service Control Manager	7036	None	The Windows Remote Management (WS-Management) service entered the running state.
Information	9/3/2022 10:56:25 AM	Service Control Manager	7036	None	The World Wide Web Publishing Service service entered the running state.
Information	9/3/2022 10:56:25 AM	Service Control Manager	7036	None	The IP Helper service entered the running state.
Information	9/3/2022 10:56:25 AM	Service Control Manager	7036	None	The Windows Process Activation Service service entered the running state.
Information	9/3/2022 10:56:25 AM	Service Control Manager	7036	None	The Windows Licensing Monitoring Service service entered the running state.
Information	9/3/2022 10:56:25 AM	Service Control Manager	7036	None	The Windows Management Instrumentation service entered the running state.
Information	9/3/2022 10:56:25 AM	Service Control Manager	7036	None	The Remote Desktop Services service entered the running state.
Information	9/3/2022 10:56:25 AM	Service Control Manager	7036	None	The Distributed Link Tracking Client service entered the running state.
Information	9/3/2022 10:56:25 AM	Service Control Manager	7036	None	The Remote Registry service entered the running state.
Information	9/3/2022 10:56:25 AM	Service Control Manager	7036	None	The SNMP Service service entered the running state.
Information	9/3/2022 10:56:25 AM	Service Control Manager	7036	None	The MEDC Server Component - Apache service entered the running state.
Warning	9/3/2022 10:56:26 AM	Microsoft-Windows-TerminalServices-Licensing	18	None	"The Remote Desktop license server ""METASPLOITABLE3"" has not been activated and therefore will only issue temporary licenses. To issue permanent licenses, the Remote Desktop license server must be activated."
Information	9/3/2022 10:56:25 AM	Microsoft-Windows-WinRM	10121	None	"The WinRM service has been configured to accept basic authentication for unsecure HTTP connections. 

 This is not a secure configuration. 

 User Action 
 Set AllowUnencrypted to False in WinRM configuration to ensure packets are encrypted on the wire."
Information	9/3/2022 10:56:25 AM	Microsoft-Windows-WinRM	10148	None	"The WinRM service is listening for WS-Management requests. 

 User Action 
 Use the following command to see the specific IPs on which WinRM is listening: 

 winrm enumerate winrm/config/listener"
Error	9/3/2022 10:56:25 AM	SNMP	1500	None	The SNMP Service encountered an error while accessing the registry key SYSTEM\CurrentControlSet\Services\SNMP\Parameters\TrapConfiguration.
Information	9/3/2022 10:56:23 AM	Service Control Manager	7036	None	The ManageEngine Desktop Central Server service entered the running state.
Information	9/3/2022 10:56:23 AM	Service Control Manager	7036	None	The Network Location Awareness service entered the running state.
Information	9/3/2022 10:56:21 AM	Service Control Manager	7036	None	The Elasticsearch 1.1.1 (elasticsearch-service-x64) service entered the running state.
Information	9/3/2022 10:56:20 AM	Service Control Manager	7036	None	The MEDC Server Component - Notification Server service entered the running state.
Information	9/3/2022 10:56:20 AM	Service Control Manager	7036	None	The jmx service entered the running state.
Information	9/3/2022 10:56:20 AM	Service Control Manager	7036	None	The jenkins service entered the running state.
Information	9/3/2022 10:56:20 AM	Service Control Manager	7036	None	The Microsoft FTP Service service entered the running state.
Information	9/3/2022 10:56:20 AM	Service Control Manager	7036	None	The IKE and AuthIP IPsec Keying Modules service entered the running state.
Information	9/3/2022 10:56:20 AM	Service Control Manager	7036	None	The domain1 GlassFish Server service entered the running state.
Information	9/3/2022 10:56:19 AM	Service Control Manager	7036	None	The Application Host Helper Service service entered the running state.
Information	9/3/2022 10:56:19 AM	Service Control Manager	7036	None	The Cryptographic Services service entered the running state.
Information	9/3/2022 10:56:19 AM	Service Control Manager	7036	None	The Print Spooler service entered the running state.
Information	9/3/2022 10:56:19 AM	Service Control Manager	7036	None	The Security Accounts Manager service entered the running state.
Information	9/3/2022 10:56:19 AM	Service Control Manager	7036	None	The Workstation service entered the running state.
Information	9/3/2022 10:56:19 AM	Service Control Manager	7036	None	The Windows Firewall service entered the running state.
Information	9/3/2022 10:56:19 AM	Service Control Manager	7036	None	The Base Filtering Engine service entered the running state.
Information	9/3/2022 10:56:19 AM	Service Control Manager	7036	None	The Task Scheduler service entered the running state.
Information	9/3/2022 10:56:19 AM	Service Control Manager	7036	None	The Shell Hardware Detection service entered the running state.
Information	9/3/2022 10:56:19 AM	Service Control Manager	7036	None	The DNS Client service entered the running state.
Information	9/3/2022 10:56:19 AM	Service Control Manager	7036	None	The DHCP Client service entered the running state.
Information	9/3/2022 10:56:19 AM	Microsoft-Windows-DHCPv6-Client	51046	Service State Event	DHCPv6 client service is started
Information	9/3/2022 10:56:19 AM	Service Control Manager	7036	None	The TCP/IP NetBIOS Helper service entered the running state.
Information	9/3/2022 10:56:19 AM	Microsoft-Windows-Dhcp-Client	50036	Service State Event	DHCPv4 client service is started
Information	9/3/2022 10:56:19 AM	Service Control Manager	7036	None	The Network Store Interface Service service entered the running state.
Information	9/3/2022 10:56:19 AM	Service Control Manager	7036	None	The Desktop Window Manager Session Manager service entered the running state.
Information	9/3/2022 10:56:19 AM	Service Control Manager	7036	None	The System Event Notification Service service entered the running state.
Information	9/3/2022 10:56:19 AM	Service Control Manager	7036	None	The COM+ Event System service entered the running state.
Information	9/3/2022 10:56:19 AM	Service Control Manager	7036	None	The User Profile Service service entered the running state.
Information	9/3/2022 10:56:19 AM	Service Control Manager	7036	None	The Group Policy Client service entered the running state.
Information	9/3/2022 10:56:19 AM	Service Control Manager	7036	None	The Windows Event Log service entered the running state.
Information	9/3/2022 10:56:19 AM	Service Control Manager	7036	None	The Remote Procedure Call (RPC) service entered the running state.
Information	9/3/2022 10:56:19 AM	Service Control Manager	7036	None	The RPC Endpoint Mapper service entered the running state.
Information	9/3/2022 10:56:19 AM	Service Control Manager	7036	None	The DCOM Server Process Launcher service entered the running state.
Information	9/3/2022 10:56:19 AM	Service Control Manager	7036	None	The VirtualBox Guest Additions Service service entered the running state.
Information	9/3/2022 10:56:19 AM	Microsoft-Windows-FilterManager	6	None	File System Filter 'luafv' (6.1, ‎2009‎-‎07‎-‎13T16:26:13.000000000Z) has successfully loaded and registered with Filter Manager.
Information	9/3/2022 10:56:19 AM	Service Control Manager	7036	None	The Power service entered the running state.
Information	9/3/2022 10:56:19 AM	Microsoft-Windows-UserPnp	20010	(7010)	"One or more of the Plug and Play service's subsystems has changed state. 

PlugPlay install subsystem enabled: 'true' 
PlugPlay caching subsystem enabled: 'true' 
"
Information	9/3/2022 10:56:19 AM	Service Control Manager	7036	None	The Plug and Play service entered the running state.
Information	9/3/2022 10:56:18 AM	Microsoft-Windows-Kernel-Processor-Power	26	(4)	"Processor 1 in group 0 exposes the following:

1 idle state(s)
0 performance state(s)
0 throttle state(s)"
Information	9/3/2022 10:56:18 AM	Microsoft-Windows-Kernel-Processor-Power	26	(4)	"Processor 0 in group 0 exposes the following:

1 idle state(s)
0 performance state(s)
0 throttle state(s)"
Information	9/3/2022 10:56:15 AM	Microsoft-Windows-Kernel-General	12	None	The operating system started at system time ‎2022‎-‎09‎-‎03T17:56:15.484375000Z.
Information	9/3/2022 10:56:08 AM	Microsoft-Windows-Kernel-General	13	None	The operating system is shutting down at system time ‎2022‎-‎09‎-‎03T17:56:08.501171900Z.
Information	9/3/2022 10:56:08 AM	Microsoft-Windows-Kernel-Power	109	(103)	The kernel power manager has initiated a shutdown transition.
Information	9/3/2022 10:56:08 AM	Service Control Manager	7036	None	The MEDC Server Component - Apache service entered the stopped state.
Information	9/3/2022 10:56:08 AM	Service Control Manager	7036	None	The domain1 GlassFish Server service entered the stopped state.
Information	9/3/2022 10:56:07 AM	Service Control Manager	7036	None	The Windows Process Activation Service service entered the stopped state.
Information	9/3/2022 10:56:07 AM	Service Control Manager	7036	None	The wampmysqld service entered the stopped state.
Information	9/3/2022 10:56:07 AM	Service Control Manager	7036	None	The Microsoft FTP Service service entered the stopped state.
Information	9/3/2022 10:56:07 AM	Service Control Manager	7036	None	The jmx service entered the stopped state.
Information	9/3/2022 10:56:06 AM	Service Control Manager	7036	None	The Windows Remote Management (WS-Management) service entered the stopped state.
Information	9/3/2022 10:56:06 AM	Service Control Manager	7036	None	The Volume Shadow Copy service entered the stopped state.
Information	9/3/2022 10:56:06 AM	Service Control Manager	7036	None	The Remote Desktop Licensing service entered the stopped state.
Information	9/3/2022 10:56:06 AM	Service Control Manager	7036	None	The Windows Licensing Monitoring Service service entered the stopped state.
Information	9/3/2022 10:56:06 AM	Service Control Manager	7036	None	The Remote Desktop Services service entered the stopped state.
Information	9/3/2022 10:56:06 AM	Service Control Manager	7036	None	The Windows Management Instrumentation service entered the stopped state.
Information	9/3/2022 10:56:06 AM	Service Control Manager	7036	None	The World Wide Web Publishing Service service entered the stopped state.
Information	9/3/2022 10:56:06 AM	Service Control Manager	7036	None	The jenkins service entered the stopped state.
Information	9/3/2022 10:56:06 AM	Service Control Manager	7036	None	The Windows Modules Installer service entered the stopped state.
Information	9/3/2022 10:56:06 AM	Service Control Manager	7036	None	The VirtualBox Guest Additions Service service entered the stopped state.
Information	9/3/2022 10:56:06 AM	Service Control Manager	7036	None	The Distributed Link Tracking Client service entered the stopped state.
Information	9/3/2022 10:56:06 AM	Service Control Manager	7036	None	The Software Protection service entered the stopped state.
Information	9/3/2022 10:56:06 AM	Service Control Manager	7036	None	The Desktop Window Manager Session Manager service entered the stopped state.
Information	9/3/2022 10:56:06 AM	Service Control Manager	7036	None	The Remote Desktop Services UserMode Port Redirector service entered the stopped state.
Information	9/3/2022 10:56:06 AM	Service Control Manager	7036	None	The User Profile Service service entered the stopped state.
Information	9/3/2022 10:56:06 AM	Service Control Manager	7036	None	The Microsoft Software Shadow Copy Provider service entered the stopped state.
Information	9/3/2022 10:56:06 AM	Service Control Manager	7036	None	The Application Host Helper Service service entered the stopped state.
Information	9/3/2022 10:56:06 AM	Service Control Manager	7036	None	The IPsec Policy Agent service entered the stopped state.
Information	9/3/2022 10:56:06 AM	Service Control Manager	7036	None	The Power service entered the stopped state.
Information	9/3/2022 10:56:06 AM	Service Control Manager	7036	None	The Distributed Transaction Coordinator service entered the stopped state.
Information	9/3/2022 10:56:06 AM	Service Control Manager	7036	None	The IKE and AuthIP IPsec Keying Modules service entered the stopped state.
Information	9/3/2022 10:56:06 AM	Service Control Manager	7036	None	The Cryptographic Services service entered the stopped state.
Information	9/3/2022 10:56:06 AM	Service Control Manager	7036	None	The Plug and Play service entered the stopped state.
Information	9/3/2022 10:56:06 AM	Microsoft-Windows-UserPnp	20010	(7010)	"One or more of the Plug and Play service's subsystems has changed state. 

PlugPlay install subsystem enabled: 'false' 
PlugPlay caching subsystem enabled: 'false' 
"
Information	9/3/2022 10:56:19 AM	EventLog	6013	None	The system uptime is 4 seconds.
Information	9/3/2022 10:56:19 AM	EventLog	6005	None	The Event log service was started.
Information	9/3/2022 10:56:19 AM	EventLog	6009	None	Microsoft (R) Windows (R) 6.01. 7601 Service Pack 1 Multiprocessor Free.
Information	9/3/2022 10:56:06 AM	Service Control Manager	7036	None	The Windows Event Log service entered the stopped state.
Information	9/3/2022 10:56:06 AM	Service Control Manager	7036	None	The MEDC Server Component - Notification Server service entered the stopped state.
Information	9/3/2022 10:56:06 AM	Service Control Manager	7036	None	The DHCP Client service entered the stopped state.
Information	9/3/2022 10:56:06 AM	Service Control Manager	7036	None	The Certificate Propagation service entered the stopped state.
Information	9/3/2022 10:56:06 AM	Microsoft-Windows-Dhcp-Client	50037	Service State Event	DHCPv4 client service is stopped. ShutDown Flag value is 1
Information	9/3/2022 10:56:06 AM	Microsoft-Windows-DHCPv6-Client	51047	Service State Event	DHCPv6 client service is stopped. ShutDown Flag value is 1
Information	9/3/2022 10:56:06 AM	Service Control Manager	7036	None	The Diagnostic Policy Service service entered the stopped state.
Information	9/3/2022 10:56:06 AM	Service Control Manager	7036	None	The Diagnostic System Host service entered the stopped state.
Information	9/3/2022 10:56:06 AM	Service Control Manager	7036	None	The Windows Font Cache Service service entered the stopped state.
Information	9/3/2022 10:56:06 AM	EventLog	6006	None	The Event log service was stopped.
Information	9/3/2022 10:56:01 AM	Service Control Manager	7036	None	The ManageEngine Desktop Central Server service entered the stopped state.
Information	9/3/2022 10:56:00 AM	Service Control Manager	7036	None	The Windows Error Reporting Service service entered the running state.
Information	9/3/2022 10:55:59 AM	Service Control Manager	7036	None	The Elasticsearch 1.1.1 (elasticsearch-service-x64) service entered the stopped state.
Information	9/3/2022 10:55:59 AM	Service Control Manager	7036	None	The Group Policy Client service entered the stopped state.
Information	9/3/2022 10:55:59 AM	Service Control Manager	7036	None	The Windows Update service entered the stopped state.
Information	9/3/2022 10:55:59 AM	Microsoft-Windows-Winlogon	7002	(1102)	User Logoff Notification for Customer Experience Improvement Program
Information	9/3/2022 10:55:59 AM	USER32	1074	None	"The process C:\Windows\system32\winlogon.exe (METASPLOITABLE3) has initiated the restart of computer METASPLOITABLE3 on behalf of user METASPLOITABLE3\vagrant for the following reason: No title for this reason could be found
 Reason Code: 0x500ff
 Shutdown Type: restart
 Comment: "
Information	9/3/2022 10:55:58 AM	USER32	1074	None	"The process Explorer.EXE has initiated the restart of computer METASPLOITABLE3 on behalf of user METASPLOITABLE3\vagrant for the following reason: Other (Planned)
 Reason Code: 0x85000000
 Shutdown Type: restart
 Comment: rdp install"
Information	9/3/2022 10:54:06 AM	Service Control Manager	7036	None	The Application Experience service entered the stopped state.
Information	9/3/2022 10:53:54 AM	Microsoft-Windows-TerminalServices-Licensing	8198	None	The RD Licensing database path was successfully set during the installation of RD Licensing.
Information	9/3/2022 10:53:51 AM	Service Control Manager	7036	None	The Remote Desktop Licensing service entered the running state.
Information	9/3/2022 10:53:51 AM	Microsoft-Windows-TerminalServices-Licensing	0	None	The Remote Desktop Licensing service has started.
Warning	9/3/2022 10:53:51 AM	Microsoft-Windows-TerminalServices-Licensing	18	None	"The Remote Desktop license server ""METASPLOITABLE3"" has not been activated and therefore will only issue temporary licenses. To issue permanent licenses, the Remote Desktop license server must be activated."
Information	9/3/2022 10:53:48 AM	Service Control Manager	7036	None	The Remote Desktop Licensing service entered the stopped state.
Information	9/3/2022 10:53:48 AM	Microsoft-Windows-TerminalServices-Licensing	3	None	The Remote Desktop Licensing service has stopped.
Information	9/3/2022 10:53:42 AM	Service Control Manager	7036	None	The Remote Desktop Licensing service entered the running state.
Information	9/3/2022 10:53:42 AM	Service Control Manager	7036	None	The Microsoft Software Shadow Copy Provider service entered the running state.
Information	9/3/2022 10:53:42 AM	Service Control Manager	7036	None	The Volume Shadow Copy service entered the running state.
Information	9/3/2022 10:53:42 AM	Service Control Manager	7040	None	The start type of the Windows Modules Installer service was changed from auto start to demand start.
Information	9/3/2022 10:53:42 AM	Microsoft-Windows-TerminalServices-Licensing	0	None	The Remote Desktop Licensing service has started.
Warning	9/3/2022 10:53:42 AM	Microsoft-Windows-TerminalServices-Licensing	18	None	"The Remote Desktop license server ""METASPLOITABLE3"" has not been activated and therefore will only issue temporary licenses. To issue permanent licenses, the Remote Desktop license server must be activated."
Information	9/3/2022 10:53:41 AM	Service Control Manager	7045	None	"A service was installed in the system.

Service Name:  Remote Desktop Licensing
Service File Name:  %SystemRoot%\system32\svchost -k TSLicensing
Service Type:  user mode service
Service Start Type:  auto start
Service Account:  NT Authority\NetworkService"
Information	9/3/2022 10:53:41 AM	Service Control Manager	7040	None	The start type of the Windows Modules Installer service was changed from demand start to auto start.
Information	9/3/2022 10:44:06 AM	Service Control Manager	7040	None	The start type of the Background Intelligent Transfer Service service was changed from auto start to demand start.
Information	9/3/2022 10:44:06 AM	Microsoft-Windows-Kernel-General	1	None	The system time has changed to ‎2022‎-‎09‎-‎03T17:44:06.550000000Z from ‎2022‎-‎08‎-‎29T19:53:43.704078100Z.
Information	9/3/2022 10:44:06 AM	EventLog	6013	None	The system uptime is 154 seconds.
Information	8/29/2022 12:53:26 PM	Service Control Manager	7036	None	The Windows Update service entered the running state.
Information	8/29/2022 12:53:26 PM	Service Control Manager	7036	None	The SNMP Trap service entered the running state.
Information	8/29/2022 12:53:26 PM	Service Control Manager	7036	None	The Distributed Transaction Coordinator service entered the running state.
Information	8/29/2022 12:53:25 PM	Service Control Manager	7036	None	The Windows Font Cache Service service entered the running state.
Information	8/29/2022 12:53:25 PM	Service Control Manager	7036	None	The Diagnostic System Host service entered the running state.
Information	8/29/2022 12:53:25 PM	Service Control Manager	7036	None	The Diagnostic Policy Service service entered the running state.
Information	8/29/2022 12:53:25 PM	Service Control Manager	7036	None	The Microsoft .NET Framework NGEN v4.0.30319_X64 service entered the stopped state.
Information	8/29/2022 12:53:25 PM	Service Control Manager	7036	None	The Microsoft .NET Framework NGEN v4.0.30319_X64 service entered the running state.
Information	8/29/2022 12:53:25 PM	Service Control Manager	7036	None	The Portable Device Enumerator Service service entered the stopped state.
Information	8/29/2022 12:53:25 PM	Service Control Manager	7036	None	The Microsoft .NET Framework NGEN v4.0.30319_X86 service entered the stopped state.
Information	8/29/2022 12:53:25 PM	Service Control Manager	7036	None	The Microsoft .NET Framework NGEN v4.0.30319_X86 service entered the running state.
Information	8/29/2022 12:53:25 PM	Service Control Manager	7036	None	The Background Intelligent Transfer Service service entered the running state.
Information	8/29/2022 12:52:12 PM	Service Control Manager	7036	None	The Windows Modules Installer service entered the running state.
Information	8/29/2022 12:51:56 PM	Service Control Manager	7036	None	The Network Connections service entered the running state.
Information	8/29/2022 12:51:44 PM	Microsoft-Windows-Winlogon	7001	(1101)	User Logon Notification for Customer Experience Improvement Program
Information	8/29/2022 12:51:28 PM	Service Control Manager	7036	None	The IPsec Policy Agent service entered the running state.
Information	8/29/2022 12:51:26 PM	Microsoft-Windows-Iphlpsvc	4200	None	Isatap interface isatap.{D464B526-8C35-48EB-B0F2-6A86344462EB} with address fe80::5efe:192.168.128.151 has been brought up.
Information	8/29/2022 12:51:26 PM	Service Control Manager	7036	None	The Remote Desktop Configuration service entered the running state.
Information	8/29/2022 12:51:26 PM	Service Control Manager	7036	None	The Certificate Propagation service entered the running state.
Information	8/29/2022 12:51:25 PM	Service Control Manager	7036	None	The WinHTTP Web Proxy Auto-Discovery Service service entered the running state.
Information	8/29/2022 12:51:25 PM	Service Control Manager	7036	None	The Application Experience service entered the running state.
Information	8/29/2022 12:51:25 PM	Service Control Manager	7036	None	The Portable Device Enumerator Service service entered the running state.
Information	8/29/2022 12:51:25 PM	Service Control Manager	7036	None	The Remote Desktop Services UserMode Port Redirector service entered the running state.
Information	8/29/2022 12:51:25 PM	Service Control Manager	7036	None	The Software Protection service entered the running state.
Information	8/29/2022 12:51:25 PM	Service Control Manager	7036	None	The Network List Service service entered the running state.
Error	8/29/2022 12:51:25 PM	Service Control Manager	7026	None	"The following boot-start or system-start driver(s) failed to load: 
vmhgfs"
Information	8/29/2022 12:51:25 PM	Service Control Manager	7036	None	The wampmysqld service entered the running state.
Information	8/29/2022 12:51:24 PM	Service Control Manager	7036	None	The Server service entered the running state.
Information	8/29/2022 12:51:23 PM	Service Control Manager	7036	None	The wampapache service entered the running state.
Information	8/29/2022 12:51:23 PM	Service Control Manager	7036	None	The World Wide Web Publishing Service service entered the running state.
Information	8/29/2022 12:51:23 PM	Service Control Manager	7036	None	The Windows Process Activation Service service entered the running state.
Information	8/29/2022 12:51:23 PM	Service Control Manager	7036	None	The Windows Remote Management (WS-Management) service entered the running state.
Information	8/29/2022 12:51:23 PM	Service Control Manager	7036	None	The IP Helper service entered the running state.
Information	8/29/2022 12:51:23 PM	Service Control Manager	7036	None	The Windows Management Instrumentation service entered the running state.
Information	8/29/2022 12:51:24 PM	SNMP	1001	None	The SNMP Service has started successfully.
Information	8/29/2022 12:51:23 PM	Microsoft-Windows-WinRM	10121	None	"The WinRM service has been configured to accept basic authentication for unsecure HTTP connections. 

 This is not a secure configuration. 

 User Action 
 Set AllowUnencrypted to False in WinRM configuration to ensure packets are encrypted on the wire."
Information	8/29/2022 12:51:23 PM	Microsoft-Windows-WinRM	10148	None	"The WinRM service is listening for WS-Management requests. 

 User Action 
 Use the following command to see the specific IPs on which WinRM is listening: 

 winrm enumerate winrm/config/listener"
Information	8/29/2022 12:51:22 PM	Service Control Manager	7036	None	The Windows Licensing Monitoring Service service entered the running state.
Information	8/29/2022 12:51:21 PM	Service Control Manager	7036	None	The Remote Desktop Services service entered the running state.
Information	8/29/2022 12:51:21 PM	Service Control Manager	7036	None	The OpenSSH Server service entered the running state.
Information	8/29/2022 12:51:21 PM	Service Control Manager	7036	None	The Distributed Link Tracking Client service entered the running state.
Information	8/29/2022 12:51:21 PM	Service Control Manager	7036	None	The SNMP Service service entered the running state.
Error	8/29/2022 12:51:21 PM	SNMP	1500	None	The SNMP Service encountered an error while accessing the registry key SYSTEM\CurrentControlSet\Services\SNMP\Parameters\TrapConfiguration.
Information	8/29/2022 12:51:20 PM	Service Control Manager	7036	None	The Remote Registry service entered the running state.
Information	8/29/2022 12:51:20 PM	Service Control Manager	7036	None	The ManageEngine Desktop Central Server service entered the running state.
Information	8/29/2022 12:51:20 PM	Service Control Manager	7036	None	The MEDC Server Component - Apache service entered the running state.
Information	8/29/2022 12:51:18 PM	Service Control Manager	7036	None	The Network Location Awareness service entered the running state.
Information	8/29/2022 12:51:15 PM	Service Control Manager	7036	None	The Elasticsearch 1.1.1 (elasticsearch-service-x64) service entered the running state.
Information	8/29/2022 12:51:15 PM	Service Control Manager	7036	None	The MEDC Server Component - Notification Server service entered the running state.
Information	8/29/2022 12:51:14 PM	Service Control Manager	7036	None	The jmx service entered the running state.
Information	8/29/2022 12:51:14 PM	Service Control Manager	7036	None	The jenkins service entered the running state.
Information	8/29/2022 12:51:14 PM	Service Control Manager	7036	None	The domain1 GlassFish Server service entered the running state.
Information	8/29/2022 12:51:14 PM	Service Control Manager	7036	None	The Microsoft FTP Service service entered the running state.
Information	8/29/2022 12:51:14 PM	Service Control Manager	7036	None	The IKE and AuthIP IPsec Keying Modules service entered the running state.
Information	8/29/2022 12:51:14 PM	Service Control Manager	7036	None	The Application Host Helper Service service entered the running state.
Information	8/29/2022 12:51:13 PM	Service Control Manager	7036	None	The Cryptographic Services service entered the running state.
Information	8/29/2022 12:51:13 PM	Service Control Manager	7036	None	The Print Spooler service entered the running state.
Information	8/29/2022 12:51:13 PM	Service Control Manager	7036	None	The Security Accounts Manager service entered the running state.
Information	8/29/2022 12:51:13 PM	Service Control Manager	7036	None	The Workstation service entered the running state.
Information	8/29/2022 12:51:13 PM	Service Control Manager	7036	None	The Windows Firewall service entered the running state.
Information	8/29/2022 12:51:13 PM	Service Control Manager	7036	None	The Base Filtering Engine service entered the running state.
Information	8/29/2022 12:51:13 PM	Service Control Manager	7036	None	The Task Scheduler service entered the running state.
Information	8/29/2022 12:51:13 PM	Service Control Manager	7036	None	The Shell Hardware Detection service entered the running state.
Information	8/29/2022 12:51:13 PM	Service Control Manager	7036	None	The DNS Client service entered the running state.
Information	8/29/2022 12:51:13 PM	Service Control Manager	7036	None	The DHCP Client service entered the running state.
Information	8/29/2022 12:51:13 PM	Microsoft-Windows-DHCPv6-Client	51046	Service State Event	DHCPv6 client service is started
Information	8/29/2022 12:51:13 PM	Microsoft-Windows-Dhcp-Client	50036	Service State Event	DHCPv4 client service is started
Information	8/29/2022 12:51:13 PM	Service Control Manager	7036	None	The TCP/IP NetBIOS Helper service entered the running state.
Information	8/29/2022 12:51:13 PM	Service Control Manager	7036	None	The Network Store Interface Service service entered the running state.
Information	8/29/2022 12:51:13 PM	Service Control Manager	7036	None	The Desktop Window Manager Session Manager service entered the running state.
Information	8/29/2022 12:51:13 PM	Service Control Manager	7036	None	The System Event Notification Service service entered the running state.
Information	8/29/2022 12:51:13 PM	Service Control Manager	7036	None	The COM+ Event System service entered the running state.
Information	8/29/2022 12:51:13 PM	Service Control Manager	7036	None	The User Profile Service service entered the running state.
Information	8/29/2022 12:51:13 PM	Service Control Manager	7036	None	The Group Policy Client service entered the running state.
Information	8/29/2022 12:51:13 PM	Service Control Manager	7036	None	The Windows Event Log service entered the running state.
Information	8/29/2022 12:51:13 PM	Service Control Manager	7036	None	The Remote Procedure Call (RPC) service entered the running state.
Information	8/29/2022 12:51:13 PM	Service Control Manager	7036	None	The RPC Endpoint Mapper service entered the running state.
Information	8/29/2022 12:51:13 PM	Service Control Manager	7036	None	The DCOM Server Process Launcher service entered the running state.
Information	8/29/2022 12:51:13 PM	Service Control Manager	7036	None	The VirtualBox Guest Additions Service service entered the running state.
Information	8/29/2022 12:51:13 PM	Microsoft-Windows-Kernel-General	1	None	The system time has changed to ‎2022‎-‎08‎-‎29T19:51:13.624000000Z from ‎2022‎-‎08‎-‎29T21:51:11.671875000Z.
Information	8/29/2022 2:51:11 PM	Microsoft-Windows-FilterManager	6	None	File System Filter 'luafv' (6.1, ‎2009‎-‎07‎-‎13T16:26:13.000000000Z) has successfully loaded and registered with Filter Manager.
Information	8/29/2022 2:51:11 PM	Service Control Manager	7036	None	The Power service entered the running state.
Information	8/29/2022 2:51:11 PM	Microsoft-Windows-UserPnp	20010	(7010)	"One or more of the Plug and Play service's subsystems has changed state. 

PlugPlay install subsystem enabled: 'true' 
PlugPlay caching subsystem enabled: 'true' 
"
Information	8/29/2022 2:51:11 PM	Service Control Manager	7036	None	The Plug and Play service entered the running state.
Information	8/29/2022 2:51:11 PM	Microsoft-Windows-Kernel-Processor-Power	26	(4)	"Processor 1 in group 0 exposes the following:

1 idle state(s)
0 performance state(s)
0 throttle state(s)"
Information	8/29/2022 2:51:11 PM	Microsoft-Windows-Kernel-Processor-Power	26	(4)	"Processor 0 in group 0 exposes the following:

1 idle state(s)
0 performance state(s)
0 throttle state(s)"
Information	8/29/2022 2:51:07 PM	Microsoft-Windows-Kernel-General	12	None	The operating system started at system time ‎2022‎-‎08‎-‎29T21:51:07.484375000Z.
Information	8/28/2022 4:03:50 PM	Microsoft-Windows-Kernel-General	13	None	The operating system is shutting down at system time ‎2022‎-‎08‎-‎28T23:03:50.180648400Z.
Information	8/28/2022 4:03:50 PM	Microsoft-Windows-Kernel-Power	109	(103)	The kernel power manager has initiated a shutdown transition.
Information	8/28/2022 4:03:49 PM	Service Control Manager	7036	None	The MEDC Server Component - Apache service entered the stopped state.
Information	8/28/2022 4:03:49 PM	Service Control Manager	7036	None	The domain1 GlassFish Server service entered the stopped state.
Information	8/28/2022 4:03:49 PM	Service Control Manager	7036	None	The jenkins service entered the stopped state.
Information	8/28/2022 4:03:49 PM	Service Control Manager	7036	None	The Windows Process Activation Service service entered the stopped state.
Information	8/28/2022 4:03:48 PM	Service Control Manager	7036	None	The Microsoft FTP Service service entered the stopped state.
Information	8/28/2022 4:03:48 PM	Service Control Manager	7036	None	The wampmysqld service entered the stopped state.
Information	8/28/2022 4:03:48 PM	Service Control Manager	7036	None	The jmx service entered the stopped state.
Information	8/28/2022 4:03:48 PM	Service Control Manager	7036	None	The Windows Remote Management (WS-Management) service entered the stopped state.
Information	8/28/2022 4:03:48 PM	Service Control Manager	7036	None	The Remote Desktop Services service entered the stopped state.
Information	8/28/2022 4:03:48 PM	Service Control Manager	7036	None	The Windows Licensing Monitoring Service service entered the stopped state.
Information	8/28/2022 4:03:48 PM	Service Control Manager	7036	None	The Windows Management Instrumentation service entered the stopped state.
Information	8/28/2022 4:03:48 PM	Service Control Manager	7036	None	The World Wide Web Publishing Service service entered the stopped state.
Information	8/28/2022 4:03:48 PM	Service Control Manager	7036	None	The VirtualBox Guest Additions Service service entered the stopped state.
Information	8/28/2022 4:03:47 PM	Service Control Manager	7036	None	The Distributed Link Tracking Client service entered the stopped state.
Information	8/28/2022 4:03:47 PM	Service Control Manager	7036	None	The Desktop Window Manager Session Manager service entered the stopped state.
Information	8/28/2022 4:03:47 PM	Service Control Manager	7036	None	The IPsec Policy Agent service entered the stopped state.
Information	8/28/2022 4:03:47 PM	Service Control Manager	7036	None	The SPP Notification Service service entered the stopped state.
Information	8/28/2022 4:03:47 PM	Service Control Manager	7036	None	The Remote Desktop Services UserMode Port Redirector service entered the stopped state.
Information	8/28/2022 4:03:47 PM	Service Control Manager	7036	None	The Software Protection service entered the stopped state.
Information	8/28/2022 4:03:47 PM	Service Control Manager	7036	None	The User Profile Service service entered the stopped state.
Information	8/28/2022 4:03:47 PM	Service Control Manager	7036	None	The Distributed Transaction Coordinator service entered the stopped state.
Information	8/28/2022 4:03:47 PM	Service Control Manager	7036	None	The Plug and Play service entered the stopped state.
Information	8/28/2022 4:03:47 PM	Microsoft-Windows-UserPnp	20010	(7010)	"One or more of the Plug and Play service's subsystems has changed state. 

PlugPlay install subsystem enabled: 'false' 
PlugPlay caching subsystem enabled: 'false' 
"
Information	8/29/2022 12:51:13 PM	EventLog	6013	None	The system uptime is 4 seconds.
Information	8/29/2022 12:51:13 PM	EventLog	6005	None	The Event log service was started.
Information	8/29/2022 12:51:13 PM	EventLog	6009	None	Microsoft (R) Windows (R) 6.01. 7601 Service Pack 1 Multiprocessor Free.
Information	8/28/2022 4:03:47 PM	Service Control Manager	7036	None	The Power service entered the stopped state.
Information	8/28/2022 4:03:47 PM	Service Control Manager	7036	None	The MEDC Server Component - Notification Server service entered the stopped state.
Information	8/28/2022 4:03:47 PM	Service Control Manager	7036	None	The Cryptographic Services service entered the stopped state.
Information	8/28/2022 4:03:47 PM	Service Control Manager	7036	None	The Application Host Helper Service service entered the stopped state.
Information	8/28/2022 4:03:47 PM	Service Control Manager	7036	None	The IKE and AuthIP IPsec Keying Modules service entered the stopped state.
Information	8/28/2022 4:03:47 PM	Service Control Manager	7036	None	The Windows Event Log service entered the stopped state.
Information	8/28/2022 4:03:47 PM	Service Control Manager	7036	None	The Diagnostic Policy Service service entered the stopped state.
Information	8/28/2022 4:03:47 PM	Service Control Manager	7036	None	The Windows Font Cache Service service entered the stopped state.
Information	8/28/2022 4:03:47 PM	Service Control Manager	7036	None	The DHCP Client service entered the stopped state.
Information	8/28/2022 4:03:47 PM	Service Control Manager	7036	None	The Certificate Propagation service entered the stopped state.
Information	8/28/2022 4:03:47 PM	Microsoft-Windows-Dhcp-Client	50037	Service State Event	DHCPv4 client service is stopped. ShutDown Flag value is 1
Information	8/28/2022 4:03:47 PM	Microsoft-Windows-DHCPv6-Client	51047	Service State Event	DHCPv6 client service is stopped. ShutDown Flag value is 1
Information	8/28/2022 4:03:47 PM	EventLog	6006	None	The Event log service was stopped.
Information	8/28/2022 4:03:43 PM	Service Control Manager	7036	None	The ManageEngine Desktop Central Server service entered the stopped state.
Information	8/28/2022 4:03:42 PM	Service Control Manager	7036	None	The Windows Error Reporting Service service entered the running state.
Information	8/28/2022 4:03:41 PM	Service Control Manager	7036	None	The Elasticsearch 1.1.1 (elasticsearch-service-x64) service entered the stopped state.
Information	8/28/2022 4:03:41 PM	Service Control Manager	7036	None	The Group Policy Client service entered the stopped state.
Information	8/28/2022 4:03:41 PM	Service Control Manager	7036	None	The Windows Update service entered the stopped state.
Information	8/28/2022 4:03:41 PM	Microsoft-Windows-Winlogon	7002	(1102)	User Logoff Notification for Customer Experience Improvement Program
Information	8/28/2022 4:03:40 PM	USER32	1074	None	"The process wininit.exe (127.0.0.1) has initiated the power off of computer METASPLOITABLE3 on behalf of user NT AUTHORITY\SYSTEM for the following reason: Legacy API shutdown
 Reason Code: 0x80070000
 Shutdown Type: power off
 Comment: "
Information	8/28/2022 3:45:37 PM	Service Control Manager	7036	None	The Diagnostic System Host service entered the stopped state.
Information	8/28/2022 3:33:39 PM	Service Control Manager	7036	None	The SPP Notification Service service entered the running state.
Information	8/28/2022 3:24:18 PM	Service Control Manager	7036	None	The Application Experience service entered the stopped state.
Information	8/28/2022 3:20:09 PM	Service Control Manager	7036	None	The WinHTTP Web Proxy Auto-Discovery Service service entered the stopped state.
Information	8/28/2022 3:14:24 PM	Service Control Manager	7036	None	The Network Connections service entered the running state.
Information	8/28/2022 3:14:14 PM	Microsoft-Windows-Winlogon	7001	(1101)	User Logon Notification for Customer Experience Improvement Program
Information	8/28/2022 3:14:14 PM	Service Control Manager	7036	None	The Application Experience service entered the running state.
Information	8/28/2022 3:14:08 PM	Service Control Manager	7036	None	The Shell Hardware Detection service entered the running state.
Information	8/28/2022 3:13:38 PM	Service Control Manager	7036	None	The Application Experience service entered the stopped state.
Information	8/28/2022 3:05:41 PM	Service Control Manager	7036	None	The Shell Hardware Detection service entered the stopped state.
Information	8/28/2022 3:05:39 PM	Service Control Manager	7036	None	The Portable Device Enumerator Service service entered the stopped state.
Information	8/28/2022 3:05:38 PM	Service Control Manager	7036	None	The Windows Update service entered the running state.
Information	8/28/2022 3:05:37 PM	Service Control Manager	7036	None	The SNMP Trap service entered the running state.
Information	8/28/2022 3:05:37 PM	Service Control Manager	7036	None	The Distributed Transaction Coordinator service entered the running state.
Information	8/28/2022 3:05:37 PM	Service Control Manager	7036	None	The Windows Font Cache Service service entered the running state.
Information	8/28/2022 3:05:37 PM	Service Control Manager	7036	None	The Diagnostic System Host service entered the running state.
Information	8/28/2022 3:05:37 PM	Service Control Manager	7036	None	The Diagnostic Policy Service service entered the running state.
Information	8/28/2022 3:05:37 PM	Service Control Manager	7036	None	The Microsoft .NET Framework NGEN v4.0.30319_X64 service entered the stopped state.
Information	8/28/2022 3:05:37 PM	Service Control Manager	7036	None	The Microsoft .NET Framework NGEN v4.0.30319_X64 service entered the running state.
Information	8/28/2022 3:05:36 PM	Service Control Manager	7036	None	The Microsoft .NET Framework NGEN v4.0.30319_X86 service entered the stopped state.
Information	8/28/2022 3:05:36 PM	Service Control Manager	7036	None	The Microsoft .NET Framework NGEN v4.0.30319_X86 service entered the running state.
Information	8/28/2022 3:05:36 PM	Service Control Manager	7036	None	The Background Intelligent Transfer Service service entered the running state.
Information	8/28/2022 3:03:40 PM	Microsoft-Windows-UserPnp	20001	(7005)	Driver Management concluded the process to install driver FileRepository\monitor.inf_amd64_neutral_ab477c4d805d044f\monitor.inf for Device Instance ID DISPLAY\DEFAULT_MONITOR\4&17F0FF54&0&UID0 with the following status: 0x0.
Information	8/28/2022 3:03:40 PM	Microsoft-Windows-UserPnp	20003	(7005)	Driver Management has concluded the process to add Service monitor for Device Instance ID DISPLAY\DEFAULT_MONITOR\4&17F0FF54&0&UID0 with the following status: 0.
Information	8/28/2022 3:03:40 PM	Service Control Manager	7036	None	The IPsec Policy Agent service entered the running state.
Information	8/28/2022 3:03:39 PM	Service Control Manager	7036	None	The Certificate Propagation service entered the running state.
Information	8/28/2022 3:03:39 PM	Service Control Manager	7036	None	The Remote Desktop Configuration service entered the running state.
Information	8/28/2022 3:03:39 PM	Service Control Manager	7036	None	The WinHTTP Web Proxy Auto-Discovery Service service entered the running state.
Information	8/28/2022 3:03:39 PM	Service Control Manager	7036	None	The Portable Device Enumerator Service service entered the running state.
Information	8/28/2022 3:03:38 PM	Service Control Manager	7036	None	The Software Protection service entered the running state.
Information	8/28/2022 3:03:38 PM	Service Control Manager	7036	None	The Remote Desktop Services UserMode Port Redirector service entered the running state.
Information	8/28/2022 3:03:38 PM	Service Control Manager	7036	None	The Application Experience service entered the running state.
Information	8/28/2022 3:03:37 PM	Service Control Manager	7036	None	The Network List Service service entered the running state.
Information	8/28/2022 3:03:38 PM	SNMP	1001	None	The SNMP Service has started successfully.
Information	8/28/2022 3:03:37 PM	Microsoft-Windows-Iphlpsvc	4200	None	Isatap interface isatap.{D464B526-8C35-48EB-B0F2-6A86344462EB} with address fe80::5efe:192.168.128.151 has been brought up.
Error	8/28/2022 3:03:36 PM	Service Control Manager	7026	None	"The following boot-start or system-start driver(s) failed to load: 
vmhgfs"
Information	8/28/2022 3:03:36 PM	Service Control Manager	7036	None	The wampmysqld service entered the running state.
Information	8/28/2022 3:03:35 PM	Service Control Manager	7036	None	The OpenSSH Server service entered the running state.
Information	8/28/2022 3:03:35 PM	Service Control Manager	7036	None	The Server service entered the running state.
Information	8/28/2022 3:03:35 PM	Service Control Manager	7036	None	The wampapache service entered the running state.
Information	8/28/2022 3:03:35 PM	Service Control Manager	7036	None	The ManageEngine Desktop Central Server service entered the running state.
Information	8/28/2022 3:03:34 PM	Service Control Manager	7036	None	The Windows Remote Management (WS-Management) service entered the running state.
Information	8/28/2022 3:03:34 PM	Service Control Manager	7036	None	The World Wide Web Publishing Service service entered the running state.
Information	8/28/2022 3:03:34 PM	Service Control Manager	7036	None	The IP Helper service entered the running state.
Information	8/28/2022 3:03:34 PM	Service Control Manager	7036	None	The Windows Process Activation Service service entered the running state.
Information	8/28/2022 3:03:34 PM	Service Control Manager	7036	None	The Windows Licensing Monitoring Service service entered the running state.
Information	8/28/2022 3:03:34 PM	Service Control Manager	7036	None	The Windows Management Instrumentation service entered the running state.
Information	8/28/2022 3:03:34 PM	Service Control Manager	7036	None	The Remote Desktop Services service entered the running state.
Information	8/28/2022 3:03:34 PM	Service Control Manager	7036	None	The Distributed Link Tracking Client service entered the running state.
Information	8/28/2022 3:03:34 PM	Service Control Manager	7036	None	The MEDC Server Component - Apache service entered the running state.
Information	8/28/2022 3:03:34 PM	Service Control Manager	7036	None	The SNMP Service service entered the running state.
Information	8/28/2022 3:03:34 PM	Service Control Manager	7036	None	The Remote Registry service entered the running state.
