Information	8/11/2021 2:15:37 PM	Service Control Manager	7036	None	The Windows Management Instrumentation service entered the stopped state.
Information	8/11/2021 2:15:37 PM	Service Control Manager	7036	None	The Windows Licensing Monitoring Service service entered the stopped state.
Information	8/11/2021 2:15:36 PM	Service Control Manager	7036	None	The World Wide Web Publishing Service service entered the stopped state.
Information	8/11/2021 2:15:36 PM	Service Control Manager	7036	None	The Distributed Link Tracking Client service entered the stopped state.
Information	8/11/2021 2:15:36 PM	Service Control Manager	7036	None	The Windows Time service entered the stopped state.
Information	8/11/2021 2:15:36 PM	Service Control Manager	7036	None	The Software Protection service entered the stopped state.
Information	8/11/2021 2:15:36 PM	Service Control Manager	7036	None	The Desktop Window Manager Session Manager service entered the stopped state.
Information	8/11/2021 2:15:36 PM	Service Control Manager	7036	None	The SPP Notification Service service entered the stopped state.
Information	8/11/2021 2:15:36 PM	Service Control Manager	7036	None	The User Profile Service service entered the stopped state.
Information	8/11/2021 2:15:36 PM	Service Control Manager	7036	None	The Remote Desktop Services UserMode Port Redirector service entered the stopped state.
Information	8/11/2021 2:15:36 PM	Service Control Manager	7036	None	The IPsec Policy Agent service entered the stopped state.
Information	8/11/2021 2:15:36 PM	Service Control Manager	7036	None	The Plug and Play service entered the stopped state.
Information	8/11/2021 2:15:36 PM	Microsoft-Windows-UserPnp	20010	(7010)	"One or more of the Plug and Play service's subsystems has changed state. 

PlugPlay install subsystem enabled: 'false' 
PlugPlay caching subsystem enabled: 'false' 
"
Information	8/11/2021 4:03:34 PM	EventLog	6013	None	The system uptime is 5 seconds.
Information	8/11/2021 4:03:34 PM	EventLog	6005	None	The Event log service was started.
Information	8/11/2021 4:03:34 PM	EventLog	6009	None	Microsoft (R) Windows (R) 6.01. 7601 Service Pack 1 Multiprocessor Free.
Information	8/11/2021 2:15:36 PM	Service Control Manager	7036	None	The Distributed Transaction Coordinator service entered the stopped state.
Information	8/11/2021 2:15:36 PM	Service Control Manager	7036	None	The Power service entered the stopped state.
Information	8/11/2021 2:15:36 PM	Service Control Manager	7036	None	The MEDC Server Component - Notification Server service entered the stopped state.
Information	8/11/2021 2:15:36 PM	Service Control Manager	7036	None	The Cryptographic Services service entered the stopped state.
Information	8/11/2021 2:15:36 PM	Service Control Manager	7036	None	The IKE and AuthIP IPsec Keying Modules service entered the stopped state.
Information	8/11/2021 2:15:36 PM	Service Control Manager	7036	None	The Application Host Helper Service service entered the stopped state.
Information	8/11/2021 2:15:36 PM	Service Control Manager	7036	None	The Windows Event Log service entered the stopped state.
Information	8/11/2021 2:15:36 PM	Service Control Manager	7036	None	The DHCP Client service entered the stopped state.
Information	8/11/2021 2:15:36 PM	Service Control Manager	7036	None	The Certificate Propagation service entered the stopped state.
Information	8/11/2021 2:15:36 PM	Service Control Manager	7036	None	The Diagnostic Policy Service service entered the stopped state.
Information	8/11/2021 2:15:36 PM	Microsoft-Windows-Dhcp-Client	50037	Service State Event	DHCPv4 client service is stopped. ShutDown Flag value is 1
Information	8/11/2021 2:15:36 PM	Microsoft-Windows-DHCPv6-Client	51047	Service State Event	DHCPv6 client service is stopped. ShutDown Flag value is 1
Information	8/11/2021 2:15:36 PM	Service Control Manager	7036	None	The Windows Font Cache Service service entered the stopped state.
Information	8/11/2021 2:15:36 PM	EventLog	6006	None	The Event log service was stopped.
Information	8/11/2021 2:15:32 PM	Service Control Manager	7036	None	The ManageEngine Desktop Central Server service entered the stopped state.
Information	8/11/2021 2:15:31 PM	Service Control Manager	7036	None	The Windows Error Reporting Service service entered the running state.
Information	8/11/2021 2:15:30 PM	Service Control Manager	7036	None	The Elasticsearch 1.1.1 (elasticsearch-service-x64) service entered the stopped state.
Information	8/11/2021 2:15:30 PM	Service Control Manager	7036	None	The Group Policy Client service entered the stopped state.
Information	8/11/2021 2:15:30 PM	Service Control Manager	7036	None	The Windows Update service entered the stopped state.
Information	8/11/2021 2:15:30 PM	USER32	1074	None	"The process wlms.exe has initiated the power off of computer METASPLOITABLE3 on behalf of user NT AUTHORITY\SYSTEM for the following reason: Other (Unplanned)
 Reason Code: 0x0
 Shutdown Type: power off
 Comment: "
Information	8/11/2021 1:58:11 PM	Service Control Manager	7036	None	The DNS Client service entered the running state.
Information	8/11/2021 1:57:25 PM	Service Control Manager	7036	None	The Diagnostic System Host service entered the stopped state.
Information	8/11/2021 1:55:14 PM	Service Control Manager	7036	None	The DNS Client service entered the stopped state.
Information	8/11/2021 1:50:15 PM	Service Control Manager	7036	None	The Application Experience service entered the stopped state.
Information	8/11/2021 1:45:29 PM	Service Control Manager	7036	None	The SPP Notification Service service entered the running state.
Information	8/11/2021 1:32:47 PM	Service Control Manager	7036	None	The Application Experience service entered the running state.
Information	8/11/2021 1:31:55 PM	Service Control Manager	7036	None	The WinHTTP Web Proxy Auto-Discovery Service service entered the stopped state.
Information	8/11/2021 1:25:28 PM	Service Control Manager	7036	None	The Application Experience service entered the stopped state.
Warning	8/11/2021 1:24:16 PM	Microsoft-Windows-Time-Service	134	None	NtpClient was unable to set a manual peer to use as a time source because of DNS resolution error on ''. NtpClient will try again in 3473457 minutes and double the reattempt interval thereafter. The error was: The requested name is valid, but no data of the requested type was found. (0x80072AFC)
Warning	8/11/2021 1:24:14 PM	Microsoft-Windows-Time-Service	134	None	NtpClient was unable to set a manual peer to use as a time source because of DNS resolution error on ''. NtpClient will try again in 3473457 minutes and double the reattempt interval thereafter. The error was: The requested name is valid, but no data of the requested type was found. (0x80072AFC)
Information	8/11/2021 1:24:14 PM	Service Control Manager	7036	None	The Windows Time service entered the running state.
Information	8/11/2021 1:17:30 PM	Service Control Manager	7036	None	The Shell Hardware Detection service entered the stopped state.
Information	8/11/2021 1:17:29 PM	Service Control Manager	7036	None	The Portable Device Enumerator Service service entered the stopped state.
Information	8/11/2021 1:17:27 PM	Service Control Manager	7036	None	The Windows Update service entered the running state.
Information	8/11/2021 1:17:26 PM	Service Control Manager	7036	None	The Distributed Transaction Coordinator service entered the running state.
Information	8/11/2021 1:17:26 PM	Service Control Manager	7036	None	The Windows Font Cache Service service entered the running state.
Information	8/11/2021 1:17:25 PM	Service Control Manager	7036	None	The Diagnostic System Host service entered the running state.
Information	8/11/2021 1:17:25 PM	Service Control Manager	7036	None	The Diagnostic Policy Service service entered the running state.
Information	8/11/2021 1:17:25 PM	Service Control Manager	7036	None	The Microsoft .NET Framework NGEN v4.0.30319_X64 service entered the stopped state.
Information	8/11/2021 1:17:25 PM	Service Control Manager	7036	None	The Microsoft .NET Framework NGEN v4.0.30319_X64 service entered the running state.
Information	8/11/2021 1:17:25 PM	Service Control Manager	7036	None	The Microsoft .NET Framework NGEN v4.0.30319_X86 service entered the stopped state.
Information	8/11/2021 1:17:25 PM	Service Control Manager	7036	None	The Microsoft .NET Framework NGEN v4.0.30319_X86 service entered the running state.
Information	8/11/2021 1:17:25 PM	Service Control Manager	7036	None	The Background Intelligent Transfer Service service entered the running state.
Information	8/11/2021 1:15:30 PM	Service Control Manager	7036	None	The Remote Desktop Configuration service entered the running state.
Information	8/11/2021 1:15:30 PM	Service Control Manager	7036	None	The Certificate Propagation service entered the running state.
Information	8/11/2021 1:15:30 PM	Service Control Manager	7036	None	The Remote Desktop Services UserMode Port Redirector service entered the running state.
Information	8/11/2021 1:15:29 PM	Service Control Manager	7036	None	The IPsec Policy Agent service entered the running state.
Information	8/11/2021 1:15:29 PM	Microsoft-Windows-Iphlpsvc	4200	None	Isatap interface isatap.{C4693D89-C34D-4CB3-98BB-1A53D6BAFCB8} with address fe80::5efe:10.0.0.5 has been brought up.
Information	8/11/2021 1:15:29 PM	Service Control Manager	7036	None	The Remote Desktop Services service entered the running state.
Information	8/11/2021 1:15:29 PM	Service Control Manager	7036	None	The Portable Device Enumerator Service service entered the running state.
Information	8/11/2021 1:15:28 PM	Service Control Manager	7036	None	The Application Experience service entered the running state.
Information	8/11/2021 1:15:28 PM	Service Control Manager	7036	None	The Software Protection service entered the running state.
Information	8/11/2021 1:15:26 PM	Microsoft-Windows-Iphlpsvc	4200	None	Isatap interface isatap.{3FF0E5D3-0D6F-4A55-BC90-5BFA25B7AF4E} with address fe80::5efe:192.168.52.3 has been brought up.
Information	8/11/2021 1:15:25 PM	Service Control Manager	7036	None	The Network List Service service entered the running state.
Information	8/11/2021 1:15:25 PM	Service Control Manager	7036	None	The WinHTTP Web Proxy Auto-Discovery Service service entered the running state.
Error	8/11/2021 1:15:25 PM	Service Control Manager	7026	None	"The following boot-start or system-start driver(s) failed to load: 
vmhgfs"
Information	8/11/2021 1:15:25 PM	Service Control Manager	7036	None	The wampmysqld service entered the running state.
Information	8/11/2021 1:15:24 PM	Service Control Manager	7036	None	The Server service entered the running state.
Information	8/11/2021 1:15:25 PM	SNMP	1001	None	The SNMP Service has started successfully.
Information	8/11/2021 1:15:23 PM	Service Control Manager	7036	None	The Windows Remote Management (WS-Management) service entered the running state.
Information	8/11/2021 1:15:23 PM	Service Control Manager	7036	None	The World Wide Web Publishing Service service entered the running state.
Information	8/11/2021 1:15:23 PM	Service Control Manager	7036	None	The IP Helper service entered the running state.
Information	8/11/2021 1:15:23 PM	Service Control Manager	7036	None	The Windows Process Activation Service service entered the running state.
Information	8/11/2021 1:15:23 PM	Service Control Manager	7036	None	The Windows Management Instrumentation service entered the running state.
Information	8/11/2021 1:15:23 PM	Service Control Manager	7036	None	The Windows Licensing Monitoring Service service entered the running state.
Information	8/11/2021 1:15:22 PM	Service Control Manager	7036	None	The wampapache service entered the running state.
Information	8/11/2021 1:15:22 PM	Service Control Manager	7036	None	The OpenSSH Server service entered the running state.
Information	8/11/2021 1:15:22 PM	Service Control Manager	7036	None	The ManageEngine Desktop Central Server service entered the running state.
Information	8/11/2021 1:15:23 PM	Microsoft-Windows-WinRM	10121	None	"The WinRM service has been configured to accept basic authentication for unsecure HTTP connections. 

 This is not a secure configuration. 

 User Action 
 Set AllowUnencrypted to False in WinRM configuration to ensure packets are encrypted on the wire."
Information	8/11/2021 1:15:23 PM	Microsoft-Windows-WinRM	10148	None	"The WinRM service is listening for WS-Management requests. 

 User Action 
 Use the following command to see the specific IPs on which WinRM is listening: 

 winrm enumerate winrm/config/listener"
Information	8/11/2021 1:15:21 PM	Service Control Manager	7036	None	The SNMP Service service entered the running state.
Information	8/11/2021 1:15:21 PM	Service Control Manager	7036	None	The Distributed Link Tracking Client service entered the running state.
Information	8/11/2021 1:15:21 PM	Service Control Manager	7036	None	The Remote Registry service entered the running state.
Information	8/11/2021 1:15:21 PM	Service Control Manager	7036	None	The MEDC Server Component - Apache service entered the running state.
Error	8/11/2021 1:15:21 PM	SNMP	1500	None	The SNMP Service encountered an error while accessing the registry key SYSTEM\CurrentControlSet\Services\SNMP\Parameters\TrapConfiguration.
Information	8/11/2021 1:15:19 PM	Service Control Manager	7036	None	The Network Location Awareness service entered the running state.
Information	8/11/2021 1:15:16 PM	Service Control Manager	7036	None	The Elasticsearch 1.1.1 (elasticsearch-service-x64) service entered the running state.
Information	8/11/2021 1:15:16 PM	Service Control Manager	7036	None	The jmx service entered the running state.
Information	8/11/2021 1:15:16 PM	Service Control Manager	7036	None	The MEDC Server Component - Notification Server service entered the running state.
Information	8/11/2021 1:15:15 PM	Service Control Manager	7036	None	The jenkins service entered the running state.
Information	8/11/2021 1:15:15 PM	Service Control Manager	7036	None	The domain1 GlassFish Server service entered the running state.
Information	8/11/2021 1:15:15 PM	Service Control Manager	7036	None	The Microsoft FTP Service service entered the running state.
Information	8/11/2021 1:15:15 PM	Service Control Manager	7036	None	The IKE and AuthIP IPsec Keying Modules service entered the running state.
Information	8/11/2021 1:15:14 PM	Service Control Manager	7036	None	The Application Host Helper Service service entered the running state.
Information	8/11/2021 1:15:14 PM	Service Control Manager	7036	None	The Cryptographic Services service entered the running state.
Information	8/11/2021 1:15:14 PM	Service Control Manager	7036	None	The Print Spooler service entered the running state.
Information	8/11/2021 1:15:14 PM	Service Control Manager	7036	None	The Security Accounts Manager service entered the running state.
Information	8/11/2021 1:15:14 PM	Service Control Manager	7036	None	The Workstation service entered the running state.
Information	8/11/2021 1:15:14 PM	Service Control Manager	7036	None	The Windows Firewall service entered the running state.
Information	8/11/2021 1:15:14 PM	Service Control Manager	7036	None	The Base Filtering Engine service entered the running state.
Information	8/11/2021 1:15:14 PM	Service Control Manager	7036	None	The Task Scheduler service entered the running state.
Information	8/11/2021 1:15:14 PM	Service Control Manager	7036	None	The Shell Hardware Detection service entered the running state.
Information	8/11/2021 1:15:14 PM	Service Control Manager	7036	None	The DNS Client service entered the running state.
Information	8/11/2021 1:15:14 PM	Service Control Manager	7036	None	The DHCP Client service entered the running state.
Information	8/11/2021 1:15:14 PM	Microsoft-Windows-DHCPv6-Client	51046	Service State Event	DHCPv6 client service is started
Information	8/11/2021 1:15:14 PM	Microsoft-Windows-Dhcp-Client	50036	Service State Event	DHCPv4 client service is started
Information	8/11/2021 1:15:14 PM	Service Control Manager	7036	None	The TCP/IP NetBIOS Helper service entered the running state.
Information	8/11/2021 1:15:14 PM	Service Control Manager	7036	None	The Network Store Interface Service service entered the running state.
Information	8/11/2021 1:15:14 PM	Service Control Manager	7036	None	The Desktop Window Manager Session Manager service entered the running state.
Information	8/11/2021 1:15:14 PM	Service Control Manager	7036	None	The System Event Notification Service service entered the running state.
Information	8/11/2021 1:15:14 PM	Service Control Manager	7036	None	The COM+ Event System service entered the running state.
Information	8/11/2021 1:15:14 PM	Service Control Manager	7036	None	The User Profile Service service entered the running state.
Information	8/11/2021 1:15:14 PM	Service Control Manager	7036	None	The Group Policy Client service entered the running state.
Information	8/11/2021 1:15:14 PM	Service Control Manager	7036	None	The Windows Event Log service entered the running state.
Information	8/11/2021 1:15:14 PM	Service Control Manager	7036	None	The Remote Procedure Call (RPC) service entered the running state.
Information	8/11/2021 1:15:14 PM	Service Control Manager	7036	None	The RPC Endpoint Mapper service entered the running state.
Information	8/11/2021 1:15:14 PM	Service Control Manager	7036	None	The DCOM Server Process Launcher service entered the running state.
Information	8/11/2021 1:15:14 PM	Microsoft-Windows-FilterManager	6	None	File System Filter 'luafv' (6.1, ‎2009‎-‎07‎-‎13T16:26:13.000000000Z) has successfully loaded and registered with Filter Manager.
Information	8/11/2021 1:15:14 PM	Service Control Manager	7036	None	The Power service entered the running state.
Information	8/11/2021 1:15:14 PM	Microsoft-Windows-UserPnp	20010	(7010)	"One or more of the Plug and Play service's subsystems has changed state. 

PlugPlay install subsystem enabled: 'true' 
PlugPlay caching subsystem enabled: 'true' 
"
Information	8/11/2021 1:15:14 PM	Service Control Manager	7036	None	The Plug and Play service entered the running state.
Information	8/11/2021 1:15:13 PM	Microsoft-Windows-Kernel-Processor-Power	26	(4)	"Processor 1 in group 0 exposes the following:

1 idle state(s)
0 performance state(s)
8 throttle state(s)"
Information	8/11/2021 1:15:13 PM	Microsoft-Windows-Kernel-Processor-Power	26	(4)	"Processor 0 in group 0 exposes the following:

1 idle state(s)
0 performance state(s)
8 throttle state(s)"
Information	8/11/2021 1:15:08 PM	Microsoft-Windows-Kernel-General	12	None	The operating system started at system time ‎2021‎-‎08‎-‎11T20:15:08.468750000Z.
Information	6/20/2021 2:25:01 PM	Microsoft-Windows-Kernel-General	13	None	The operating system is shutting down at system time ‎2021‎-‎06‎-‎20T21:25:01.285156200Z.
Information	6/20/2021 2:25:01 PM	Microsoft-Windows-Kernel-Power	109	(103)	The kernel power manager has initiated a shutdown transition.
Information	6/20/2021 2:25:00 PM	Service Control Manager	7036	None	The MEDC Server Component - Apache service entered the stopped state.
Information	6/20/2021 2:25:00 PM	Service Control Manager	7036	None	The domain1 GlassFish Server service entered the stopped state.
Information	6/20/2021 2:25:00 PM	Service Control Manager	7036	None	The Windows Process Activation Service service entered the stopped state.
Information	6/20/2021 2:24:59 PM	Service Control Manager	7036	None	The Microsoft FTP Service service entered the stopped state.
Information	6/20/2021 2:24:59 PM	Service Control Manager	7036	None	The wampmysqld service entered the stopped state.
Information	6/20/2021 2:24:59 PM	Service Control Manager	7036	None	The Cryptographic Services service entered the stopped state.
Information	6/20/2021 2:24:59 PM	Service Control Manager	7036	None	The Application Host Helper Service service entered the stopped state.
Information	6/20/2021 2:24:59 PM	Service Control Manager	7036	None	The jmx service entered the stopped state.
Information	6/20/2021 2:24:59 PM	Service Control Manager	7036	None	The Remote Desktop Services service entered the stopped state.
Information	6/20/2021 2:24:59 PM	Service Control Manager	7036	None	The Windows Remote Management (WS-Management) service entered the stopped state.
Information	6/20/2021 2:24:59 PM	Service Control Manager	7036	None	The Windows Management Instrumentation service entered the stopped state.
Information	6/20/2021 2:24:59 PM	Service Control Manager	7036	None	The Software Protection service entered the stopped state.
Information	6/20/2021 2:24:59 PM	Service Control Manager	7036	None	The Windows Licensing Monitoring Service service entered the stopped state.
Information	6/20/2021 2:24:59 PM	Service Control Manager	7036	None	The Distributed Link Tracking Client service entered the stopped state.
Information	6/20/2021 2:24:59 PM	Service Control Manager	7036	None	The jenkins service entered the stopped state.
Information	6/20/2021 2:24:59 PM	Service Control Manager	7036	None	The User Profile Service service entered the stopped state.
Information	6/20/2021 2:24:59 PM	Service Control Manager	7036	None	The World Wide Web Publishing Service service entered the stopped state.
Information	6/20/2021 2:24:59 PM	Service Control Manager	7036	None	The IKE and AuthIP IPsec Keying Modules service entered the stopped state.
Information	6/20/2021 2:24:58 PM	Service Control Manager	7036	None	The Desktop Window Manager Session Manager service entered the stopped state.
Information	6/20/2021 2:24:58 PM	Service Control Manager	7036	None	The Remote Desktop Services UserMode Port Redirector service entered the stopped state.
Information	6/20/2021 2:24:58 PM	Service Control Manager	7036	None	The Windows Event Log service entered the stopped state.
Information	6/20/2021 2:24:58 PM	Service Control Manager	7036	None	The IPsec Policy Agent service entered the stopped state.
Information	6/20/2021 2:24:58 PM	Service Control Manager	7036	None	The Plug and Play service entered the stopped state.
Information	6/20/2021 2:24:58 PM	Microsoft-Windows-UserPnp	20010	(7010)	"One or more of the Plug and Play service's subsystems has changed state. 

PlugPlay install subsystem enabled: 'false' 
PlugPlay caching subsystem enabled: 'false' 
"
Information	8/11/2021 1:15:14 PM	EventLog	6013	None	The system uptime is 6 seconds.
Information	8/11/2021 1:15:14 PM	EventLog	6005	None	The Event log service was started.
Information	8/11/2021 1:15:14 PM	EventLog	6009	None	Microsoft (R) Windows (R) 6.01. 7601 Service Pack 1 Multiprocessor Free.
Information	6/20/2021 2:24:58 PM	Service Control Manager	7036	None	The Power service entered the stopped state.
Information	6/20/2021 2:24:58 PM	Service Control Manager	7036	None	The Distributed Transaction Coordinator service entered the stopped state.
Information	6/20/2021 2:24:58 PM	Service Control Manager	7036	None	The Diagnostic Policy Service service entered the stopped state.
Information	6/20/2021 2:24:58 PM	Service Control Manager	7036	None	The MEDC Server Component - Notification Server service entered the stopped state.
Information	6/20/2021 2:24:58 PM	Service Control Manager	7036	None	The Diagnostic System Host service entered the stopped state.
Information	6/20/2021 2:24:58 PM	Service Control Manager	7036	None	The Windows Font Cache Service service entered the stopped state.
Information	6/20/2021 2:24:58 PM	Service Control Manager	7036	None	The Certificate Propagation service entered the stopped state.
Information	6/20/2021 2:24:58 PM	Service Control Manager	7036	None	The DHCP Client service entered the stopped state.
Information	6/20/2021 2:24:58 PM	Microsoft-Windows-Dhcp-Client	50037	Service State Event	DHCPv4 client service is stopped. ShutDown Flag value is 1
Information	6/20/2021 2:24:58 PM	Microsoft-Windows-DHCPv6-Client	51047	Service State Event	DHCPv6 client service is stopped. ShutDown Flag value is 1
Information	6/20/2021 2:24:58 PM	EventLog	6006	None	The Event log service was stopped.
Information	6/20/2021 2:24:54 PM	Service Control Manager	7036	None	The ManageEngine Desktop Central Server service entered the stopped state.
Information	6/20/2021 2:24:53 PM	Service Control Manager	7036	None	The Windows Error Reporting Service service entered the running state.
Information	6/20/2021 2:24:52 PM	Service Control Manager	7036	None	The Elasticsearch 1.1.1 (elasticsearch-service-x64) service entered the stopped state.
Information	6/20/2021 2:24:52 PM	Service Control Manager	7036	None	The Group Policy Client service entered the stopped state.
Information	6/20/2021 2:24:52 PM	Service Control Manager	7036	None	The Windows Update service entered the stopped state.
Information	6/20/2021 2:24:52 PM	Microsoft-Windows-Winlogon	7002	(1102)	User Logoff Notification for Customer Experience Improvement Program
Information	6/20/2021 2:24:52 PM	USER32	1074	None	"The process C:\Windows\system32\winlogon.exe (METASPLOITABLE3) has initiated the power off of computer METASPLOITABLE3 on behalf of user METASPLOITABLE3\vagrant for the following reason: No title for this reason could be found
 Reason Code: 0x500ff
 Shutdown Type: power off
 Comment: "
Information	6/20/2021 2:24:51 PM	USER32	1074	None	"The process Explorer.EXE has initiated the shutdown of computer METASPLOITABLE3 on behalf of user METASPLOITABLE3\vagrant for the following reason: Other (Planned)
 Reason Code: 0x85000000
 Shutdown Type: shutdown
 Comment: x"
Information	6/20/2021 2:23:13 PM	Service Control Manager	7036	None	The Application Experience service entered the running state.
Information	6/20/2021 2:22:51 PM	Service Control Manager	7036	None	The DNS Client service entered the running state.
Information	6/20/2021 2:21:17 PM	Service Control Manager	7036	None	The DNS Client service entered the stopped state.
Information	6/20/2021 2:18:03 PM	Service Control Manager	7036	None	The WinHTTP Web Proxy Auto-Discovery Service service entered the stopped state.
Information	6/20/2021 2:12:07 PM	Service Control Manager	7036	None	The Windows Installer service entered the stopped state.
Information	6/20/2021 2:11:48 PM	Service Control Manager	7036	None	The Application Experience service entered the stopped state.
Information	6/20/2021 2:05:02 PM	Service Control Manager	7036	None	The Network Connections service entered the running state.
Information	6/20/2021 2:04:51 PM	Microsoft-Windows-Winlogon	7001	(1101)	User Logon Notification for Customer Experience Improvement Program
Information	6/20/2021 2:04:50 PM	Service Control Manager	7036	None	The Shell Hardware Detection service entered the running state.
Information	6/20/2021 2:04:40 PM	Service Control Manager	7036	None	The Volume Shadow Copy service entered the stopped state.
Information	6/20/2021 2:03:54 PM	Service Control Manager	7036	None	The Shell Hardware Detection service entered the stopped state.
Information	6/20/2021 2:03:33 PM	Service Control Manager	7036	None	The Portable Device Enumerator Service service entered the stopped state.
Information	6/20/2021 2:03:30 PM	Service Control Manager	7036	None	The Windows Font Cache Service service entered the running state.
Information	6/20/2021 2:03:30 PM	Service Control Manager	7036	None	The Diagnostic System Host service entered the running state.
Information	6/20/2021 2:03:30 PM	Service Control Manager	7036	None	The Diagnostic Policy Service service entered the running state.
Information	6/20/2021 2:03:30 PM	Service Control Manager	7036	None	The Microsoft .NET Framework NGEN v4.0.30319_X64 service entered the stopped state.
Information	6/20/2021 2:03:30 PM	Service Control Manager	7036	None	The Microsoft .NET Framework NGEN v4.0.30319_X64 service entered the running state.
Information	6/20/2021 2:03:30 PM	Service Control Manager	7036	None	The Microsoft .NET Framework NGEN v4.0.30319_X86 service entered the stopped state.
Information	6/20/2021 2:03:30 PM	Service Control Manager	7036	None	The Microsoft .NET Framework NGEN v4.0.30319_X86 service entered the running state.
Information	6/20/2021 2:03:29 PM	Service Control Manager	7036	None	The Background Intelligent Transfer Service service entered the running state.
Information	6/20/2021 2:02:06 PM	Service Control Manager	7036	None	The VMware Alias Manager and Ticket Service service entered the stopped state.
Information	6/20/2021 2:01:55 PM	Microsoft-Windows-UserPnp	20001	(7005)	Driver Management concluded the process to install driver FileRepository\msmouse.inf_amd64_neutral_7a5f47d3150cc0eb\msmouse.inf for Device Instance ID ACPI\PNP0F13\4&205AD762&0 with the following status: 0x0.
Information	6/20/2021 2:01:55 PM	Microsoft-Windows-UserPnp	20003	(7005)	Driver Management has concluded the process to add Service mouclass for Device Instance ID ACPI\PNP0F13\4&205AD762&0 with the following status: 0.
Information	6/20/2021 2:01:55 PM	Microsoft-Windows-UserPnp	20003	(7005)	Driver Management has concluded the process to add Service i8042prt for Device Instance ID ACPI\PNP0F13\4&205AD762&0 with the following status: 0.
Information	6/20/2021 2:01:54 PM	Microsoft-Windows-UserPnp	20001	(7005)	Driver Management concluded the process to install driver FileRepository\display.inf_amd64_neutral_ea1c8215e52777a6\display.inf for Device Instance ID PCI\VEN_15AD&DEV_0405&SUBSYS_040515AD&REV_00\3&2B8E0B4B&0&78 with the following status: 0x0.
Information	6/20/2021 2:01:54 PM	Microsoft-Windows-UserPnp	20003	(7005)	Driver Management has concluded the process to add Service vga for Device Instance ID PCI\VEN_15AD&DEV_0405&SUBSYS_040515AD&REV_00\3&2B8E0B4B&0&78 with the following status: 0.
Information	6/20/2021 2:01:52 PM	Service Control Manager	7045	None	"A service was installed in the system.

Service Name:  Memory Control Driver
Service File Name:  system32\DRIVERS\vmmemctl.sys
Service Type:  kernel mode driver
Service Start Type:  auto start
Service Account:  "
Information	6/20/2021 2:01:52 PM	Microsoft-Windows-UserPnp	20001	(7005)	Driver Management concluded the process to install driver FileRepository\vmmouse.inf_amd64_neutral_99b0f8cfa3a3268d\vmmouse.inf for Device Instance ID ACPI\PNP0F13\4&205AD762&0 with the following status: 0x0.
Information	6/20/2021 2:01:51 PM	Microsoft-Windows-UserPnp	20003	(7005)	Driver Management has concluded the process to add Service mouclass for Device Instance ID ACPI\PNP0F13\4&205AD762&0 with the following status: 0.
Information	6/20/2021 2:01:51 PM	Microsoft-Windows-UserPnp	20003	(7005)	Driver Management has concluded the process to add Service i8042prt for Device Instance ID ACPI\PNP0F13\4&205AD762&0 with the following status: 0.
Information	6/20/2021 2:01:51 PM	Microsoft-Windows-UserPnp	20003	(7005)	Driver Management has concluded the process to add Service vmmouse for Device Instance ID ACPI\PNP0F13\4&205AD762&0 with the following status: 0.
Information	6/20/2021 2:01:48 PM	Service Control Manager	7036	None	The VMware Alias Manager and Ticket Service service entered the running state.
Information	6/20/2021 2:01:48 PM	Microsoft-Windows-UserPnp	20001	(7005)	Driver Management concluded the process to install driver FileRepository\vmci.inf_amd64_neutral_2c198d538747073f\vmci.inf for Device Instance ID ROOT\VMWVMCIHOSTDEV\0000 with the following status: 0x0.
Information	6/20/2021 2:01:48 PM	Microsoft-Windows-UserPnp	20003	(7005)	Driver Management has concluded the process to add Service vmci for Device Instance ID ROOT\VMWVMCIHOSTDEV\0000 with the following status: 0.
Information	6/20/2021 2:01:48 PM	Microsoft-Windows-UserPnp	20001	(7005)	Driver Management concluded the process to install driver FileRepository\vmci.inf_amd64_neutral_2c198d538747073f\vmci.inf for Device Instance ID PCI\VEN_15AD&DEV_0740&SUBSYS_074015AD&REV_10\3&2B8E0B4B&0&3F with the following status: 0x0.
Information	6/20/2021 2:01:48 PM	vmci	3	None	VMCI: Using capabilities (0xc).

Information	6/20/2021 2:01:48 PM	Microsoft-Windows-UserPnp	20003	(7005)	Driver Management has concluded the process to add Service vmci for Device Instance ID PCI\VEN_15AD&DEV_0740&SUBSYS_074015AD&REV_10\3&2B8E0B4B&0&3F with the following status: 0.
Information	6/20/2021 2:01:48 PM	Microsoft-Windows-UserPnp	20001	(7005)	Driver Management concluded the process to install driver FileRepository\vmci.inf_amd64_neutral_2c198d538747073f\vmci.inf for Device Instance ID PCI\VEN_15AD&DEV_0740&SUBSYS_074015AD&REV_10\3&2B8E0B4B&0&3F with the following status: 0x0.
Information	6/20/2021 2:01:48 PM	vmci	3	None	VMCI: Using capabilities (0xc).

Information	6/20/2021 2:01:47 PM	Microsoft-Windows-UserPnp	20003	(7005)	Driver Management has concluded the process to add Service vmci for Device Instance ID PCI\VEN_15AD&DEV_0740&SUBSYS_074015AD&REV_10\3&2B8E0B4B&0&3F with the following status: 0.
Information	6/20/2021 2:01:47 PM	Service Control Manager	7040	None	The start type of the Windows Socket 2.0 Non-IFS Service Provider Support Environment service was changed from system start to disabled.
Information	6/20/2021 2:01:47 PM	Service Control Manager	7045	None	"A service was installed in the system.

Service Name:  VMware Alias Manager and Ticket Service
Service File Name:  ""C:\Program Files\VMware\VMware Tools\VMware VGAuth\VGAuthService.exe""
Service Type:  user mode service
Service Start Type:  auto start
Service Account:  LocalSystem"
Information	6/20/2021 2:01:44 PM	Microsoft-Windows-UserPnp	20001	(7005)	Driver Management concluded the process to install driver FileRepository\msmouse.inf_amd64_neutral_7a5f47d3150cc0eb\msmouse.inf for Device Instance ID ACPI\PNP0F13\4&205AD762&0 with the following status: 0x0.
Information	6/20/2021 2:01:44 PM	Microsoft-Windows-UserPnp	20003	(7005)	Driver Management has concluded the process to add Service mouclass for Device Instance ID ACPI\PNP0F13\4&205AD762&0 with the following status: 0.
Information	6/20/2021 2:01:44 PM	Microsoft-Windows-UserPnp	20003	(7005)	Driver Management has concluded the process to add Service i8042prt for Device Instance ID ACPI\PNP0F13\4&205AD762&0 with the following status: 0.
Information	6/20/2021 2:01:42 PM	Microsoft-Windows-WindowsUpdateClient	28	Windows Update Agent	Automatic Updates is now resumed.
Information	6/20/2021 2:01:42 PM	Microsoft-Windows-WindowsUpdateClient	27	Windows Update Agent	Automatic Updates is now paused.
Information	6/20/2021 2:01:42 PM	Microsoft-Windows-WindowsUpdateClient	28	Windows Update Agent	Automatic Updates is now resumed.
Information	6/20/2021 2:01:42 PM	Microsoft-Windows-WindowsUpdateClient	27	Windows Update Agent	Automatic Updates is now paused.
Information	6/20/2021 2:01:42 PM	Service Control Manager	7036	None	The VMware Alias Manager and Ticket Service service entered the stopped state.
Information	6/20/2021 2:01:41 PM	Service Control Manager	7036	None	The VMware Snapshot Provider service entered the stopped state.
Information	6/20/2021 2:01:41 PM	Service Control Manager	7036	None	The VMware Tools service entered the stopped state.
Information	6/20/2021 2:01:40 PM	Service Control Manager	7036	None	The Windows Installer service entered the running state.
Information	6/20/2021 2:01:39 PM	Service Control Manager	7036	None	The Volume Shadow Copy service entered the running state.
Information	6/20/2021 2:01:38 PM	Service Control Manager	7036	None	The Distributed Transaction Coordinator service entered the running state.
Information	6/20/2021 2:01:37 PM	Service Control Manager	7036	None	The Certificate Propagation service entered the running state.
Information	6/20/2021 2:01:36 PM	Service Control Manager	7036	None	The Remote Desktop Services UserMode Port Redirector service entered the running state.
Information	6/20/2021 2:01:36 PM	Service Control Manager	7036	None	The Remote Desktop Configuration service entered the running state.
Information	6/20/2021 2:01:36 PM	Service Control Manager	7036	None	The Windows Update service entered the running state.
Information	6/20/2021 2:01:36 PM	Service Control Manager	7036	None	The IPsec Policy Agent service entered the running state.
Information	6/20/2021 2:01:35 PM	Service Control Manager	7036	None	The COM+ System Application service entered the running state.
Information	6/20/2021 2:01:35 PM	Microsoft-Windows-Iphlpsvc	4200	None	Isatap interface isatap.{C4693D89-C34D-4CB3-98BB-1A53D6BAFCB8} with address fe80::5efe:172.16.136.8 has been brought up.
Information	6/20/2021 2:01:33 PM	Service Control Manager	7036	None	The WinHTTP Web Proxy Auto-Discovery Service service entered the running state.
Information	6/20/2021 2:01:33 PM	Service Control Manager	7036	None	The Portable Device Enumerator Service service entered the running state.
Information	6/20/2021 2:01:33 PM	Service Control Manager	7036	None	The Application Experience service entered the running state.
Information	6/20/2021 2:01:33 PM	Service Control Manager	7036	None	The Remote Desktop Services service entered the running state.
Information	6/20/2021 2:01:33 PM	Service Control Manager	7036	None	The Software Protection service entered the running state.
Information	6/20/2021 2:01:32 PM	Microsoft-Windows-Iphlpsvc	4200	None	Isatap interface isatap.{3FF0E5D3-0D6F-4A55-BC90-5BFA25B7AF4E} with address fe80::5efe:192.168.52.3 has been brought up.
Information	6/20/2021 2:01:31 PM	Service Control Manager	7036	None	The VMware Snapshot Provider service entered the running state.
Information	6/20/2021 2:01:30 PM	Service Control Manager	7036	None	The Network List Service service entered the running state.
Information	6/20/2021 2:01:29 PM	Service Control Manager	7036	None	The Server service entered the running state.
Information	6/20/2021 2:01:28 PM	Service Control Manager	7036	None	The World Wide Web Publishing Service service entered the running state.
Information	6/20/2021 2:01:28 PM	Service Control Manager	7036	None	The Windows Remote Management (WS-Management) service entered the running state.
Information	6/20/2021 2:01:28 PM	Service Control Manager	7036	None	The Windows Process Activation Service service entered the running state.
Information	6/20/2021 2:01:27 PM	Service Control Manager	7036	None	The IP Helper service entered the running state.
Information	6/20/2021 2:01:27 PM	Service Control Manager	7036	None	The wampmysqld service entered the running state.
Information	6/20/2021 2:01:28 PM	SNMP	1001	None	The SNMP Service has started successfully.
Information	6/20/2021 2:01:28 PM	Microsoft-Windows-WinRM	10121	None	"The WinRM service has been configured to accept basic authentication for unsecure HTTP connections. 

 This is not a secure configuration. 

 User Action 
 Set AllowUnencrypted to False in WinRM configuration to ensure packets are encrypted on the wire."
Information	6/20/2021 2:01:28 PM	Microsoft-Windows-WinRM	10148	None	"The WinRM service is listening for WS-Management requests. 

 User Action 
 Use the following command to see the specific IPs on which WinRM is listening: 

 winrm enumerate winrm/config/listener"
Information	6/20/2021 2:01:26 PM	Service Control Manager	7036	None	The Windows Licensing Monitoring Service service entered the running state.
Information	6/20/2021 2:01:26 PM	Service Control Manager	7036	None	The Windows Management Instrumentation service entered the running state.
Information	6/20/2021 2:01:26 PM	Service Control Manager	7036	None	The wampapache service entered the running state.
Information	6/20/2021 2:01:25 PM	Service Control Manager	7036	None	The VMware Tools service entered the running state.
Information	6/20/2021 2:01:24 PM	Service Control Manager	7036	None	The VMware Alias Manager and Ticket Service service entered the running state.
Information	6/20/2021 2:01:24 PM	Service Control Manager	7036	None	The OpenSSH Server service entered the running state.
Information	6/20/2021 2:01:24 PM	Service Control Manager	7036	None	The Distributed Link Tracking Client service entered the running state.
Information	6/20/2021 2:01:24 PM	Service Control Manager	7036	None	The SNMP Service service entered the running state.
Information	6/20/2021 2:01:23 PM	Service Control Manager	7036	None	The MEDC Server Component - Apache service entered the running state.
Information	6/20/2021 2:01:23 PM	Service Control Manager	7036	None	The Remote Registry service entered the running state.
Error	6/20/2021 2:01:24 PM	SNMP	1500	None	The SNMP Service encountered an error while accessing the registry key SYSTEM\CurrentControlSet\Services\SNMP\Parameters\TrapConfiguration.
Information	6/20/2021 2:01:22 PM	Service Control Manager	7036	None	The Network Location Awareness service entered the running state.
Information	6/20/2021 2:01:22 PM	Service Control Manager	7036	None	The ManageEngine Desktop Central Server service entered the running state.
Information	6/20/2021 2:01:19 PM	Service Control Manager	7036	None	The Elasticsearch 1.1.1 (elasticsearch-service-x64) service entered the running state.
Information	6/20/2021 2:01:18 PM	Service Control Manager	7036	None	The jmx service entered the running state.
Information	6/20/2021 2:01:18 PM	Service Control Manager	7036	None	The MEDC Server Component - Notification Server service entered the running state.
Information	6/20/2021 2:01:18 PM	Service Control Manager	7036	None	The jenkins service entered the running state.
Information	6/20/2021 2:01:17 PM	Service Control Manager	7036	None	The IKE and AuthIP IPsec Keying Modules service entered the running state.
Information	6/20/2021 2:01:17 PM	Service Control Manager	7036	None	The Microsoft FTP Service service entered the running state.
Information	6/20/2021 2:01:17 PM	Service Control Manager	7036	None	The domain1 GlassFish Server service entered the running state.
Information	6/20/2021 2:01:17 PM	Service Control Manager	7036	None	The Application Host Helper Service service entered the running state.
Information	6/20/2021 2:01:17 PM	Service Control Manager	7036	None	The Cryptographic Services service entered the running state.
Information	6/20/2021 2:01:17 PM	Service Control Manager	7036	None	The Print Spooler service entered the running state.
Information	6/20/2021 2:01:17 PM	Service Control Manager	7036	None	The Security Accounts Manager service entered the running state.
Information	6/20/2021 2:01:17 PM	Service Control Manager	7036	None	The Workstation service entered the running state.
Information	6/20/2021 2:01:17 PM	Service Control Manager	7036	None	The Windows Firewall service entered the running state.
Information	6/20/2021 2:01:17 PM	Service Control Manager	7036	None	The Base Filtering Engine service entered the running state.
Information	6/20/2021 2:01:17 PM	Service Control Manager	7036	None	The Task Scheduler service entered the running state.
Information	6/20/2021 2:01:17 PM	Service Control Manager	7036	None	The Shell Hardware Detection service entered the running state.
Information	6/20/2021 2:01:17 PM	Service Control Manager	7036	None	The DNS Client service entered the running state.
Information	6/20/2021 2:01:17 PM	Service Control Manager	7036	None	The DHCP Client service entered the running state.
Information	6/20/2021 2:01:17 PM	Microsoft-Windows-DHCPv6-Client	51046	Service State Event	DHCPv6 client service is started
Information	6/20/2021 2:01:17 PM	Service Control Manager	7036	None	The TCP/IP NetBIOS Helper service entered the running state.
Information	6/20/2021 2:01:17 PM	Microsoft-Windows-Dhcp-Client	50036	Service State Event	DHCPv4 client service is started
Information	6/20/2021 2:01:17 PM	Service Control Manager	7036	None	The Network Store Interface Service service entered the running state.
Information	6/20/2021 2:01:17 PM	Service Control Manager	7036	None	The Desktop Window Manager Session Manager service entered the running state.
Information	6/20/2021 2:01:17 PM	Service Control Manager	7036	None	The System Event Notification Service service entered the running state.
Information	6/20/2021 2:01:17 PM	Service Control Manager	7036	None	The COM+ Event System service entered the running state.
Information	6/20/2021 2:01:17 PM	Service Control Manager	7036	None	The Group Policy Client service entered the running state.
Information	6/20/2021 2:01:17 PM	Service Control Manager	7036	None	The User Profile Service service entered the running state.
Information	6/20/2021 2:01:17 PM	Service Control Manager	7036	None	The Windows Event Log service entered the running state.
Information	6/20/2021 2:01:16 PM	Service Control Manager	7036	None	The Remote Procedure Call (RPC) service entered the running state.
Information	6/20/2021 2:01:16 PM	Service Control Manager	7036	None	The RPC Endpoint Mapper service entered the running state.
Information	6/20/2021 2:01:16 PM	Service Control Manager	7036	None	The DCOM Server Process Launcher service entered the running state.
Information	6/20/2021 2:01:16 PM	Microsoft-Windows-FilterManager	6	None	File System Filter 'luafv' (6.1, ‎2009‎-‎07‎-‎13T16:26:13.000000000Z) has successfully loaded and registered with Filter Manager.
Information	6/20/2021 2:01:16 PM	Service Control Manager	7036	None	The Power service entered the running state.
Information	6/20/2021 2:01:16 PM	Microsoft-Windows-UserPnp	20010	(7010)	"One or more of the Plug and Play service's subsystems has changed state. 

PlugPlay install subsystem enabled: 'true' 
PlugPlay caching subsystem enabled: 'true' 
"
Information	6/20/2021 2:01:16 PM	Service Control Manager	7036	None	The Plug and Play service entered the running state.
Information	6/20/2021 2:01:16 PM	Microsoft-Windows-Kernel-Processor-Power	26	(4)	"Processor 1 in group 0 exposes the following:

1 idle state(s)
0 performance state(s)
8 throttle state(s)"
Information	6/20/2021 2:01:16 PM	Microsoft-Windows-Kernel-Processor-Power	26	(4)	"Processor 0 in group 0 exposes the following:

1 idle state(s)
0 performance state(s)
8 throttle state(s)"
Information	6/20/2021 2:01:13 PM	vmci	3	None	VMCI: Using capabilities (0xc).

Information	6/20/2021 2:01:11 PM	Microsoft-Windows-Kernel-General	12	None	The operating system started at system time ‎2021‎-‎06‎-‎20T21:01:11.468750000Z.
Information	6/20/2021 2:01:08 PM	Microsoft-Windows-Kernel-General	13	None	The operating system is shutting down at system time ‎2021‎-‎06‎-‎20T21:01:08.170774800Z.
Information	6/20/2021 2:01:08 PM	Microsoft-Windows-Kernel-Power	109	(103)	The kernel power manager has initiated a shutdown transition.
Information	6/20/2021 2:01:07 PM	Service Control Manager	7036	None	The MEDC Server Component - Apache service entered the stopped state.
Information	6/20/2021 2:01:07 PM	Service Control Manager	7036	None	The Windows Process Activation Service service entered the stopped state.
Information	6/20/2021 2:01:06 PM	Service Control Manager	7036	None	The Microsoft FTP Service service entered the stopped state.
Information	6/20/2021 2:01:06 PM	Service Control Manager	7036	None	The wampmysqld service entered the stopped state.
Information	6/20/2021 2:01:06 PM	Service Control Manager	7036	None	The jmx service entered the stopped state.
Information	6/20/2021 2:01:06 PM	Service Control Manager	7036	None	The Software Protection service entered the stopped state.
Information	6/20/2021 2:01:06 PM	Service Control Manager	7036	None	The Distributed Link Tracking Client service entered the stopped state.
Information	6/20/2021 2:01:06 PM	Service Control Manager	7036	None	The Remote Desktop Services service entered the stopped state.
Information	6/20/2021 2:01:06 PM	Service Control Manager	7036	None	The Windows Remote Management (WS-Management) service entered the stopped state.
Information	6/20/2021 2:01:06 PM	Service Control Manager	7036	None	The Cryptographic Services service entered the stopped state.
Information	6/20/2021 2:01:06 PM	Service Control Manager	7036	None	The jenkins service entered the stopped state.
Information	6/20/2021 2:01:06 PM	Service Control Manager	7036	None	The Windows Management Instrumentation service entered the stopped state.
Information	6/20/2021 2:01:06 PM	Service Control Manager	7036	None	The Application Host Helper Service service entered the stopped state.
Information	6/20/2021 2:01:06 PM	Service Control Manager	7036	None	The IKE and AuthIP IPsec Keying Modules service entered the stopped state.
Information	6/20/2021 2:01:06 PM	Service Control Manager	7036	None	The Windows Licensing Monitoring Service service entered the stopped state.
Information	6/20/2021 2:01:06 PM	Service Control Manager	7036	None	The Desktop Window Manager Session Manager service entered the stopped state.
Information	6/20/2021 2:01:06 PM	Service Control Manager	7036	None	The World Wide Web Publishing Service service entered the stopped state.
Information	6/20/2021 2:01:05 PM	Service Control Manager	7036	None	The User Profile Service service entered the stopped state.
Information	6/20/2021 2:01:05 PM	Service Control Manager	7036	None	The Remote Desktop Services UserMode Port Redirector service entered the stopped state.
Information	6/20/2021 2:01:05 PM	Service Control Manager	7036	None	The IPsec Policy Agent service entered the stopped state.
Information	6/20/2021 2:01:05 PM	Service Control Manager	7036	None	The Plug and Play service entered the stopped state.
Information	6/20/2021 2:01:05 PM	Microsoft-Windows-UserPnp	20010	(7010)	"One or more of the Plug and Play service's subsystems has changed state. 

PlugPlay install subsystem enabled: 'false' 
PlugPlay caching subsystem enabled: 'false' 
"
Information	6/20/2021 2:01:05 PM	Service Control Manager	7036	None	The Power service entered the stopped state.
Information	6/20/2021 2:01:05 PM	Service Control Manager	7036	None	The Distributed Transaction Coordinator service entered the stopped state.
Information	6/20/2021 2:01:05 PM	Service Control Manager	7036	None	The MEDC Server Component - Notification Server service entered the stopped state.
Information	6/20/2021 2:01:05 PM	Service Control Manager	7036	None	The Windows Event Log service entered the stopped state.
