Audit Success	5/2/2021 3:07:30 AM	Microsoft-Windows-Security-Auditing	4738	User Account Management	"A user account was changed.

Subject:
	Security ID:		METASPLOITABLE3\sshd_server
	Account Name:		sshd_server
	Account Domain:		VAGRANT-2008R2
	Logon ID:		0x12389

Target Account:
	Security ID:		METASPLOITABLE3\lando_calrissian
	Account Name:		lando_calrissian
	Account Domain:		VAGRANT-2008R2

Changed Attributes:
	SAM Account Name:	lando_calrissian
	Display Name:		<value not set>
	User Principal Name:	-
	Home Directory:		<value not set>
	Home Drive:		<value not set>
	Script Path:		<value not set>
	Profile Path:		<value not set>
	User Workstations:	<value not set>
	Password Last Set:	5/2/2021 3:07:30 AM
	Account Expires:		<never>
	Primary Group ID:	513
	AllowedToDelegateTo:	-
	Old UAC Value:		0x15
	New UAC Value:		0x10
	User Account Control:	
		Account Enabled
		'Password Not Required' - Disabled
	User Parameters:	-
	SID History:		-
	Logon Hours:		All

Additional Information:
	Privileges:		-"
Audit Success	5/2/2021 3:07:30 AM	Microsoft-Windows-Security-Auditing	4722	User Account Management	"A user account was enabled.

Subject:
	Security ID:		METASPLOITABLE3\sshd_server
	Account Name:		sshd_server
	Account Domain:		VAGRANT-2008R2
	Logon ID:		0x12389

Target Account:
	Security ID:		METASPLOITABLE3\lando_calrissian
	Account Name:		lando_calrissian
	Account Domain:		VAGRANT-2008R2"
Audit Success	5/2/2021 3:07:30 AM	Microsoft-Windows-Security-Auditing	4720	User Account Management	"A user account was created.

Subject:
	Security ID:		METASPLOITABLE3\sshd_server
	Account Name:		sshd_server
	Account Domain:		VAGRANT-2008R2
	Logon ID:		0x12389

New Account:
	Security ID:		METASPLOITABLE3\lando_calrissian
	Account Name:		lando_calrissian
	Account Domain:		VAGRANT-2008R2

Attributes:
	SAM Account Name:	lando_calrissian
	Display Name:		<value not set>
	User Principal Name:	-
	Home Directory:		<value not set>
	Home Drive:		<value not set>
	Script Path:		<value not set>
	Profile Path:		<value not set>
	User Workstations:	<value not set>
	Password Last Set:	<never>
	Account Expires:		<never>
	Primary Group ID:	513
	Allowed To Delegate To:	-
	Old UAC Value:		0x0
	New UAC Value:		0x15
	User Account Control:	
		Account Disabled
		'Password Not Required' - Enabled
		'Normal Account' - Enabled
	User Parameters:	<value not set>
	SID History:		-
	Logon Hours:		All

Additional Information:
	Privileges		-"
Audit Success	5/2/2021 3:07:30 AM	Microsoft-Windows-Security-Auditing	4728	Security Group Management	"A member was added to a security-enabled global group.

Subject:
	Security ID:		METASPLOITABLE3\sshd_server
	Account Name:		sshd_server
	Account Domain:		VAGRANT-2008R2
	Logon ID:		0x12389

Member:
	Security ID:		METASPLOITABLE3\lando_calrissian
	Account Name:		-

Group:
	Security ID:		METASPLOITABLE3\None
	Group Name:		None
	Group Domain:		VAGRANT-2008R2

Additional Information:
	Privileges:		-"
Audit Success	5/2/2021 3:07:30 AM	Microsoft-Windows-Security-Auditing	4732	Security Group Management	"A member was added to a security-enabled local group.

Subject:
	Security ID:		METASPLOITABLE3\sshd_server
	Account Name:		sshd_server
	Account Domain:		VAGRANT-2008R2
	Logon ID:		0x12389

Member:
	Security ID:		METASPLOITABLE3\jarjar_binks
	Account Name:		-

Group:
	Security ID:		BUILTIN\Users
	Group Name:		Users
	Group Domain:		Builtin

Additional Information:
	Privileges:		-"
Audit Success	5/2/2021 3:07:30 AM	Microsoft-Windows-Security-Auditing	4724	User Account Management	"An attempt was made to reset an account's password.

Subject:
	Security ID:		METASPLOITABLE3\sshd_server
	Account Name:		sshd_server
	Account Domain:		VAGRANT-2008R2
	Logon ID:		0x12389

Target Account:
	Security ID:		METASPLOITABLE3\jarjar_binks
	Account Name:		jarjar_binks
	Account Domain:		VAGRANT-2008R2"
Audit Success	5/2/2021 3:07:30 AM	Microsoft-Windows-Security-Auditing	4738	User Account Management	"A user account was changed.

Subject:
	Security ID:		METASPLOITABLE3\sshd_server
	Account Name:		sshd_server
	Account Domain:		VAGRANT-2008R2
	Logon ID:		0x12389

Target Account:
	Security ID:		METASPLOITABLE3\jarjar_binks
	Account Name:		jarjar_binks
	Account Domain:		VAGRANT-2008R2

Changed Attributes:
	SAM Account Name:	jarjar_binks
	Display Name:		<value not set>
	User Principal Name:	-
	Home Directory:		<value not set>
	Home Drive:		<value not set>
	Script Path:		<value not set>
	Profile Path:		<value not set>
	User Workstations:	<value not set>
	Password Last Set:	5/2/2021 3:07:30 AM
	Account Expires:		<never>
	Primary Group ID:	513
	AllowedToDelegateTo:	-
	Old UAC Value:		0x15
	New UAC Value:		0x10
	User Account Control:	
		Account Enabled
		'Password Not Required' - Disabled
	User Parameters:	-
	SID History:		-
	Logon Hours:		All

Additional Information:
	Privileges:		-"
Audit Success	5/2/2021 3:07:30 AM	Microsoft-Windows-Security-Auditing	4722	User Account Management	"A user account was enabled.

Subject:
	Security ID:		METASPLOITABLE3\sshd_server
	Account Name:		sshd_server
	Account Domain:		VAGRANT-2008R2
	Logon ID:		0x12389

Target Account:
	Security ID:		METASPLOITABLE3\jarjar_binks
	Account Name:		jarjar_binks
	Account Domain:		VAGRANT-2008R2"
Audit Success	5/2/2021 3:07:30 AM	Microsoft-Windows-Security-Auditing	4720	User Account Management	"A user account was created.

Subject:
	Security ID:		METASPLOITABLE3\sshd_server
	Account Name:		sshd_server
	Account Domain:		VAGRANT-2008R2
	Logon ID:		0x12389

New Account:
	Security ID:		METASPLOITABLE3\jarjar_binks
	Account Name:		jarjar_binks
	Account Domain:		VAGRANT-2008R2

Attributes:
	SAM Account Name:	jarjar_binks
	Display Name:		<value not set>
	User Principal Name:	-
	Home Directory:		<value not set>
	Home Drive:		<value not set>
	Script Path:		<value not set>
	Profile Path:		<value not set>
	User Workstations:	<value not set>
	Password Last Set:	<never>
	Account Expires:		<never>
	Primary Group ID:	513
	Allowed To Delegate To:	-
	Old UAC Value:		0x0
	New UAC Value:		0x15
	User Account Control:	
		Account Disabled
		'Password Not Required' - Enabled
		'Normal Account' - Enabled
	User Parameters:	<value not set>
	SID History:		-
	Logon Hours:		All

Additional Information:
	Privileges		-"
Audit Success	5/2/2021 3:07:30 AM	Microsoft-Windows-Security-Auditing	4728	Security Group Management	"A member was added to a security-enabled global group.

Subject:
	Security ID:		METASPLOITABLE3\sshd_server
	Account Name:		sshd_server
	Account Domain:		VAGRANT-2008R2
	Logon ID:		0x12389

Member:
	Security ID:		METASPLOITABLE3\jarjar_binks
	Account Name:		-

Group:
	Security ID:		METASPLOITABLE3\None
	Group Name:		None
	Group Domain:		VAGRANT-2008R2

Additional Information:
	Privileges:		-"
Audit Success	5/2/2021 3:07:30 AM	Microsoft-Windows-Security-Auditing	4732	Security Group Management	"A member was added to a security-enabled local group.

Subject:
	Security ID:		METASPLOITABLE3\sshd_server
	Account Name:		sshd_server
	Account Domain:		VAGRANT-2008R2
	Logon ID:		0x12389

Member:
	Security ID:		METASPLOITABLE3\anakin_skywalker
	Account Name:		-

Group:
	Security ID:		BUILTIN\Users
	Group Name:		Users
	Group Domain:		Builtin

Additional Information:
	Privileges:		-"
Audit Success	5/2/2021 3:07:30 AM	Microsoft-Windows-Security-Auditing	4724	User Account Management	"An attempt was made to reset an account's password.

Subject:
	Security ID:		METASPLOITABLE3\sshd_server
	Account Name:		sshd_server
	Account Domain:		VAGRANT-2008R2
	Logon ID:		0x12389

Target Account:
	Security ID:		METASPLOITABLE3\anakin_skywalker
	Account Name:		anakin_skywalker
	Account Domain:		VAGRANT-2008R2"
Audit Success	5/2/2021 3:07:30 AM	Microsoft-Windows-Security-Auditing	4738	User Account Management	"A user account was changed.

Subject:
	Security ID:		METASPLOITABLE3\sshd_server
	Account Name:		sshd_server
	Account Domain:		VAGRANT-2008R2
	Logon ID:		0x12389

Target Account:
	Security ID:		METASPLOITABLE3\anakin_skywalker
	Account Name:		anakin_skywalker
	Account Domain:		VAGRANT-2008R2

Changed Attributes:
	SAM Account Name:	anakin_skywalker
	Display Name:		<value not set>
	User Principal Name:	-
	Home Directory:		<value not set>
	Home Drive:		<value not set>
	Script Path:		<value not set>
	Profile Path:		<value not set>
	User Workstations:	<value not set>
	Password Last Set:	5/2/2021 3:07:30 AM
	Account Expires:		<never>
	Primary Group ID:	513
	AllowedToDelegateTo:	-
	Old UAC Value:		0x15
	New UAC Value:		0x10
	User Account Control:	
		Account Enabled
		'Password Not Required' - Disabled
	User Parameters:	-
	SID History:		-
	Logon Hours:		All

Additional Information:
	Privileges:		-"
Audit Success	5/2/2021 3:07:30 AM	Microsoft-Windows-Security-Auditing	4722	User Account Management	"A user account was enabled.

Subject:
	Security ID:		METASPLOITABLE3\sshd_server
	Account Name:		sshd_server
	Account Domain:		VAGRANT-2008R2
	Logon ID:		0x12389

Target Account:
	Security ID:		METASPLOITABLE3\anakin_skywalker
	Account Name:		anakin_skywalker
	Account Domain:		VAGRANT-2008R2"
Audit Success	5/2/2021 3:07:30 AM	Microsoft-Windows-Security-Auditing	4720	User Account Management	"A user account was created.

Subject:
	Security ID:		METASPLOITABLE3\sshd_server
	Account Name:		sshd_server
	Account Domain:		VAGRANT-2008R2
	Logon ID:		0x12389

New Account:
	Security ID:		METASPLOITABLE3\anakin_skywalker
	Account Name:		anakin_skywalker
	Account Domain:		VAGRANT-2008R2

Attributes:
	SAM Account Name:	anakin_skywalker
	Display Name:		<value not set>
	User Principal Name:	-
	Home Directory:		<value not set>
	Home Drive:		<value not set>
	Script Path:		<value not set>
	Profile Path:		<value not set>
	User Workstations:	<value not set>
	Password Last Set:	<never>
	Account Expires:		<never>
	Primary Group ID:	513
	Allowed To Delegate To:	-
	Old UAC Value:		0x0
	New UAC Value:		0x15
	User Account Control:	
		Account Disabled
		'Password Not Required' - Enabled
		'Normal Account' - Enabled
	User Parameters:	<value not set>
	SID History:		-
	Logon Hours:		All

Additional Information:
	Privileges		-"
Audit Success	5/2/2021 3:07:30 AM	Microsoft-Windows-Security-Auditing	4728	Security Group Management	"A member was added to a security-enabled global group.

Subject:
	Security ID:		METASPLOITABLE3\sshd_server
	Account Name:		sshd_server
	Account Domain:		VAGRANT-2008R2
	Logon ID:		0x12389

Member:
	Security ID:		METASPLOITABLE3\anakin_skywalker
	Account Name:		-

Group:
	Security ID:		METASPLOITABLE3\None
	Group Name:		None
	Group Domain:		VAGRANT-2008R2

Additional Information:
	Privileges:		-"
Audit Success	5/2/2021 3:07:30 AM	Microsoft-Windows-Security-Auditing	4732	Security Group Management	"A member was added to a security-enabled local group.

Subject:
	Security ID:		METASPLOITABLE3\sshd_server
	Account Name:		sshd_server
	Account Domain:		VAGRANT-2008R2
	Logon ID:		0x12389

Member:
	Security ID:		METASPLOITABLE3\darth_vader
	Account Name:		-

Group:
	Security ID:		BUILTIN\Users
	Group Name:		Users
	Group Domain:		Builtin

Additional Information:
	Privileges:		-"
Audit Success	5/2/2021 3:07:30 AM	Microsoft-Windows-Security-Auditing	4724	User Account Management	"An attempt was made to reset an account's password.

Subject:
	Security ID:		METASPLOITABLE3\sshd_server
	Account Name:		sshd_server
	Account Domain:		VAGRANT-2008R2
	Logon ID:		0x12389

Target Account:
	Security ID:		METASPLOITABLE3\darth_vader
	Account Name:		darth_vader
	Account Domain:		VAGRANT-2008R2"
Audit Success	5/2/2021 3:07:30 AM	Microsoft-Windows-Security-Auditing	4738	User Account Management	"A user account was changed.

Subject:
	Security ID:		METASPLOITABLE3\sshd_server
	Account Name:		sshd_server
	Account Domain:		VAGRANT-2008R2
	Logon ID:		0x12389

Target Account:
	Security ID:		METASPLOITABLE3\darth_vader
	Account Name:		darth_vader
	Account Domain:		VAGRANT-2008R2

Changed Attributes:
	SAM Account Name:	darth_vader
	Display Name:		<value not set>
	User Principal Name:	-
	Home Directory:		<value not set>
	Home Drive:		<value not set>
	Script Path:		<value not set>
	Profile Path:		<value not set>
	User Workstations:	<value not set>
	Password Last Set:	5/2/2021 3:07:30 AM
	Account Expires:		<never>
	Primary Group ID:	513
	AllowedToDelegateTo:	-
	Old UAC Value:		0x15
	New UAC Value:		0x10
	User Account Control:	
		Account Enabled
		'Password Not Required' - Disabled
	User Parameters:	-
	SID History:		-
	Logon Hours:		All

Additional Information:
	Privileges:		-"
Audit Success	5/2/2021 3:07:30 AM	Microsoft-Windows-Security-Auditing	4722	User Account Management	"A user account was enabled.

Subject:
	Security ID:		METASPLOITABLE3\sshd_server
	Account Name:		sshd_server
	Account Domain:		VAGRANT-2008R2
	Logon ID:		0x12389

Target Account:
	Security ID:		METASPLOITABLE3\darth_vader
	Account Name:		darth_vader
	Account Domain:		VAGRANT-2008R2"
Audit Success	5/2/2021 3:07:30 AM	Microsoft-Windows-Security-Auditing	4720	User Account Management	"A user account was created.

Subject:
	Security ID:		METASPLOITABLE3\sshd_server
	Account Name:		sshd_server
	Account Domain:		VAGRANT-2008R2
	Logon ID:		0x12389

New Account:
	Security ID:		METASPLOITABLE3\darth_vader
	Account Name:		darth_vader
	Account Domain:		VAGRANT-2008R2

Attributes:
	SAM Account Name:	darth_vader
	Display Name:		<value not set>
	User Principal Name:	-
	Home Directory:		<value not set>
	Home Drive:		<value not set>
	Script Path:		<value not set>
	Profile Path:		<value not set>
	User Workstations:	<value not set>
	Password Last Set:	<never>
	Account Expires:		<never>
	Primary Group ID:	513
	Allowed To Delegate To:	-
	Old UAC Value:		0x0
	New UAC Value:		0x15
	User Account Control:	
		Account Disabled
		'Password Not Required' - Enabled
		'Normal Account' - Enabled
	User Parameters:	<value not set>
	SID History:		-
	Logon Hours:		All

Additional Information:
	Privileges		-"
Audit Success	5/2/2021 3:07:30 AM	Microsoft-Windows-Security-Auditing	4728	Security Group Management	"A member was added to a security-enabled global group.

Subject:
	Security ID:		METASPLOITABLE3\sshd_server
	Account Name:		sshd_server
	Account Domain:		VAGRANT-2008R2
	Logon ID:		0x12389

Member:
	Security ID:		METASPLOITABLE3\darth_vader
	Account Name:		-

Group:
	Security ID:		METASPLOITABLE3\None
	Group Name:		None
	Group Domain:		VAGRANT-2008R2

Additional Information:
	Privileges:		-"
Audit Success	5/2/2021 3:07:30 AM	Microsoft-Windows-Security-Auditing	4732	Security Group Management	"A member was added to a security-enabled local group.

Subject:
	Security ID:		METASPLOITABLE3\sshd_server
	Account Name:		sshd_server
	Account Domain:		VAGRANT-2008R2
	Logon ID:		0x12389

Member:
	Security ID:		METASPLOITABLE3\ben_kenobi
	Account Name:		-

Group:
	Security ID:		BUILTIN\Users
	Group Name:		Users
	Group Domain:		Builtin

Additional Information:
	Privileges:		-"
Audit Success	5/2/2021 3:07:30 AM	Microsoft-Windows-Security-Auditing	4724	User Account Management	"An attempt was made to reset an account's password.

Subject:
	Security ID:		METASPLOITABLE3\sshd_server
	Account Name:		sshd_server
	Account Domain:		VAGRANT-2008R2
	Logon ID:		0x12389

Target Account:
	Security ID:		METASPLOITABLE3\ben_kenobi
	Account Name:		ben_kenobi
	Account Domain:		VAGRANT-2008R2"
Audit Success	5/2/2021 3:07:30 AM	Microsoft-Windows-Security-Auditing	4738	User Account Management	"A user account was changed.

Subject:
	Security ID:		METASPLOITABLE3\sshd_server
	Account Name:		sshd_server
	Account Domain:		VAGRANT-2008R2
	Logon ID:		0x12389

Target Account:
	Security ID:		METASPLOITABLE3\ben_kenobi
	Account Name:		ben_kenobi
	Account Domain:		VAGRANT-2008R2

Changed Attributes:
	SAM Account Name:	ben_kenobi
	Display Name:		<value not set>
	User Principal Name:	-
	Home Directory:		<value not set>
	Home Drive:		<value not set>
	Script Path:		<value not set>
	Profile Path:		<value not set>
	User Workstations:	<value not set>
	Password Last Set:	5/2/2021 3:07:30 AM
	Account Expires:		<never>
	Primary Group ID:	513
	AllowedToDelegateTo:	-
	Old UAC Value:		0x15
	New UAC Value:		0x10
	User Account Control:	
		Account Enabled
		'Password Not Required' - Disabled
	User Parameters:	-
	SID History:		-
	Logon Hours:		All

Additional Information:
	Privileges:		-"
Audit Success	5/2/2021 3:07:30 AM	Microsoft-Windows-Security-Auditing	4722	User Account Management	"A user account was enabled.

Subject:
	Security ID:		METASPLOITABLE3\sshd_server
	Account Name:		sshd_server
	Account Domain:		VAGRANT-2008R2
	Logon ID:		0x12389

Target Account:
	Security ID:		METASPLOITABLE3\ben_kenobi
	Account Name:		ben_kenobi
	Account Domain:		VAGRANT-2008R2"
Audit Success	5/2/2021 3:07:30 AM	Microsoft-Windows-Security-Auditing	4720	User Account Management	"A user account was created.

Subject:
	Security ID:		METASPLOITABLE3\sshd_server
	Account Name:		sshd_server
	Account Domain:		VAGRANT-2008R2
	Logon ID:		0x12389

New Account:
	Security ID:		METASPLOITABLE3\ben_kenobi
	Account Name:		ben_kenobi
	Account Domain:		VAGRANT-2008R2

Attributes:
	SAM Account Name:	ben_kenobi
	Display Name:		<value not set>
	User Principal Name:	-
	Home Directory:		<value not set>
	Home Drive:		<value not set>
	Script Path:		<value not set>
	Profile Path:		<value not set>
	User Workstations:	<value not set>
	Password Last Set:	<never>
	Account Expires:		<never>
	Primary Group ID:	513
	Allowed To Delegate To:	-
	Old UAC Value:		0x0
	New UAC Value:		0x15
	User Account Control:	
		Account Disabled
		'Password Not Required' - Enabled
		'Normal Account' - Enabled
	User Parameters:	<value not set>
	SID History:		-
	Logon Hours:		All

Additional Information:
	Privileges		-"
Audit Success	5/2/2021 3:07:30 AM	Microsoft-Windows-Security-Auditing	4728	Security Group Management	"A member was added to a security-enabled global group.

Subject:
	Security ID:		METASPLOITABLE3\sshd_server
	Account Name:		sshd_server
	Account Domain:		VAGRANT-2008R2
	Logon ID:		0x12389

Member:
	Security ID:		METASPLOITABLE3\ben_kenobi
	Account Name:		-

Group:
	Security ID:		METASPLOITABLE3\None
	Group Name:		None
	Group Domain:		VAGRANT-2008R2

Additional Information:
	Privileges:		-"
Audit Success	5/2/2021 3:07:30 AM	Microsoft-Windows-Security-Auditing	4732	Security Group Management	"A member was added to a security-enabled local group.

Subject:
	Security ID:		METASPLOITABLE3\sshd_server
	Account Name:		sshd_server
	Account Domain:		VAGRANT-2008R2
	Logon ID:		0x12389

Member:
	Security ID:		METASPLOITABLE3\c_three_pio
	Account Name:		-

Group:
	Security ID:		BUILTIN\Users
	Group Name:		Users
	Group Domain:		Builtin

Additional Information:
	Privileges:		-"
Audit Success	5/2/2021 3:07:30 AM	Microsoft-Windows-Security-Auditing	4724	User Account Management	"An attempt was made to reset an account's password.

Subject:
	Security ID:		METASPLOITABLE3\sshd_server
	Account Name:		sshd_server
	Account Domain:		VAGRANT-2008R2
	Logon ID:		0x12389

Target Account:
	Security ID:		METASPLOITABLE3\c_three_pio
	Account Name:		c_three_pio
	Account Domain:		VAGRANT-2008R2"
Audit Success	5/2/2021 3:07:30 AM	Microsoft-Windows-Security-Auditing	4738	User Account Management	"A user account was changed.

Subject:
	Security ID:		METASPLOITABLE3\sshd_server
	Account Name:		sshd_server
	Account Domain:		VAGRANT-2008R2
	Logon ID:		0x12389

Target Account:
	Security ID:		METASPLOITABLE3\c_three_pio
	Account Name:		c_three_pio
	Account Domain:		VAGRANT-2008R2

Changed Attributes:
	SAM Account Name:	c_three_pio
	Display Name:		<value not set>
	User Principal Name:	-
	Home Directory:		<value not set>
	Home Drive:		<value not set>
	Script Path:		<value not set>
	Profile Path:		<value not set>
	User Workstations:	<value not set>
	Password Last Set:	5/2/2021 3:07:30 AM
	Account Expires:		<never>
	Primary Group ID:	513
	AllowedToDelegateTo:	-
	Old UAC Value:		0x15
	New UAC Value:		0x10
	User Account Control:	
		Account Enabled
		'Password Not Required' - Disabled
	User Parameters:	-
	SID History:		-
	Logon Hours:		All

Additional Information:
	Privileges:		-"
Audit Success	5/2/2021 3:07:30 AM	Microsoft-Windows-Security-Auditing	4722	User Account Management	"A user account was enabled.

Subject:
	Security ID:		METASPLOITABLE3\sshd_server
	Account Name:		sshd_server
	Account Domain:		VAGRANT-2008R2
	Logon ID:		0x12389

Target Account:
	Security ID:		METASPLOITABLE3\c_three_pio
	Account Name:		c_three_pio
	Account Domain:		VAGRANT-2008R2"
Audit Success	5/2/2021 3:07:30 AM	Microsoft-Windows-Security-Auditing	4720	User Account Management	"A user account was created.

Subject:
	Security ID:		METASPLOITABLE3\sshd_server
	Account Name:		sshd_server
	Account Domain:		VAGRANT-2008R2
	Logon ID:		0x12389

New Account:
	Security ID:		METASPLOITABLE3\c_three_pio
	Account Name:		c_three_pio
	Account Domain:		VAGRANT-2008R2

Attributes:
	SAM Account Name:	c_three_pio
	Display Name:		<value not set>
	User Principal Name:	-
	Home Directory:		<value not set>
	Home Drive:		<value not set>
	Script Path:		<value not set>
	Profile Path:		<value not set>
	User Workstations:	<value not set>
	Password Last Set:	<never>
	Account Expires:		<never>
	Primary Group ID:	513
	Allowed To Delegate To:	-
	Old UAC Value:		0x0
	New UAC Value:		0x15
	User Account Control:	
		Account Disabled
		'Password Not Required' - Enabled
		'Normal Account' - Enabled
	User Parameters:	<value not set>
	SID History:		-
	Logon Hours:		All

Additional Information:
	Privileges		-"
Audit Success	5/2/2021 3:07:30 AM	Microsoft-Windows-Security-Auditing	4728	Security Group Management	"A member was added to a security-enabled global group.

Subject:
	Security ID:		METASPLOITABLE3\sshd_server
	Account Name:		sshd_server
	Account Domain:		VAGRANT-2008R2
	Logon ID:		0x12389

Member:
	Security ID:		METASPLOITABLE3\c_three_pio
	Account Name:		-

Group:
	Security ID:		METASPLOITABLE3\None
	Group Name:		None
	Group Domain:		VAGRANT-2008R2

Additional Information:
	Privileges:		-"
Audit Success	5/2/2021 3:07:30 AM	Microsoft-Windows-Security-Auditing	4732	Security Group Management	"A member was added to a security-enabled local group.

Subject:
	Security ID:		METASPLOITABLE3\sshd_server
	Account Name:		sshd_server
	Account Domain:		VAGRANT-2008R2
	Logon ID:		0x12389

Member:
	Security ID:		METASPLOITABLE3\artoo_detoo
	Account Name:		-

Group:
	Security ID:		BUILTIN\Users
	Group Name:		Users
	Group Domain:		Builtin

Additional Information:
	Privileges:		-"
Audit Success	5/2/2021 3:07:30 AM	Microsoft-Windows-Security-Auditing	4724	User Account Management	"An attempt was made to reset an account's password.

Subject:
	Security ID:		METASPLOITABLE3\sshd_server
	Account Name:		sshd_server
	Account Domain:		VAGRANT-2008R2
	Logon ID:		0x12389

Target Account:
	Security ID:		METASPLOITABLE3\artoo_detoo
	Account Name:		artoo_detoo
	Account Domain:		VAGRANT-2008R2"
Audit Success	5/2/2021 3:07:30 AM	Microsoft-Windows-Security-Auditing	4738	User Account Management	"A user account was changed.

Subject:
	Security ID:		METASPLOITABLE3\sshd_server
	Account Name:		sshd_server
	Account Domain:		VAGRANT-2008R2
	Logon ID:		0x12389

Target Account:
	Security ID:		METASPLOITABLE3\artoo_detoo
	Account Name:		artoo_detoo
	Account Domain:		VAGRANT-2008R2

Changed Attributes:
	SAM Account Name:	artoo_detoo
	Display Name:		<value not set>
	User Principal Name:	-
	Home Directory:		<value not set>
	Home Drive:		<value not set>
	Script Path:		<value not set>
	Profile Path:		<value not set>
	User Workstations:	<value not set>
	Password Last Set:	5/2/2021 3:07:30 AM
	Account Expires:		<never>
	Primary Group ID:	513
	AllowedToDelegateTo:	-
	Old UAC Value:		0x15
	New UAC Value:		0x10
	User Account Control:	
		Account Enabled
		'Password Not Required' - Disabled
	User Parameters:	-
	SID History:		-
	Logon Hours:		All

Additional Information:
	Privileges:		-"
Audit Success	5/2/2021 3:07:30 AM	Microsoft-Windows-Security-Auditing	4722	User Account Management	"A user account was enabled.

Subject:
	Security ID:		METASPLOITABLE3\sshd_server
	Account Name:		sshd_server
	Account Domain:		VAGRANT-2008R2
	Logon ID:		0x12389

Target Account:
	Security ID:		METASPLOITABLE3\artoo_detoo
	Account Name:		artoo_detoo
	Account Domain:		VAGRANT-2008R2"
Audit Success	5/2/2021 3:07:30 AM	Microsoft-Windows-Security-Auditing	4720	User Account Management	"A user account was created.

Subject:
	Security ID:		METASPLOITABLE3\sshd_server
	Account Name:		sshd_server
	Account Domain:		VAGRANT-2008R2
	Logon ID:		0x12389

New Account:
	Security ID:		METASPLOITABLE3\artoo_detoo
	Account Name:		artoo_detoo
	Account Domain:		VAGRANT-2008R2

Attributes:
	SAM Account Name:	artoo_detoo
	Display Name:		<value not set>
	User Principal Name:	-
	Home Directory:		<value not set>
	Home Drive:		<value not set>
	Script Path:		<value not set>
	Profile Path:		<value not set>
	User Workstations:	<value not set>
	Password Last Set:	<never>
	Account Expires:		<never>
	Primary Group ID:	513
	Allowed To Delegate To:	-
	Old UAC Value:		0x0
	New UAC Value:		0x15
	User Account Control:	
		Account Disabled
		'Password Not Required' - Enabled
		'Normal Account' - Enabled
	User Parameters:	<value not set>
	SID History:		-
	Logon Hours:		All

Additional Information:
	Privileges		-"
Audit Success	5/2/2021 3:07:30 AM	Microsoft-Windows-Security-Auditing	4728	Security Group Management	"A member was added to a security-enabled global group.

Subject:
	Security ID:		METASPLOITABLE3\sshd_server
	Account Name:		sshd_server
	Account Domain:		VAGRANT-2008R2
	Logon ID:		0x12389

Member:
	Security ID:		METASPLOITABLE3\artoo_detoo
	Account Name:		-

Group:
	Security ID:		METASPLOITABLE3\None
	Group Name:		None
	Group Domain:		VAGRANT-2008R2

Additional Information:
	Privileges:		-"
Audit Success	5/2/2021 3:07:30 AM	Microsoft-Windows-Security-Auditing	4732	Security Group Management	"A member was added to a security-enabled local group.

Subject:
	Security ID:		METASPLOITABLE3\sshd_server
	Account Name:		sshd_server
	Account Domain:		VAGRANT-2008R2
	Logon ID:		0x12389

Member:
	Security ID:		METASPLOITABLE3\han_solo
	Account Name:		-

Group:
	Security ID:		BUILTIN\Users
	Group Name:		Users
	Group Domain:		Builtin

Additional Information:
	Privileges:		-"
Audit Success	5/2/2021 3:07:30 AM	Microsoft-Windows-Security-Auditing	4724	User Account Management	"An attempt was made to reset an account's password.

Subject:
	Security ID:		METASPLOITABLE3\sshd_server
	Account Name:		sshd_server
	Account Domain:		VAGRANT-2008R2
	Logon ID:		0x12389

Target Account:
	Security ID:		METASPLOITABLE3\han_solo
	Account Name:		han_solo
	Account Domain:		VAGRANT-2008R2"
Audit Success	5/2/2021 3:07:30 AM	Microsoft-Windows-Security-Auditing	4738	User Account Management	"A user account was changed.

Subject:
	Security ID:		METASPLOITABLE3\sshd_server
	Account Name:		sshd_server
	Account Domain:		VAGRANT-2008R2
	Logon ID:		0x12389

Target Account:
	Security ID:		METASPLOITABLE3\han_solo
	Account Name:		han_solo
	Account Domain:		VAGRANT-2008R2

Changed Attributes:
	SAM Account Name:	han_solo
	Display Name:		<value not set>
	User Principal Name:	-
	Home Directory:		<value not set>
	Home Drive:		<value not set>
	Script Path:		<value not set>
	Profile Path:		<value not set>
	User Workstations:	<value not set>
	Password Last Set:	5/2/2021 3:07:30 AM
	Account Expires:		<never>
	Primary Group ID:	513
	AllowedToDelegateTo:	-
	Old UAC Value:		0x15
	New UAC Value:		0x10
	User Account Control:	
		Account Enabled
		'Password Not Required' - Disabled
	User Parameters:	-
	SID History:		-
	Logon Hours:		All

Additional Information:
	Privileges:		-"
Audit Success	5/2/2021 3:07:30 AM	Microsoft-Windows-Security-Auditing	4722	User Account Management	"A user account was enabled.

Subject:
	Security ID:		METASPLOITABLE3\sshd_server
	Account Name:		sshd_server
	Account Domain:		VAGRANT-2008R2
	Logon ID:		0x12389

Target Account:
	Security ID:		METASPLOITABLE3\han_solo
	Account Name:		han_solo
	Account Domain:		VAGRANT-2008R2"
Audit Success	5/2/2021 3:07:30 AM	Microsoft-Windows-Security-Auditing	4720	User Account Management	"A user account was created.

Subject:
	Security ID:		METASPLOITABLE3\sshd_server
	Account Name:		sshd_server
	Account Domain:		VAGRANT-2008R2
	Logon ID:		0x12389

New Account:
	Security ID:		METASPLOITABLE3\han_solo
	Account Name:		han_solo
	Account Domain:		VAGRANT-2008R2

Attributes:
	SAM Account Name:	han_solo
	Display Name:		<value not set>
	User Principal Name:	-
	Home Directory:		<value not set>
	Home Drive:		<value not set>
	Script Path:		<value not set>
	Profile Path:		<value not set>
	User Workstations:	<value not set>
	Password Last Set:	<never>
	Account Expires:		<never>
	Primary Group ID:	513
	Allowed To Delegate To:	-
	Old UAC Value:		0x0
	New UAC Value:		0x15
	User Account Control:	
		Account Disabled
		'Password Not Required' - Enabled
		'Normal Account' - Enabled
	User Parameters:	<value not set>
	SID History:		-
	Logon Hours:		All

Additional Information:
	Privileges		-"
Audit Success	5/2/2021 3:07:30 AM	Microsoft-Windows-Security-Auditing	4728	Security Group Management	"A member was added to a security-enabled global group.

Subject:
	Security ID:		METASPLOITABLE3\sshd_server
	Account Name:		sshd_server
	Account Domain:		VAGRANT-2008R2
	Logon ID:		0x12389

Member:
	Security ID:		METASPLOITABLE3\han_solo
	Account Name:		-

Group:
	Security ID:		METASPLOITABLE3\None
	Group Name:		None
	Group Domain:		VAGRANT-2008R2

Additional Information:
	Privileges:		-"
Audit Success	5/2/2021 3:07:30 AM	Microsoft-Windows-Security-Auditing	4732	Security Group Management	"A member was added to a security-enabled local group.

Subject:
	Security ID:		METASPLOITABLE3\sshd_server
	Account Name:		sshd_server
	Account Domain:		VAGRANT-2008R2
	Logon ID:		0x12389

Member:
	Security ID:		METASPLOITABLE3\luke_skywalker
	Account Name:		-

Group:
	Security ID:		BUILTIN\Users
	Group Name:		Users
	Group Domain:		Builtin

Additional Information:
	Privileges:		-"
Audit Success	5/2/2021 3:07:30 AM	Microsoft-Windows-Security-Auditing	4724	User Account Management	"An attempt was made to reset an account's password.

Subject:
	Security ID:		METASPLOITABLE3\sshd_server
	Account Name:		sshd_server
	Account Domain:		VAGRANT-2008R2
	Logon ID:		0x12389

Target Account:
	Security ID:		METASPLOITABLE3\luke_skywalker
	Account Name:		luke_skywalker
	Account Domain:		VAGRANT-2008R2"
Audit Success	5/2/2021 3:07:30 AM	Microsoft-Windows-Security-Auditing	4738	User Account Management	"A user account was changed.

Subject:
	Security ID:		METASPLOITABLE3\sshd_server
	Account Name:		sshd_server
	Account Domain:		VAGRANT-2008R2
	Logon ID:		0x12389

Target Account:
	Security ID:		METASPLOITABLE3\luke_skywalker
	Account Name:		luke_skywalker
	Account Domain:		VAGRANT-2008R2

Changed Attributes:
	SAM Account Name:	luke_skywalker
	Display Name:		<value not set>
	User Principal Name:	-
	Home Directory:		<value not set>
	Home Drive:		<value not set>
	Script Path:		<value not set>
	Profile Path:		<value not set>
	User Workstations:	<value not set>
	Password Last Set:	5/2/2021 3:07:30 AM
	Account Expires:		<never>
	Primary Group ID:	513
	AllowedToDelegateTo:	-
	Old UAC Value:		0x15
	New UAC Value:		0x10
	User Account Control:	
		Account Enabled
		'Password Not Required' - Disabled
	User Parameters:	-
	SID History:		-
	Logon Hours:		All

Additional Information:
	Privileges:		-"
Audit Success	5/2/2021 3:07:30 AM	Microsoft-Windows-Security-Auditing	4722	User Account Management	"A user account was enabled.

Subject:
	Security ID:		METASPLOITABLE3\sshd_server
	Account Name:		sshd_server
	Account Domain:		VAGRANT-2008R2
	Logon ID:		0x12389

Target Account:
	Security ID:		METASPLOITABLE3\luke_skywalker
	Account Name:		luke_skywalker
	Account Domain:		VAGRANT-2008R2"
Audit Success	5/2/2021 3:07:30 AM	Microsoft-Windows-Security-Auditing	4720	User Account Management	"A user account was created.

Subject:
	Security ID:		METASPLOITABLE3\sshd_server
	Account Name:		sshd_server
	Account Domain:		VAGRANT-2008R2
	Logon ID:		0x12389

New Account:
	Security ID:		METASPLOITABLE3\luke_skywalker
	Account Name:		luke_skywalker
	Account Domain:		VAGRANT-2008R2

Attributes:
	SAM Account Name:	luke_skywalker
	Display Name:		<value not set>
	User Principal Name:	-
	Home Directory:		<value not set>
	Home Drive:		<value not set>
	Script Path:		<value not set>
	Profile Path:		<value not set>
	User Workstations:	<value not set>
	Password Last Set:	<never>
	Account Expires:		<never>
	Primary Group ID:	513
	Allowed To Delegate To:	-
	Old UAC Value:		0x0
	New UAC Value:		0x15
	User Account Control:	
		Account Disabled
		'Password Not Required' - Enabled
		'Normal Account' - Enabled
	User Parameters:	<value not set>
	SID History:		-
	Logon Hours:		All

Additional Information:
	Privileges		-"
Audit Success	5/2/2021 3:07:30 AM	Microsoft-Windows-Security-Auditing	4728	Security Group Management	"A member was added to a security-enabled global group.

Subject:
	Security ID:		METASPLOITABLE3\sshd_server
	Account Name:		sshd_server
	Account Domain:		VAGRANT-2008R2
	Logon ID:		0x12389

Member:
	Security ID:		METASPLOITABLE3\luke_skywalker
	Account Name:		-

Group:
	Security ID:		METASPLOITABLE3\None
	Group Name:		None
	Group Domain:		VAGRANT-2008R2

Additional Information:
	Privileges:		-"
Audit Success	5/2/2021 3:07:30 AM	Microsoft-Windows-Security-Auditing	4732	Security Group Management	"A member was added to a security-enabled local group.

Subject:
	Security ID:		METASPLOITABLE3\sshd_server
	Account Name:		sshd_server
	Account Domain:		VAGRANT-2008R2
	Logon ID:		0x12389

Member:
	Security ID:		METASPLOITABLE3\leia_organa
	Account Name:		-

Group:
	Security ID:		BUILTIN\Users
	Group Name:		Users
	Group Domain:		Builtin

Additional Information:
	Privileges:		-"
Audit Success	5/2/2021 3:07:30 AM	Microsoft-Windows-Security-Auditing	4724	User Account Management	"An attempt was made to reset an account's password.

Subject:
	Security ID:		METASPLOITABLE3\sshd_server
	Account Name:		sshd_server
	Account Domain:		VAGRANT-2008R2
	Logon ID:		0x12389

Target Account:
	Security ID:		METASPLOITABLE3\leia_organa
	Account Name:		leia_organa
	Account Domain:		VAGRANT-2008R2"
Audit Success	5/2/2021 3:07:30 AM	Microsoft-Windows-Security-Auditing	4738	User Account Management	"A user account was changed.

Subject:
	Security ID:		METASPLOITABLE3\sshd_server
	Account Name:		sshd_server
	Account Domain:		VAGRANT-2008R2
	Logon ID:		0x12389

Target Account:
	Security ID:		METASPLOITABLE3\leia_organa
	Account Name:		leia_organa
	Account Domain:		VAGRANT-2008R2

Changed Attributes:
	SAM Account Name:	leia_organa
	Display Name:		<value not set>
	User Principal Name:	-
	Home Directory:		<value not set>
	Home Drive:		<value not set>
	Script Path:		<value not set>
	Profile Path:		<value not set>
	User Workstations:	<value not set>
	Password Last Set:	5/2/2021 3:07:30 AM
	Account Expires:		<never>
	Primary Group ID:	513
	AllowedToDelegateTo:	-
	Old UAC Value:		0x15
	New UAC Value:		0x10
	User Account Control:	
		Account Enabled
		'Password Not Required' - Disabled
	User Parameters:	-
	SID History:		-
	Logon Hours:		All

Additional Information:
	Privileges:		-"
Audit Success	5/2/2021 3:07:30 AM	Microsoft-Windows-Security-Auditing	4722	User Account Management	"A user account was enabled.

Subject:
	Security ID:		METASPLOITABLE3\sshd_server
	Account Name:		sshd_server
	Account Domain:		VAGRANT-2008R2
	Logon ID:		0x12389

Target Account:
	Security ID:		METASPLOITABLE3\leia_organa
	Account Name:		leia_organa
	Account Domain:		VAGRANT-2008R2"
Audit Success	5/2/2021 3:07:30 AM	Microsoft-Windows-Security-Auditing	4720	User Account Management	"A user account was created.

Subject:
	Security ID:		METASPLOITABLE3\sshd_server
	Account Name:		sshd_server
	Account Domain:		VAGRANT-2008R2
	Logon ID:		0x12389

New Account:
	Security ID:		METASPLOITABLE3\leia_organa
	Account Name:		leia_organa
	Account Domain:		VAGRANT-2008R2

Attributes:
	SAM Account Name:	leia_organa
	Display Name:		<value not set>
	User Principal Name:	-
	Home Directory:		<value not set>
	Home Drive:		<value not set>
	Script Path:		<value not set>
	Profile Path:		<value not set>
	User Workstations:	<value not set>
	Password Last Set:	<never>
	Account Expires:		<never>
	Primary Group ID:	513
	Allowed To Delegate To:	-
	Old UAC Value:		0x0
	New UAC Value:		0x15
	User Account Control:	
		Account Disabled
		'Password Not Required' - Enabled
		'Normal Account' - Enabled
	User Parameters:	<value not set>
	SID History:		-
	Logon Hours:		All

Additional Information:
	Privileges		-"
Audit Success	5/2/2021 3:07:30 AM	Microsoft-Windows-Security-Auditing	4728	Security Group Management	"A member was added to a security-enabled global group.

Subject:
	Security ID:		METASPLOITABLE3\sshd_server
	Account Name:		sshd_server
	Account Domain:		VAGRANT-2008R2
	Logon ID:		0x12389

Member:
	Security ID:		METASPLOITABLE3\leia_organa
	Account Name:		-

Group:
	Security ID:		METASPLOITABLE3\None
	Group Name:		None
	Group Domain:		VAGRANT-2008R2

Additional Information:
	Privileges:		-"
Audit Success	5/2/2021 3:07:30 AM	Microsoft-Windows-Security-Auditing	4739	Authentication Policy Change	"Domain Policy was changed.

Change Type:		Password Policy modified

Subject:
	Security ID:		SYSTEM
	Account Name:		VAGRANT-2008R2$
	Account Domain:		WORKGROUP
	Logon ID:		0x3e7

Domain:
	Domain Name:		VAGRANT-2008R2
	Domain ID:		METASPLOITABLE3\

Changed Attributes:
	Min. Password Age:	
	Max. Password Age:	
	Force Logoff:		
	Lockout Threshold:	-
	Lockout Observation Window:	-
	Lockout Duration:	-
	Password Properties:	-
	Min. Password Length:	-
	Password History Length:	0
	Machine Account Quota:	0
	Mixed Domain Mode:	0
	Domain Behavior Version:	-
	OEM Information:	-

Additional Information:
	Privileges:		-"
Audit Success	5/2/2021 3:06:25 AM	Microsoft-Windows-Security-Auditing	4672	Special Logon	"Special privileges assigned to new logon.

Subject:
	Security ID:		SYSTEM
	Account Name:		SYSTEM
	Account Domain:		NT AUTHORITY
	Logon ID:		0x3e7

Privileges:		SeAssignPrimaryTokenPrivilege
			SeTcbPrivilege
			SeSecurityPrivilege
			SeTakeOwnershipPrivilege
			SeLoadDriverPrivilege
			SeBackupPrivilege
			SeRestorePrivilege
			SeDebugPrivilege
			SeAuditPrivilege
			SeSystemEnvironmentPrivilege
			SeImpersonatePrivilege"
Audit Success	5/2/2021 3:06:25 AM	Microsoft-Windows-Security-Auditing	4624	Logon	"An account was successfully logged on.

Subject:
	Security ID:		SYSTEM
	Account Name:		VAGRANT-2008R2$
	Account Domain:		WORKGROUP
	Logon ID:		0x3e7

Logon Type:			5

New Logon:
	Security ID:		SYSTEM
	Account Name:		SYSTEM
	Account Domain:		NT AUTHORITY
	Logon ID:		0x3e7
	Logon GUID:		{00000000-0000-0000-0000-000000000000}

Process Information:
	Process ID:		0x1c4
	Process Name:		C:\Windows\System32\services.exe

Network Information:
	Workstation Name:	
	Source Network Address:	-
	Source Port:		-

Detailed Authentication Information:
	Logon Process:		Advapi  
	Authentication Package:	Negotiate
	Transited Services:	-
	Package Name (NTLM only):	-
	Key Length:		0

This event is generated when a logon session is created. It is generated on the computer that was accessed.

The subject fields indicate the account on the local system which requested the logon. This is most commonly a service such as the Server service, or a local process such as Winlogon.exe or Services.exe.

The logon type field indicates the kind of logon that occurred. The most common types are 2 (interactive) and 3 (network).

The New Logon fields indicate the account for whom the new logon was created, i.e. the account that was logged on.

The network fields indicate where a remote logon request originated. Workstation name is not always available and may be left blank in some cases.

The authentication information fields provide detailed information about this specific logon request.
	- Logon GUID is a unique identifier that can be used to correlate this event with a KDC event.
	- Transited services indicate which intermediate services have participated in this logon request.
	- Package name indicates which sub-protocol was used among the NTLM protocols.
	- Key length indicates the length of the generated session key. This will be 0 if no session key was requested."
Audit Success	5/2/2021 3:06:25 AM	Microsoft-Windows-Security-Auditing	4907	Audit Policy Change	"Auditing settings on object were changed.

Subject:
	Security ID:		SYSTEM
	Account Name:		VAGRANT-2008R2$
	Account Domain:		WORKGROUP
	Logon ID:		0x3e7

Object:
	Object Server:	Security
	Object Type:	File
	Object Name:	C:\Windows\SysWOW64\en-US\evntagnt.dll.mui
	Handle ID:	0x550

Process Information:
	Process ID:	0x130
	Process Name:	C:\Windows\servicing\TrustedInstaller.exe

Auditing Settings:
	Original Security Descriptor:	
	New Security Descriptor:		S:ARAI(AU;SAFA;DCLCRPCRSDWDWO;;;WD)"
Audit Success	5/2/2021 3:06:25 AM	Microsoft-Windows-Security-Auditing	4907	Audit Policy Change	"Auditing settings on object were changed.

Subject:
	Security ID:		SYSTEM
	Account Name:		VAGRANT-2008R2$
	Account Domain:		WORKGROUP
	Logon ID:		0x3e7

Object:
	Object Server:	Security
	Object Type:	File
	Object Name:	C:\Windows\SysWOW64\en-US\evntcmd.exe.mui
	Handle ID:	0x46c

Process Information:
	Process ID:	0x130
	Process Name:	C:\Windows\servicing\TrustedInstaller.exe

Auditing Settings:
	Original Security Descriptor:	
	New Security Descriptor:		S:ARAI(AU;SAFA;DCLCRPCRSDWDWO;;;WD)"
Audit Success	5/2/2021 3:06:25 AM	Microsoft-Windows-Security-Auditing	4907	Audit Policy Change	"Auditing settings on object were changed.

Subject:
	Security ID:		SYSTEM
	Account Name:		VAGRANT-2008R2$
	Account Domain:		WORKGROUP
	Logon ID:		0x3e7

Object:
	Object Server:	Security
	Object Type:	File
	Object Name:	C:\Windows\SysWOW64\en-US\snmp.exe.mui
	Handle ID:	0xbb4

Process Information:
	Process ID:	0x130
	Process Name:	C:\Windows\servicing\TrustedInstaller.exe

Auditing Settings:
	Original Security Descriptor:	
	New Security Descriptor:		S:ARAI(AU;SAFA;DCLCRPCRSDWDWO;;;WD)"
Audit Success	5/2/2021 3:06:25 AM	Microsoft-Windows-Security-Auditing	4907	Audit Policy Change	"Auditing settings on object were changed.

Subject:
	Security ID:		SYSTEM
	Account Name:		VAGRANT-2008R2$
	Account Domain:		WORKGROUP
	Logon ID:		0x3e7

Object:
	Object Server:	Security
	Object Type:	File
	Object Name:	C:\Windows\SysWOW64\en-US\snmpsnap.dll.mui
	Handle ID:	0x7ac

Process Information:
	Process ID:	0x130
	Process Name:	C:\Windows\servicing\TrustedInstaller.exe

Auditing Settings:
	Original Security Descriptor:	
	New Security Descriptor:		S:ARAI(AU;SAFA;DCLCRPCRSDWDWO;;;WD)"
Audit Success	5/2/2021 3:06:25 AM	Microsoft-Windows-Security-Auditing	4907	Audit Policy Change	"Auditing settings on object were changed.

Subject:
	Security ID:		SYSTEM
	Account Name:		VAGRANT-2008R2$
	Account Domain:		WORKGROUP
	Logon ID:		0x3e7

Object:
	Object Server:	Security
	Object Type:	File
	Object Name:	C:\Windows\SysWOW64\en-US\evntwin.exe.mui
	Handle ID:	0x550

Process Information:
	Process ID:	0x130
	Process Name:	C:\Windows\servicing\TrustedInstaller.exe

Auditing Settings:
	Original Security Descriptor:	
	New Security Descriptor:		S:ARAI(AU;SAFA;DCLCRPCRSDWDWO;;;WD)"
Audit Success	5/2/2021 3:06:25 AM	Microsoft-Windows-Security-Auditing	4907	Audit Policy Change	"Auditing settings on object were changed.

Subject:
	Security ID:		SYSTEM
	Account Name:		VAGRANT-2008R2$
	Account Domain:		WORKGROUP
	Logon ID:		0x3e7

Object:
	Object Server:	Security
	Object Type:	File
	Object Name:	C:\Windows\SysWOW64\snmp.exe
	Handle ID:	0x46c

Process Information:
	Process ID:	0x130
	Process Name:	C:\Windows\servicing\TrustedInstaller.exe

Auditing Settings:
	Original Security Descriptor:	
	New Security Descriptor:		S:ARAI(AU;SAFA;DCLCRPCRSDWDWO;;;WD)"
Audit Success	5/2/2021 3:06:25 AM	Microsoft-Windows-Security-Auditing	4907	Audit Policy Change	"Auditing settings on object were changed.

Subject:
	Security ID:		SYSTEM
	Account Name:		VAGRANT-2008R2$
	Account Domain:		WORKGROUP
	Logon ID:		0x3e7

Object:
	Object Server:	Security
	Object Type:	File
	Object Name:	C:\Windows\SysWOW64\msft.mib
	Handle ID:	0xbb4

Process Information:
	Process ID:	0x130
	Process Name:	C:\Windows\servicing\TrustedInstaller.exe

Auditing Settings:
	Original Security Descriptor:	
	New Security Descriptor:		S:ARAI(AU;SAFA;DCLCRPCRSDWDWO;;;WD)"
Audit Success	5/2/2021 3:06:25 AM	Microsoft-Windows-Security-Auditing	4907	Audit Policy Change	"Auditing settings on object were changed.

Subject:
	Security ID:		SYSTEM
	Account Name:		VAGRANT-2008R2$
	Account Domain:		WORKGROUP
	Logon ID:		0x3e7

Object:
	Object Server:	Security
	Object Type:	File
	Object Name:	C:\Windows\SysWOW64\hostmib.mib
	Handle ID:	0x7ac

Process Information:
	Process ID:	0x130
	Process Name:	C:\Windows\servicing\TrustedInstaller.exe

Auditing Settings:
	Original Security Descriptor:	
	New Security Descriptor:		S:ARAI(AU;SAFA;DCLCRPCRSDWDWO;;;WD)"
Audit Success	5/2/2021 3:06:25 AM	Microsoft-Windows-Security-Auditing	4907	Audit Policy Change	"Auditing settings on object were changed.

Subject:
	Security ID:		SYSTEM
	Account Name:		VAGRANT-2008R2$
	Account Domain:		WORKGROUP
	Logon ID:		0x3e7

Object:
	Object Server:	Security
	Object Type:	File
	Object Name:	C:\Windows\SysWOW64\evntcmd.exe
	Handle ID:	0x550

Process Information:
	Process ID:	0x130
	Process Name:	C:\Windows\servicing\TrustedInstaller.exe

Auditing Settings:
	Original Security Descriptor:	
	New Security Descriptor:		S:ARAI(AU;SAFA;DCLCRPCRSDWDWO;;;WD)"
Audit Success	5/2/2021 3:06:25 AM	Microsoft-Windows-Security-Auditing	4907	Audit Policy Change	"Auditing settings on object were changed.

Subject:
	Security ID:		SYSTEM
	Account Name:		VAGRANT-2008R2$
	Account Domain:		WORKGROUP
	Logon ID:		0x3e7

Object:
	Object Server:	Security
	Object Type:	File
	Object Name:	C:\Windows\SysWOW64\evntwin.exe
	Handle ID:	0x46c

Process Information:
	Process ID:	0x130
	Process Name:	C:\Windows\servicing\TrustedInstaller.exe

Auditing Settings:
	Original Security Descriptor:	
	New Security Descriptor:		S:ARAI(AU;SAFA;DCLCRPCRSDWDWO;;;WD)"
Audit Success	5/2/2021 3:06:25 AM	Microsoft-Windows-Security-Auditing	4907	Audit Policy Change	"Auditing settings on object were changed.

Subject:
	Security ID:		SYSTEM
	Account Name:		VAGRANT-2008R2$
	Account Domain:		WORKGROUP
	Logon ID:		0x3e7

Object:
	Object Server:	Security
	Object Type:	File
	Object Name:	C:\Windows\SysWOW64\inetsrv.mib
	Handle ID:	0xbb4

Process Information:
	Process ID:	0x130
	Process Name:	C:\Windows\servicing\TrustedInstaller.exe

Auditing Settings:
	Original Security Descriptor:	
	New Security Descriptor:		S:ARAI(AU;SAFA;DCLCRPCRSDWDWO;;;WD)"
Audit Success	5/2/2021 3:06:25 AM	Microsoft-Windows-Security-Auditing	4907	Audit Policy Change	"Auditing settings on object were changed.

Subject:
	Security ID:		SYSTEM
	Account Name:		VAGRANT-2008R2$
	Account Domain:		WORKGROUP
	Logon ID:		0x3e7

Object:
	Object Server:	Security
	Object Type:	File
	Object Name:	C:\Windows\SysWOW64\wins.mib
	Handle ID:	0x7ac

Process Information:
	Process ID:	0x130
	Process Name:	C:\Windows\servicing\TrustedInstaller.exe

Auditing Settings:
	Original Security Descriptor:	
	New Security Descriptor:		S:ARAI(AU;SAFA;DCLCRPCRSDWDWO;;;WD)"
Audit Success	5/2/2021 3:06:25 AM	Microsoft-Windows-Security-Auditing	4907	Audit Policy Change	"Auditing settings on object were changed.

Subject:
	Security ID:		SYSTEM
	Account Name:		VAGRANT-2008R2$
	Account Domain:		WORKGROUP
	Logon ID:		0x3e7

Object:
	Object Server:	Security
	Object Type:	File
	Object Name:	C:\Windows\SysWOW64\msiprip2.mib
	Handle ID:	0x550

Process Information:
	Process ID:	0x130
	Process Name:	C:\Windows\servicing\TrustedInstaller.exe

Auditing Settings:
	Original Security Descriptor:	
	New Security Descriptor:		S:ARAI(AU;SAFA;DCLCRPCRSDWDWO;;;WD)"
Audit Success	5/2/2021 3:06:25 AM	Microsoft-Windows-Security-Auditing	4907	Audit Policy Change	"Auditing settings on object were changed.

Subject:
	Security ID:		SYSTEM
	Account Name:		VAGRANT-2008R2$
	Account Domain:		WORKGROUP
	Logon ID:		0x3e7

Object:
	Object Server:	Security
	Object Type:	File
	Object Name:	C:\Windows\SysWOW64\msipbtp.mib
	Handle ID:	0x46c

Process Information:
	Process ID:	0x130
	Process Name:	C:\Windows\servicing\TrustedInstaller.exe

Auditing Settings:
	Original Security Descriptor:	
	New Security Descriptor:		S:ARAI(AU;SAFA;DCLCRPCRSDWDWO;;;WD)"
