Audit Success	5/2/2021 3:06:25 AM	Microsoft-Windows-Security-Auditing	4907	Audit Policy Change	"Auditing settings on object were changed.

Subject:
	Security ID:		SYSTEM
	Account Name:		VAGRANT-2008R2$
	Account Domain:		WORKGROUP
	Logon ID:		0x3e7

Object:
	Object Server:	Security
	Object Type:	File
	Object Name:	C:\Windows\SysWOW64\lmmib2.dll
	Handle ID:	0xbb4

Process Information:
	Process ID:	0x130
	Process Name:	C:\Windows\servicing\TrustedInstaller.exe

Auditing Settings:
	Original Security Descriptor:	
	New Security Descriptor:		S:ARAI(AU;SAFA;DCLCRPCRSDWDWO;;;WD)"
Audit Success	5/2/2021 3:06:25 AM	Microsoft-Windows-Security-Auditing	4907	Audit Policy Change	"Auditing settings on object were changed.

Subject:
	Security ID:		SYSTEM
	Account Name:		VAGRANT-2008R2$
	Account Domain:		WORKGROUP
	Logon ID:		0x3e7

Object:
	Object Server:	Security
	Object Type:	File
	Object Name:	C:\Windows\SysWOW64\ftp.mib
	Handle ID:	0x7ac

Process Information:
	Process ID:	0x130
	Process Name:	C:\Windows\servicing\TrustedInstaller.exe

Auditing Settings:
	Original Security Descriptor:	
	New Security Descriptor:		S:ARAI(AU;SAFA;DCLCRPCRSDWDWO;;;WD)"
Audit Success	5/2/2021 3:06:25 AM	Microsoft-Windows-Security-Auditing	4907	Audit Policy Change	"Auditing settings on object were changed.

Subject:
	Security ID:		SYSTEM
	Account Name:		VAGRANT-2008R2$
	Account Domain:		WORKGROUP
	Logon ID:		0x3e7

Object:
	Object Server:	Security
	Object Type:	File
	Object Name:	C:\Windows\SysWOW64\mcastmib.mib
	Handle ID:	0x550

Process Information:
	Process ID:	0x130
	Process Name:	C:\Windows\servicing\TrustedInstaller.exe

Auditing Settings:
	Original Security Descriptor:	
	New Security Descriptor:		S:ARAI(AU;SAFA;DCLCRPCRSDWDWO;;;WD)"
Audit Success	5/2/2021 3:06:25 AM	Microsoft-Windows-Security-Auditing	4907	Audit Policy Change	"Auditing settings on object were changed.

Subject:
	Security ID:		SYSTEM
	Account Name:		VAGRANT-2008R2$
	Account Domain:		WORKGROUP
	Logon ID:		0x3e7

Object:
	Object Server:	Security
	Object Type:	File
	Object Name:	C:\Windows\SysWOW64\accserv.mib
	Handle ID:	0x46c

Process Information:
	Process ID:	0x130
	Process Name:	C:\Windows\servicing\TrustedInstaller.exe

Auditing Settings:
	Original Security Descriptor:	
	New Security Descriptor:		S:ARAI(AU;SAFA;DCLCRPCRSDWDWO;;;WD)"
Audit Success	5/2/2021 3:06:25 AM	Microsoft-Windows-Security-Auditing	4907	Audit Policy Change	"Auditing settings on object were changed.

Subject:
	Security ID:		SYSTEM
	Account Name:		VAGRANT-2008R2$
	Account Domain:		WORKGROUP
	Logon ID:		0x3e7

Object:
	Object Server:	Security
	Object Type:	File
	Object Name:	C:\Windows\SysWOW64\smi.mib
	Handle ID:	0xbb4

Process Information:
	Process ID:	0x130
	Process Name:	C:\Windows\servicing\TrustedInstaller.exe

Auditing Settings:
	Original Security Descriptor:	
	New Security Descriptor:		S:ARAI(AU;SAFA;DCLCRPCRSDWDWO;;;WD)"
Audit Success	5/2/2021 3:06:25 AM	Microsoft-Windows-Security-Auditing	4907	Audit Policy Change	"Auditing settings on object were changed.

Subject:
	Security ID:		SYSTEM
	Account Name:		VAGRANT-2008R2$
	Account Domain:		WORKGROUP
	Logon ID:		0x3e7

Object:
	Object Server:	Security
	Object Type:	File
	Object Name:	C:\Windows\SysWOW64\ipforwd.mib
	Handle ID:	0x7ac

Process Information:
	Process ID:	0x130
	Process Name:	C:\Windows\servicing\TrustedInstaller.exe

Auditing Settings:
	Original Security Descriptor:	
	New Security Descriptor:		S:ARAI(AU;SAFA;DCLCRPCRSDWDWO;;;WD)"
Audit Success	5/2/2021 3:06:25 AM	Microsoft-Windows-Security-Auditing	4907	Audit Policy Change	"Auditing settings on object were changed.

Subject:
	Security ID:		SYSTEM
	Account Name:		VAGRANT-2008R2$
	Account Domain:		WORKGROUP
	Logon ID:		0x3e7

Object:
	Object Server:	Security
	Object Type:	File
	Object Name:	C:\Windows\SysWOW64\dhcp.mib
	Handle ID:	0x550

Process Information:
	Process ID:	0x130
	Process Name:	C:\Windows\servicing\TrustedInstaller.exe

Auditing Settings:
	Original Security Descriptor:	
	New Security Descriptor:		S:ARAI(AU;SAFA;DCLCRPCRSDWDWO;;;WD)"
Audit Success	5/2/2021 3:06:25 AM	Microsoft-Windows-Security-Auditing	4907	Audit Policy Change	"Auditing settings on object were changed.

Subject:
	Security ID:		SYSTEM
	Account Name:		VAGRANT-2008R2$
	Account Domain:		WORKGROUP
	Logon ID:		0x3e7

Object:
	Object Server:	Security
	Object Type:	File
	Object Name:	C:\Windows\SysWOW64\hostmib.dll
	Handle ID:	0x46c

Process Information:
	Process ID:	0x130
	Process Name:	C:\Windows\servicing\TrustedInstaller.exe

Auditing Settings:
	Original Security Descriptor:	
	New Security Descriptor:		S:ARAI(AU;SAFA;DCLCRPCRSDWDWO;;;WD)"
Audit Success	5/2/2021 3:06:25 AM	Microsoft-Windows-Security-Auditing	4907	Audit Policy Change	"Auditing settings on object were changed.

Subject:
	Security ID:		SYSTEM
	Account Name:		VAGRANT-2008R2$
	Account Domain:		WORKGROUP
	Logon ID:		0x3e7

Object:
	Object Server:	Security
	Object Type:	File
	Object Name:	C:\Windows\SysWOW64\snmpsnap.dll
	Handle ID:	0xbb4

Process Information:
	Process ID:	0x130
	Process Name:	C:\Windows\servicing\TrustedInstaller.exe

Auditing Settings:
	Original Security Descriptor:	
	New Security Descriptor:		S:ARAI(AU;SAFA;DCLCRPCRSDWDWO;;;WD)"
Audit Success	5/2/2021 3:06:25 AM	Microsoft-Windows-Security-Auditing	4907	Audit Policy Change	"Auditing settings on object were changed.

Subject:
	Security ID:		SYSTEM
	Account Name:		VAGRANT-2008R2$
	Account Domain:		WORKGROUP
	Logon ID:		0x3e7

Object:
	Object Server:	Security
	Object Type:	File
	Object Name:	C:\Windows\SysWOW64\rfc2571.mib
	Handle ID:	0x7ac

Process Information:
	Process ID:	0x130
	Process Name:	C:\Windows\servicing\TrustedInstaller.exe

Auditing Settings:
	Original Security Descriptor:	
	New Security Descriptor:		S:ARAI(AU;SAFA;DCLCRPCRSDWDWO;;;WD)"
Audit Success	5/2/2021 3:06:25 AM	Microsoft-Windows-Security-Auditing	4907	Audit Policy Change	"Auditing settings on object were changed.

Subject:
	Security ID:		SYSTEM
	Account Name:		VAGRANT-2008R2$
	Account Domain:		WORKGROUP
	Logon ID:		0x3e7

Object:
	Object Server:	Security
	Object Type:	File
	Object Name:	C:\Windows\SysWOW64\authserv.mib
	Handle ID:	0x550

Process Information:
	Process ID:	0x130
	Process Name:	C:\Windows\servicing\TrustedInstaller.exe

Auditing Settings:
	Original Security Descriptor:	
	New Security Descriptor:		S:ARAI(AU;SAFA;DCLCRPCRSDWDWO;;;WD)"
Audit Success	5/2/2021 3:06:25 AM	Microsoft-Windows-Security-Auditing	4907	Audit Policy Change	"Auditing settings on object were changed.

Subject:
	Security ID:		SYSTEM
	Account Name:		VAGRANT-2008R2$
	Account Domain:		WORKGROUP
	Logon ID:		0x3e7

Object:
	Object Server:	Security
	Object Type:	File
	Object Name:	C:\Windows\SysWOW64\evntagnt.dll
	Handle ID:	0x46c

Process Information:
	Process ID:	0x130
	Process Name:	C:\Windows\servicing\TrustedInstaller.exe

Auditing Settings:
	Original Security Descriptor:	
	New Security Descriptor:		S:ARAI(AU;SAFA;DCLCRPCRSDWDWO;;;WD)"
Audit Success	5/2/2021 3:06:25 AM	Microsoft-Windows-Security-Auditing	4907	Audit Policy Change	"Auditing settings on object were changed.

Subject:
	Security ID:		SYSTEM
	Account Name:		VAGRANT-2008R2$
	Account Domain:		WORKGROUP
	Logon ID:		0x3e7

Object:
	Object Server:	Security
	Object Type:	File
	Object Name:	C:\Windows\SysWOW64\snmpmib.dll
	Handle ID:	0xbb4

Process Information:
	Process ID:	0x130
	Process Name:	C:\Windows\servicing\TrustedInstaller.exe

Auditing Settings:
	Original Security Descriptor:	
	New Security Descriptor:		S:ARAI(AU;SAFA;DCLCRPCRSDWDWO;;;WD)"
Audit Success	5/2/2021 3:06:25 AM	Microsoft-Windows-Security-Auditing	4907	Audit Policy Change	"Auditing settings on object were changed.

Subject:
	Security ID:		SYSTEM
	Account Name:		VAGRANT-2008R2$
	Account Domain:		WORKGROUP
	Logon ID:		0x3e7

Object:
	Object Server:	Security
	Object Type:	File
	Object Name:	C:\Windows\SysWOW64\http.mib
	Handle ID:	0x7ac

Process Information:
	Process ID:	0x130
	Process Name:	C:\Windows\servicing\TrustedInstaller.exe

Auditing Settings:
	Original Security Descriptor:	
	New Security Descriptor:		S:ARAI(AU;SAFA;DCLCRPCRSDWDWO;;;WD)"
Audit Success	5/2/2021 3:06:25 AM	Microsoft-Windows-Security-Auditing	4907	Audit Policy Change	"Auditing settings on object were changed.

Subject:
	Security ID:		SYSTEM
	Account Name:		VAGRANT-2008R2$
	Account Domain:		WORKGROUP
	Logon ID:		0x3e7

Object:
	Object Server:	Security
	Object Type:	File
	Object Name:	C:\Windows\SysWOW64\lmmib2.mib
	Handle ID:	0x550

Process Information:
	Process ID:	0x130
	Process Name:	C:\Windows\servicing\TrustedInstaller.exe

Auditing Settings:
	Original Security Descriptor:	
	New Security Descriptor:		S:ARAI(AU;SAFA;DCLCRPCRSDWDWO;;;WD)"
Audit Success	5/2/2021 3:06:25 AM	Microsoft-Windows-Security-Auditing	4907	Audit Policy Change	"Auditing settings on object were changed.

Subject:
	Security ID:		SYSTEM
	Account Name:		VAGRANT-2008R2$
	Account Domain:		WORKGROUP
	Logon ID:		0x3e7

Object:
	Object Server:	Security
	Object Type:	File
	Object Name:	C:\Windows\SysWOW64\mib_ii.mib
	Handle ID:	0x46c

Process Information:
	Process ID:	0x130
	Process Name:	C:\Windows\servicing\TrustedInstaller.exe

Auditing Settings:
	Original Security Descriptor:	
	New Security Descriptor:		S:ARAI(AU;SAFA;DCLCRPCRSDWDWO;;;WD)"
Audit Success	5/2/2021 3:06:25 AM	Microsoft-Windows-Security-Auditing	4907	Audit Policy Change	"Auditing settings on object were changed.

Subject:
	Security ID:		SYSTEM
	Account Name:		VAGRANT-2008R2$
	Account Domain:		WORKGROUP
	Logon ID:		0x3e7

Object:
	Object Server:	Security
	Object Type:	File
	Object Name:	C:\Windows\System32\en-US\evntagnt.dll.mui
	Handle ID:	0xbb4

Process Information:
	Process ID:	0x130
	Process Name:	C:\Windows\servicing\TrustedInstaller.exe

Auditing Settings:
	Original Security Descriptor:	
	New Security Descriptor:		S:ARAI(AU;SAFA;DCLCRPCRSDWDWO;;;WD)"
Audit Success	5/2/2021 3:06:25 AM	Microsoft-Windows-Security-Auditing	4907	Audit Policy Change	"Auditing settings on object were changed.

Subject:
	Security ID:		SYSTEM
	Account Name:		VAGRANT-2008R2$
	Account Domain:		WORKGROUP
	Logon ID:		0x3e7

Object:
	Object Server:	Security
	Object Type:	File
	Object Name:	C:\Windows\System32\en-US\evntcmd.exe.mui
	Handle ID:	0x7ac

Process Information:
	Process ID:	0x130
	Process Name:	C:\Windows\servicing\TrustedInstaller.exe

Auditing Settings:
	Original Security Descriptor:	
	New Security Descriptor:		S:ARAI(AU;SAFA;DCLCRPCRSDWDWO;;;WD)"
Audit Success	5/2/2021 3:06:25 AM	Microsoft-Windows-Security-Auditing	4907	Audit Policy Change	"Auditing settings on object were changed.

Subject:
	Security ID:		SYSTEM
	Account Name:		VAGRANT-2008R2$
	Account Domain:		WORKGROUP
	Logon ID:		0x3e7

Object:
	Object Server:	Security
	Object Type:	File
	Object Name:	C:\Windows\System32\en-US\snmpsnap.dll.mui
	Handle ID:	0x550

Process Information:
	Process ID:	0x130
	Process Name:	C:\Windows\servicing\TrustedInstaller.exe

Auditing Settings:
	Original Security Descriptor:	
	New Security Descriptor:		S:ARAI(AU;SAFA;DCLCRPCRSDWDWO;;;WD)"
Audit Success	5/2/2021 3:06:25 AM	Microsoft-Windows-Security-Auditing	4907	Audit Policy Change	"Auditing settings on object were changed.

Subject:
	Security ID:		SYSTEM
	Account Name:		VAGRANT-2008R2$
	Account Domain:		WORKGROUP
	Logon ID:		0x3e7

Object:
	Object Server:	Security
	Object Type:	File
	Object Name:	C:\Windows\System32\en-US\snmp.exe.mui
	Handle ID:	0x46c

Process Information:
	Process ID:	0x130
	Process Name:	C:\Windows\servicing\TrustedInstaller.exe

Auditing Settings:
	Original Security Descriptor:	
	New Security Descriptor:		S:ARAI(AU;SAFA;DCLCRPCRSDWDWO;;;WD)"
Audit Success	5/2/2021 3:06:25 AM	Microsoft-Windows-Security-Auditing	4907	Audit Policy Change	"Auditing settings on object were changed.

Subject:
	Security ID:		SYSTEM
	Account Name:		VAGRANT-2008R2$
	Account Domain:		WORKGROUP
	Logon ID:		0x3e7

Object:
	Object Server:	Security
	Object Type:	File
	Object Name:	C:\Windows\System32\en-US\evntwin.exe.mui
	Handle ID:	0xbb4

Process Information:
	Process ID:	0x130
	Process Name:	C:\Windows\servicing\TrustedInstaller.exe

Auditing Settings:
	Original Security Descriptor:	
	New Security Descriptor:		S:ARAI(AU;SAFA;DCLCRPCRSDWDWO;;;WD)"
Audit Success	5/2/2021 3:06:25 AM	Microsoft-Windows-Security-Auditing	4907	Audit Policy Change	"Auditing settings on object were changed.

Subject:
	Security ID:		SYSTEM
	Account Name:		VAGRANT-2008R2$
	Account Domain:		WORKGROUP
	Logon ID:		0x3e7

Object:
	Object Server:	Security
	Object Type:	File
	Object Name:	C:\Windows\System32\msft.mib
	Handle ID:	0x7ac

Process Information:
	Process ID:	0x130
	Process Name:	C:\Windows\servicing\TrustedInstaller.exe

Auditing Settings:
	Original Security Descriptor:	
	New Security Descriptor:		S:ARAI(AU;SAFA;DCLCRPCRSDWDWO;;;WD)"
Audit Success	5/2/2021 3:06:25 AM	Microsoft-Windows-Security-Auditing	4907	Audit Policy Change	"Auditing settings on object were changed.

Subject:
	Security ID:		SYSTEM
	Account Name:		VAGRANT-2008R2$
	Account Domain:		WORKGROUP
	Logon ID:		0x3e7

Object:
	Object Server:	Security
	Object Type:	File
	Object Name:	C:\Windows\System32\hostmib.mib
	Handle ID:	0x550

Process Information:
	Process ID:	0x130
	Process Name:	C:\Windows\servicing\TrustedInstaller.exe

Auditing Settings:
	Original Security Descriptor:	
	New Security Descriptor:		S:ARAI(AU;SAFA;DCLCRPCRSDWDWO;;;WD)"
Audit Success	5/2/2021 3:06:25 AM	Microsoft-Windows-Security-Auditing	4907	Audit Policy Change	"Auditing settings on object were changed.

Subject:
	Security ID:		SYSTEM
	Account Name:		VAGRANT-2008R2$
	Account Domain:		WORKGROUP
	Logon ID:		0x3e7

Object:
	Object Server:	Security
	Object Type:	File
	Object Name:	C:\Windows\System32\snmp.exe
	Handle ID:	0x46c

Process Information:
	Process ID:	0x130
	Process Name:	C:\Windows\servicing\TrustedInstaller.exe

Auditing Settings:
	Original Security Descriptor:	
	New Security Descriptor:		S:ARAI(AU;SAFA;DCLCRPCRSDWDWO;;;WD)"
Audit Success	5/2/2021 3:06:25 AM	Microsoft-Windows-Security-Auditing	4907	Audit Policy Change	"Auditing settings on object were changed.

Subject:
	Security ID:		SYSTEM
	Account Name:		VAGRANT-2008R2$
	Account Domain:		WORKGROUP
	Logon ID:		0x3e7

Object:
	Object Server:	Security
	Object Type:	File
	Object Name:	C:\Windows\System32\inetsrv.mib
	Handle ID:	0xbb4

Process Information:
	Process ID:	0x130
	Process Name:	C:\Windows\servicing\TrustedInstaller.exe

Auditing Settings:
	Original Security Descriptor:	
	New Security Descriptor:		S:ARAI(AU;SAFA;DCLCRPCRSDWDWO;;;WD)"
Audit Success	5/2/2021 3:06:25 AM	Microsoft-Windows-Security-Auditing	4907	Audit Policy Change	"Auditing settings on object were changed.

Subject:
	Security ID:		SYSTEM
	Account Name:		VAGRANT-2008R2$
	Account Domain:		WORKGROUP
	Logon ID:		0x3e7

Object:
	Object Server:	Security
	Object Type:	File
	Object Name:	C:\Windows\System32\wins.mib
	Handle ID:	0x7ac

Process Information:
	Process ID:	0x130
	Process Name:	C:\Windows\servicing\TrustedInstaller.exe

Auditing Settings:
	Original Security Descriptor:	
	New Security Descriptor:		S:ARAI(AU;SAFA;DCLCRPCRSDWDWO;;;WD)"
Audit Success	5/2/2021 3:06:25 AM	Microsoft-Windows-Security-Auditing	4907	Audit Policy Change	"Auditing settings on object were changed.

Subject:
	Security ID:		SYSTEM
	Account Name:		VAGRANT-2008R2$
	Account Domain:		WORKGROUP
	Logon ID:		0x3e7

Object:
	Object Server:	Security
	Object Type:	File
	Object Name:	C:\Windows\System32\msiprip2.mib
	Handle ID:	0x550

Process Information:
	Process ID:	0x130
	Process Name:	C:\Windows\servicing\TrustedInstaller.exe

Auditing Settings:
	Original Security Descriptor:	
	New Security Descriptor:		S:ARAI(AU;SAFA;DCLCRPCRSDWDWO;;;WD)"
Audit Success	5/2/2021 3:06:25 AM	Microsoft-Windows-Security-Auditing	4907	Audit Policy Change	"Auditing settings on object were changed.

Subject:
	Security ID:		SYSTEM
	Account Name:		VAGRANT-2008R2$
	Account Domain:		WORKGROUP
	Logon ID:		0x3e7

Object:
	Object Server:	Security
	Object Type:	File
	Object Name:	C:\Windows\System32\msipbtp.mib
	Handle ID:	0x46c

Process Information:
	Process ID:	0x130
	Process Name:	C:\Windows\servicing\TrustedInstaller.exe

Auditing Settings:
	Original Security Descriptor:	
	New Security Descriptor:		S:ARAI(AU;SAFA;DCLCRPCRSDWDWO;;;WD)"
Audit Success	5/2/2021 3:06:25 AM	Microsoft-Windows-Security-Auditing	4907	Audit Policy Change	"Auditing settings on object were changed.

Subject:
	Security ID:		SYSTEM
	Account Name:		VAGRANT-2008R2$
	Account Domain:		WORKGROUP
	Logon ID:		0x3e7

Object:
	Object Server:	Security
	Object Type:	File
	Object Name:	C:\Windows\System32\evntcmd.exe
	Handle ID:	0xbb4

Process Information:
	Process ID:	0x130
	Process Name:	C:\Windows\servicing\TrustedInstaller.exe

Auditing Settings:
	Original Security Descriptor:	
	New Security Descriptor:		S:ARAI(AU;SAFA;DCLCRPCRSDWDWO;;;WD)"
Audit Success	5/2/2021 3:06:25 AM	Microsoft-Windows-Security-Auditing	4907	Audit Policy Change	"Auditing settings on object were changed.

Subject:
	Security ID:		SYSTEM
	Account Name:		VAGRANT-2008R2$
	Account Domain:		WORKGROUP
	Logon ID:		0x3e7

Object:
	Object Server:	Security
	Object Type:	File
	Object Name:	C:\Windows\System32\evntwin.exe
	Handle ID:	0x7ac

Process Information:
	Process ID:	0x130
	Process Name:	C:\Windows\servicing\TrustedInstaller.exe

Auditing Settings:
	Original Security Descriptor:	
	New Security Descriptor:		S:ARAI(AU;SAFA;DCLCRPCRSDWDWO;;;WD)"
Audit Success	5/2/2021 3:06:25 AM	Microsoft-Windows-Security-Auditing	4907	Audit Policy Change	"Auditing settings on object were changed.

Subject:
	Security ID:		SYSTEM
	Account Name:		VAGRANT-2008R2$
	Account Domain:		WORKGROUP
	Logon ID:		0x3e7

Object:
	Object Server:	Security
	Object Type:	File
	Object Name:	C:\Windows\System32\ftp.mib
	Handle ID:	0x550

Process Information:
	Process ID:	0x130
	Process Name:	C:\Windows\servicing\TrustedInstaller.exe

Auditing Settings:
	Original Security Descriptor:	
	New Security Descriptor:		S:ARAI(AU;SAFA;DCLCRPCRSDWDWO;;;WD)"
Audit Success	5/2/2021 3:06:25 AM	Microsoft-Windows-Security-Auditing	4907	Audit Policy Change	"Auditing settings on object were changed.

Subject:
	Security ID:		SYSTEM
	Account Name:		VAGRANT-2008R2$
	Account Domain:		WORKGROUP
	Logon ID:		0x3e7

Object:
	Object Server:	Security
	Object Type:	File
	Object Name:	C:\Windows\System32\mcastmib.mib
	Handle ID:	0x46c

Process Information:
	Process ID:	0x130
	Process Name:	C:\Windows\servicing\TrustedInstaller.exe

Auditing Settings:
	Original Security Descriptor:	
	New Security Descriptor:		S:ARAI(AU;SAFA;DCLCRPCRSDWDWO;;;WD)"
Audit Success	5/2/2021 3:06:25 AM	Microsoft-Windows-Security-Auditing	4907	Audit Policy Change	"Auditing settings on object were changed.

Subject:
	Security ID:		SYSTEM
	Account Name:		VAGRANT-2008R2$
	Account Domain:		WORKGROUP
	Logon ID:		0x3e7

Object:
	Object Server:	Security
	Object Type:	File
	Object Name:	C:\Windows\System32\accserv.mib
	Handle ID:	0xbb4

Process Information:
	Process ID:	0x130
	Process Name:	C:\Windows\servicing\TrustedInstaller.exe

Auditing Settings:
	Original Security Descriptor:	
	New Security Descriptor:		S:ARAI(AU;SAFA;DCLCRPCRSDWDWO;;;WD)"
Audit Success	5/2/2021 3:06:25 AM	Microsoft-Windows-Security-Auditing	4907	Audit Policy Change	"Auditing settings on object were changed.

Subject:
	Security ID:		SYSTEM
	Account Name:		VAGRANT-2008R2$
	Account Domain:		WORKGROUP
	Logon ID:		0x3e7

Object:
	Object Server:	Security
	Object Type:	File
	Object Name:	C:\Windows\System32\lmmib2.dll
	Handle ID:	0x7ac

Process Information:
	Process ID:	0x130
	Process Name:	C:\Windows\servicing\TrustedInstaller.exe

Auditing Settings:
	Original Security Descriptor:	
	New Security Descriptor:		S:ARAI(AU;SAFA;DCLCRPCRSDWDWO;;;WD)"
Audit Success	5/2/2021 3:06:25 AM	Microsoft-Windows-Security-Auditing	4907	Audit Policy Change	"Auditing settings on object were changed.

Subject:
	Security ID:		SYSTEM
	Account Name:		VAGRANT-2008R2$
	Account Domain:		WORKGROUP
	Logon ID:		0x3e7

Object:
	Object Server:	Security
	Object Type:	File
	Object Name:	C:\Windows\System32\smi.mib
	Handle ID:	0x550

Process Information:
	Process ID:	0x130
	Process Name:	C:\Windows\servicing\TrustedInstaller.exe

Auditing Settings:
	Original Security Descriptor:	
	New Security Descriptor:		S:ARAI(AU;SAFA;DCLCRPCRSDWDWO;;;WD)"
Audit Success	5/2/2021 3:06:25 AM	Microsoft-Windows-Security-Auditing	4907	Audit Policy Change	"Auditing settings on object were changed.

Subject:
	Security ID:		SYSTEM
	Account Name:		VAGRANT-2008R2$
	Account Domain:		WORKGROUP
	Logon ID:		0x3e7

Object:
	Object Server:	Security
	Object Type:	File
	Object Name:	C:\Windows\System32\ipforwd.mib
	Handle ID:	0x46c

Process Information:
	Process ID:	0x130
	Process Name:	C:\Windows\servicing\TrustedInstaller.exe

Auditing Settings:
	Original Security Descriptor:	
	New Security Descriptor:		S:ARAI(AU;SAFA;DCLCRPCRSDWDWO;;;WD)"
Audit Success	5/2/2021 3:06:25 AM	Microsoft-Windows-Security-Auditing	4907	Audit Policy Change	"Auditing settings on object were changed.

Subject:
	Security ID:		SYSTEM
	Account Name:		VAGRANT-2008R2$
	Account Domain:		WORKGROUP
	Logon ID:		0x3e7

Object:
	Object Server:	Security
	Object Type:	File
	Object Name:	C:\Windows\System32\dhcp.mib
	Handle ID:	0xbb4

Process Information:
	Process ID:	0x130
	Process Name:	C:\Windows\servicing\TrustedInstaller.exe

Auditing Settings:
	Original Security Descriptor:	
	New Security Descriptor:		S:ARAI(AU;SAFA;DCLCRPCRSDWDWO;;;WD)"
Audit Success	5/2/2021 3:06:25 AM	Microsoft-Windows-Security-Auditing	4907	Audit Policy Change	"Auditing settings on object were changed.

Subject:
	Security ID:		SYSTEM
	Account Name:		VAGRANT-2008R2$
	Account Domain:		WORKGROUP
	Logon ID:		0x3e7

Object:
	Object Server:	Security
	Object Type:	File
	Object Name:	C:\Windows\System32\hostmib.dll
	Handle ID:	0x7ac

Process Information:
	Process ID:	0x130
	Process Name:	C:\Windows\servicing\TrustedInstaller.exe

Auditing Settings:
	Original Security Descriptor:	
	New Security Descriptor:		S:ARAI(AU;SAFA;DCLCRPCRSDWDWO;;;WD)"
Audit Success	5/2/2021 3:06:25 AM	Microsoft-Windows-Security-Auditing	4907	Audit Policy Change	"Auditing settings on object were changed.

Subject:
	Security ID:		SYSTEM
	Account Name:		VAGRANT-2008R2$
	Account Domain:		WORKGROUP
	Logon ID:		0x3e7

Object:
	Object Server:	Security
	Object Type:	File
	Object Name:	C:\Windows\System32\rfc2571.mib
	Handle ID:	0x550

Process Information:
	Process ID:	0x130
	Process Name:	C:\Windows\servicing\TrustedInstaller.exe

Auditing Settings:
	Original Security Descriptor:	
	New Security Descriptor:		S:ARAI(AU;SAFA;DCLCRPCRSDWDWO;;;WD)"
Audit Success	5/2/2021 3:06:25 AM	Microsoft-Windows-Security-Auditing	4907	Audit Policy Change	"Auditing settings on object were changed.

Subject:
	Security ID:		SYSTEM
	Account Name:		VAGRANT-2008R2$
	Account Domain:		WORKGROUP
	Logon ID:		0x3e7

Object:
	Object Server:	Security
	Object Type:	File
	Object Name:	C:\Windows\System32\authserv.mib
	Handle ID:	0x46c

Process Information:
	Process ID:	0x130
	Process Name:	C:\Windows\servicing\TrustedInstaller.exe

Auditing Settings:
	Original Security Descriptor:	
	New Security Descriptor:		S:ARAI(AU;SAFA;DCLCRPCRSDWDWO;;;WD)"
Audit Success	5/2/2021 3:06:25 AM	Microsoft-Windows-Security-Auditing	4907	Audit Policy Change	"Auditing settings on object were changed.

Subject:
	Security ID:		SYSTEM
	Account Name:		VAGRANT-2008R2$
	Account Domain:		WORKGROUP
	Logon ID:		0x3e7

Object:
	Object Server:	Security
	Object Type:	File
	Object Name:	C:\Windows\System32\snmpsnap.dll
	Handle ID:	0xbb4

Process Information:
	Process ID:	0x130
	Process Name:	C:\Windows\servicing\TrustedInstaller.exe

Auditing Settings:
	Original Security Descriptor:	
	New Security Descriptor:		S:ARAI(AU;SAFA;DCLCRPCRSDWDWO;;;WD)"
Audit Success	5/2/2021 3:06:25 AM	Microsoft-Windows-Security-Auditing	4907	Audit Policy Change	"Auditing settings on object were changed.

Subject:
	Security ID:		SYSTEM
	Account Name:		VAGRANT-2008R2$
	Account Domain:		WORKGROUP
	Logon ID:		0x3e7

Object:
	Object Server:	Security
	Object Type:	File
	Object Name:	C:\Windows\System32\http.mib
	Handle ID:	0x7ac

Process Information:
	Process ID:	0x130
	Process Name:	C:\Windows\servicing\TrustedInstaller.exe

Auditing Settings:
	Original Security Descriptor:	
	New Security Descriptor:		S:ARAI(AU;SAFA;DCLCRPCRSDWDWO;;;WD)"
Audit Success	5/2/2021 3:06:25 AM	Microsoft-Windows-Security-Auditing	4907	Audit Policy Change	"Auditing settings on object were changed.

Subject:
	Security ID:		SYSTEM
	Account Name:		VAGRANT-2008R2$
	Account Domain:		WORKGROUP
	Logon ID:		0x3e7

Object:
	Object Server:	Security
	Object Type:	File
	Object Name:	C:\Windows\System32\lmmib2.mib
	Handle ID:	0x550

Process Information:
	Process ID:	0x130
	Process Name:	C:\Windows\servicing\TrustedInstaller.exe

Auditing Settings:
	Original Security Descriptor:	
	New Security Descriptor:		S:ARAI(AU;SAFA;DCLCRPCRSDWDWO;;;WD)"
Audit Success	5/2/2021 3:06:25 AM	Microsoft-Windows-Security-Auditing	4907	Audit Policy Change	"Auditing settings on object were changed.

Subject:
	Security ID:		SYSTEM
	Account Name:		VAGRANT-2008R2$
	Account Domain:		WORKGROUP
	Logon ID:		0x3e7

Object:
	Object Server:	Security
	Object Type:	File
	Object Name:	C:\Windows\System32\mib_ii.mib
	Handle ID:	0x46c

Process Information:
	Process ID:	0x130
	Process Name:	C:\Windows\servicing\TrustedInstaller.exe

Auditing Settings:
	Original Security Descriptor:	
	New Security Descriptor:		S:ARAI(AU;SAFA;DCLCRPCRSDWDWO;;;WD)"
Audit Success	5/2/2021 3:06:25 AM	Microsoft-Windows-Security-Auditing	4907	Audit Policy Change	"Auditing settings on object were changed.

Subject:
	Security ID:		SYSTEM
	Account Name:		VAGRANT-2008R2$
	Account Domain:		WORKGROUP
	Logon ID:		0x3e7

Object:
	Object Server:	Security
	Object Type:	File
	Object Name:	C:\Windows\System32\snmpmib.dll
	Handle ID:	0xbb4

Process Information:
	Process ID:	0x130
	Process Name:	C:\Windows\servicing\TrustedInstaller.exe

Auditing Settings:
	Original Security Descriptor:	
	New Security Descriptor:		S:ARAI(AU;SAFA;DCLCRPCRSDWDWO;;;WD)"
Audit Success	5/2/2021 3:06:25 AM	Microsoft-Windows-Security-Auditing	4907	Audit Policy Change	"Auditing settings on object were changed.

Subject:
	Security ID:		SYSTEM
	Account Name:		VAGRANT-2008R2$
	Account Domain:		WORKGROUP
	Logon ID:		0x3e7

Object:
	Object Server:	Security
	Object Type:	File
	Object Name:	C:\Windows\System32\wow64mib.dll
	Handle ID:	0x7ac

Process Information:
	Process ID:	0x130
	Process Name:	C:\Windows\servicing\TrustedInstaller.exe

Auditing Settings:
	Original Security Descriptor:	
	New Security Descriptor:		S:ARAI(AU;SAFA;DCLCRPCRSDWDWO;;;WD)"
Audit Success	5/2/2021 3:06:25 AM	Microsoft-Windows-Security-Auditing	4907	Audit Policy Change	"Auditing settings on object were changed.

Subject:
	Security ID:		SYSTEM
	Account Name:		VAGRANT-2008R2$
	Account Domain:		WORKGROUP
	Logon ID:		0x3e7

Object:
	Object Server:	Security
	Object Type:	File
	Object Name:	C:\Windows\System32\evntagnt.dll
	Handle ID:	0x550

Process Information:
	Process ID:	0x130
	Process Name:	C:\Windows\servicing\TrustedInstaller.exe

Auditing Settings:
	Original Security Descriptor:	
	New Security Descriptor:		S:ARAI(AU;SAFA;DCLCRPCRSDWDWO;;;WD)"
Audit Success	5/2/2021 3:06:22 AM	Microsoft-Windows-Security-Auditing	4634	Logoff	"An account was logged off.

Subject:
	Security ID:		METASPLOITABLE3\Administrator
	Account Name:		Administrator
	Account Domain:		VAGRANT-2008R2
	Logon ID:		0x631ab

Logon Type:			2

This event is generated when a logon session is destroyed. It may be positively correlated with a logon event using the Logon ID value. Logon IDs are only unique between reboots on the same computer."
Audit Success	5/2/2021 3:06:22 AM	Microsoft-Windows-Security-Auditing	4672	Special Logon	"Special privileges assigned to new logon.

Subject:
	Security ID:		METASPLOITABLE3\Administrator
	Account Name:		Administrator
	Account Domain:		VAGRANT-2008R2
	Logon ID:		0x631ab

Privileges:		SeSecurityPrivilege
			SeTakeOwnershipPrivilege
			SeLoadDriverPrivilege
			SeBackupPrivilege
			SeRestorePrivilege
			SeDebugPrivilege
			SeSystemEnvironmentPrivilege
			SeImpersonatePrivilege"
Audit Success	5/2/2021 3:06:22 AM	Microsoft-Windows-Security-Auditing	4624	Logon	"An account was successfully logged on.

Subject:
	Security ID:		SYSTEM
	Account Name:		VAGRANT-2008R2$
	Account Domain:		WORKGROUP
	Logon ID:		0x3e7

Logon Type:			2

New Logon:
	Security ID:		METASPLOITABLE3\Administrator
	Account Name:		Administrator
	Account Domain:		VAGRANT-2008R2
	Logon ID:		0x631ab
	Logon GUID:		{00000000-0000-0000-0000-000000000000}

Process Information:
	Process ID:		0x1cc
	Process Name:		C:\Windows\System32\lsass.exe

Network Information:
	Workstation Name:	VAGRANT-2008R2
	Source Network Address:	-
	Source Port:		-

Detailed Authentication Information:
	Logon Process:		Advapi  
	Authentication Package:	Negotiate
	Transited Services:	-
	Package Name (NTLM only):	-
	Key Length:		0

This event is generated when a logon session is created. It is generated on the computer that was accessed.

The subject fields indicate the account on the local system which requested the logon. This is most commonly a service such as the Server service, or a local process such as Winlogon.exe or Services.exe.

The logon type field indicates the kind of logon that occurred. The most common types are 2 (interactive) and 3 (network).

The New Logon fields indicate the account for whom the new logon was created, i.e. the account that was logged on.

The network fields indicate where a remote logon request originated. Workstation name is not always available and may be left blank in some cases.

The authentication information fields provide detailed information about this specific logon request.
	- Logon GUID is a unique identifier that can be used to correlate this event with a KDC event.
	- Transited services indicate which intermediate services have participated in this logon request.
	- Package name indicates which sub-protocol was used among the NTLM protocols.
	- Key length indicates the length of the generated session key. This will be 0 if no session key was requested."
Audit Success	5/2/2021 3:06:22 AM	Microsoft-Windows-Security-Auditing	4648	Logon	"A logon was attempted using explicit credentials.

Subject:
	Security ID:		SYSTEM
	Account Name:		VAGRANT-2008R2$
	Account Domain:		WORKGROUP
	Logon ID:		0x3e7
	Logon GUID:		{00000000-0000-0000-0000-000000000000}

Account Whose Credentials Were Used:
	Account Name:		Administrator
	Account Domain:		VAGRANT-2008R2
	Logon GUID:		{00000000-0000-0000-0000-000000000000}

Target Server:
	Target Server Name:	localhost
	Additional Information:	localhost

Process Information:
	Process ID:		0x1cc
	Process Name:		C:\Windows\System32\lsass.exe

Network Information:
	Network Address:	-
	Port:			-

This event is generated when a process attempts to log on an account by explicitly specifying that account’s credentials.  This most commonly occurs in batch-type configurations such as scheduled tasks, or when using the RUNAS command."
Audit Success	5/2/2021 3:06:22 AM	Microsoft-Windows-Security-Auditing	4776	Credential Validation	"The computer attempted to validate the credentials for an account.

Authentication Package:	MICROSOFT_AUTHENTICATION_PACKAGE_V1_0
Logon Account:	Administrator
Source Workstation:	VAGRANT-2008R2
Error Code:	0x0"
Audit Success	5/2/2021 3:06:22 AM	Microsoft-Windows-Security-Auditing	4634	Logoff	"An account was logged off.

Subject:
	Security ID:		METASPLOITABLE3\Administrator
	Account Name:		Administrator
	Account Domain:		VAGRANT-2008R2
	Logon ID:		0x6312a

Logon Type:			4

This event is generated when a logon session is destroyed. It may be positively correlated with a logon event using the Logon ID value. Logon IDs are only unique between reboots on the same computer."
Audit Success	5/2/2021 3:06:22 AM	Microsoft-Windows-Security-Auditing	4672	Special Logon	"Special privileges assigned to new logon.

Subject:
	Security ID:		METASPLOITABLE3\Administrator
	Account Name:		Administrator
	Account Domain:		VAGRANT-2008R2
	Logon ID:		0x6312a

Privileges:		SeSecurityPrivilege
			SeTakeOwnershipPrivilege
			SeLoadDriverPrivilege
			SeBackupPrivilege
			SeRestorePrivilege
			SeDebugPrivilege
			SeSystemEnvironmentPrivilege
			SeImpersonatePrivilege"
Audit Success	5/2/2021 3:06:22 AM	Microsoft-Windows-Security-Auditing	4624	Logon	"An account was successfully logged on.

Subject:
	Security ID:		SYSTEM
	Account Name:		VAGRANT-2008R2$
	Account Domain:		WORKGROUP
	Logon ID:		0x3e7

Logon Type:			4

New Logon:
	Security ID:		METASPLOITABLE3\Administrator
	Account Name:		Administrator
	Account Domain:		VAGRANT-2008R2
	Logon ID:		0x6312a
	Logon GUID:		{00000000-0000-0000-0000-000000000000}

Process Information:
	Process ID:		0x310
	Process Name:		C:\Windows\System32\svchost.exe

Network Information:
	Workstation Name:	VAGRANT-2008R2
	Source Network Address:	-
	Source Port:		-

Detailed Authentication Information:
	Logon Process:		Advapi  
	Authentication Package:	Negotiate
	Transited Services:	-
	Package Name (NTLM only):	-
	Key Length:		0

This event is generated when a logon session is created. It is generated on the computer that was accessed.

The subject fields indicate the account on the local system which requested the logon. This is most commonly a service such as the Server service, or a local process such as Winlogon.exe or Services.exe.

The logon type field indicates the kind of logon that occurred. The most common types are 2 (interactive) and 3 (network).

The New Logon fields indicate the account for whom the new logon was created, i.e. the account that was logged on.

The network fields indicate where a remote logon request originated. Workstation name is not always available and may be left blank in some cases.

The authentication information fields provide detailed information about this specific logon request.
	- Logon GUID is a unique identifier that can be used to correlate this event with a KDC event.
	- Transited services indicate which intermediate services have participated in this logon request.
	- Package name indicates which sub-protocol was used among the NTLM protocols.
	- Key length indicates the length of the generated session key. This will be 0 if no session key was requested."
Audit Success	5/2/2021 3:06:22 AM	Microsoft-Windows-Security-Auditing	4648	Logon	"A logon was attempted using explicit credentials.

Subject:
	Security ID:		SYSTEM
	Account Name:		VAGRANT-2008R2$
	Account Domain:		WORKGROUP
	Logon ID:		0x3e7
	Logon GUID:		{00000000-0000-0000-0000-000000000000}

Account Whose Credentials Were Used:
	Account Name:		Administrator
	Account Domain:		VAGRANT-2008R2
	Logon GUID:		{00000000-0000-0000-0000-000000000000}

Target Server:
	Target Server Name:	localhost
	Additional Information:	localhost

Process Information:
	Process ID:		0x310
	Process Name:		C:\Windows\System32\svchost.exe

Network Information:
	Network Address:	-
	Port:			-

This event is generated when a process attempts to log on an account by explicitly specifying that account’s credentials.  This most commonly occurs in batch-type configurations such as scheduled tasks, or when using the RUNAS command."
Audit Success	5/2/2021 3:06:22 AM	Microsoft-Windows-Security-Auditing	4776	Credential Validation	"The computer attempted to validate the credentials for an account.

Authentication Package:	MICROSOFT_AUTHENTICATION_PACKAGE_V1_0
Logon Account:	Administrator
Source Workstation:	VAGRANT-2008R2
Error Code:	0x0"
Audit Success	5/2/2021 3:06:20 AM	Microsoft-Windows-Security-Auditing	4672	Special Logon	"Special privileges assigned to new logon.

Subject:
	Security ID:		SYSTEM
	Account Name:		SYSTEM
	Account Domain:		NT AUTHORITY
	Logon ID:		0x3e7

Privileges:		SeAssignPrimaryTokenPrivilege
			SeTcbPrivilege
			SeSecurityPrivilege
			SeTakeOwnershipPrivilege
			SeLoadDriverPrivilege
			SeBackupPrivilege
			SeRestorePrivilege
			SeDebugPrivilege
			SeAuditPrivilege
			SeSystemEnvironmentPrivilege
			SeImpersonatePrivilege"
Audit Success	5/2/2021 3:06:20 AM	Microsoft-Windows-Security-Auditing	4624	Logon	"An account was successfully logged on.

Subject:
	Security ID:		SYSTEM
	Account Name:		VAGRANT-2008R2$
	Account Domain:		WORKGROUP
	Logon ID:		0x3e7

Logon Type:			5

New Logon:
	Security ID:		SYSTEM
	Account Name:		SYSTEM
	Account Domain:		NT AUTHORITY
	Logon ID:		0x3e7
	Logon GUID:		{00000000-0000-0000-0000-000000000000}

Process Information:
	Process ID:		0x1c4
	Process Name:		C:\Windows\System32\services.exe

Network Information:
	Workstation Name:	
	Source Network Address:	-
	Source Port:		-

Detailed Authentication Information:
	Logon Process:		Advapi  
	Authentication Package:	Negotiate
	Transited Services:	-
	Package Name (NTLM only):	-
	Key Length:		0

This event is generated when a logon session is created. It is generated on the computer that was accessed.

The subject fields indicate the account on the local system which requested the logon. This is most commonly a service such as the Server service, or a local process such as Winlogon.exe or Services.exe.

The logon type field indicates the kind of logon that occurred. The most common types are 2 (interactive) and 3 (network).

The New Logon fields indicate the account for whom the new logon was created, i.e. the account that was logged on.

The network fields indicate where a remote logon request originated. Workstation name is not always available and may be left blank in some cases.

The authentication information fields provide detailed information about this specific logon request.
	- Logon GUID is a unique identifier that can be used to correlate this event with a KDC event.
	- Transited services indicate which intermediate services have participated in this logon request.
	- Package name indicates which sub-protocol was used among the NTLM protocols.
	- Key length indicates the length of the generated session key. This will be 0 if no session key was requested."
Audit Success	5/2/2021 3:06:20 AM	Microsoft-Windows-Security-Auditing	4672	Special Logon	"Special privileges assigned to new logon.

Subject:
	Security ID:		SYSTEM
	Account Name:		SYSTEM
	Account Domain:		NT AUTHORITY
	Logon ID:		0x3e7

Privileges:		SeAssignPrimaryTokenPrivilege
			SeTcbPrivilege
			SeSecurityPrivilege
			SeTakeOwnershipPrivilege
			SeLoadDriverPrivilege
			SeBackupPrivilege
			SeRestorePrivilege
			SeDebugPrivilege
			SeAuditPrivilege
			SeSystemEnvironmentPrivilege
			SeImpersonatePrivilege"
Audit Success	5/2/2021 3:06:20 AM	Microsoft-Windows-Security-Auditing	4624	Logon	"An account was successfully logged on.

Subject:
	Security ID:		SYSTEM
	Account Name:		VAGRANT-2008R2$
	Account Domain:		WORKGROUP
	Logon ID:		0x3e7

Logon Type:			5

New Logon:
	Security ID:		SYSTEM
	Account Name:		SYSTEM
	Account Domain:		NT AUTHORITY
	Logon ID:		0x3e7
	Logon GUID:		{00000000-0000-0000-0000-000000000000}

Process Information:
	Process ID:		0x1c4
	Process Name:		C:\Windows\System32\services.exe

Network Information:
	Workstation Name:	
	Source Network Address:	-
	Source Port:		-

Detailed Authentication Information:
	Logon Process:		Advapi  
	Authentication Package:	Negotiate
	Transited Services:	-
	Package Name (NTLM only):	-
	Key Length:		0

This event is generated when a logon session is created. It is generated on the computer that was accessed.

The subject fields indicate the account on the local system which requested the logon. This is most commonly a service such as the Server service, or a local process such as Winlogon.exe or Services.exe.

The logon type field indicates the kind of logon that occurred. The most common types are 2 (interactive) and 3 (network).

The New Logon fields indicate the account for whom the new logon was created, i.e. the account that was logged on.

The network fields indicate where a remote logon request originated. Workstation name is not always available and may be left blank in some cases.

The authentication information fields provide detailed information about this specific logon request.
	- Logon GUID is a unique identifier that can be used to correlate this event with a KDC event.
	- Transited services indicate which intermediate services have participated in this logon request.
	- Package name indicates which sub-protocol was used among the NTLM protocols.
	- Key length indicates the length of the generated session key. This will be 0 if no session key was requested."
Audit Success	5/2/2021 3:06:19 AM	Microsoft-Windows-Security-Auditing	4634	Logoff	"An account was logged off.

Subject:
	Security ID:		IIS APPPOOL\Classic .NET AppPool
	Account Name:		Classic .NET AppPool
	Account Domain:		IIS APPPOOL
	Logon ID:		0x5bc51

Logon Type:			5

This event is generated when a logon session is destroyed. It may be positively correlated with a logon event using the Logon ID value. Logon IDs are only unique between reboots on the same computer."
Audit Success	5/2/2021 3:06:19 AM	Microsoft-Windows-Security-Auditing	4672	Special Logon	"Special privileges assigned to new logon.

Subject:
	Security ID:		IIS APPPOOL\Classic .NET AppPool
	Account Name:		Classic .NET AppPool
	Account Domain:		IIS APPPOOL
	Logon ID:		0x5bc51

Privileges:		SeAssignPrimaryTokenPrivilege
			SeAuditPrivilege
			SeImpersonatePrivilege"
Audit Success	5/2/2021 3:06:19 AM	Microsoft-Windows-Security-Auditing	4624	Logon	"An account was successfully logged on.

Subject:
	Security ID:		SYSTEM
	Account Name:		VAGRANT-2008R2$
	Account Domain:		WORKGROUP
	Logon ID:		0x3e7

Logon Type:			5

New Logon:
	Security ID:		IIS APPPOOL\Classic .NET AppPool
	Account Name:		Classic .NET AppPool
	Account Domain:		IIS APPPOOL
	Logon ID:		0x5bc51
	Logon GUID:		{00000000-0000-0000-0000-000000000000}

Process Information:
	Process ID:		0xbbc
	Process Name:		C:\Windows\System32\inetsrv\aspnetca.exe

Network Information:
	Workstation Name:	
	Source Network Address:	-
	Source Port:		-

Detailed Authentication Information:
	Logon Process:		Advapi  
	Authentication Package:	Negotiate
	Transited Services:	-
	Package Name (NTLM only):	-
	Key Length:		0

This event is generated when a logon session is created. It is generated on the computer that was accessed.

The subject fields indicate the account on the local system which requested the logon. This is most commonly a service such as the Server service, or a local process such as Winlogon.exe or Services.exe.

The logon type field indicates the kind of logon that occurred. The most common types are 2 (interactive) and 3 (network).

The New Logon fields indicate the account for whom the new logon was created, i.e. the account that was logged on.

The network fields indicate where a remote logon request originated. Workstation name is not always available and may be left blank in some cases.

The authentication information fields provide detailed information about this specific logon request.
	- Logon GUID is a unique identifier that can be used to correlate this event with a KDC event.
	- Transited services indicate which intermediate services have participated in this logon request.
	- Package name indicates which sub-protocol was used among the NTLM protocols.
	- Key length indicates the length of the generated session key. This will be 0 if no session key was requested."
Audit Success	5/2/2021 3:06:19 AM	Microsoft-Windows-Security-Auditing	4648	Logon	"A logon was attempted using explicit credentials.

Subject:
	Security ID:		SYSTEM
	Account Name:		VAGRANT-2008R2$
	Account Domain:		WORKGROUP
	Logon ID:		0x3e7
	Logon GUID:		{00000000-0000-0000-0000-000000000000}

Account Whose Credentials Were Used:
	Account Name:		Classic .NET AppPool
	Account Domain:		IIS APPPOOL
	Logon GUID:		{00000000-0000-0000-0000-000000000000}

Target Server:
	Target Server Name:	localhost
	Additional Information:	localhost

Process Information:
	Process ID:		0xbbc
	Process Name:		C:\Windows\System32\inetsrv\aspnetca.exe

Network Information:
	Network Address:	-
	Port:			-

This event is generated when a process attempts to log on an account by explicitly specifying that account’s credentials.  This most commonly occurs in batch-type configurations such as scheduled tasks, or when using the RUNAS command."
Audit Success	5/2/2021 3:06:19 AM	Microsoft-Windows-Security-Auditing	4717	Authentication Policy Change	"System security access was granted to an account.

Subject:
	Security ID:		SYSTEM
	Account Name:		VAGRANT-2008R2$
	Account Domain:		WORKGROUP
	Logon ID:		0x3e7

Account Modified:
	Account Name:		IIS APPPOOL\Classic .NET AppPool

Access Granted:
	Access Right:		SeServiceLogonRight"
Audit Success	5/2/2021 3:06:12 AM	Microsoft-Windows-Security-Auditing	5888	System Integrity	"An object in the COM+ Catalog was modified.

Subject:
	Security ID:		SYSTEM
	Account Name:		SYSTEM
	Account Domain:		NT AUTHORITY
	Logon ID:		0x3E7

Object:
	COM+ Catalog Collection:	Components
	Object Name:			
		CLSID = {315FA593-3CF5-4310-887B-3977A578488A}
		Bitness = 2
		ApplicationID = {5268CA1B-44FF-4FE6-9D5F-9CF63F69C4E3}
	Object Properties Modified:	
		Transaction = '1' -> '0'
		Synchronization = '3' -> '0'
		JustInTimeActivation = '1' -> '0'
		EventTrackingEnabled = '1' -> '0'
		MustRunInDefaultContext = '0' -> '1'"
Audit Success	5/2/2021 3:06:12 AM	Microsoft-Windows-Security-Auditing	5888	System Integrity	"An object in the COM+ Catalog was modified.

Subject:
	Security ID:		SYSTEM
	Account Name:		SYSTEM
	Account Domain:		NT AUTHORITY
	Logon ID:		0x3E7

Object:
	COM+ Catalog Collection:	Components
	Object Name:			
		CLSID = {315FA593-3CF5-4310-887B-3977A578488A}
		Bitness = 2
		ApplicationID = {5268CA1B-44FF-4FE6-9D5F-9CF63F69C4E3}
	Object Properties Modified:	
		ApplicationID = '<null>' -> '{5268CA1B-44FF-4FE6-9D5F-9CF63F69C4E3}'
		Transaction = '0' -> '1'
		Synchronization = '0' -> '3'
		JustInTimeActivation = '0' -> '1'
		EventTrackingEnabled = '0' -> '1'
		SavedProgId = '<null>' -> 'IISFtpHost.IISFtpHost.1'
		AllowInprocSubscribers = '0' -> '1'
		IsEnabled = '0' -> '1'
		TxIsolationLevel = '0' -> '4'"
Audit Success	5/2/2021 3:06:12 AM	Microsoft-Windows-Security-Auditing	5890	System Integrity	"An object was added to the COM+ Catalog.

Subject:
	Security ID:		SYSTEM
	Account Name:		SYSTEM
	Account Domain:		NT AUTHORITY
	Logon ID:		0x3E7

Object:
	COM+ Catalog Collection:	Applications
	Object Name:			
		ID = {5268CA1B-44FF-4FE6-9D5F-9CF63F69C4E3}
		AppPartitionID = {41E90F3E-56C1-4633-81C3-6E8BAC8BDD70}
	Object Details:			
		Name = Microsoft FTP Publishing Service Extensibility Host
		ApplicationProxyServerName = 
		ProcessType = 2
		CommandLine = 
		ServiceName = 
		RunAsUserType = 1
		Identity = NT AUTHORITY\NetworkService
		Description = 
		IsSystem = N
		Authentication = 4
		ShutdownAfter = 3
		RunForever = Y
		Password = ********
		Activation = Local
		Changeable = Y
		Deleteable = N
		CreatedBy = Microsoft Internet Information Services
		AccessChecksLevel = 0
		ApplicationAccessChecksEnabled = 0
		cCOL_SecurityDescriptor = <Opaque>
		ImpersonationLevel = 3
		AuthenticationCapability = 64
		CRMEnabled = 0
		3GigSupportEnabled = 0
		QueuingEnabled = 0
		QueueListenerEnabled = N
		EventsEnabled = 1
		ProcessFlags = 0
		ThreadMax = 0
		ApplicationProxy = 0
		CRMLogFile = 
		DumpEnabled = 0
		DumpOnException = 0
		DumpOnFailfast = 0
		MaxDumpCount = 5
		DumpPath = %systemroot%\system32\com\dmp
		IsEnabled = 1
		ConcurrentApps = 1
		RecycleLifetimeLimit = 0
		RecycleCallLimit = 0
		RecycleActivationLimit = 0
		RecycleMemoryLimit = 0
		RecycleExpirationTimeout = 15
		QCListenerMaxThreads = 0
		QCAuthenticateMsgs = 0
		ApplicationDirectory = 
		SRPTrustLevel = 262144
		SRPEnabled = 0
		SoapActivated = 0
		SoapVRoot = 
		SoapMailTo = 
		SoapBaseUrl = 
		Replicable = 1"
Audit Success	5/2/2021 3:06:11 AM	Microsoft-Windows-Security-Auditing	4672	Special Logon	"Special privileges assigned to new logon.

Subject:
	Security ID:		SYSTEM
	Account Name:		SYSTEM
	Account Domain:		NT AUTHORITY
	Logon ID:		0x3e7

Privileges:		SeAssignPrimaryTokenPrivilege
			SeTcbPrivilege
			SeSecurityPrivilege
			SeTakeOwnershipPrivilege
			SeLoadDriverPrivilege
			SeBackupPrivilege
			SeRestorePrivilege
			SeDebugPrivilege
			SeAuditPrivilege
			SeSystemEnvironmentPrivilege
			SeImpersonatePrivilege"
