Information	8/12/2021 7:52:27 AM	Service Control Manager	7036	None	The Remote Desktop Services service entered the running state.
Information	8/12/2021 7:52:27 AM	Service Control Manager	7036	None	The Application Experience service entered the running state.
Information	8/12/2021 7:52:27 AM	Service Control Manager	7036	None	The Software Protection service entered the running state.
Information	8/12/2021 7:52:27 AM	Service Control Manager	7036	None	The Network List Service service entered the running state.
Information	8/12/2021 7:52:26 AM	Service Control Manager	7036	None	The WinHTTP Web Proxy Auto-Discovery Service service entered the running state.
Error	8/12/2021 7:52:26 AM	Service Control Manager	7026	None	"The following boot-start or system-start driver(s) failed to load: 
vmhgfs"
Information	8/12/2021 7:52:26 AM	Microsoft-Windows-Iphlpsvc	4200	None	Isatap interface isatap.{C4693D89-C34D-4CB3-98BB-1A53D6BAFCB8} with address fe80::5efe:192.168.52.5 has been brought up.
Information	8/12/2021 7:52:26 AM	Service Control Manager	7036	None	The wampmysqld service entered the running state.
Information	8/12/2021 7:52:26 AM	SNMP	1001	None	The SNMP Service has started successfully.
Information	8/12/2021 7:52:23 AM	Service Control Manager	7036	None	The Server service entered the running state.
Information	8/12/2021 7:52:23 AM	Service Control Manager	7036	None	The Windows Remote Management (WS-Management) service entered the running state.
Information	8/12/2021 7:52:23 AM	Service Control Manager	7036	None	The World Wide Web Publishing Service service entered the running state.
Information	8/12/2021 7:52:23 AM	Service Control Manager	7036	None	The wampapache service entered the running state.
Information	8/12/2021 7:52:23 AM	Service Control Manager	7036	None	The Windows Process Activation Service service entered the running state.
Information	8/12/2021 7:52:23 AM	Service Control Manager	7036	None	The IP Helper service entered the running state.
Information	8/12/2021 7:52:23 AM	Service Control Manager	7036	None	The ManageEngine Desktop Central Server service entered the running state.
Information	8/12/2021 7:52:23 AM	Service Control Manager	7036	None	The Windows Licensing Monitoring Service service entered the running state.
Information	8/12/2021 7:52:23 AM	Service Control Manager	7036	None	The Windows Management Instrumentation service entered the running state.
Information	8/12/2021 7:52:22 AM	Service Control Manager	7036	None	The OpenSSH Server service entered the running state.
Information	8/12/2021 7:52:23 AM	Microsoft-Windows-WinRM	10121	None	"The WinRM service has been configured to accept basic authentication for unsecure HTTP connections. 

 This is not a secure configuration. 

 User Action 
 Set AllowUnencrypted to False in WinRM configuration to ensure packets are encrypted on the wire."
Information	8/12/2021 7:52:23 AM	Microsoft-Windows-WinRM	10148	None	"The WinRM service is listening for WS-Management requests. 

 User Action 
 Use the following command to see the specific IPs on which WinRM is listening: 

 winrm enumerate winrm/config/listener"
Information	8/12/2021 7:52:21 AM	Service Control Manager	7036	None	The Distributed Link Tracking Client service entered the running state.
Information	8/12/2021 7:52:21 AM	Service Control Manager	7036	None	The SNMP Service service entered the running state.
Information	8/12/2021 7:52:21 AM	Service Control Manager	7036	None	The Remote Registry service entered the running state.
Information	8/12/2021 7:52:21 AM	Service Control Manager	7036	None	The MEDC Server Component - Apache service entered the running state.
Error	8/12/2021 7:52:21 AM	SNMP	1500	None	The SNMP Service encountered an error while accessing the registry key SYSTEM\CurrentControlSet\Services\SNMP\Parameters\TrapConfiguration.
Information	8/12/2021 7:52:18 AM	Service Control Manager	7036	None	The Network Location Awareness service entered the running state.
Information	8/12/2021 7:52:16 AM	Service Control Manager	7036	None	The Elasticsearch 1.1.1 (elasticsearch-service-x64) service entered the running state.
Information	8/12/2021 7:52:16 AM	Service Control Manager	7036	None	The jmx service entered the running state.
Information	8/12/2021 7:52:16 AM	Service Control Manager	7036	None	The MEDC Server Component - Notification Server service entered the running state.
Information	8/12/2021 7:52:15 AM	Service Control Manager	7036	None	The jenkins service entered the running state.
Information	8/12/2021 7:52:15 AM	Service Control Manager	7036	None	The domain1 GlassFish Server service entered the running state.
Information	8/12/2021 7:52:15 AM	Service Control Manager	7036	None	The Microsoft FTP Service service entered the running state.
Information	8/12/2021 7:52:15 AM	Service Control Manager	7036	None	The IKE and AuthIP IPsec Keying Modules service entered the running state.
Information	8/12/2021 7:52:14 AM	Service Control Manager	7036	None	The Application Host Helper Service service entered the running state.
Information	8/12/2021 7:52:14 AM	Service Control Manager	7036	None	The Cryptographic Services service entered the running state.
Information	8/12/2021 7:52:14 AM	Service Control Manager	7036	None	The Print Spooler service entered the running state.
Information	8/12/2021 7:52:14 AM	Service Control Manager	7036	None	The Security Accounts Manager service entered the running state.
Information	8/12/2021 7:52:14 AM	Service Control Manager	7036	None	The Workstation service entered the running state.
Information	8/12/2021 7:52:14 AM	Service Control Manager	7036	None	The Windows Firewall service entered the running state.
Information	8/12/2021 7:52:14 AM	Service Control Manager	7036	None	The Base Filtering Engine service entered the running state.
Information	8/12/2021 7:52:14 AM	Service Control Manager	7036	None	The Task Scheduler service entered the running state.
Information	8/12/2021 7:52:14 AM	Service Control Manager	7036	None	The Shell Hardware Detection service entered the running state.
Information	8/12/2021 7:52:14 AM	Service Control Manager	7036	None	The DNS Client service entered the running state.
Information	8/12/2021 7:52:14 AM	Service Control Manager	7036	None	The DHCP Client service entered the running state.
Information	8/12/2021 7:52:14 AM	Microsoft-Windows-DHCPv6-Client	51046	Service State Event	DHCPv6 client service is started
Information	8/12/2021 7:52:14 AM	Microsoft-Windows-Dhcp-Client	50036	Service State Event	DHCPv4 client service is started
Information	8/12/2021 7:52:14 AM	Service Control Manager	7036	None	The TCP/IP NetBIOS Helper service entered the running state.
Information	8/12/2021 7:52:14 AM	Service Control Manager	7036	None	The Network Store Interface Service service entered the running state.
Information	8/12/2021 7:52:14 AM	Service Control Manager	7036	None	The Desktop Window Manager Session Manager service entered the running state.
Information	8/12/2021 7:52:14 AM	Service Control Manager	7036	None	The System Event Notification Service service entered the running state.
Information	8/12/2021 7:52:14 AM	Service Control Manager	7036	None	The COM+ Event System service entered the running state.
Information	8/12/2021 7:52:14 AM	Service Control Manager	7036	None	The User Profile Service service entered the running state.
Information	8/12/2021 7:52:14 AM	Service Control Manager	7036	None	The Group Policy Client service entered the running state.
Information	8/12/2021 7:52:14 AM	Service Control Manager	7036	None	The Windows Event Log service entered the running state.
Information	8/12/2021 7:52:14 AM	Service Control Manager	7036	None	The Remote Procedure Call (RPC) service entered the running state.
Information	8/12/2021 7:52:14 AM	Service Control Manager	7036	None	The RPC Endpoint Mapper service entered the running state.
Information	8/12/2021 7:52:14 AM	Service Control Manager	7036	None	The DCOM Server Process Launcher service entered the running state.
Information	8/12/2021 7:52:14 AM	Microsoft-Windows-FilterManager	6	None	File System Filter 'luafv' (6.1, ‎2009‎-‎07‎-‎13T16:26:13.000000000Z) has successfully loaded and registered with Filter Manager.
Information	8/12/2021 7:52:14 AM	Service Control Manager	7036	None	The Power service entered the running state.
Information	8/12/2021 7:52:14 AM	Microsoft-Windows-UserPnp	20010	(7010)	"One or more of the Plug and Play service's subsystems has changed state. 

PlugPlay install subsystem enabled: 'true' 
PlugPlay caching subsystem enabled: 'true' 
"
Information	8/12/2021 7:52:14 AM	Service Control Manager	7036	None	The Plug and Play service entered the running state.
Information	8/12/2021 7:52:13 AM	Microsoft-Windows-Kernel-Processor-Power	26	(4)	"Processor 1 in group 0 exposes the following:

1 idle state(s)
0 performance state(s)
8 throttle state(s)"
Information	8/12/2021 7:52:13 AM	Microsoft-Windows-Kernel-Processor-Power	26	(4)	"Processor 0 in group 0 exposes the following:

1 idle state(s)
0 performance state(s)
8 throttle state(s)"
Information	8/12/2021 7:52:08 AM	Microsoft-Windows-Kernel-General	12	None	The operating system started at system time ‎2021‎-‎08‎-‎12T14:52:08.484375000Z.
Information	8/12/2021 6:38:57 AM	Microsoft-Windows-Kernel-General	13	None	The operating system is shutting down at system time ‎2021‎-‎08‎-‎12T13:38:57.080078100Z.
Information	8/12/2021 6:38:56 AM	Microsoft-Windows-Kernel-Power	109	(103)	The kernel power manager has initiated a shutdown transition.
Information	8/12/2021 6:38:56 AM	Service Control Manager	7036	None	The MEDC Server Component - Apache service entered the stopped state.
Information	8/12/2021 6:38:56 AM	Service Control Manager	7036	None	The domain1 GlassFish Server service entered the stopped state.
Information	8/12/2021 6:38:56 AM	Service Control Manager	7036	None	The Windows Process Activation Service service entered the stopped state.
Information	8/12/2021 6:38:55 AM	Service Control Manager	7036	None	The wampmysqld service entered the stopped state.
Information	8/12/2021 6:38:55 AM	Service Control Manager	7036	None	The Windows Remote Management (WS-Management) service entered the stopped state.
Information	8/12/2021 6:38:55 AM	Service Control Manager	7036	None	The Microsoft FTP Service service entered the stopped state.
Information	8/12/2021 6:38:55 AM	Service Control Manager	7036	None	The Remote Desktop Services service entered the stopped state.
Information	8/12/2021 6:38:55 AM	Service Control Manager	7036	None	The jmx service entered the stopped state.
Information	8/12/2021 6:38:55 AM	Service Control Manager	7036	None	The Windows Management Instrumentation service entered the stopped state.
Information	8/12/2021 6:38:55 AM	Service Control Manager	7036	None	The jenkins service entered the stopped state.
Information	8/12/2021 6:38:55 AM	Service Control Manager	7036	None	The Windows Licensing Monitoring Service service entered the stopped state.
Information	8/12/2021 6:38:55 AM	Service Control Manager	7036	None	The Distributed Link Tracking Client service entered the stopped state.
Information	8/12/2021 6:38:55 AM	Service Control Manager	7036	None	The Software Protection service entered the stopped state.
Information	8/12/2021 6:38:55 AM	Service Control Manager	7036	None	The World Wide Web Publishing Service service entered the stopped state.
Information	8/12/2021 6:38:55 AM	Service Control Manager	7036	None	The User Profile Service service entered the stopped state.
Information	8/12/2021 6:38:55 AM	Service Control Manager	7036	None	The Desktop Window Manager Session Manager service entered the stopped state.
Information	8/12/2021 6:38:55 AM	Service Control Manager	7036	None	The IPsec Policy Agent service entered the stopped state.
Information	8/12/2021 6:38:54 AM	Service Control Manager	7036	None	The Remote Desktop Services UserMode Port Redirector service entered the stopped state.
Information	8/12/2021 6:38:54 AM	Service Control Manager	7036	None	The SPP Notification Service service entered the stopped state.
Information	8/12/2021 6:38:54 AM	Service Control Manager	7036	None	The Power service entered the stopped state.
Information	8/12/2021 6:38:54 AM	Service Control Manager	7036	None	The Distributed Transaction Coordinator service entered the stopped state.
Information	8/12/2021 6:38:54 AM	Service Control Manager	7036	None	The Plug and Play service entered the stopped state.
Information	8/12/2021 6:38:54 AM	Microsoft-Windows-UserPnp	20010	(7010)	"One or more of the Plug and Play service's subsystems has changed state. 

PlugPlay install subsystem enabled: 'false' 
PlugPlay caching subsystem enabled: 'false' 
"
Information	8/12/2021 7:52:14 AM	EventLog	6013	None	The system uptime is 5 seconds.
Information	8/12/2021 7:52:14 AM	EventLog	6005	None	The Event log service was started.
Information	8/12/2021 7:52:14 AM	EventLog	6009	None	Microsoft (R) Windows (R) 6.01. 7601 Service Pack 1 Multiprocessor Free.
Information	8/12/2021 6:38:54 AM	Service Control Manager	7036	None	The Cryptographic Services service entered the stopped state.
Information	8/12/2021 6:38:54 AM	Service Control Manager	7036	None	The MEDC Server Component - Notification Server service entered the stopped state.
Information	8/12/2021 6:38:54 AM	Service Control Manager	7036	None	The Application Host Helper Service service entered the stopped state.
Information	8/12/2021 6:38:54 AM	Service Control Manager	7036	None	The IKE and AuthIP IPsec Keying Modules service entered the stopped state.
Information	8/12/2021 6:38:54 AM	Service Control Manager	7036	None	The Windows Event Log service entered the stopped state.
Information	8/12/2021 6:38:54 AM	Service Control Manager	7036	None	The Diagnostic Policy Service service entered the stopped state.
Information	8/12/2021 6:38:54 AM	Service Control Manager	7036	None	The Windows Font Cache Service service entered the stopped state.
Information	8/12/2021 6:38:54 AM	Service Control Manager	7036	None	The Certificate Propagation service entered the stopped state.
Information	8/12/2021 6:38:54 AM	Service Control Manager	7036	None	The DHCP Client service entered the stopped state.
Information	8/12/2021 6:38:54 AM	Microsoft-Windows-Dhcp-Client	50037	Service State Event	DHCPv4 client service is stopped. ShutDown Flag value is 1
Information	8/12/2021 6:38:54 AM	Microsoft-Windows-DHCPv6-Client	51047	Service State Event	DHCPv6 client service is stopped. ShutDown Flag value is 1
Information	8/12/2021 6:38:54 AM	EventLog	6006	None	The Event log service was stopped.
Information	8/12/2021 6:38:51 AM	Service Control Manager	7036	None	The ManageEngine Desktop Central Server service entered the stopped state.
Information	8/12/2021 6:38:49 AM	Service Control Manager	7036	None	The Windows Error Reporting Service service entered the running state.
Information	8/12/2021 6:38:49 AM	Service Control Manager	7036	None	The Elasticsearch 1.1.1 (elasticsearch-service-x64) service entered the stopped state.
Information	8/12/2021 6:38:48 AM	Service Control Manager	7036	None	The Group Policy Client service entered the stopped state.
Information	8/12/2021 6:38:48 AM	Service Control Manager	7036	None	The Windows Update service entered the stopped state.
Information	8/12/2021 6:38:48 AM	USER32	1074	None	"The process wlms.exe has initiated the power off of computer METASPLOITABLE3 on behalf of user NT AUTHORITY\SYSTEM for the following reason: Other (Unplanned)
 Reason Code: 0x0
 Shutdown Type: power off
 Comment: "
Information	8/12/2021 6:21:31 AM	Service Control Manager	7036	None	The DNS Client service entered the running state.
Information	8/12/2021 6:20:45 AM	Service Control Manager	7036	None	The Diagnostic System Host service entered the stopped state.
Information	8/12/2021 6:20:11 AM	Service Control Manager	7036	None	The DNS Client service entered the stopped state.
Information	8/12/2021 6:08:46 AM	Service Control Manager	7036	None	The SPP Notification Service service entered the running state.
Information	8/12/2021 6:00:11 AM	Service Control Manager	7036	None	The DNS Client service entered the running state.
Information	8/12/2021 5:58:35 AM	Service Control Manager	7036	None	The DNS Client service entered the stopped state.
Information	8/12/2021 5:55:15 AM	Service Control Manager	7036	None	The WinHTTP Web Proxy Auto-Discovery Service service entered the stopped state.
Information	8/12/2021 5:48:46 AM	Service Control Manager	7036	None	The Application Experience service entered the stopped state.
Information	8/12/2021 5:40:49 AM	Service Control Manager	7036	None	The Shell Hardware Detection service entered the stopped state.
Information	8/12/2021 5:40:46 AM	Service Control Manager	7036	None	The Portable Device Enumerator Service service entered the stopped state.
Information	8/12/2021 5:40:46 AM	Service Control Manager	7036	None	The Windows Update service entered the running state.
Information	8/12/2021 5:40:45 AM	Service Control Manager	7036	None	The Distributed Transaction Coordinator service entered the running state.
Information	8/12/2021 5:40:45 AM	Service Control Manager	7036	None	The Windows Font Cache Service service entered the running state.
Information	8/12/2021 5:40:45 AM	Service Control Manager	7036	None	The Diagnostic System Host service entered the running state.
Information	8/12/2021 5:40:45 AM	Service Control Manager	7036	None	The Diagnostic Policy Service service entered the running state.
Information	8/12/2021 5:40:45 AM	Service Control Manager	7036	None	The Microsoft .NET Framework NGEN v4.0.30319_X64 service entered the stopped state.
Information	8/12/2021 5:40:45 AM	Service Control Manager	7036	None	The Microsoft .NET Framework NGEN v4.0.30319_X64 service entered the running state.
Information	8/12/2021 5:40:45 AM	Service Control Manager	7036	None	The Microsoft .NET Framework NGEN v4.0.30319_X86 service entered the stopped state.
Information	8/12/2021 5:40:45 AM	Service Control Manager	7036	None	The Microsoft .NET Framework NGEN v4.0.30319_X86 service entered the running state.
Information	8/12/2021 5:40:44 AM	Service Control Manager	7036	None	The Background Intelligent Transfer Service service entered the running state.
Information	8/12/2021 5:38:51 AM	Service Control Manager	7036	None	The Remote Desktop Configuration service entered the running state.
Information	8/12/2021 5:38:49 AM	Service Control Manager	7036	None	The Certificate Propagation service entered the running state.
Information	8/12/2021 5:38:49 AM	Service Control Manager	7036	None	The Remote Desktop Services UserMode Port Redirector service entered the running state.
Information	8/12/2021 5:38:48 AM	Service Control Manager	7036	None	The IPsec Policy Agent service entered the running state.
Information	8/12/2021 5:38:46 AM	Service Control Manager	7036	None	The Application Experience service entered the running state.
Information	8/12/2021 5:38:46 AM	Service Control Manager	7036	None	The Portable Device Enumerator Service service entered the running state.
Information	8/12/2021 5:38:46 AM	Microsoft-Windows-Iphlpsvc	4200	None	Isatap interface isatap.{C4693D89-C34D-4CB3-98BB-1A53D6BAFCB8} with address fe80::5efe:192.168.52.5 has been brought up.
Information	8/12/2021 5:38:45 AM	Service Control Manager	7036	None	The Remote Desktop Services service entered the running state.
Information	8/12/2021 5:38:45 AM	Service Control Manager	7036	None	The Network List Service service entered the running state.
Information	8/12/2021 5:38:45 AM	Service Control Manager	7036	None	The Software Protection service entered the running state.
Information	8/12/2021 5:38:45 AM	Service Control Manager	7036	None	The WinHTTP Web Proxy Auto-Discovery Service service entered the running state.
Error	8/12/2021 5:38:44 AM	Service Control Manager	7026	None	"The following boot-start or system-start driver(s) failed to load: 
vmhgfs"
Information	8/12/2021 5:38:44 AM	Service Control Manager	7036	None	The wampmysqld service entered the running state.
Information	8/12/2021 5:38:44 AM	Service Control Manager	7036	None	The ManageEngine Desktop Central Server service entered the running state.
Information	8/12/2021 5:38:43 AM	Service Control Manager	7036	None	The Server service entered the running state.
Information	8/12/2021 5:38:43 AM	Service Control Manager	7036	None	The wampapache service entered the running state.
Information	8/12/2021 5:38:43 AM	Service Control Manager	7036	None	The Windows Remote Management (WS-Management) service entered the running state.
Information	8/12/2021 5:38:43 AM	Service Control Manager	7036	None	The IP Helper service entered the running state.
Information	8/12/2021 5:38:43 AM	Service Control Manager	7036	None	The World Wide Web Publishing Service service entered the running state.
Information	8/12/2021 5:38:43 AM	Service Control Manager	7036	None	The Windows Process Activation Service service entered the running state.
Information	8/12/2021 5:38:43 AM	Service Control Manager	7036	None	The Windows Management Instrumentation service entered the running state.
Information	8/12/2021 5:38:43 AM	Service Control Manager	7036	None	The Windows Licensing Monitoring Service service entered the running state.
Information	8/12/2021 5:38:44 AM	SNMP	1001	None	The SNMP Service has started successfully.
Information	8/12/2021 5:38:43 AM	Microsoft-Windows-WinRM	10121	None	"The WinRM service has been configured to accept basic authentication for unsecure HTTP connections. 

 This is not a secure configuration. 

 User Action 
 Set AllowUnencrypted to False in WinRM configuration to ensure packets are encrypted on the wire."
Information	8/12/2021 5:38:43 AM	Microsoft-Windows-WinRM	10148	None	"The WinRM service is listening for WS-Management requests. 

 User Action 
 Use the following command to see the specific IPs on which WinRM is listening: 

 winrm enumerate winrm/config/listener"
Information	8/12/2021 5:38:43 AM	Service Control Manager	7036	None	The OpenSSH Server service entered the running state.
Information	8/12/2021 5:38:41 AM	Service Control Manager	7036	None	The Distributed Link Tracking Client service entered the running state.
Information	8/12/2021 5:38:41 AM	Service Control Manager	7036	None	The Remote Registry service entered the running state.
Information	8/12/2021 5:38:41 AM	Service Control Manager	7036	None	The SNMP Service service entered the running state.
Information	8/12/2021 5:38:41 AM	Service Control Manager	7036	None	The MEDC Server Component - Apache service entered the running state.
Error	8/12/2021 5:38:41 AM	SNMP	1500	None	The SNMP Service encountered an error while accessing the registry key SYSTEM\CurrentControlSet\Services\SNMP\Parameters\TrapConfiguration.
Information	8/12/2021 5:38:40 AM	Service Control Manager	7036	None	The Network Location Awareness service entered the running state.
Information	8/12/2021 5:38:37 AM	Service Control Manager	7036	None	The Elasticsearch 1.1.1 (elasticsearch-service-x64) service entered the running state.
Information	8/12/2021 5:38:36 AM	Service Control Manager	7036	None	The jmx service entered the running state.
Information	8/12/2021 5:38:36 AM	Service Control Manager	7036	None	The MEDC Server Component - Notification Server service entered the running state.
Information	8/12/2021 5:38:36 AM	Service Control Manager	7036	None	The jenkins service entered the running state.
Information	8/12/2021 5:38:36 AM	Service Control Manager	7036	None	The domain1 GlassFish Server service entered the running state.
Information	8/12/2021 5:38:36 AM	Service Control Manager	7036	None	The Microsoft FTP Service service entered the running state.
Information	8/12/2021 5:38:36 AM	Service Control Manager	7036	None	The IKE and AuthIP IPsec Keying Modules service entered the running state.
Information	8/12/2021 5:38:35 AM	Service Control Manager	7036	None	The Application Host Helper Service service entered the running state.
Information	8/12/2021 5:38:35 AM	Service Control Manager	7036	None	The Cryptographic Services service entered the running state.
Information	8/12/2021 5:38:35 AM	Service Control Manager	7036	None	The Print Spooler service entered the running state.
Information	8/12/2021 5:38:35 AM	Service Control Manager	7036	None	The Security Accounts Manager service entered the running state.
Information	8/12/2021 5:38:35 AM	Service Control Manager	7036	None	The Workstation service entered the running state.
Information	8/12/2021 5:38:35 AM	Service Control Manager	7036	None	The Windows Firewall service entered the running state.
Information	8/12/2021 5:38:35 AM	Service Control Manager	7036	None	The Base Filtering Engine service entered the running state.
Information	8/12/2021 5:38:35 AM	Service Control Manager	7036	None	The Task Scheduler service entered the running state.
Information	8/12/2021 5:38:35 AM	Service Control Manager	7036	None	The Shell Hardware Detection service entered the running state.
Information	8/12/2021 5:38:35 AM	Service Control Manager	7036	None	The DNS Client service entered the running state.
Information	8/12/2021 5:38:35 AM	Service Control Manager	7036	None	The DHCP Client service entered the running state.
Information	8/12/2021 5:38:35 AM	Microsoft-Windows-DHCPv6-Client	51046	Service State Event	DHCPv6 client service is started
Information	8/12/2021 5:38:35 AM	Microsoft-Windows-Dhcp-Client	50036	Service State Event	DHCPv4 client service is started
Information	8/12/2021 5:38:35 AM	Service Control Manager	7036	None	The TCP/IP NetBIOS Helper service entered the running state.
Information	8/12/2021 5:38:35 AM	Service Control Manager	7036	None	The Network Store Interface Service service entered the running state.
Information	8/12/2021 5:38:35 AM	Service Control Manager	7036	None	The Desktop Window Manager Session Manager service entered the running state.
Information	8/12/2021 5:38:35 AM	Service Control Manager	7036	None	The System Event Notification Service service entered the running state.
Information	8/12/2021 5:38:35 AM	Service Control Manager	7036	None	The COM+ Event System service entered the running state.
Information	8/12/2021 5:38:35 AM	Service Control Manager	7036	None	The User Profile Service service entered the running state.
Information	8/12/2021 5:38:35 AM	Service Control Manager	7036	None	The Group Policy Client service entered the running state.
Information	8/12/2021 5:38:35 AM	Service Control Manager	7036	None	The Windows Event Log service entered the running state.
Information	8/12/2021 5:38:35 AM	Service Control Manager	7036	None	The Remote Procedure Call (RPC) service entered the running state.
Information	8/12/2021 5:38:35 AM	Service Control Manager	7036	None	The RPC Endpoint Mapper service entered the running state.
Information	8/12/2021 5:38:35 AM	Service Control Manager	7036	None	The DCOM Server Process Launcher service entered the running state.
Information	8/12/2021 5:38:35 AM	Microsoft-Windows-FilterManager	6	None	File System Filter 'luafv' (6.1, ‎2009‎-‎07‎-‎13T16:26:13.000000000Z) has successfully loaded and registered with Filter Manager.
Information	8/12/2021 5:38:35 AM	Service Control Manager	7036	None	The Power service entered the running state.
Information	8/12/2021 5:38:35 AM	Microsoft-Windows-UserPnp	20010	(7010)	"One or more of the Plug and Play service's subsystems has changed state. 

PlugPlay install subsystem enabled: 'true' 
PlugPlay caching subsystem enabled: 'true' 
"
Information	8/12/2021 5:38:35 AM	Service Control Manager	7036	None	The Plug and Play service entered the running state.
Information	8/12/2021 5:38:34 AM	Microsoft-Windows-Kernel-Processor-Power	26	(4)	"Processor 1 in group 0 exposes the following:

1 idle state(s)
0 performance state(s)
8 throttle state(s)"
Information	8/12/2021 5:38:34 AM	Microsoft-Windows-Kernel-Processor-Power	26	(4)	"Processor 0 in group 0 exposes the following:

1 idle state(s)
0 performance state(s)
8 throttle state(s)"
Information	8/12/2021 5:38:29 AM	Microsoft-Windows-Kernel-General	12	None	The operating system started at system time ‎2021‎-‎08‎-‎12T12:38:29.484375000Z.
Information	8/11/2021 5:03:58 PM	Microsoft-Windows-Kernel-General	13	None	The operating system is shutting down at system time ‎2021‎-‎08‎-‎12T00:03:58.894531200Z.
Information	8/11/2021 5:03:58 PM	Microsoft-Windows-Kernel-Power	109	(103)	The kernel power manager has initiated a shutdown transition.
Information	8/11/2021 5:03:58 PM	Service Control Manager	7036	None	The MEDC Server Component - Apache service entered the stopped state.
Information	8/11/2021 5:03:57 PM	Service Control Manager	7036	None	The Windows Process Activation Service service entered the stopped state.
Information	8/11/2021 5:03:57 PM	Service Control Manager	7036	None	The Microsoft FTP Service service entered the stopped state.
Information	8/11/2021 5:03:57 PM	Service Control Manager	7036	None	The wampmysqld service entered the stopped state.
Information	8/11/2021 5:03:57 PM	Service Control Manager	7036	None	The jmx service entered the stopped state.
Information	8/11/2021 5:03:56 PM	Service Control Manager	7036	None	The Software Protection service entered the stopped state.
Information	8/11/2021 5:03:56 PM	Service Control Manager	7036	None	The Remote Desktop Services service entered the stopped state.
Information	8/11/2021 5:03:56 PM	Service Control Manager	7036	None	The Windows Remote Management (WS-Management) service entered the stopped state.
Information	8/11/2021 5:03:56 PM	Service Control Manager	7036	None	The jenkins service entered the stopped state.
Information	8/11/2021 5:03:56 PM	Service Control Manager	7036	None	The Windows Licensing Monitoring Service service entered the stopped state.
Information	8/11/2021 5:03:56 PM	Service Control Manager	7036	None	The Windows Management Instrumentation service entered the stopped state.
Information	8/11/2021 5:03:56 PM	Service Control Manager	7036	None	The Distributed Link Tracking Client service entered the stopped state.
Information	8/11/2021 5:03:56 PM	Service Control Manager	7036	None	The World Wide Web Publishing Service service entered the stopped state.
Information	8/11/2021 5:03:56 PM	Service Control Manager	7036	None	The SPP Notification Service service entered the stopped state.
Information	8/11/2021 5:03:56 PM	Service Control Manager	7036	None	The Desktop Window Manager Session Manager service entered the stopped state.
Information	8/11/2021 5:03:56 PM	Service Control Manager	7036	None	The Remote Desktop Services UserMode Port Redirector service entered the stopped state.
Information	8/11/2021 5:03:56 PM	Service Control Manager	7036	None	The IKE and AuthIP IPsec Keying Modules service entered the stopped state.
Information	8/11/2021 5:03:56 PM	Service Control Manager	7036	None	The IPsec Policy Agent service entered the stopped state.
Information	8/11/2021 5:03:56 PM	Service Control Manager	7036	None	The User Profile Service service entered the stopped state.
Information	8/11/2021 5:03:56 PM	Service Control Manager	7036	None	The Power service entered the stopped state.
Information	8/11/2021 5:03:56 PM	Service Control Manager	7036	None	The Distributed Transaction Coordinator service entered the stopped state.
Information	8/11/2021 5:03:56 PM	Service Control Manager	7036	None	The Plug and Play service entered the stopped state.
Information	8/11/2021 5:03:56 PM	Microsoft-Windows-UserPnp	20010	(7010)	"One or more of the Plug and Play service's subsystems has changed state. 

PlugPlay install subsystem enabled: 'false' 
PlugPlay caching subsystem enabled: 'false' 
"
Information	8/12/2021 5:38:35 AM	EventLog	6013	None	The system uptime is 5 seconds.
Information	8/12/2021 5:38:35 AM	EventLog	6005	None	The Event log service was started.
Information	8/12/2021 5:38:35 AM	EventLog	6009	None	Microsoft (R) Windows (R) 6.01. 7601 Service Pack 1 Multiprocessor Free.
Information	8/11/2021 5:03:56 PM	Service Control Manager	7036	None	The Windows Event Log service entered the stopped state.
Information	8/11/2021 5:03:56 PM	Service Control Manager	7036	None	The MEDC Server Component - Notification Server service entered the stopped state.
Information	8/11/2021 5:03:56 PM	Service Control Manager	7036	None	The Cryptographic Services service entered the stopped state.
Information	8/11/2021 5:03:56 PM	Service Control Manager	7036	None	The Application Host Helper Service service entered the stopped state.
Information	8/11/2021 5:03:56 PM	Service Control Manager	7036	None	The Diagnostic Policy Service service entered the stopped state.
Information	8/11/2021 5:03:56 PM	Service Control Manager	7036	None	The Windows Font Cache Service service entered the stopped state.
Information	8/11/2021 5:03:56 PM	Service Control Manager	7036	None	The DHCP Client service entered the stopped state.
Information	8/11/2021 5:03:56 PM	Microsoft-Windows-Dhcp-Client	50037	Service State Event	DHCPv4 client service is stopped. ShutDown Flag value is 1
Information	8/11/2021 5:03:56 PM	Microsoft-Windows-DHCPv6-Client	51047	Service State Event	DHCPv6 client service is stopped. ShutDown Flag value is 1
Information	8/11/2021 5:03:56 PM	Service Control Manager	7036	None	The Certificate Propagation service entered the stopped state.
Information	8/11/2021 5:03:56 PM	EventLog	6006	None	The Event log service was stopped.
Information	8/11/2021 5:03:52 PM	Service Control Manager	7036	None	The ManageEngine Desktop Central Server service entered the stopped state.
Information	8/11/2021 5:03:51 PM	Service Control Manager	7036	None	The Windows Error Reporting Service service entered the running state.
Information	8/11/2021 5:03:50 PM	Service Control Manager	7036	None	The Elasticsearch 1.1.1 (elasticsearch-service-x64) service entered the stopped state.
Information	8/11/2021 5:03:50 PM	Service Control Manager	7036	None	The Group Policy Client service entered the stopped state.
Information	8/11/2021 5:03:50 PM	Service Control Manager	7036	None	The Windows Update service entered the stopped state.
Information	8/11/2021 5:03:50 PM	Microsoft-Windows-Winlogon	7002	(1102)	User Logoff Notification for Customer Experience Improvement Program
Information	8/11/2021 5:03:49 PM	USER32	1074	None	"The process wlms.exe has initiated the power off of computer METASPLOITABLE3 on behalf of user NT AUTHORITY\SYSTEM for the following reason: Other (Unplanned)
 Reason Code: 0x0
 Shutdown Type: power off
 Comment: "
Information	8/11/2021 4:46:31 PM	Service Control Manager	7036	None	The DNS Client service entered the running state.
Information	8/11/2021 4:45:44 PM	Service Control Manager	7036	None	The Diagnostic System Host service entered the stopped state.
Information	8/11/2021 4:45:11 PM	Service Control Manager	7036	None	The DNS Client service entered the stopped state.
Information	8/11/2021 4:33:48 PM	Service Control Manager	7036	None	The SPP Notification Service service entered the running state.
Information	8/11/2021 4:25:11 PM	Service Control Manager	7036	None	The DNS Client service entered the running state.
Information	8/11/2021 4:24:47 PM	Service Control Manager	7036	None	The Application Experience service entered the stopped state.
Information	8/11/2021 4:23:34 PM	Service Control Manager	7036	None	The DNS Client service entered the stopped state.
Information	8/11/2021 4:20:14 PM	Service Control Manager	7036	None	The WinHTTP Web Proxy Auto-Discovery Service service entered the stopped state.
Information	8/11/2021 4:14:47 PM	Service Control Manager	7036	None	The Application Experience service entered the running state.
Information	8/11/2021 4:14:42 PM	Service Control Manager	7036	None	The Network Connections service entered the running state.
Information	8/11/2021 4:14:29 PM	Microsoft-Windows-Winlogon	7001	(1101)	User Logon Notification for Customer Experience Improvement Program
Information	8/11/2021 4:13:47 PM	Service Control Manager	7036	None	The Application Experience service entered the stopped state.
Information	8/11/2021 4:13:46 PM	Service Control Manager	7036	None	The Shell Hardware Detection service entered the running state.
Information	8/11/2021 4:05:51 PM	Service Control Manager	7036	None	The Shell Hardware Detection service entered the stopped state.
Information	8/11/2021 4:05:46 PM	Service Control Manager	7036	None	The Portable Device Enumerator Service service entered the stopped state.
Information	8/11/2021 4:05:45 PM	Service Control Manager	7036	None	The Windows Update service entered the running state.
Information	8/11/2021 4:05:45 PM	Service Control Manager	7036	None	The Distributed Transaction Coordinator service entered the running state.
Information	8/11/2021 4:05:44 PM	Service Control Manager	7036	None	The Windows Font Cache Service service entered the running state.
Information	8/11/2021 4:05:44 PM	Service Control Manager	7036	None	The Diagnostic System Host service entered the running state.
Information	8/11/2021 4:05:44 PM	Service Control Manager	7036	None	The Diagnostic Policy Service service entered the running state.
Information	8/11/2021 4:05:44 PM	Service Control Manager	7036	None	The Microsoft .NET Framework NGEN v4.0.30319_X64 service entered the stopped state.
Information	8/11/2021 4:05:44 PM	Service Control Manager	7036	None	The Microsoft .NET Framework NGEN v4.0.30319_X64 service entered the running state.
Information	8/11/2021 4:05:44 PM	Service Control Manager	7036	None	The Microsoft .NET Framework NGEN v4.0.30319_X86 service entered the stopped state.
Information	8/11/2021 4:05:44 PM	Service Control Manager	7036	None	The Microsoft .NET Framework NGEN v4.0.30319_X86 service entered the running state.
Information	8/11/2021 4:05:44 PM	Service Control Manager	7036	None	The Background Intelligent Transfer Service service entered the running state.
Information	8/11/2021 4:04:52 PM	Microsoft-Windows-Iphlpsvc	4200	None	Isatap interface isatap.{C4693D89-C34D-4CB3-98BB-1A53D6BAFCB8} with address fe80::5efe:192.168.52.5 has been brought up.
Information	8/11/2021 4:04:47 PM	Microsoft-Windows-Iphlpsvc	4201	None	Isatap interface isatap.{C4693D89-C34D-4CB3-98BB-1A53D6BAFCB8} is no longer active.
Information	8/11/2021 4:04:14 PM	Microsoft-Windows-Iphlpsvc	4201	None	Isatap interface isatap.{3FF0E5D3-0D6F-4A55-BC90-5BFA25B7AF4E} is no longer active.
Information	8/11/2021 4:04:07 PM	Microsoft-Windows-Iphlpsvc	4200	None	Isatap interface isatap.{C4693D89-C34D-4CB3-98BB-1A53D6BAFCB8} with address fe80::5efe:169.254.223.240 has been brought up.
Information	8/11/2021 4:03:52 PM	Service Control Manager	7036	None	The Remote Desktop Configuration service entered the running state.
Information	8/11/2021 4:03:51 PM	Service Control Manager	7036	None	The IPsec Policy Agent service entered the running state.
Information	8/11/2021 4:03:51 PM	Service Control Manager	7036	None	The Certificate Propagation service entered the running state.
Information	8/11/2021 4:03:50 PM	Service Control Manager	7036	None	The Remote Desktop Services UserMode Port Redirector service entered the running state.
Information	8/11/2021 4:03:47 PM	Service Control Manager	7036	None	The Application Experience service entered the running state.
Information	8/11/2021 4:03:46 PM	Service Control Manager	7036	None	The Remote Desktop Services service entered the running state.
Information	8/11/2021 4:03:46 PM	Service Control Manager	7036	None	The Portable Device Enumerator Service service entered the running state.
Information	8/11/2021 4:03:45 PM	Service Control Manager	7036	None	The Software Protection service entered the running state.
Information	8/11/2021 4:03:45 PM	Microsoft-Windows-Iphlpsvc	4200	None	Isatap interface isatap.{3FF0E5D3-0D6F-4A55-BC90-5BFA25B7AF4E} with address fe80::5efe:192.168.52.3 has been brought up.
Information	8/11/2021 4:03:44 PM	Service Control Manager	7036	None	The Network List Service service entered the running state.
Information	8/11/2021 4:03:44 PM	Service Control Manager	7036	None	The WinHTTP Web Proxy Auto-Discovery Service service entered the running state.
Error	8/11/2021 4:03:44 PM	Service Control Manager	7026	None	"The following boot-start or system-start driver(s) failed to load: 
vmhgfs"
Information	8/11/2021 4:03:45 PM	SNMP	1001	None	The SNMP Service has started successfully.
Information	8/11/2021 4:03:44 PM	Service Control Manager	7036	None	The wampmysqld service entered the running state.
Information	8/11/2021 4:03:43 PM	Service Control Manager	7036	None	The ManageEngine Desktop Central Server service entered the running state.
Information	8/11/2021 4:03:43 PM	Service Control Manager	7036	None	The OpenSSH Server service entered the running state.
Information	8/11/2021 4:03:43 PM	Service Control Manager	7036	None	The Server service entered the running state.
Information	8/11/2021 4:03:42 PM	Service Control Manager	7036	None	The wampapache service entered the running state.
Information	8/11/2021 4:03:42 PM	Service Control Manager	7036	None	The World Wide Web Publishing Service service entered the running state.
Information	8/11/2021 4:03:42 PM	Service Control Manager	7036	None	The Windows Process Activation Service service entered the running state.
Information	8/11/2021 4:03:42 PM	Service Control Manager	7036	None	The Windows Remote Management (WS-Management) service entered the running state.
Information	8/11/2021 4:03:42 PM	Service Control Manager	7036	None	The IP Helper service entered the running state.
Information	8/11/2021 4:03:42 PM	Service Control Manager	7036	None	The Windows Licensing Monitoring Service service entered the running state.
Information	8/11/2021 4:03:42 PM	Service Control Manager	7036	None	The Windows Management Instrumentation service entered the running state.
Information	8/11/2021 4:03:42 PM	Microsoft-Windows-WinRM	10121	None	"The WinRM service has been configured to accept basic authentication for unsecure HTTP connections. 

 This is not a secure configuration. 

 User Action 
 Set AllowUnencrypted to False in WinRM configuration to ensure packets are encrypted on the wire."
Information	8/11/2021 4:03:42 PM	Microsoft-Windows-WinRM	10148	None	"The WinRM service is listening for WS-Management requests. 

 User Action 
 Use the following command to see the specific IPs on which WinRM is listening: 

 winrm enumerate winrm/config/listener"
Information	8/11/2021 4:03:42 PM	Service Control Manager	7036	None	The Distributed Link Tracking Client service entered the running state.
Information	8/11/2021 4:03:42 PM	Service Control Manager	7036	None	The SNMP Service service entered the running state.
Information	8/11/2021 4:03:41 PM	Service Control Manager	7036	None	The Remote Registry service entered the running state.
Information	8/11/2021 4:03:41 PM	Service Control Manager	7036	None	The MEDC Server Component - Apache service entered the running state.
Information	8/11/2021 4:03:40 PM	Service Control Manager	7036	None	The Network Location Awareness service entered the running state.
Error	8/11/2021 4:03:42 PM	SNMP	1500	None	The SNMP Service encountered an error while accessing the registry key SYSTEM\CurrentControlSet\Services\SNMP\Parameters\TrapConfiguration.
Information	8/11/2021 4:03:37 PM	Service Control Manager	7036	None	The Elasticsearch 1.1.1 (elasticsearch-service-x64) service entered the running state.
Information	8/11/2021 4:03:36 PM	Service Control Manager	7036	None	The jmx service entered the running state.
Information	8/11/2021 4:03:36 PM	Service Control Manager	7036	None	The MEDC Server Component - Notification Server service entered the running state.
Information	8/11/2021 4:03:36 PM	Service Control Manager	7036	None	The jenkins service entered the running state.
Information	8/11/2021 4:03:35 PM	Service Control Manager	7036	None	The Microsoft FTP Service service entered the running state.
Information	8/11/2021 4:03:35 PM	Service Control Manager	7036	None	The domain1 GlassFish Server service entered the running state.
Information	8/11/2021 4:03:35 PM	Service Control Manager	7036	None	The IKE and AuthIP IPsec Keying Modules service entered the running state.
Information	8/11/2021 4:03:34 PM	Service Control Manager	7036	None	The Application Host Helper Service service entered the running state.
Information	8/11/2021 4:03:34 PM	Service Control Manager	7036	None	The Cryptographic Services service entered the running state.
Information	8/11/2021 4:03:34 PM	Service Control Manager	7036	None	The Print Spooler service entered the running state.
Information	8/11/2021 4:03:34 PM	Service Control Manager	7036	None	The Security Accounts Manager service entered the running state.
Information	8/11/2021 4:03:34 PM	Service Control Manager	7036	None	The Workstation service entered the running state.
Information	8/11/2021 4:03:34 PM	Service Control Manager	7036	None	The Windows Firewall service entered the running state.
Information	8/11/2021 4:03:34 PM	Service Control Manager	7036	None	The Base Filtering Engine service entered the running state.
Information	8/11/2021 4:03:34 PM	Service Control Manager	7036	None	The Task Scheduler service entered the running state.
Information	8/11/2021 4:03:34 PM	Service Control Manager	7036	None	The Shell Hardware Detection service entered the running state.
Information	8/11/2021 4:03:34 PM	Service Control Manager	7036	None	The DNS Client service entered the running state.
Information	8/11/2021 4:03:34 PM	Service Control Manager	7036	None	The DHCP Client service entered the running state.
Information	8/11/2021 4:03:34 PM	Microsoft-Windows-DHCPv6-Client	51046	Service State Event	DHCPv6 client service is started
Information	8/11/2021 4:03:34 PM	Microsoft-Windows-Dhcp-Client	50036	Service State Event	DHCPv4 client service is started
Information	8/11/2021 4:03:34 PM	Service Control Manager	7036	None	The TCP/IP NetBIOS Helper service entered the running state.
Information	8/11/2021 4:03:34 PM	Service Control Manager	7036	None	The Network Store Interface Service service entered the running state.
Information	8/11/2021 4:03:34 PM	Service Control Manager	7036	None	The Desktop Window Manager Session Manager service entered the running state.
Information	8/11/2021 4:03:34 PM	Service Control Manager	7036	None	The System Event Notification Service service entered the running state.
Information	8/11/2021 4:03:34 PM	Service Control Manager	7036	None	The COM+ Event System service entered the running state.
Information	8/11/2021 4:03:34 PM	Service Control Manager	7036	None	The User Profile Service service entered the running state.
Information	8/11/2021 4:03:34 PM	Service Control Manager	7036	None	The Group Policy Client service entered the running state.
Information	8/11/2021 4:03:34 PM	Service Control Manager	7036	None	The Windows Event Log service entered the running state.
Information	8/11/2021 4:03:34 PM	Service Control Manager	7036	None	The Remote Procedure Call (RPC) service entered the running state.
Information	8/11/2021 4:03:34 PM	Service Control Manager	7036	None	The RPC Endpoint Mapper service entered the running state.
Information	8/11/2021 4:03:34 PM	Service Control Manager	7036	None	The DCOM Server Process Launcher service entered the running state.
Information	8/11/2021 4:03:34 PM	Microsoft-Windows-FilterManager	6	None	File System Filter 'luafv' (6.1, ‎2009‎-‎07‎-‎13T16:26:13.000000000Z) has successfully loaded and registered with Filter Manager.
Information	8/11/2021 4:03:34 PM	Service Control Manager	7036	None	The Power service entered the running state.
Information	8/11/2021 4:03:34 PM	Microsoft-Windows-UserPnp	20010	(7010)	"One or more of the Plug and Play service's subsystems has changed state. 

PlugPlay install subsystem enabled: 'true' 
PlugPlay caching subsystem enabled: 'true' 
"
Information	8/11/2021 4:03:34 PM	Service Control Manager	7036	None	The Plug and Play service entered the running state.
Information	8/11/2021 4:03:33 PM	Microsoft-Windows-Kernel-Processor-Power	26	(4)	"Processor 1 in group 0 exposes the following:

1 idle state(s)
0 performance state(s)
8 throttle state(s)"
Information	8/11/2021 4:03:33 PM	Microsoft-Windows-Kernel-Processor-Power	26	(4)	"Processor 0 in group 0 exposes the following:

1 idle state(s)
0 performance state(s)
8 throttle state(s)"
Information	8/11/2021 4:03:28 PM	Microsoft-Windows-Kernel-General	12	None	The operating system started at system time ‎2021‎-‎08‎-‎11T23:03:28.484375000Z.
Information	8/11/2021 2:15:38 PM	Microsoft-Windows-Kernel-General	13	None	The operating system is shutting down at system time ‎2021‎-‎08‎-‎11T21:15:38.828125000Z.
Information	8/11/2021 2:15:38 PM	Microsoft-Windows-Kernel-Power	109	(103)	The kernel power manager has initiated a shutdown transition.
Information	8/11/2021 2:15:38 PM	Service Control Manager	7036	None	The MEDC Server Component - Apache service entered the stopped state.
Information	8/11/2021 2:15:38 PM	Service Control Manager	7036	None	The domain1 GlassFish Server service entered the stopped state.
Information	8/11/2021 2:15:38 PM	Service Control Manager	7036	None	The Windows Process Activation Service service entered the stopped state.
Information	8/11/2021 2:15:37 PM	Service Control Manager	7036	None	The jenkins service entered the stopped state.
Information	8/11/2021 2:15:37 PM	Service Control Manager	7036	None	The Microsoft FTP Service service entered the stopped state.
Information	8/11/2021 2:15:37 PM	Service Control Manager	7036	None	The wampmysqld service entered the stopped state.
Information	8/11/2021 2:15:37 PM	Service Control Manager	7036	None	The jmx service entered the stopped state.
Information	8/11/2021 2:15:37 PM	Service Control Manager	7036	None	The Windows Remote Management (WS-Management) service entered the stopped state.
Information	8/11/2021 2:15:37 PM	Service Control Manager	7036	None	The Remote Desktop Services service entered the stopped state.
