Information	6/27/2023 8:04:50 AM	Microsoft-Windows-UserPnp	20001	(7005)	Driver Management concluded the process to install driver FileRepository\machine.inf_amd64_neutral_a2f120466549d68b\machine.inf for Device Instance ID ACPI\PNP0B00\4&2C5A7332&0 with the following status: 0x0.
Information	6/27/2023 8:04:48 AM	Microsoft-Windows-UserPnp	20001	(7005)	Driver Management concluded the process to install driver FileRepository\volume.inf_amd64_neutral_df8bea40ac96ca21\volume.inf for Device Instance ID STORAGE\VOLUME\{42323EC0-14FB-11EE-A454-806E6F6E6963}#0000000000100000 with the following status: 0x0.
Information	6/27/2023 8:04:48 AM	Microsoft-Windows-UserPnp	20003	(7005)	Driver Management has concluded the process to add Service volsnap for Device Instance ID STORAGE\VOLUME\{42323EC0-14FB-11EE-A454-806E6F6E6963}#0000000000100000 with the following status: 0.
Information	6/27/2023 8:04:46 AM	Microsoft-Windows-UserPnp	20001	(7005)	Driver Management concluded the process to install driver NULL Driver for Device Instance ID ACPI\AMZN0000\2&DABA3FF&2 with the following status: 0xe0000203.
Information	6/27/2023 8:04:43 AM	Microsoft-Windows-UserPnp	20001	(7005)	Driver Management concluded the process to install driver FileRepository\cpu.inf_amd64_neutral_ae5de2e1bf2793c3\cpu.inf for Device Instance ID ACPI\GENUINEINTEL_-_INTEL64_FAMILY_6_MODEL_85_-_INTEL(R)_XEON(R)_PLATINUM_8259CL_CPU_@_2.50GHZ\_0 with the following status: 0x0.
Information	6/27/2023 8:04:43 AM	Microsoft-Windows-UserPnp	20003	(7005)	Driver Management has concluded the process to add Service intelppm for Device Instance ID ACPI\GENUINEINTEL_-_INTEL64_FAMILY_6_MODEL_85_-_INTEL(R)_XEON(R)_PLATINUM_8259CL_CPU_@_2.50GHZ\_0 with the following status: 0.
Information	6/27/2023 8:04:33 AM	Service Control Manager	7036	None	The IPsec Policy Agent service entered the running state.
Information	6/27/2023 8:04:33 AM	Service Control Manager	7036	None	The Remote Desktop Configuration service entered the running state.
Information	6/27/2023 8:04:33 AM	Service Control Manager	7036	None	The Certificate Propagation service entered the running state.
Information	6/27/2023 8:04:33 AM	Service Control Manager	7036	None	The Remote Desktop Services UserMode Port Redirector service entered the running state.
Information	6/27/2023 8:04:33 AM	Service Control Manager	7036	None	The Portable Device Enumerator Service service entered the running state.
Information	6/27/2023 8:04:33 AM	Microsoft-Windows-TerminalServices-RemoteConnectionManager	1056	None	A new self signed certificate to be used for Terminal Server authentication on SSL connections was generated. The name on this certificate is metasploitable3-win2k8. The SHA1 hash of the certificate is in the event data.
Information	6/27/2023 8:04:32 AM	Service Control Manager	7036	None	The Application Experience service entered the running state.
Information	6/27/2023 8:04:32 AM	Service Control Manager	7036	None	The Software Protection service entered the running state.
Information	6/27/2023 8:04:30 AM	Service Control Manager	7036	None	The Network List Service service entered the running state.
Error	6/27/2023 8:04:30 AM	Service Control Manager	7031	None	The Amazon SSM Agent service terminated unexpectedly.  It has done this 1 time(s).  The following corrective action will be taken in 30000 milliseconds: Restart the service.
Error	6/27/2023 8:04:30 AM	Service Control Manager	7026	None	"The following boot-start or system-start driver(s) failed to load: 
cdrom
vmhgfs"
Information	6/27/2023 8:04:30 AM	Service Control Manager	7036	None	The wampmysqld service entered the running state.
Information	6/27/2023 8:04:24 AM	Service Control Manager	7036	None	The wampapache service entered the running state.
Information	6/27/2023 8:04:20 AM	Service Control Manager	7036	None	The Server service entered the running state.
Information	6/27/2023 8:04:19 AM	Service Control Manager	7036	None	The IP Helper service entered the running state.
Information	6/27/2023 8:04:18 AM	Service Control Manager	7036	None	The World Wide Web Publishing Service service entered the running state.
Information	6/27/2023 8:04:18 AM	Service Control Manager	7036	None	The Ec2Config service entered the running state.
Information	6/27/2023 8:04:18 AM	Service Control Manager	7036	None	The Windows Remote Management (WS-Management) service entered the running state.
Information	6/27/2023 8:04:17 AM	Service Control Manager	7036	None	The Windows Process Activation Service service entered the running state.
Information	6/27/2023 8:04:18 AM	SNMP	1001	None	The SNMP Service has started successfully.
Information	6/27/2023 8:04:18 AM	Microsoft-Windows-WinRM	10121	None	"The WinRM service has been configured to accept basic authentication for unsecure HTTP connections. 

 This is not a secure configuration. 

 User Action 
 Set AllowUnencrypted to False in WinRM configuration to ensure packets are encrypted on the wire."
Information	6/27/2023 8:04:18 AM	Microsoft-Windows-WinRM	10148	None	"The WinRM service is listening for WS-Management requests. 

 User Action 
 Use the following command to see the specific IPs on which WinRM is listening: 

 winrm enumerate winrm/config/listener"
Information	6/27/2023 8:04:16 AM	Service Control Manager	7036	None	The Windows Management Instrumentation service entered the running state.
Information	6/27/2023 8:04:16 AM	Service Control Manager	7036	None	The Windows Licensing Monitoring Service service entered the running state.
Information	6/27/2023 8:04:15 AM	Service Control Manager	7036	None	The Remote Desktop Licensing service entered the running state.
Information	6/27/2023 8:04:16 AM	Microsoft-Windows-TerminalServices-Licensing	0	None	The Remote Desktop Licensing service has started.
Warning	6/27/2023 8:04:15 AM	Microsoft-Windows-TerminalServices-Licensing	18	None	"The Remote Desktop license server ""METASPLOITABLE3"" has not been activated and therefore will only issue temporary licenses. To issue permanent licenses, the Remote Desktop license server must be activated."
Information	6/27/2023 8:04:09 AM	Service Control Manager	7036	None	The MEDC Server Component - Apache service entered the running state.
Information	6/27/2023 8:04:09 AM	Service Control Manager	7036	None	The Remote Desktop Services service entered the running state.
Information	6/27/2023 8:04:08 AM	Service Control Manager	7036	None	The Distributed Link Tracking Client service entered the running state.
Information	6/27/2023 8:04:08 AM	Service Control Manager	7036	None	The OpenSSH Server service entered the running state.
Information	6/27/2023 8:04:07 AM	Service Control Manager	7036	None	The SNMP Service service entered the running state.
Information	6/27/2023 8:04:07 AM	Service Control Manager	7036	None	The Remote Registry service entered the running state.
Error	6/27/2023 8:04:07 AM	SNMP	1500	None	The SNMP Service encountered an error while accessing the registry key SYSTEM\CurrentControlSet\Services\SNMP\Parameters\TrapConfiguration.
Information	6/27/2023 8:04:00 AM	Service Control Manager	7036	None	The Network Location Awareness service entered the running state.
Information	6/27/2023 8:04:00 AM	Service Control Manager	7036	None	The jmx service entered the running state.
Information	6/27/2023 8:03:57 AM	Service Control Manager	7036	None	The MEDC Server Component - Notification Server service entered the running state.
Information	6/27/2023 8:03:54 AM	Service Control Manager	7036	None	The jenkins service entered the running state.
Information	6/27/2023 8:03:43 AM	Service Control Manager	7036	None	The AWS Lite Guest Agent service entered the stopped state.
Information	6/27/2023 8:03:40 AM	Service Control Manager	7036	None	The Elasticsearch 1.1.1 (elasticsearch-service-x64) service entered the running state.
Information	6/27/2023 8:03:33 AM	Service Control Manager	7036	None	The ManageEngine Desktop Central Server service entered the running state.
Information	6/27/2023 8:03:21 AM	Service Control Manager	7036	None	The domain1 GlassFish Server service entered the running state.
Information	6/27/2023 8:03:21 AM	Service Control Manager	7036	None	The Microsoft FTP Service service entered the running state.
Information	6/27/2023 8:03:21 AM	Service Control Manager	7036	None	The IKE and AuthIP IPsec Keying Modules service entered the running state.
Information	6/27/2023 8:02:46 AM	Service Control Manager	7036	None	The Application Host Helper Service service entered the running state.
Error	6/27/2023 8:02:45 AM	Service Control Manager	7024	None	The Amazon SSM Agent service terminated with service-specific error Incorrect function..
Information	6/27/2023 8:02:45 AM	Service Control Manager	7036	None	The Amazon SSM Agent service entered the stopped state.
Information	6/27/2023 8:02:43 AM	Service Control Manager	7036	None	The Cryptographic Services service entered the running state.
Information	6/27/2023 8:02:43 AM	Service Control Manager	7036	None	The AWS Lite Guest Agent service entered the running state.
Information	6/27/2023 8:02:35 AM	Service Control Manager	7036	None	The Print Spooler service entered the running state.
Information	6/27/2023 8:02:33 AM	Service Control Manager	7036	None	The Security Accounts Manager service entered the running state.
Information	6/27/2023 8:02:33 AM	Service Control Manager	7036	None	The Workstation service entered the running state.
Information	6/27/2023 8:02:33 AM	Service Control Manager	7036	None	The Windows Firewall service entered the running state.
Information	6/27/2023 8:02:32 AM	Service Control Manager	7036	None	The Base Filtering Engine service entered the running state.
Information	6/27/2023 8:02:31 AM	Service Control Manager	7036	None	The Task Scheduler service entered the running state.
Information	6/27/2023 8:02:30 AM	Service Control Manager	7036	None	The Shell Hardware Detection service entered the stopped state.
Information	6/27/2023 8:02:28 AM	Service Control Manager	7036	None	The Shell Hardware Detection service entered the running state.
Information	6/27/2023 8:02:28 AM	Service Control Manager	7036	None	The DHCP Client service entered the running state.
Information	6/27/2023 8:02:28 AM	Service Control Manager	7036	None	The DNS Client service entered the running state.
Information	6/27/2023 8:02:28 AM	Microsoft-Windows-DHCPv6-Client	51046	Service State Event	DHCPv6 client service is started
Information	6/27/2023 8:02:28 AM	Microsoft-Windows-Dhcp-Client	50036	Service State Event	DHCPv4 client service is started
Information	6/27/2023 8:02:28 AM	Service Control Manager	7036	None	The TCP/IP NetBIOS Helper service entered the running state.
Information	6/27/2023 8:02:27 AM	Service Control Manager	7036	None	The Network Store Interface Service service entered the running state.
Information	6/27/2023 8:02:27 AM	Service Control Manager	7036	None	The Desktop Window Manager Session Manager service entered the running state.
Information	6/27/2023 8:02:26 AM	Service Control Manager	7036	None	The System Event Notification Service service entered the running state.
Information	6/27/2023 8:02:26 AM	Service Control Manager	7036	None	The COM+ Event System service entered the running state.
Information	6/27/2023 8:02:26 AM	Service Control Manager	7036	None	The Group Policy Client service entered the running state.
Information	6/27/2023 8:02:25 AM	Service Control Manager	7036	None	The User Profile Service service entered the running state.
Information	6/27/2023 8:02:25 AM	Service Control Manager	7036	None	The Windows Event Log service entered the running state.
Information	6/27/2023 8:02:23 AM	Service Control Manager	7036	None	The Remote Procedure Call (RPC) service entered the running state.
Information	6/27/2023 8:02:22 AM	Service Control Manager	7036	None	The RPC Endpoint Mapper service entered the running state.
Information	6/27/2023 8:02:22 AM	Service Control Manager	7036	None	The DCOM Server Process Launcher service entered the running state.
Information	6/27/2023 8:02:22 AM	Microsoft-Windows-FilterManager	6	None	File System Filter 'luafv' (6.1, ‎2009‎-‎07‎-‎13T16:26:13.000000000Z) has successfully loaded and registered with Filter Manager.
Information	6/27/2023 8:02:21 AM	Service Control Manager	7036	None	The Power service entered the running state.
Information	6/27/2023 8:02:19 AM	Microsoft-Windows-UserPnp	20010	(7010)	"One or more of the Plug and Play service's subsystems has changed state. 

PlugPlay install subsystem enabled: 'true' 
PlugPlay caching subsystem enabled: 'true' 
"
Information	6/27/2023 8:02:19 AM	Service Control Manager	7036	None	The Plug and Play service entered the running state.
Information	6/27/2023 8:00:58 AM	Microsoft-Windows-Kernel-Processor-Power	26	(4)	"Processor 1 in group 0 exposes the following:

1 idle state(s)
0 performance state(s)
0 throttle state(s)"
Information	6/27/2023 8:00:58 AM	Microsoft-Windows-Kernel-Processor-Power	26	(4)	"Processor 0 in group 0 exposes the following:

1 idle state(s)
0 performance state(s)
0 throttle state(s)"
Information	6/27/2023 7:59:47 AM	Microsoft-Windows-Kernel-General	12	None	The operating system started at system time ‎2023‎-‎06‎-‎27T14:59:47.375200000Z.
Information	9/3/2022 1:11:26 PM	Microsoft-Windows-Kernel-General	13	None	The operating system is shutting down at system time ‎2022‎-‎09‎-‎03T20:11:26.162600000Z.
Information	9/3/2022 1:11:25 PM	Microsoft-Windows-Kernel-Power	109	(103)	The kernel power manager has initiated a shutdown transition.
Information	9/3/2022 1:11:22 PM	Service Control Manager	7036	None	The MEDC Server Component - Apache service entered the stopped state.
Information	9/3/2022 1:11:22 PM	Service Control Manager	7036	None	The domain1 GlassFish Server service entered the stopped state.
Information	9/3/2022 1:11:21 PM	Service Control Manager	7036	None	The jenkins service entered the stopped state.
Information	9/3/2022 1:11:21 PM	Service Control Manager	7036	None	The Microsoft FTP Service service entered the stopped state.
Information	9/3/2022 1:11:21 PM	Service Control Manager	7036	None	The Windows Process Activation Service service entered the stopped state.
Information	9/3/2022 1:11:20 PM	Service Control Manager	7036	None	The wampmysqld service entered the stopped state.
Information	9/3/2022 1:11:20 PM	Service Control Manager	7036	None	The jmx service entered the stopped state.
Information	9/3/2022 1:11:20 PM	Service Control Manager	7036	None	The Remote Desktop Licensing service entered the stopped state.
Information	9/3/2022 1:11:20 PM	Service Control Manager	7036	None	The Remote Desktop Services service entered the stopped state.
Information	9/3/2022 1:11:20 PM	Service Control Manager	7036	None	The Windows Modules Installer service entered the stopped state.
Information	9/3/2022 1:11:20 PM	Service Control Manager	7036	None	The Cryptographic Services service entered the stopped state.
Information	9/3/2022 1:11:20 PM	Service Control Manager	7036	None	The Software Protection service entered the stopped state.
Information	9/3/2022 1:11:20 PM	Service Control Manager	7036	None	The IKE and AuthIP IPsec Keying Modules service entered the stopped state.
Information	9/3/2022 1:11:20 PM	Service Control Manager	7036	None	The Windows Remote Management (WS-Management) service entered the stopped state.
Information	9/3/2022 1:11:20 PM	Service Control Manager	7036	None	The IPsec Policy Agent service entered the stopped state.
Information	9/3/2022 1:11:20 PM	Service Control Manager	7036	None	The Windows Font Cache Service service entered the stopped state.
Information	6/27/2023 8:02:25 AM	EventLog	6013	None	The system uptime is 157 seconds.
Information	6/27/2023 8:02:24 AM	EventLog	6005	None	The Event log service was started.
Information	9/3/2022 1:11:20 PM	Service Control Manager	7036	None	The Windows Event Log service entered the stopped state.
Information	6/27/2023 8:02:24 AM	EventLog	6009	None	Microsoft (R) Windows (R) 6.01. 7601 Service Pack 1 Multiprocessor Free.
Information	9/3/2022 1:11:20 PM	Service Control Manager	7036	None	The Application Host Helper Service service entered the stopped state.
Information	9/3/2022 1:11:20 PM	Service Control Manager	7036	None	The Distributed Link Tracking Client service entered the stopped state.
Information	9/3/2022 1:11:20 PM	Service Control Manager	7036	None	The User Profile Service service entered the stopped state.
Information	9/3/2022 1:11:20 PM	Service Control Manager	7036	None	The Windows Management Instrumentation service entered the stopped state.
Information	9/3/2022 1:11:20 PM	Service Control Manager	7036	None	The Windows Licensing Monitoring Service service entered the stopped state.
Information	9/3/2022 1:11:20 PM	Service Control Manager	7036	None	The World Wide Web Publishing Service service entered the stopped state.
Information	9/3/2022 1:11:20 PM	Service Control Manager	7036	None	The Desktop Window Manager Session Manager service entered the stopped state.
Information	9/3/2022 1:11:20 PM	Service Control Manager	7036	None	The Remote Desktop Services UserMode Port Redirector service entered the stopped state.
Information	9/3/2022 1:11:20 PM	Service Control Manager	7036	None	The Plug and Play service entered the stopped state.
Information	9/3/2022 1:11:20 PM	Microsoft-Windows-UserPnp	20010	(7010)	"One or more of the Plug and Play service's subsystems has changed state. 

PlugPlay install subsystem enabled: 'false' 
PlugPlay caching subsystem enabled: 'false' 
"
Information	9/3/2022 1:11:20 PM	Service Control Manager	7036	None	The SPP Notification Service service entered the stopped state.
Information	9/3/2022 1:11:20 PM	Service Control Manager	7036	None	The Distributed Transaction Coordinator service entered the stopped state.
Information	9/3/2022 1:11:20 PM	Service Control Manager	7036	None	The Power service entered the stopped state.
Information	9/3/2022 1:11:20 PM	Service Control Manager	7036	None	The MEDC Server Component - Notification Server service entered the stopped state.
Information	9/3/2022 1:11:20 PM	Service Control Manager	7036	None	The Diagnostic Policy Service service entered the stopped state.
Information	9/3/2022 1:11:20 PM	Service Control Manager	7036	None	The Diagnostic System Host service entered the stopped state.
Information	9/3/2022 1:11:20 PM	Service Control Manager	7036	None	The DHCP Client service entered the stopped state.
Information	9/3/2022 1:11:20 PM	Microsoft-Windows-Dhcp-Client	50037	Service State Event	DHCPv4 client service is stopped. ShutDown Flag value is 1
Information	9/3/2022 1:11:20 PM	Service Control Manager	7036	None	The Certificate Propagation service entered the stopped state.
Information	9/3/2022 1:11:20 PM	Microsoft-Windows-DHCPv6-Client	51047	Service State Event	DHCPv6 client service is stopped. ShutDown Flag value is 1
Information	9/3/2022 1:11:20 PM	Service Control Manager	7036	None	The Windows Installer service entered the stopped state.
Information	9/3/2022 1:11:20 PM	EventLog	6006	None	The Event log service was stopped.
Information	9/3/2022 1:11:15 PM	Service Control Manager	7036	None	The ManageEngine Desktop Central Server service entered the stopped state.
Information	9/3/2022 1:11:14 PM	Service Control Manager	7036	None	The Windows Error Reporting Service service entered the running state.
Information	9/3/2022 1:11:12 PM	Service Control Manager	7036	None	The Elasticsearch 1.1.1 (elasticsearch-service-x64) service entered the stopped state.
Information	9/3/2022 1:11:12 PM	Service Control Manager	7036	None	The Group Policy Client service entered the stopped state.
Information	9/3/2022 1:11:12 PM	Service Control Manager	7036	None	The Windows Update service entered the stopped state.
Information	9/3/2022 1:11:12 PM	Service Control Manager	7036	None	The AWS Lite Guest Agent service entered the stopped state.
Information	9/3/2022 1:11:12 PM	USER32	1074	None	"The process C:\Program Files\Amazon\XenTools\LiteAgent.exe (METASPLOITABLE3) has initiated the shutdown of computer METASPLOITABLE3 on behalf of user NT AUTHORITY\SYSTEM for the following reason: No title for this reason could be found
 Reason Code: 0x8000000c
 Shutdown Type: shutdown
 Comment: "
Information	9/3/2022 1:11:09 PM	Service Control Manager	7036	None	The SPP Notification Service service entered the running state.
Error	9/3/2022 1:09:14 PM	Service Control Manager	7032	None	"The Service Control Manager tried to take a corrective action (Restart the service) after the unexpected termination of the Amazon SSM Agent service, but this action failed with the following error: 
An instance of the service is already running."
Information	9/3/2022 1:08:55 PM	Service Control Manager	7036	None	The Amazon SSM Agent service entered the running state.
Information	9/3/2022 1:08:53 PM	Microsoft-Windows-Iphlpsvc	4200	None	Isatap interface isatap.ec2.internal with address fe80::200:5efe:172.32.20.140 has been brought up.
Information	9/3/2022 1:08:53 PM	Microsoft-Windows-Iphlpsvc	4200	None	6to4 interface 6TO4 Adapter with address 2002:ac20:148c::ac20:148c has been brought up.
Information	9/3/2022 1:08:52 PM	Microsoft-Windows-Iphlpsvc	4201	None	Isatap interface isatap.{D6227E67-A092-4877-9032-E88BFEDF9BFE} is no longer active.
Information	9/3/2022 1:08:50 PM	Microsoft-Windows-UserPnp	20003	(7005)	Driver Management has concluded the process to add Service tunnel for Device Instance ID ROOT\*6TO4MP\0000 with the following status: 0.
Information	9/3/2022 1:08:49 PM	Service Control Manager	7036	None	The EC2VMInstall service entered the stopped state.
Information	9/3/2022 1:08:49 PM	Service Control Manager	7036	None	The WinHTTP Web Proxy Auto-Discovery Service service entered the running state.
Information	9/3/2022 1:08:49 PM	Service Control Manager	7036	None	The DHCP Client service entered the running state.
Information	9/3/2022 1:08:49 PM	Microsoft-Windows-DHCPv6-Client	51046	Service State Event	DHCPv6 client service is started
Information	9/3/2022 1:08:49 PM	Microsoft-Windows-Dhcp-Client	50036	Service State Event	DHCPv4 client service is started
Information	9/3/2022 1:08:49 PM	Service Control Manager	7040	None	The start type of the DHCP Client service was changed from disabled to auto start.
Error	9/3/2022 1:08:44 PM	Service Control Manager	7031	None	The Amazon SSM Agent service terminated unexpectedly.  It has done this 2 time(s).  The following corrective action will be taken in 30000 milliseconds: Restart the service.
Error	9/3/2022 1:08:44 PM	Service Control Manager	7024	None	The Amazon SSM Agent service terminated with service-specific error Incorrect function..
Information	9/3/2022 1:08:44 PM	Service Control Manager	7036	None	The Amazon SSM Agent service entered the stopped state.
Information	9/3/2022 1:08:43 PM	Service Control Manager	7036	None	The PsShutdown service entered the running state.
Error	9/3/2022 1:08:43 PM	Service Control Manager	7030	None	The PsShutdown service is marked as an interactive service.  However, the system is configured to not allow interactive services.  This service may not function properly.
Information	9/3/2022 1:08:43 PM	Service Control Manager	7045	None	"A service was installed in the system.

Service Name:  PsShutdown
Service File Name:  %SystemRoot%\PSSDNSVC.EXE
Service Type:  user mode service
Service Start Type:  demand start
Service Account:  LocalSystem"
Information	9/3/2022 1:08:39 PM	Service Control Manager	7036	None	The Windows Modules Installer service entered the running state.
Information	9/3/2022 1:08:32 PM	Service Control Manager	7036	None	The Virtual Disk service entered the running state.
Information	9/3/2022 1:08:32 PM	Virtual Disk Service	3	None	Service started.
Information	9/3/2022 1:08:29 PM	Microsoft-Windows-WindowsUpdateClient	28	Windows Update Agent	Automatic Updates is now resumed.
Information	9/3/2022 1:08:29 PM	Microsoft-Windows-WindowsUpdateClient	28	Windows Update Agent	Automatic Updates is now resumed.
Information	9/3/2022 1:08:26 PM	Service Control Manager	7036	None	The Ec2Config service entered the stopped state.
Error	9/3/2022 1:08:24 PM	Service Control Manager	7031	None	The Amazon SSM Agent service terminated unexpectedly.  It has done this 1 time(s).  The following corrective action will be taken in 30000 milliseconds: Restart the service.
Error	9/3/2022 1:08:24 PM	Service Control Manager	7024	None	The Amazon SSM Agent service terminated with service-specific error Incorrect function..
Information	9/3/2022 1:08:24 PM	Service Control Manager	7036	None	The Amazon SSM Agent service entered the stopped state.
Information	9/3/2022 1:08:11 PM	Microsoft-Windows-Iphlpsvc	4200	None	Isatap interface isatap.{D6227E67-A092-4877-9032-E88BFEDF9BFE} with address fe80::5efe:169.254.238.156 has been brought up.
Information	9/3/2022 1:08:11 PM	Service Control Manager	7036	None	The SNMP Trap service entered the running state.
Information	9/3/2022 1:08:11 PM	Service Control Manager	7036	None	The Distributed Transaction Coordinator service entered the running state.
Information	9/3/2022 1:08:08 PM	Service Control Manager	7036	None	The Windows Font Cache Service service entered the running state.
Information	9/3/2022 1:08:06 PM	Service Control Manager	7036	None	The Diagnostic System Host service entered the running state.
Information	9/3/2022 1:08:06 PM	Service Control Manager	7036	None	The Diagnostic Policy Service service entered the running state.
Information	9/3/2022 1:07:55 PM	Microsoft-Windows-UserPnp	20001	(7005)	Driver Management concluded the process to install driver FileRepository\disk.inf_amd64_neutral_10ce25bbc5a9cc43\disk.inf for Device Instance ID IDE\DISKQEMU_HARDDISK___________________________0.10.2__\5&158EDA0F&0&0.0.0 with the following status: 0x0.
Information	9/3/2022 1:07:55 PM	Microsoft-Windows-UserPnp	20003	(7005)	Driver Management has concluded the process to add Service disk for Device Instance ID IDE\DISKQEMU_HARDDISK___________________________0.10.2__\5&158EDA0F&0&0.0.0 with the following status: 0.
Information	9/3/2022 1:07:55 PM	Service Control Manager	7036	None	The Microsoft .NET Framework NGEN v4.0.30319_X64 service entered the stopped state.
Information	9/3/2022 1:07:55 PM	Service Control Manager	7036	None	The Microsoft .NET Framework NGEN v4.0.30319_X64 service entered the running state.
Information	9/3/2022 1:07:53 PM	Service Control Manager	7036	None	The Microsoft .NET Framework NGEN v4.0.30319_X86 service entered the stopped state.
Information	9/3/2022 1:07:53 PM	Service Control Manager	7036	None	The Microsoft .NET Framework NGEN v4.0.30319_X86 service entered the running state.
Information	9/3/2022 1:07:46 PM	Service Control Manager	7036	None	The Portable Device Enumerator Service service entered the stopped state.
Information	9/3/2022 1:07:38 PM	Microsoft-Windows-UserPnp	20001	(7005)	Driver Management concluded the process to install driver FileRepository\xennet.inf_amd64_neutral_7c7819ad6d8bfad1\xennet.inf for Device Instance ID XENVIF\VEN_XS0001&DEV_NET&REV_0000000B\0 with the following status: 0x0.
Information	9/3/2022 1:07:36 PM	Service Control Manager	7045	None	"A service was installed in the system.

Service Name:  Amazon SSM Agent
Service File Name:  ""C:\Program Files\Amazon\SSM\amazon-ssm-agent.exe""
Service Type:  user mode service
Service Start Type:  auto start
Service Account:  LocalSystem"
Information	9/3/2022 1:07:31 PM	Microsoft-Windows-UserPnp	20003	(7005)	Driver Management has concluded the process to add Service xennet for Device Instance ID XENVIF\VEN_XS0001&DEV_NET&REV_0000000B\0 with the following status: 0.
Information	9/3/2022 1:07:30 PM	Service Control Manager	7045	None	"A service was installed in the system.

Service Name:  AWS PV Network Device
Service File Name:  system32\DRIVERS\xennet.sys
Service Type:  kernel mode driver
Service Start Type:  demand start
Service Account:  "
Information	9/3/2022 1:07:30 PM	Microsoft-Windows-UserPnp	20001	(7005)	Driver Management concluded the process to install driver FileRepository\msmouse.inf_amd64_neutral_7a5f47d3150cc0eb\msmouse.inf for Device Instance ID ACPI\PNP0F13\4&2C352A27&0 with the following status: 0x0.
Information	9/3/2022 1:07:30 PM	Microsoft-Windows-UserPnp	20003	(7005)	Driver Management has concluded the process to add Service mouclass for Device Instance ID ACPI\PNP0F13\4&2C352A27&0 with the following status: 0.
Information	9/3/2022 1:07:29 PM	Microsoft-Windows-UserPnp	20003	(7005)	Driver Management has concluded the process to add Service i8042prt for Device Instance ID ACPI\PNP0F13\4&2C352A27&0 with the following status: 0.
Information	9/3/2022 1:07:22 PM	Microsoft-Windows-WindowsUpdateClient	27	Windows Update Agent	Automatic Updates is now paused.
Information	9/3/2022 1:07:22 PM	Microsoft-Windows-WindowsUpdateClient	28	Windows Update Agent	Automatic Updates is now resumed.
Information	9/3/2022 1:07:19 PM	Microsoft-Windows-UserPnp	20001	(7005)	Driver Management concluded the process to install driver FileRepository\keyboard.inf_amd64_neutral_0684fdc43059f486\keyboard.inf for Device Instance ID ACPI\PNP0303\4&2C352A27&0 with the following status: 0x0.
Information	9/3/2022 1:07:19 PM	Microsoft-Windows-UserPnp	20003	(7005)	Driver Management has concluded the process to add Service kbdclass for Device Instance ID ACPI\PNP0303\4&2C352A27&0 with the following status: 0.
Information	9/3/2022 1:07:19 PM	Microsoft-Windows-UserPnp	20003	(7005)	Driver Management has concluded the process to add Service i8042prt for Device Instance ID ACPI\PNP0303\4&2C352A27&0 with the following status: 0.
Information	9/3/2022 1:07:16 PM	Microsoft-Windows-UserPnp	20001	(7005)	Driver Management concluded the process to install driver FileRepository\xeniface.inf_amd64_neutral_8eeb70b7c861dc98\xeniface.inf for Device Instance ID XENBUS\VEN_XS0001&DEV_IFACE&REV_00000002\_ with the following status: 0x0.
Information	9/3/2022 1:07:16 PM	Microsoft-Windows-UserPnp	20003	(7005)	Driver Management has concluded the process to add Service xeniface for Device Instance ID XENBUS\VEN_XS0001&DEV_IFACE&REV_00000002\_ with the following status: 0.
Information	9/3/2022 1:07:13 PM	Microsoft-Windows-UserPnp	20001	(7005)	Driver Management concluded the process to install driver FileRepository\machine.inf_amd64_neutral_a2f120466549d68b\machine.inf for Device Instance ID ACPI\PNP0C02\1 with the following status: 0x0.
Information	9/3/2022 1:07:12 PM	Microsoft-Windows-UserPnp	20001	(7005)	Driver Management concluded the process to install driver FileRepository\machine.inf_amd64_neutral_a2f120466549d68b\machine.inf for Device Instance ID ACPI\PNP0100\4&2C352A27&0 with the following status: 0x0.
Information	9/3/2022 1:07:12 PM	Microsoft-Windows-UserPnp	20001	(7005)	Driver Management concluded the process to install driver FileRepository\machine.inf_amd64_neutral_a2f120466549d68b\machine.inf for Device Instance ID ACPI\PNP0200\4&2C352A27&0 with the following status: 0x0.
Information	9/3/2022 1:07:11 PM	Microsoft-Windows-UserPnp	20001	(7005)	Driver Management concluded the process to install driver FileRepository\machine.inf_amd64_neutral_a2f120466549d68b\machine.inf for Device Instance ID ACPI\PNP0B00\4&2C352A27&0 with the following status: 0x0.
Information	9/3/2022 1:07:11 PM	Microsoft-Windows-UserPnp	20001	(7005)	Driver Management concluded the process to install driver FileRepository\machine.inf_amd64_neutral_a2f120466549d68b\machine.inf for Device Instance ID ACPI\PNP0000\4&2C352A27&0 with the following status: 0x0.
Information	9/3/2022 1:07:11 PM	Service Control Manager	7036	None	The Ec2Config service entered the running state.
Information	9/3/2022 1:07:10 PM	Microsoft-Windows-UserPnp	20001	(7005)	Driver Management concluded the process to install driver FileRepository\machine.inf_amd64_neutral_a2f120466549d68b\machine.inf for Device Instance ID ACPI\PNP0800\4&2C352A27&0 with the following status: 0x0.
Information	9/3/2022 1:07:07 PM	Microsoft-Windows-UserPnp	20001	(7005)	Driver Management concluded the process to install driver FileRepository\mshdc.inf_amd64_neutral_aad30bdeec04ea5e\mshdc.inf for Device Instance ID PCIIDE\IDECHANNEL\4&80D05ED&0&1 with the following status: 0x0.
Information	9/3/2022 1:07:06 PM	Service Control Manager	7045	None	"A service was installed in the system.

Service Name:  Ec2Config
Service File Name:  ""C:\Program Files\Amazon\Ec2ConfigService\Ec2Config.exe""
Service Type:  user mode service
Service Start Type:  auto start
Service Account:  LocalSystem"
Information	9/3/2022 1:07:04 PM	Microsoft-Windows-UserPnp	20003	(7005)	Driver Management has concluded the process to add Service atapi for Device Instance ID PCIIDE\IDECHANNEL\4&80D05ED&0&1 with the following status: 0.
Information	9/3/2022 1:07:03 PM	Microsoft-Windows-UserPnp	20001	(7005)	Driver Management concluded the process to install driver FileRepository\mshdc.inf_amd64_neutral_aad30bdeec04ea5e\mshdc.inf for Device Instance ID PCIIDE\IDECHANNEL\4&80D05ED&0&0 with the following status: 0x0.
Information	9/3/2022 1:07:02 PM	Microsoft-Windows-UserPnp	20003	(7005)	Driver Management has concluded the process to add Service atapi for Device Instance ID PCIIDE\IDECHANNEL\4&80D05ED&0&0 with the following status: 0.
Information	9/3/2022 1:07:02 PM	Microsoft-Windows-UserPnp	20001	(7005)	Driver Management concluded the process to install driver FileRepository\xenvif.inf_amd64_neutral_d8240854b4048d3b\xenvif.inf for Device Instance ID XENBUS\VEN_XS0001&DEV_VIF&REV_00000002\_ with the following status: 0x0.
Information	9/3/2022 1:07:01 PM	Microsoft-Windows-UserPnp	20003	(7005)	Driver Management has concluded the process to add Service xenvif for Device Instance ID XENBUS\VEN_XS0001&DEV_VIF&REV_00000002\_ with the following status: 0.
Information	9/3/2022 1:07:00 PM	Microsoft-Windows-UserPnp	20001	(7005)	Driver Management concluded the process to install driver FileRepository\fdc.inf_amd64_neutral_bbcfca39fdc02275\fdc.inf for Device Instance ID ACPI\PNP0700\4&2C352A27&0 with the following status: 0x0.
Information	9/3/2022 1:07:00 PM	Microsoft-Windows-UserPnp	20003	(7005)	Driver Management has concluded the process to add Service fdc for Device Instance ID ACPI\PNP0700\4&2C352A27&0 with the following status: 0.
Information	9/3/2022 1:06:57 PM	Microsoft-Windows-WindowsUpdateClient	27	Windows Update Agent	Automatic Updates is now paused.
Information	9/3/2022 1:06:56 PM	Microsoft-Windows-UserPnp	20001	(7005)	Driver Management concluded the process to install driver FileRepository\xenvbd.inf_amd64_neutral_8722c45947cf3dcb\xenvbd.inf for Device Instance ID XENBUS\VEN_XS0001&DEV_VBD&REV_00000001\_ with the following status: 0x0.
Information	9/3/2022 1:06:56 PM	Service Control Manager	7036	None	The Windows Installer service entered the running state.
Information	9/3/2022 1:06:55 PM	Microsoft-Windows-UserPnp	20003	(7005)	Driver Management has concluded the process to add Service xendisk for Device Instance ID XENBUS\VEN_XS0001&DEV_VBD&REV_00000001\_ with the following status: 0.
Information	9/3/2022 1:06:55 PM	Service Control Manager	7045	None	"A service was installed in the system.

Service Name:  AWS PV Storage Filter
Service File Name:  system32\DRIVERS\xendisk.sys
Service Type:  kernel mode driver
Service Start Type:  boot start
Service Account:  "
Information	9/3/2022 1:06:53 PM	Microsoft-Windows-UserPnp	20003	(7005)	Driver Management has concluded the process to add Service xenvbd for Device Instance ID XENBUS\VEN_XS0001&DEV_VBD&REV_00000001\_ with the following status: 0.
Information	9/3/2022 1:06:51 PM	Microsoft-Windows-UserPnp	20001	(7005)	Driver Management concluded the process to install driver FileRepository\monitor.inf_amd64_neutral_ab477c4d805d044f\monitor.inf for Device Instance ID DISPLAY\DEFAULT_MONITOR\4&251819FC&0&12345678&00&02 with the following status: 0x0.
Information	9/3/2022 1:06:49 PM	Microsoft-Windows-UserPnp	20003	(7005)	Driver Management has concluded the process to add Service monitor for Device Instance ID DISPLAY\DEFAULT_MONITOR\4&251819FC&0&12345678&00&02 with the following status: 0.
Information	9/3/2022 1:06:44 PM	Microsoft-Windows-UserPnp	20001	(7005)	Driver Management concluded the process to install driver FileRepository\mshdc.inf_amd64_neutral_aad30bdeec04ea5e\mshdc.inf for Device Instance ID PCI\VEN_8086&DEV_7010&SUBSYS_00015853&REV_00\3&267A616A&0&09 with the following status: 0x0.
Information	9/3/2022 1:06:43 PM	Microsoft-Windows-UserPnp	20003	(7005)	Driver Management has concluded the process to add Service intelide for Device Instance ID PCI\VEN_8086&DEV_7010&SUBSYS_00015853&REV_00\3&267A616A&0&09 with the following status: 0.
Information	9/3/2022 1:06:41 PM	Microsoft-Windows-UserPnp	20001	(7005)	Driver Management concluded the process to install driver FileRepository\machine.inf_amd64_neutral_a2f120466549d68b\machine.inf for Device Instance ID PCI\VEN_8086&DEV_7000&SUBSYS_11001AF4&REV_00\3&267A616A&0&08 with the following status: 0x0.
Information	9/3/2022 1:06:41 PM	Microsoft-Windows-WindowsUpdateClient	27	Windows Update Agent	Automatic Updates is now paused.
Information	9/3/2022 1:06:35 PM	Microsoft-Windows-UserPnp	20003	(7005)	Driver Management has concluded the process to add Service msisadrv for Device Instance ID PCI\VEN_8086&DEV_7000&SUBSYS_11001AF4&REV_00\3&267A616A&0&08 with the following status: 0.
Information	9/3/2022 1:06:35 PM	Microsoft-Windows-UserPnp	20001	(7005)	Driver Management concluded the process to install driver FileRepository\xenbus.inf_amd64_neutral_ead6363277faa25b\xenbus.inf for Device Instance ID PCI\VEN_5853&DEV_0001&SUBSYS_00015853&REV_01\3&267A616A&0&18 with the following status: 0x0.
Information	9/3/2022 1:06:31 PM	Service Control Manager	7036	None	The Windows Update service entered the running state.
Information	9/3/2022 1:06:28 PM	Microsoft-Windows-UserPnp	20003	(7005)	Driver Management has concluded the process to add Service xenfilt for Device Instance ID PCI\VEN_5853&DEV_0001&SUBSYS_00015853&REV_01\3&267A616A&0&18 with the following status: 0.
Information	9/3/2022 1:06:28 PM	Microsoft-Windows-UserPnp	20003	(7005)	Driver Management has concluded the process to add Service xenbus for Device Instance ID PCI\VEN_5853&DEV_0001&SUBSYS_00015853&REV_01\3&267A616A&0&18 with the following status: 0.
Information	9/3/2022 1:06:25 PM	Microsoft-Windows-UserPnp	20001	(7005)	Driver Management concluded the process to install driver FileRepository\machine.inf_amd64_neutral_a2f120466549d68b\machine.inf for Device Instance ID ACPI\PNP0103\0 with the following status: 0x0.
Information	9/3/2022 1:06:24 PM	Microsoft-Windows-UserPnp	20001	(7005)	Driver Management concluded the process to install driver FileRepository\machine.inf_amd64_neutral_a2f120466549d68b\machine.inf for Device Instance ID PCI\VEN_8086&DEV_1237&SUBSYS_11001AF4&REV_02\3&267A616A&0&00 with the following status: 0x0.
Information	9/3/2022 1:06:22 PM	Microsoft-Windows-UserPnp	20001	(7005)	Driver Management concluded the process to install driver FileRepository\display.inf_amd64_neutral_ea1c8215e52777a6\display.inf for Device Instance ID PCI\VEN_1013&DEV_00B8&SUBSYS_00015853&REV_00\3&267A616A&0&10 with the following status: 0x0.
Information	9/3/2022 1:06:21 PM	Microsoft-Windows-UserPnp	20003	(7005)	Driver Management has concluded the process to add Service vga for Device Instance ID PCI\VEN_1013&DEV_00B8&SUBSYS_00015853&REV_00\3&267A616A&0&10 with the following status: 0.
Information	9/3/2022 1:06:18 PM	Microsoft-Windows-UserPnp	20001	(7005)	Driver Management concluded the process to install driver FileRepository\cpu.inf_amd64_neutral_ae5de2e1bf2793c3\cpu.inf for Device Instance ID ACPI\GENUINEINTEL_-_INTEL64_FAMILY_6_MODEL_79_-_INTEL(R)_XEON(R)_CPU_E5-2686_V4_@_2.30GHZ\_2 with the following status: 0x0.
Information	9/3/2022 1:06:18 PM	Microsoft-Windows-UserPnp	20003	(7005)	Driver Management has concluded the process to add Service intelppm for Device Instance ID ACPI\GENUINEINTEL_-_INTEL64_FAMILY_6_MODEL_79_-_INTEL(R)_XEON(R)_CPU_E5-2686_V4_@_2.30GHZ\_2 with the following status: 0.
Information	9/3/2022 1:06:15 PM	Microsoft-Windows-UserPnp	20001	(7005)	Driver Management concluded the process to install driver FileRepository\cpu.inf_amd64_neutral_ae5de2e1bf2793c3\cpu.inf for Device Instance ID ACPI\GENUINEINTEL_-_INTEL64_FAMILY_6_MODEL_79_-_INTEL(R)_XEON(R)_CPU_E5-2686_V4_@_2.30GHZ\_1 with the following status: 0x0.
Information	9/3/2022 1:06:15 PM	Microsoft-Windows-UserPnp	20003	(7005)	Driver Management has concluded the process to add Service intelppm for Device Instance ID ACPI\GENUINEINTEL_-_INTEL64_FAMILY_6_MODEL_79_-_INTEL(R)_XEON(R)_CPU_E5-2686_V4_@_2.30GHZ\_1 with the following status: 0.
Information	9/3/2022 1:06:13 PM	Microsoft-Windows-UserPnp	20001	(7005)	Driver Management concluded the process to install driver FileRepository\machine.inf_amd64_neutral_a2f120466549d68b\machine.inf for Device Instance ID ACPI\PNP0C02\2&DABA3FF&2 with the following status: 0x0.
Information	9/3/2022 1:06:10 PM	Microsoft-Windows-UserPnp	20001	(7005)	Driver Management concluded the process to install driver FileRepository\volume.inf_amd64_neutral_df8bea40ac96ca21\volume.inf for Device Instance ID STORAGE\VOLUME\{52DF1C63-2BC3-11ED-9848-806E6F6E6963}#0000000000100000 with the following status: 0x0.
Information	9/3/2022 1:06:10 PM	Microsoft-Windows-UserPnp	20003	(7005)	Driver Management has concluded the process to add Service volsnap for Device Instance ID STORAGE\VOLUME\{52DF1C63-2BC3-11ED-9848-806E6F6E6963}#0000000000100000 with the following status: 0.
Information	9/3/2022 1:06:08 PM	Microsoft-Windows-UserPnp	20001	(7005)	Driver Management concluded the process to install driver FileRepository\cpu.inf_amd64_neutral_ae5de2e1bf2793c3\cpu.inf for Device Instance ID ACPI\GENUINEINTEL_-_INTEL64_FAMILY_6_MODEL_79_-_INTEL(R)_XEON(R)_CPU_E5-2686_V4_@_2.30GHZ\_3 with the following status: 0x0.
Information	9/3/2022 1:06:08 PM	Microsoft-Windows-UserPnp	20003	(7005)	Driver Management has concluded the process to add Service intelppm for Device Instance ID ACPI\GENUINEINTEL_-_INTEL64_FAMILY_6_MODEL_79_-_INTEL(R)_XEON(R)_CPU_E5-2686_V4_@_2.30GHZ\_3 with the following status: 0.
Information	9/3/2022 1:06:06 PM	Microsoft-Windows-UserPnp	20001	(7005)	Driver Management concluded the process to install driver FileRepository\cpu.inf_amd64_neutral_ae5de2e1bf2793c3\cpu.inf for Device Instance ID ACPI\GENUINEINTEL_-_INTEL64_FAMILY_6_MODEL_79_-_INTEL(R)_XEON(R)_CPU_E5-2686_V4_@_2.30GHZ\_0 with the following status: 0x0.
Information	9/3/2022 1:06:05 PM	Microsoft-Windows-UserPnp	20003	(7005)	Driver Management has concluded the process to add Service intelppm for Device Instance ID ACPI\GENUINEINTEL_-_INTEL64_FAMILY_6_MODEL_79_-_INTEL(R)_XEON(R)_CPU_E5-2686_V4_@_2.30GHZ\_0 with the following status: 0.
Information	9/3/2022 1:05:50 PM	Service Control Manager	7036	None	The IPsec Policy Agent service entered the running state.
Information	9/3/2022 1:05:49 PM	Service Control Manager	7036	None	The Certificate Propagation service entered the running state.
Information	9/3/2022 1:05:49 PM	Service Control Manager	7036	None	The Remote Desktop Configuration service entered the running state.
Information	9/3/2022 1:05:49 PM	Service Control Manager	7036	None	The Remote Desktop Services UserMode Port Redirector service entered the running state.
Information	9/3/2022 1:05:47 PM	Service Control Manager	7036	None	The Application Experience service entered the running state.
Information	9/3/2022 1:05:46 PM	Service Control Manager	7036	None	The Network List Service service entered the running state.
Information	9/3/2022 1:05:46 PM	Service Control Manager	7036	None	The Portable Device Enumerator Service service entered the running state.
Information	9/3/2022 1:05:46 PM	Service Control Manager	7036	None	The Software Protection service entered the running state.
Error	9/3/2022 1:05:41 PM	Service Control Manager	7026	None	"The following boot-start or system-start driver(s) failed to load: 
cdrom
vmhgfs"
Information	9/3/2022 1:05:41 PM	Service Control Manager	7036	None	The wampmysqld service entered the running state.
Information	9/3/2022 1:05:34 PM	Service Control Manager	7036	None	The wampapache service entered the running state.
Information	9/3/2022 1:05:24 PM	Microsoft-Windows-TerminalServices-Licensing	0	None	The Remote Desktop Licensing service has started.
Information	9/3/2022 1:05:23 PM	Service Control Manager	7036	None	The Server service entered the running state.
Warning	9/3/2022 1:05:22 PM	Microsoft-Windows-TerminalServices-Licensing	18	None	"The Remote Desktop license server ""METASPLOITABLE3"" has not been activated and therefore will only issue temporary licenses. To issue permanent licenses, the Remote Desktop license server must be activated."
Information	9/3/2022 1:05:21 PM	Service Control Manager	7036	None	The Remote Desktop Licensing service entered the running state.
Information	9/3/2022 1:05:21 PM	Service Control Manager	7036	None	The Windows Remote Management (WS-Management) service entered the running state.
Information	9/3/2022 1:05:20 PM	Microsoft-Windows-WinRM	10121	None	"The WinRM service has been configured to accept basic authentication for unsecure HTTP connections. 

 This is not a secure configuration. 

 User Action 
 Set AllowUnencrypted to False in WinRM configuration to ensure packets are encrypted on the wire."
Information	9/3/2022 1:05:20 PM	Microsoft-Windows-WinRM	10148	None	"The WinRM service is listening for WS-Management requests. 

 User Action 
 Use the following command to see the specific IPs on which WinRM is listening: 

 winrm enumerate winrm/config/listener"
Information	9/3/2022 1:05:19 PM	Service Control Manager	7036	None	The IP Helper service entered the running state.
Information	9/3/2022 1:05:17 PM	Service Control Manager	7036	None	The World Wide Web Publishing Service service entered the running state.
Information	9/3/2022 1:05:16 PM	Service Control Manager	7036	None	The Windows Process Activation Service service entered the running state.
Information	9/3/2022 1:05:14 PM	Service Control Manager	7036	None	The Windows Licensing Monitoring Service service entered the running state.
Information	9/3/2022 1:05:14 PM	Service Control Manager	7036	None	The Windows Management Instrumentation service entered the running state.
Information	9/3/2022 1:05:08 PM	SNMP	1001	None	The SNMP Service has started successfully.
Information	9/3/2022 1:05:07 PM	Service Control Manager	7036	None	The MEDC Server Component - Apache service entered the running state.
Information	9/3/2022 1:05:01 PM	Service Control Manager	7036	None	The Remote Desktop Services service entered the running state.
Information	9/3/2022 1:05:00 PM	Service Control Manager	7036	None	The Distributed Link Tracking Client service entered the running state.
Information	9/3/2022 1:04:58 PM	Service Control Manager	7036	None	The SNMP Service service entered the running state.
Error	9/3/2022 1:04:58 PM	SNMP	1500	None	The SNMP Service encountered an error while accessing the registry key SYSTEM\CurrentControlSet\Services\SNMP\Parameters\TrapConfiguration.
Information	9/3/2022 1:04:57 PM	Service Control Manager	7036	None	The Remote Registry service entered the running state.
Information	9/3/2022 1:04:57 PM	Service Control Manager	7036	None	The OpenSSH Server service entered the running state.
Information	9/3/2022 1:04:51 PM	Service Control Manager	7036	None	The Network Location Awareness service entered the running state.
Information	9/3/2022 1:04:49 PM	Service Control Manager	7036	None	The jmx service entered the running state.
Information	9/3/2022 1:04:45 PM	Service Control Manager	7036	None	The MEDC Server Component - Notification Server service entered the running state.
Information	9/3/2022 1:04:40 PM	Service Control Manager	7036	None	The jenkins service entered the running state.
Information	9/3/2022 1:04:24 PM	Service Control Manager	7036	None	The Elasticsearch 1.1.1 (elasticsearch-service-x64) service entered the running state.
Information	9/3/2022 1:04:16 PM	Service Control Manager	7036	None	The ManageEngine Desktop Central Server service entered the running state.
Information	9/3/2022 1:04:02 PM	Service Control Manager	7036	None	The Microsoft FTP Service service entered the running state.
Information	9/3/2022 1:04:02 PM	Service Control Manager	7036	None	The domain1 GlassFish Server service entered the running state.
Information	9/3/2022 1:04:00 PM	Service Control Manager	7036	None	The IKE and AuthIP IPsec Keying Modules service entered the running state.
Information	9/3/2022 1:03:58 PM	Service Control Manager	7036	None	The EC2VMInstall service entered the running state.
Information	9/3/2022 1:03:39 PM	Service Control Manager	7036	None	The Application Host Helper Service service entered the running state.
Information	9/3/2022 1:03:37 PM	Service Control Manager	7036	None	The Cryptographic Services service entered the running state.
Information	9/3/2022 1:03:36 PM	Service Control Manager	7036	None	The AWS Lite Guest Agent service entered the running state.
Information	9/3/2022 1:03:36 PM	Service Control Manager	7036	None	The Print Spooler service entered the running state.
Information	9/3/2022 1:03:33 PM	Service Control Manager	7036	None	The Security Accounts Manager service entered the running state.
Information	9/3/2022 1:03:33 PM	Service Control Manager	7036	None	The Workstation service entered the running state.
Information	9/3/2022 1:03:31 PM	Service Control Manager	7036	None	The Windows Firewall service entered the running state.
Information	9/3/2022 1:03:30 PM	Service Control Manager	7036	None	The Base Filtering Engine service entered the running state.
Information	9/3/2022 1:03:28 PM	Service Control Manager	7036	None	The Task Scheduler service entered the running state.
