Audit Success	9/3/2022 10:56:19 AM	Microsoft-Windows-Security-Auditing	4624	Logon	"An account was successfully logged on.

Subject:
	Security ID:		SYSTEM
	Account Name:		METASPLOITABLE3$
	Account Domain:		WORKGROUP
	Logon ID:		0x3e7

Logon Type:			5

New Logon:
	Security ID:		SYSTEM
	Account Name:		SYSTEM
	Account Domain:		NT AUTHORITY
	Logon ID:		0x3e7
	Logon GUID:		{00000000-0000-0000-0000-000000000000}

Process Information:
	Process ID:		0x1ec
	Process Name:		C:\Windows\System32\services.exe

Network Information:
	Workstation Name:	
	Source Network Address:	-
	Source Port:		-

Detailed Authentication Information:
	Logon Process:		Advapi  
	Authentication Package:	Negotiate
	Transited Services:	-
	Package Name (NTLM only):	-
	Key Length:		0

This event is generated when a logon session is created. It is generated on the computer that was accessed.

The subject fields indicate the account on the local system which requested the logon. This is most commonly a service such as the Server service, or a local process such as Winlogon.exe or Services.exe.

The logon type field indicates the kind of logon that occurred. The most common types are 2 (interactive) and 3 (network).

The New Logon fields indicate the account for whom the new logon was created, i.e. the account that was logged on.

The network fields indicate where a remote logon request originated. Workstation name is not always available and may be left blank in some cases.

The authentication information fields provide detailed information about this specific logon request.
	- Logon GUID is a unique identifier that can be used to correlate this event with a KDC event.
	- Transited services indicate which intermediate services have participated in this logon request.
	- Package name indicates which sub-protocol was used among the NTLM protocols.
	- Key length indicates the length of the generated session key. This will be 0 if no session key was requested."
Audit Success	9/3/2022 10:56:19 AM	Microsoft-Windows-Security-Auditing	4672	Special Logon	"Special privileges assigned to new logon.

Subject:
	Security ID:		SYSTEM
	Account Name:		SYSTEM
	Account Domain:		NT AUTHORITY
	Logon ID:		0x3e7

Privileges:		SeAssignPrimaryTokenPrivilege
			SeTcbPrivilege
			SeSecurityPrivilege
			SeTakeOwnershipPrivilege
			SeLoadDriverPrivilege
			SeBackupPrivilege
			SeRestorePrivilege
			SeDebugPrivilege
			SeAuditPrivilege
			SeSystemEnvironmentPrivilege
			SeImpersonatePrivilege"
Audit Success	9/3/2022 10:56:19 AM	Microsoft-Windows-Security-Auditing	4624	Logon	"An account was successfully logged on.

Subject:
	Security ID:		SYSTEM
	Account Name:		METASPLOITABLE3$
	Account Domain:		WORKGROUP
	Logon ID:		0x3e7

Logon Type:			5

New Logon:
	Security ID:		SYSTEM
	Account Name:		SYSTEM
	Account Domain:		NT AUTHORITY
	Logon ID:		0x3e7
	Logon GUID:		{00000000-0000-0000-0000-000000000000}

Process Information:
	Process ID:		0x1ec
	Process Name:		C:\Windows\System32\services.exe

Network Information:
	Workstation Name:	
	Source Network Address:	-
	Source Port:		-

Detailed Authentication Information:
	Logon Process:		Advapi  
	Authentication Package:	Negotiate
	Transited Services:	-
	Package Name (NTLM only):	-
	Key Length:		0

This event is generated when a logon session is created. It is generated on the computer that was accessed.

The subject fields indicate the account on the local system which requested the logon. This is most commonly a service such as the Server service, or a local process such as Winlogon.exe or Services.exe.

The logon type field indicates the kind of logon that occurred. The most common types are 2 (interactive) and 3 (network).

The New Logon fields indicate the account for whom the new logon was created, i.e. the account that was logged on.

The network fields indicate where a remote logon request originated. Workstation name is not always available and may be left blank in some cases.

The authentication information fields provide detailed information about this specific logon request.
	- Logon GUID is a unique identifier that can be used to correlate this event with a KDC event.
	- Transited services indicate which intermediate services have participated in this logon request.
	- Package name indicates which sub-protocol was used among the NTLM protocols.
	- Key length indicates the length of the generated session key. This will be 0 if no session key was requested."
Audit Success	9/3/2022 10:56:19 AM	Microsoft-Windows-Security-Auditing	5033	Other System Events	The Windows Firewall Driver started successfully.
Audit Success	9/3/2022 10:56:19 AM	Microsoft-Windows-Security-Auditing	4672	Special Logon	"Special privileges assigned to new logon.

Subject:
	Security ID:		SYSTEM
	Account Name:		SYSTEM
	Account Domain:		NT AUTHORITY
	Logon ID:		0x3e7

Privileges:		SeAssignPrimaryTokenPrivilege
			SeTcbPrivilege
			SeSecurityPrivilege
			SeTakeOwnershipPrivilege
			SeLoadDriverPrivilege
			SeBackupPrivilege
			SeRestorePrivilege
			SeDebugPrivilege
			SeAuditPrivilege
			SeSystemEnvironmentPrivilege
			SeImpersonatePrivilege"
Audit Success	9/3/2022 10:56:19 AM	Microsoft-Windows-Security-Auditing	4624	Logon	"An account was successfully logged on.

Subject:
	Security ID:		SYSTEM
	Account Name:		METASPLOITABLE3$
	Account Domain:		WORKGROUP
	Logon ID:		0x3e7

Logon Type:			5

New Logon:
	Security ID:		SYSTEM
	Account Name:		SYSTEM
	Account Domain:		NT AUTHORITY
	Logon ID:		0x3e7
	Logon GUID:		{00000000-0000-0000-0000-000000000000}

Process Information:
	Process ID:		0x1ec
	Process Name:		C:\Windows\System32\services.exe

Network Information:
	Workstation Name:	
	Source Network Address:	-
	Source Port:		-

Detailed Authentication Information:
	Logon Process:		Advapi  
	Authentication Package:	Negotiate
	Transited Services:	-
	Package Name (NTLM only):	-
	Key Length:		0

This event is generated when a logon session is created. It is generated on the computer that was accessed.

The subject fields indicate the account on the local system which requested the logon. This is most commonly a service such as the Server service, or a local process such as Winlogon.exe or Services.exe.

The logon type field indicates the kind of logon that occurred. The most common types are 2 (interactive) and 3 (network).

The New Logon fields indicate the account for whom the new logon was created, i.e. the account that was logged on.

The network fields indicate where a remote logon request originated. Workstation name is not always available and may be left blank in some cases.

The authentication information fields provide detailed information about this specific logon request.
	- Logon GUID is a unique identifier that can be used to correlate this event with a KDC event.
	- Transited services indicate which intermediate services have participated in this logon request.
	- Package name indicates which sub-protocol was used among the NTLM protocols.
	- Key length indicates the length of the generated session key. This will be 0 if no session key was requested."
Audit Success	9/3/2022 10:56:19 AM	Microsoft-Windows-Security-Auditing	4672	Special Logon	"Special privileges assigned to new logon.

Subject:
	Security ID:		SYSTEM
	Account Name:		SYSTEM
	Account Domain:		NT AUTHORITY
	Logon ID:		0x3e7

Privileges:		SeAssignPrimaryTokenPrivilege
			SeTcbPrivilege
			SeSecurityPrivilege
			SeTakeOwnershipPrivilege
			SeLoadDriverPrivilege
			SeBackupPrivilege
			SeRestorePrivilege
			SeDebugPrivilege
			SeAuditPrivilege
			SeSystemEnvironmentPrivilege
			SeImpersonatePrivilege"
Audit Success	9/3/2022 10:56:19 AM	Microsoft-Windows-Security-Auditing	4624	Logon	"An account was successfully logged on.

Subject:
	Security ID:		SYSTEM
	Account Name:		METASPLOITABLE3$
	Account Domain:		WORKGROUP
	Logon ID:		0x3e7

Logon Type:			5

New Logon:
	Security ID:		SYSTEM
	Account Name:		SYSTEM
	Account Domain:		NT AUTHORITY
	Logon ID:		0x3e7
	Logon GUID:		{00000000-0000-0000-0000-000000000000}

Process Information:
	Process ID:		0x1ec
	Process Name:		C:\Windows\System32\services.exe

Network Information:
	Workstation Name:	
	Source Network Address:	-
	Source Port:		-

Detailed Authentication Information:
	Logon Process:		Advapi  
	Authentication Package:	Negotiate
	Transited Services:	-
	Package Name (NTLM only):	-
	Key Length:		0

This event is generated when a logon session is created. It is generated on the computer that was accessed.

The subject fields indicate the account on the local system which requested the logon. This is most commonly a service such as the Server service, or a local process such as Winlogon.exe or Services.exe.

The logon type field indicates the kind of logon that occurred. The most common types are 2 (interactive) and 3 (network).

The New Logon fields indicate the account for whom the new logon was created, i.e. the account that was logged on.

The network fields indicate where a remote logon request originated. Workstation name is not always available and may be left blank in some cases.

The authentication information fields provide detailed information about this specific logon request.
	- Logon GUID is a unique identifier that can be used to correlate this event with a KDC event.
	- Transited services indicate which intermediate services have participated in this logon request.
	- Package name indicates which sub-protocol was used among the NTLM protocols.
	- Key length indicates the length of the generated session key. This will be 0 if no session key was requested."
Audit Success	9/3/2022 10:56:19 AM	Microsoft-Windows-Security-Auditing	4672	Special Logon	"Special privileges assigned to new logon.

Subject:
	Security ID:		LOCAL SERVICE
	Account Name:		LOCAL SERVICE
	Account Domain:		NT AUTHORITY
	Logon ID:		0x3e5

Privileges:		SeAssignPrimaryTokenPrivilege
			SeAuditPrivilege
			SeImpersonatePrivilege"
Audit Success	9/3/2022 10:56:19 AM	Microsoft-Windows-Security-Auditing	4624	Logon	"An account was successfully logged on.

Subject:
	Security ID:		SYSTEM
	Account Name:		METASPLOITABLE3$
	Account Domain:		WORKGROUP
	Logon ID:		0x3e7

Logon Type:			5

New Logon:
	Security ID:		LOCAL SERVICE
	Account Name:		LOCAL SERVICE
	Account Domain:		NT AUTHORITY
	Logon ID:		0x3e5
	Logon GUID:		{00000000-0000-0000-0000-000000000000}

Process Information:
	Process ID:		0x1ec
	Process Name:		C:\Windows\System32\services.exe

Network Information:
	Workstation Name:	
	Source Network Address:	-
	Source Port:		-

Detailed Authentication Information:
	Logon Process:		Advapi  
	Authentication Package:	Negotiate
	Transited Services:	-
	Package Name (NTLM only):	-
	Key Length:		0

This event is generated when a logon session is created. It is generated on the computer that was accessed.

The subject fields indicate the account on the local system which requested the logon. This is most commonly a service such as the Server service, or a local process such as Winlogon.exe or Services.exe.

The logon type field indicates the kind of logon that occurred. The most common types are 2 (interactive) and 3 (network).

The New Logon fields indicate the account for whom the new logon was created, i.e. the account that was logged on.

The network fields indicate where a remote logon request originated. Workstation name is not always available and may be left blank in some cases.

The authentication information fields provide detailed information about this specific logon request.
	- Logon GUID is a unique identifier that can be used to correlate this event with a KDC event.
	- Transited services indicate which intermediate services have participated in this logon request.
	- Package name indicates which sub-protocol was used among the NTLM protocols.
	- Key length indicates the length of the generated session key. This will be 0 if no session key was requested."
Audit Success	9/3/2022 10:56:19 AM	Microsoft-Windows-Security-Auditing	4672	Special Logon	"Special privileges assigned to new logon.

Subject:
	Security ID:		NETWORK SERVICE
	Account Name:		NETWORK SERVICE
	Account Domain:		NT AUTHORITY
	Logon ID:		0x3e4

Privileges:		SeAssignPrimaryTokenPrivilege
			SeAuditPrivilege
			SeImpersonatePrivilege"
Audit Success	9/3/2022 10:56:19 AM	Microsoft-Windows-Security-Auditing	4624	Logon	"An account was successfully logged on.

Subject:
	Security ID:		SYSTEM
	Account Name:		METASPLOITABLE3$
	Account Domain:		WORKGROUP
	Logon ID:		0x3e7

Logon Type:			5

New Logon:
	Security ID:		NETWORK SERVICE
	Account Name:		NETWORK SERVICE
	Account Domain:		NT AUTHORITY
	Logon ID:		0x3e4
	Logon GUID:		{00000000-0000-0000-0000-000000000000}

Process Information:
	Process ID:		0x1ec
	Process Name:		C:\Windows\System32\services.exe

Network Information:
	Workstation Name:	
	Source Network Address:	-
	Source Port:		-

Detailed Authentication Information:
	Logon Process:		Advapi  
	Authentication Package:	Negotiate
	Transited Services:	-
	Package Name (NTLM only):	-
	Key Length:		0

This event is generated when a logon session is created. It is generated on the computer that was accessed.

The subject fields indicate the account on the local system which requested the logon. This is most commonly a service such as the Server service, or a local process such as Winlogon.exe or Services.exe.

The logon type field indicates the kind of logon that occurred. The most common types are 2 (interactive) and 3 (network).

The New Logon fields indicate the account for whom the new logon was created, i.e. the account that was logged on.

The network fields indicate where a remote logon request originated. Workstation name is not always available and may be left blank in some cases.

The authentication information fields provide detailed information about this specific logon request.
	- Logon GUID is a unique identifier that can be used to correlate this event with a KDC event.
	- Transited services indicate which intermediate services have participated in this logon request.
	- Package name indicates which sub-protocol was used among the NTLM protocols.
	- Key length indicates the length of the generated session key. This will be 0 if no session key was requested."
Audit Success	9/3/2022 10:56:19 AM	Microsoft-Windows-Security-Auditing	4672	Special Logon	"Special privileges assigned to new logon.

Subject:
	Security ID:		SYSTEM
	Account Name:		SYSTEM
	Account Domain:		NT AUTHORITY
	Logon ID:		0x3e7

Privileges:		SeAssignPrimaryTokenPrivilege
			SeTcbPrivilege
			SeSecurityPrivilege
			SeTakeOwnershipPrivilege
			SeLoadDriverPrivilege
			SeBackupPrivilege
			SeRestorePrivilege
			SeDebugPrivilege
			SeAuditPrivilege
			SeSystemEnvironmentPrivilege
			SeImpersonatePrivilege"
Audit Success	9/3/2022 10:56:19 AM	Microsoft-Windows-Security-Auditing	4624	Logon	"An account was successfully logged on.

Subject:
	Security ID:		SYSTEM
	Account Name:		METASPLOITABLE3$
	Account Domain:		WORKGROUP
	Logon ID:		0x3e7

Logon Type:			5

New Logon:
	Security ID:		SYSTEM
	Account Name:		SYSTEM
	Account Domain:		NT AUTHORITY
	Logon ID:		0x3e7
	Logon GUID:		{00000000-0000-0000-0000-000000000000}

Process Information:
	Process ID:		0x1ec
	Process Name:		C:\Windows\System32\services.exe

Network Information:
	Workstation Name:	
	Source Network Address:	-
	Source Port:		-

Detailed Authentication Information:
	Logon Process:		Advapi  
	Authentication Package:	Negotiate
	Transited Services:	-
	Package Name (NTLM only):	-
	Key Length:		0

This event is generated when a logon session is created. It is generated on the computer that was accessed.

The subject fields indicate the account on the local system which requested the logon. This is most commonly a service such as the Server service, or a local process such as Winlogon.exe or Services.exe.

The logon type field indicates the kind of logon that occurred. The most common types are 2 (interactive) and 3 (network).

The New Logon fields indicate the account for whom the new logon was created, i.e. the account that was logged on.

The network fields indicate where a remote logon request originated. Workstation name is not always available and may be left blank in some cases.

The authentication information fields provide detailed information about this specific logon request.
	- Logon GUID is a unique identifier that can be used to correlate this event with a KDC event.
	- Transited services indicate which intermediate services have participated in this logon request.
	- Package name indicates which sub-protocol was used among the NTLM protocols.
	- Key length indicates the length of the generated session key. This will be 0 if no session key was requested."
Audit Success	9/3/2022 10:56:19 AM	Microsoft-Windows-Security-Auditing	4902	Audit Policy Change	"The Per-user audit policy table was created.

Number of Elements:	0
Policy ID:	0x545d"
Audit Success	9/3/2022 10:56:19 AM	Microsoft-Windows-Security-Auditing	4624	Logon	"An account was successfully logged on.

Subject:
	Security ID:		NULL SID
	Account Name:		-
	Account Domain:		-
	Logon ID:		0x0

Logon Type:			0

New Logon:
	Security ID:		SYSTEM
	Account Name:		SYSTEM
	Account Domain:		NT AUTHORITY
	Logon ID:		0x3e7
	Logon GUID:		{00000000-0000-0000-0000-000000000000}

Process Information:
	Process ID:		0x4
	Process Name:		

Network Information:
	Workstation Name:	-
	Source Network Address:	-
	Source Port:		-

Detailed Authentication Information:
	Logon Process:		-
	Authentication Package:	-
	Transited Services:	-
	Package Name (NTLM only):	-
	Key Length:		0

This event is generated when a logon session is created. It is generated on the computer that was accessed.

The subject fields indicate the account on the local system which requested the logon. This is most commonly a service such as the Server service, or a local process such as Winlogon.exe or Services.exe.

The logon type field indicates the kind of logon that occurred. The most common types are 2 (interactive) and 3 (network).

The New Logon fields indicate the account for whom the new logon was created, i.e. the account that was logged on.

The network fields indicate where a remote logon request originated. Workstation name is not always available and may be left blank in some cases.

The authentication information fields provide detailed information about this specific logon request.
	- Logon GUID is a unique identifier that can be used to correlate this event with a KDC event.
	- Transited services indicate which intermediate services have participated in this logon request.
	- Package name indicates which sub-protocol was used among the NTLM protocols.
	- Key length indicates the length of the generated session key. This will be 0 if no session key was requested."
Audit Success	9/3/2022 10:56:19 AM	Microsoft-Windows-Security-Auditing	4608	Security State Change	"Windows is starting up.

This event is logged when LSASS.EXE starts and the auditing subsystem is initialized."
Audit Success	9/3/2022 10:56:06 AM	Microsoft-Windows-Eventlog	1100	Service shutdown	The event logging service has shut down.
Audit Success	9/3/2022 10:56:00 AM	Microsoft-Windows-Security-Auditing	4672	Special Logon	"Special privileges assigned to new logon.

Subject:
	Security ID:		SYSTEM
	Account Name:		SYSTEM
	Account Domain:		NT AUTHORITY
	Logon ID:		0x3e7

Privileges:		SeAssignPrimaryTokenPrivilege
			SeTcbPrivilege
			SeSecurityPrivilege
			SeTakeOwnershipPrivilege
			SeLoadDriverPrivilege
			SeBackupPrivilege
			SeRestorePrivilege
			SeDebugPrivilege
			SeAuditPrivilege
			SeSystemEnvironmentPrivilege
			SeImpersonatePrivilege"
Audit Success	9/3/2022 10:56:00 AM	Microsoft-Windows-Security-Auditing	4624	Logon	"An account was successfully logged on.

Subject:
	Security ID:		SYSTEM
	Account Name:		METASPLOITABLE3$
	Account Domain:		WORKGROUP
	Logon ID:		0x3e7

Logon Type:			5

New Logon:
	Security ID:		SYSTEM
	Account Name:		SYSTEM
	Account Domain:		NT AUTHORITY
	Logon ID:		0x3e7
	Logon GUID:		{00000000-0000-0000-0000-000000000000}

Process Information:
	Process ID:		0x1f0
	Process Name:		C:\Windows\System32\services.exe

Network Information:
	Workstation Name:	
	Source Network Address:	-
	Source Port:		-

Detailed Authentication Information:
	Logon Process:		Advapi  
	Authentication Package:	Negotiate
	Transited Services:	-
	Package Name (NTLM only):	-
	Key Length:		0

This event is generated when a logon session is created. It is generated on the computer that was accessed.

The subject fields indicate the account on the local system which requested the logon. This is most commonly a service such as the Server service, or a local process such as Winlogon.exe or Services.exe.

The logon type field indicates the kind of logon that occurred. The most common types are 2 (interactive) and 3 (network).

The New Logon fields indicate the account for whom the new logon was created, i.e. the account that was logged on.

The network fields indicate where a remote logon request originated. Workstation name is not always available and may be left blank in some cases.

The authentication information fields provide detailed information about this specific logon request.
	- Logon GUID is a unique identifier that can be used to correlate this event with a KDC event.
	- Transited services indicate which intermediate services have participated in this logon request.
	- Package name indicates which sub-protocol was used among the NTLM protocols.
	- Key length indicates the length of the generated session key. This will be 0 if no session key was requested."
Audit Success	9/3/2022 10:55:59 AM	Microsoft-Windows-Security-Auditing	4647	Logoff	"User initiated logoff:

Subject:
	Security ID:		METASPLOITABLE3\vagrant
	Account Name:		vagrant
	Account Domain:		METASPLOITABLE3
	Logon ID:		0x3979c

This event is generated when a logoff is initiated. No further user-initiated activity can occur. This event can be interpreted as a logoff event."
Audit Success	9/3/2022 10:53:42 AM	Microsoft-Windows-Security-Auditing	4672	Special Logon	"Special privileges assigned to new logon.

Subject:
	Security ID:		SYSTEM
	Account Name:		SYSTEM
	Account Domain:		NT AUTHORITY
	Logon ID:		0x3e7

Privileges:		SeAssignPrimaryTokenPrivilege
			SeTcbPrivilege
			SeSecurityPrivilege
			SeTakeOwnershipPrivilege
			SeLoadDriverPrivilege
			SeBackupPrivilege
			SeRestorePrivilege
			SeDebugPrivilege
			SeAuditPrivilege
			SeSystemEnvironmentPrivilege
			SeImpersonatePrivilege"
Audit Success	9/3/2022 10:53:42 AM	Microsoft-Windows-Security-Auditing	4624	Logon	"An account was successfully logged on.

Subject:
	Security ID:		SYSTEM
	Account Name:		METASPLOITABLE3$
	Account Domain:		WORKGROUP
	Logon ID:		0x3e7

Logon Type:			5

New Logon:
	Security ID:		SYSTEM
	Account Name:		SYSTEM
	Account Domain:		NT AUTHORITY
	Logon ID:		0x3e7
	Logon GUID:		{00000000-0000-0000-0000-000000000000}

Process Information:
	Process ID:		0x1f0
	Process Name:		C:\Windows\System32\services.exe

Network Information:
	Workstation Name:	
	Source Network Address:	-
	Source Port:		-

Detailed Authentication Information:
	Logon Process:		Advapi  
	Authentication Package:	Negotiate
	Transited Services:	-
	Package Name (NTLM only):	-
	Key Length:		0

This event is generated when a logon session is created. It is generated on the computer that was accessed.

The subject fields indicate the account on the local system which requested the logon. This is most commonly a service such as the Server service, or a local process such as Winlogon.exe or Services.exe.

The logon type field indicates the kind of logon that occurred. The most common types are 2 (interactive) and 3 (network).

The New Logon fields indicate the account for whom the new logon was created, i.e. the account that was logged on.

The network fields indicate where a remote logon request originated. Workstation name is not always available and may be left blank in some cases.

The authentication information fields provide detailed information about this specific logon request.
	- Logon GUID is a unique identifier that can be used to correlate this event with a KDC event.
	- Transited services indicate which intermediate services have participated in this logon request.
	- Package name indicates which sub-protocol was used among the NTLM protocols.
	- Key length indicates the length of the generated session key. This will be 0 if no session key was requested."
Audit Success	9/3/2022 10:53:42 AM	Microsoft-Windows-Security-Auditing	4672	Special Logon	"Special privileges assigned to new logon.

Subject:
	Security ID:		SYSTEM
	Account Name:		SYSTEM
	Account Domain:		NT AUTHORITY
	Logon ID:		0x3e7

Privileges:		SeAssignPrimaryTokenPrivilege
			SeTcbPrivilege
			SeSecurityPrivilege
			SeTakeOwnershipPrivilege
			SeLoadDriverPrivilege
			SeBackupPrivilege
			SeRestorePrivilege
			SeDebugPrivilege
			SeAuditPrivilege
			SeSystemEnvironmentPrivilege
			SeImpersonatePrivilege"
Audit Success	9/3/2022 10:53:42 AM	Microsoft-Windows-Security-Auditing	4624	Logon	"An account was successfully logged on.

Subject:
	Security ID:		SYSTEM
	Account Name:		METASPLOITABLE3$
	Account Domain:		WORKGROUP
	Logon ID:		0x3e7

Logon Type:			5

New Logon:
	Security ID:		SYSTEM
	Account Name:		SYSTEM
	Account Domain:		NT AUTHORITY
	Logon ID:		0x3e7
	Logon GUID:		{00000000-0000-0000-0000-000000000000}

Process Information:
	Process ID:		0x1f0
	Process Name:		C:\Windows\System32\services.exe

Network Information:
	Workstation Name:	
	Source Network Address:	-
	Source Port:		-

Detailed Authentication Information:
	Logon Process:		Advapi  
	Authentication Package:	Negotiate
	Transited Services:	-
	Package Name (NTLM only):	-
	Key Length:		0

This event is generated when a logon session is created. It is generated on the computer that was accessed.

The subject fields indicate the account on the local system which requested the logon. This is most commonly a service such as the Server service, or a local process such as Winlogon.exe or Services.exe.

The logon type field indicates the kind of logon that occurred. The most common types are 2 (interactive) and 3 (network).

The New Logon fields indicate the account for whom the new logon was created, i.e. the account that was logged on.

The network fields indicate where a remote logon request originated. Workstation name is not always available and may be left blank in some cases.

The authentication information fields provide detailed information about this specific logon request.
	- Logon GUID is a unique identifier that can be used to correlate this event with a KDC event.
	- Transited services indicate which intermediate services have participated in this logon request.
	- Package name indicates which sub-protocol was used among the NTLM protocols.
	- Key length indicates the length of the generated session key. This will be 0 if no session key was requested."
Audit Success	9/3/2022 10:53:41 AM	Microsoft-Windows-Security-Auditing	4735	Security Group Management	"A security-enabled local group was changed.

Subject:
	Security ID:		SYSTEM
	Account Name:		METASPLOITABLE3$
	Account Domain:		WORKGROUP
	Logon ID:		0x3e7

Group:
	Security ID:		METASPLOITABLE3\Terminal Server Computers
	Group Name:		Terminal Server Computers
	Group Domain:		METASPLOITABLE3

Changed Attributes:
	SAM Account Name:	-
	SID History:		-

Additional Information:
	Privileges:		-"
Audit Success	9/3/2022 10:53:41 AM	Microsoft-Windows-Security-Auditing	4731	Security Group Management	"A security-enabled local group was created.

Subject:
	Security ID:		SYSTEM
	Account Name:		METASPLOITABLE3$
	Account Domain:		WORKGROUP
	Logon ID:		0x3e7

New Group:
	Security ID:		METASPLOITABLE3\Terminal Server Computers
	Group Name:		Terminal Server Computers
	Group Domain:		METASPLOITABLE3

Attributes:
	SAM Account Name:	Terminal Server Computers
	SID History:		-

Additional Information:
	Privileges:		-"
Audit Success	9/3/2022 10:53:41 AM	Microsoft-Windows-Security-Auditing	4907	Audit Policy Change	"Auditing settings on object were changed.

Subject:
	Security ID:		SYSTEM
	Account Name:		METASPLOITABLE3$
	Account Domain:		WORKGROUP
	Logon ID:		0x3e7

Object:
	Object Server:	Security
	Object Type:	File
	Object Name:	C:\Windows\System32\migration\TlsRepPlugin.dll
	Handle ID:	0x4a0

Process Information:
	Process ID:	0x1328
	Process Name:	C:\Windows\servicing\TrustedInstaller.exe

Auditing Settings:
	Original Security Descriptor:	
	New Security Descriptor:		S:ARAI(AU;SAFA;DCLCRPCRSDWDWO;;;WD)"
Audit Success	9/3/2022 10:53:41 AM	Microsoft-Windows-Security-Auditing	4907	Audit Policy Change	"Auditing settings on object were changed.

Subject:
	Security ID:		SYSTEM
	Account Name:		METASPLOITABLE3$
	Account Domain:		WORKGROUP
	Logon ID:		0x3e7

Object:
	Object Server:	Security
	Object Type:	File
	Object Name:	C:\Windows\System32\en-US\tlswmiprov.dll.mui
	Handle ID:	0x5cc

Process Information:
	Process ID:	0x1328
	Process Name:	C:\Windows\servicing\TrustedInstaller.exe

Auditing Settings:
	Original Security Descriptor:	
	New Security Descriptor:		S:ARAI(AU;SAFA;DCLCRPCRSDWDWO;;;WD)"
Audit Success	9/3/2022 10:53:41 AM	Microsoft-Windows-Security-Auditing	4907	Audit Policy Change	"Auditing settings on object were changed.

Subject:
	Security ID:		SYSTEM
	Account Name:		METASPLOITABLE3$
	Account Domain:		WORKGROUP
	Logon ID:		0x3e7

Object:
	Object Server:	Security
	Object Type:	File
	Object Name:	C:\Windows\System32\en-US\licmgr.exe.mui
	Handle ID:	0x5c4

Process Information:
	Process ID:	0x1328
	Process Name:	C:\Windows\servicing\TrustedInstaller.exe

Auditing Settings:
	Original Security Descriptor:	
	New Security Descriptor:		S:ARAI(AU;SAFA;DCLCRPCRSDWDWO;;;WD)"
Audit Success	9/3/2022 10:53:41 AM	Microsoft-Windows-Security-Auditing	4907	Audit Policy Change	"Auditing settings on object were changed.

Subject:
	Security ID:		SYSTEM
	Account Name:		METASPLOITABLE3$
	Account Domain:		WORKGROUP
	Logon ID:		0x3e7

Object:
	Object Server:	Security
	Object Type:	File
	Object Name:	C:\Windows\System32\en-US\tlsarwapi.dll.mui
	Handle ID:	0x4a4

Process Information:
	Process ID:	0x1328
	Process Name:	C:\Windows\servicing\TrustedInstaller.exe

Auditing Settings:
	Original Security Descriptor:	
	New Security Descriptor:		S:ARAI(AU;SAFA;DCLCRPCRSDWDWO;;;WD)"
Audit Success	9/3/2022 10:53:41 AM	Microsoft-Windows-Security-Auditing	4907	Audit Policy Change	"Auditing settings on object were changed.

Subject:
	Security ID:		SYSTEM
	Account Name:		METASPLOITABLE3$
	Account Domain:		WORKGROUP
	Logon ID:		0x3e7

Object:
	Object Server:	Security
	Object Type:	File
	Object Name:	C:\Windows\System32\en-US\lserver.dll.mui
	Handle ID:	0x4a0

Process Information:
	Process ID:	0x1328
	Process Name:	C:\Windows\servicing\TrustedInstaller.exe

Auditing Settings:
	Original Security Descriptor:	
	New Security Descriptor:		S:ARAI(AU;SAFA;DCLCRPCRSDWDWO;;;WD)"
Audit Success	9/3/2022 10:53:41 AM	Microsoft-Windows-Security-Auditing	4907	Audit Policy Change	"Auditing settings on object were changed.

Subject:
	Security ID:		SYSTEM
	Account Name:		METASPLOITABLE3$
	Account Domain:		WORKGROUP
	Logon ID:		0x3e7

Object:
	Object Server:	Security
	Object Type:	File
	Object Name:	C:\Windows\System32\en-US\lrwizdll.dll.mui
	Handle ID:	0x5cc

Process Information:
	Process ID:	0x1328
	Process Name:	C:\Windows\servicing\TrustedInstaller.exe

Auditing Settings:
	Original Security Descriptor:	
	New Security Descriptor:		S:ARAI(AU;SAFA;DCLCRPCRSDWDWO;;;WD)"
Audit Success	9/3/2022 10:53:41 AM	Microsoft-Windows-Security-Auditing	4907	Audit Policy Change	"Auditing settings on object were changed.

Subject:
	Security ID:		SYSTEM
	Account Name:		METASPLOITABLE3$
	Account Domain:		WORKGROUP
	Logon ID:		0x3e7

Object:
	Object Server:	Security
	Object Type:	File
	Object Name:	C:\Windows\System32\en-US\tls236.dll.mui
	Handle ID:	0x5c4

Process Information:
	Process ID:	0x1328
	Process Name:	C:\Windows\servicing\TrustedInstaller.exe

Auditing Settings:
	Original Security Descriptor:	
	New Security Descriptor:		S:ARAI(AU;SAFA;DCLCRPCRSDWDWO;;;WD)"
Audit Success	9/3/2022 10:53:41 AM	Microsoft-Windows-Security-Auditing	4907	Audit Policy Change	"Auditing settings on object were changed.

Subject:
	Security ID:		SYSTEM
	Account Name:		METASPLOITABLE3$
	Account Domain:		WORKGROUP
	Logon ID:		0x3e7

Object:
	Object Server:	Security
	Object Type:	File
	Object Name:	C:\Windows\System32\wbem\en-US\tlswmiprov.mfl
	Handle ID:	0x4a4

Process Information:
	Process ID:	0x1328
	Process Name:	C:\Windows\servicing\TrustedInstaller.exe

Auditing Settings:
	Original Security Descriptor:	
	New Security Descriptor:		S:ARAI(AU;SAFA;DCLCRPCRSDWDWO;;;WD)"
Audit Success	9/3/2022 10:53:41 AM	Microsoft-Windows-Security-Auditing	4907	Audit Policy Change	"Auditing settings on object were changed.

Subject:
	Security ID:		SYSTEM
	Account Name:		METASPLOITABLE3$
	Account Domain:		WORKGROUP
	Logon ID:		0x3e7

Object:
	Object Server:	Security
	Object Type:	File
	Object Name:	C:\Windows\System32\wbem\TlsWmiProv.mof
	Handle ID:	0x4a0

Process Information:
	Process ID:	0x1328
	Process Name:	C:\Windows\servicing\TrustedInstaller.exe

Auditing Settings:
	Original Security Descriptor:	
	New Security Descriptor:		S:ARAI(AU;SAFA;DCLCRPCRSDWDWO;;;WD)"
Audit Success	9/3/2022 10:53:41 AM	Microsoft-Windows-Security-Auditing	4907	Audit Policy Change	"Auditing settings on object were changed.

Subject:
	Security ID:		SYSTEM
	Account Name:		METASPLOITABLE3$
	Account Domain:		WORKGROUP
	Logon ID:		0x3e7

Object:
	Object Server:	Security
	Object Type:	File
	Object Name:	C:\Windows\System32\wbem\TlsWmiUninst.mof
	Handle ID:	0x5cc

Process Information:
	Process ID:	0x1328
	Process Name:	C:\Windows\servicing\TrustedInstaller.exe

Auditing Settings:
	Original Security Descriptor:	
	New Security Descriptor:		S:ARAI(AU;SAFA;DCLCRPCRSDWDWO;;;WD)"
Audit Success	9/3/2022 10:53:41 AM	Microsoft-Windows-Security-Auditing	4907	Audit Policy Change	"Auditing settings on object were changed.

Subject:
	Security ID:		SYSTEM
	Account Name:		METASPLOITABLE3$
	Account Domain:		WORKGROUP
	Logon ID:		0x3e7

Object:
	Object Server:	Security
	Object Type:	File
	Object Name:	C:\Windows\System32\WindowsPowerShell\v1.0\Modules\RemoteDesktopServices\en\TSPSProvider.resources.dll
	Handle ID:	0x5c4

Process Information:
	Process ID:	0x1328
	Process Name:	C:\Windows\servicing\TrustedInstaller.exe

Auditing Settings:
	Original Security Descriptor:	
	New Security Descriptor:		S:ARAI(AU;SAFA;DCLCRPCRSDWDWO;;;WD)"
Audit Success	9/3/2022 10:53:41 AM	Microsoft-Windows-Security-Auditing	4907	Audit Policy Change	"Auditing settings on object were changed.

Subject:
	Security ID:		SYSTEM
	Account Name:		METASPLOITABLE3$
	Account Domain:		WORKGROUP
	Logon ID:		0x3e7

Object:
	Object Server:	Security
	Object Type:	File
	Object Name:	C:\Windows\System32\WindowsPowerShell\v1.0\Modules\RemoteDesktopServices\en\TSPSDataAccess.resources.dll
	Handle ID:	0x4a4

Process Information:
	Process ID:	0x1328
	Process Name:	C:\Windows\servicing\TrustedInstaller.exe

Auditing Settings:
	Original Security Descriptor:	
	New Security Descriptor:		S:ARAI(AU;SAFA;DCLCRPCRSDWDWO;;;WD)"
Audit Success	9/3/2022 10:53:41 AM	Microsoft-Windows-Security-Auditing	4907	Audit Policy Change	"Auditing settings on object were changed.

Subject:
	Security ID:		SYSTEM
	Account Name:		METASPLOITABLE3$
	Account Domain:		WORKGROUP
	Logon ID:		0x3e7

Object:
	Object Server:	Security
	Object Type:	File
	Object Name:	C:\Windows\System32\WindowsPowerShell\v1.0\Modules\RemoteDesktopServices\en\TSPSCmdlets.resources.dll
	Handle ID:	0x4a0

Process Information:
	Process ID:	0x1328
	Process Name:	C:\Windows\servicing\TrustedInstaller.exe

Auditing Settings:
	Original Security Descriptor:	
	New Security Descriptor:		S:ARAI(AU;SAFA;DCLCRPCRSDWDWO;;;WD)"
Audit Success	9/3/2022 10:53:41 AM	Microsoft-Windows-Security-Auditing	4907	Audit Policy Change	"Auditing settings on object were changed.

Subject:
	Security ID:		SYSTEM
	Account Name:		METASPLOITABLE3$
	Account Domain:		WORKGROUP
	Logon ID:		0x3e7

Object:
	Object Server:	Security
	Object Type:	File
	Object Name:	C:\Windows\System32\WindowsPowerShell\v1.0\Modules\RemoteDesktopServices\en\TSPSEngine.resources.dll
	Handle ID:	0x5cc

Process Information:
	Process ID:	0x1328
	Process Name:	C:\Windows\servicing\TrustedInstaller.exe

Auditing Settings:
	Original Security Descriptor:	
	New Security Descriptor:		S:ARAI(AU;SAFA;DCLCRPCRSDWDWO;;;WD)"
Audit Success	9/3/2022 10:53:41 AM	Microsoft-Windows-Security-Auditing	4907	Audit Policy Change	"Auditing settings on object were changed.

Subject:
	Security ID:		SYSTEM
	Account Name:		METASPLOITABLE3$
	Account Domain:		WORKGROUP
	Logon ID:		0x3e7

Object:
	Object Server:	Security
	Object Type:	File
	Object Name:	C:\Windows\System32\WindowsPowerShell\v1.0\Modules\RemoteDesktopServices\en-US\TSPSProvider.dll-Help.xml
	Handle ID:	0x4a0

Process Information:
	Process ID:	0x1328
	Process Name:	C:\Windows\servicing\TrustedInstaller.exe

Auditing Settings:
	Original Security Descriptor:	
	New Security Descriptor:		S:ARAI(AU;SAFA;DCLCRPCRSDWDWO;;;WD)"
Audit Success	9/3/2022 10:53:41 AM	Microsoft-Windows-Security-Auditing	4907	Audit Policy Change	"Auditing settings on object were changed.

Subject:
	Security ID:		SYSTEM
	Account Name:		METASPLOITABLE3$
	Account Domain:		WORKGROUP
	Logon ID:		0x3e7

Object:
	Object Server:	Security
	Object Type:	File
	Object Name:	C:\Windows\System32\WindowsPowerShell\v1.0\Modules\RemoteDesktopServices\en-US\TSPSCmdlets.dll-Help.xml
	Handle ID:	0x4a4

Process Information:
	Process ID:	0x1328
	Process Name:	C:\Windows\servicing\TrustedInstaller.exe

Auditing Settings:
	Original Security Descriptor:	
	New Security Descriptor:		S:ARAI(AU;SAFA;DCLCRPCRSDWDWO;;;WD)"
Audit Success	9/3/2022 10:53:41 AM	Microsoft-Windows-Security-Auditing	4907	Audit Policy Change	"Auditing settings on object were changed.

Subject:
	Security ID:		SYSTEM
	Account Name:		METASPLOITABLE3$
	Account Domain:		WORKGROUP
	Logon ID:		0x3e7

Object:
	Object Server:	Security
	Object Type:	File
	Object Name:	C:\Windows\System32\WindowsPowerShell\v1.0\Modules\RemoteDesktopServices\TSProvider.Format.ps1xml
	Handle ID:	0x4a0

Process Information:
	Process ID:	0x1328
	Process Name:	C:\Windows\servicing\TrustedInstaller.exe

Auditing Settings:
	Original Security Descriptor:	
	New Security Descriptor:		S:ARAI(AU;SAFA;DCLCRPCRSDWDWO;;;WD)"
Audit Success	9/3/2022 10:53:41 AM	Microsoft-Windows-Security-Auditing	4907	Audit Policy Change	"Auditing settings on object were changed.

Subject:
	Security ID:		SYSTEM
	Account Name:		METASPLOITABLE3$
	Account Domain:		WORKGROUP
	Logon ID:		0x3e7

Object:
	Object Server:	Security
	Object Type:	File
	Object Name:	C:\Windows\System32\WindowsPowerShell\v1.0\Modules\RemoteDesktopServices\TSPSProvider.dll
	Handle ID:	0x5c4

Process Information:
	Process ID:	0x1328
	Process Name:	C:\Windows\servicing\TrustedInstaller.exe

Auditing Settings:
	Original Security Descriptor:	
	New Security Descriptor:		S:ARAI(AU;SAFA;DCLCRPCRSDWDWO;;;WD)"
Audit Success	9/3/2022 10:53:41 AM	Microsoft-Windows-Security-Auditing	4907	Audit Policy Change	"Auditing settings on object were changed.

Subject:
	Security ID:		SYSTEM
	Account Name:		METASPLOITABLE3$
	Account Domain:		WORKGROUP
	Logon ID:		0x3e7

Object:
	Object Server:	Security
	Object Type:	File
	Object Name:	C:\Windows\System32\WindowsPowerShell\v1.0\Modules\RemoteDesktopServices\RemoteDesktopServices.psd1
	Handle ID:	0x4a4

Process Information:
	Process ID:	0x1328
	Process Name:	C:\Windows\servicing\TrustedInstaller.exe

Auditing Settings:
	Original Security Descriptor:	
	New Security Descriptor:		S:ARAI(AU;SAFA;DCLCRPCRSDWDWO;;;WD)"
Audit Success	9/3/2022 10:53:41 AM	Microsoft-Windows-Security-Auditing	4907	Audit Policy Change	"Auditing settings on object were changed.

Subject:
	Security ID:		SYSTEM
	Account Name:		METASPLOITABLE3$
	Account Domain:		WORKGROUP
	Logon ID:		0x3e7

Object:
	Object Server:	Security
	Object Type:	File
	Object Name:	C:\Windows\System32\WindowsPowerShell\v1.0\Modules\RemoteDesktopServices\TSPSDataAccess.dll
	Handle ID:	0x5cc

Process Information:
	Process ID:	0x1328
	Process Name:	C:\Windows\servicing\TrustedInstaller.exe

Auditing Settings:
	Original Security Descriptor:	
	New Security Descriptor:		S:ARAI(AU;SAFA;DCLCRPCRSDWDWO;;;WD)"
Audit Success	9/3/2022 10:53:41 AM	Microsoft-Windows-Security-Auditing	4907	Audit Policy Change	"Auditing settings on object were changed.

Subject:
	Security ID:		SYSTEM
	Account Name:		METASPLOITABLE3$
	Account Domain:		WORKGROUP
	Logon ID:		0x3e7

Object:
	Object Server:	Security
	Object Type:	File
	Object Name:	C:\Windows\System32\WindowsPowerShell\v1.0\Modules\RemoteDesktopServices\TSPSEngine.dll
	Handle ID:	0x4a0

Process Information:
	Process ID:	0x1328
	Process Name:	C:\Windows\servicing\TrustedInstaller.exe

Auditing Settings:
	Original Security Descriptor:	
	New Security Descriptor:		S:ARAI(AU;SAFA;DCLCRPCRSDWDWO;;;WD)"
Audit Success	9/3/2022 10:53:41 AM	Microsoft-Windows-Security-Auditing	4907	Audit Policy Change	"Auditing settings on object were changed.

Subject:
	Security ID:		SYSTEM
	Account Name:		METASPLOITABLE3$
	Account Domain:		WORKGROUP
	Logon ID:		0x3e7

Object:
	Object Server:	Security
	Object Type:	File
	Object Name:	C:\Windows\System32\WindowsPowerShell\v1.0\Modules\RemoteDesktopServices\TsPsUtil.dll
	Handle ID:	0x5c4

Process Information:
	Process ID:	0x1328
	Process Name:	C:\Windows\servicing\TrustedInstaller.exe

Auditing Settings:
	Original Security Descriptor:	
	New Security Descriptor:		S:ARAI(AU;SAFA;DCLCRPCRSDWDWO;;;WD)"
Audit Success	9/3/2022 10:53:41 AM	Microsoft-Windows-Security-Auditing	4907	Audit Policy Change	"Auditing settings on object were changed.

Subject:
	Security ID:		SYSTEM
	Account Name:		METASPLOITABLE3$
	Account Domain:		WORKGROUP
	Logon ID:		0x3e7

Object:
	Object Server:	Security
	Object Type:	File
	Object Name:	C:\Windows\System32\WindowsPowerShell\v1.0\Modules\RemoteDesktopServices\TSPSCmdlets.dll
	Handle ID:	0x4a4

Process Information:
	Process ID:	0x1328
	Process Name:	C:\Windows\servicing\TrustedInstaller.exe

Auditing Settings:
	Original Security Descriptor:	
	New Security Descriptor:		S:ARAI(AU;SAFA;DCLCRPCRSDWDWO;;;WD)"
Audit Success	9/3/2022 10:53:41 AM	Microsoft-Windows-Security-Auditing	4907	Audit Policy Change	"Auditing settings on object were changed.

Subject:
	Security ID:		SYSTEM
	Account Name:		METASPLOITABLE3$
	Account Domain:		WORKGROUP
	Logon ID:		0x3e7

Object:
	Object Server:	Security
	Object Type:	File
	Object Name:	C:\Windows\System32\BestPractices\v1.0\Models\Microsoft\Windows\TerminalServices\en-US\TerminalServices_model.psd1
	Handle ID:	0x4a4

Process Information:
	Process ID:	0x1328
	Process Name:	C:\Windows\servicing\TrustedInstaller.exe

Auditing Settings:
	Original Security Descriptor:	
	New Security Descriptor:		S:ARAI(AU;SAFA;DCLCRPCRSDWDWO;;;WD)"
Audit Success	9/3/2022 10:53:41 AM	Microsoft-Windows-Security-Auditing	4907	Audit Policy Change	"Auditing settings on object were changed.

Subject:
	Security ID:		SYSTEM
	Account Name:		METASPLOITABLE3$
	Account Domain:		WORKGROUP
	Logon ID:		0x3e7

Object:
	Object Server:	Security
	Object Type:	File
	Object Name:	C:\Windows\System32\BestPractices\v1.0\Models\Microsoft\Windows\TerminalServices\TerminalServices_model.ps1
	Handle ID:	0x5c4

Process Information:
	Process ID:	0x1328
	Process Name:	C:\Windows\servicing\TrustedInstaller.exe

Auditing Settings:
	Original Security Descriptor:	
	New Security Descriptor:		S:ARAI(AU;SAFA;DCLCRPCRSDWDWO;;;WD)"
Audit Success	9/3/2022 10:53:41 AM	Microsoft-Windows-Security-Auditing	4907	Audit Policy Change	"Auditing settings on object were changed.

Subject:
	Security ID:		SYSTEM
	Account Name:		METASPLOITABLE3$
	Account Domain:		WORKGROUP
	Logon ID:		0x3e7

Object:
	Object Server:	Security
	Object Type:	File
	Object Name:	C:\Windows\System32\lrwizdll.dll
	Handle ID:	0x4a0

Process Information:
	Process ID:	0x1328
	Process Name:	C:\Windows\servicing\TrustedInstaller.exe

Auditing Settings:
	Original Security Descriptor:	
	New Security Descriptor:		S:ARAI(AU;SAFA;DCLCRPCRSDWDWO;;;WD)"
Audit Success	9/3/2022 10:53:41 AM	Microsoft-Windows-Security-Auditing	4907	Audit Policy Change	"Auditing settings on object were changed.

Subject:
	Security ID:		SYSTEM
	Account Name:		METASPLOITABLE3$
	Account Domain:		WORKGROUP
	Logon ID:		0x3e7

Object:
	Object Server:	Security
	Object Type:	File
	Object Name:	C:\Windows\System32\mstlsapi.dll
	Handle ID:	0x4a4

Process Information:
	Process ID:	0x1328
	Process Name:	C:\Windows\servicing\TrustedInstaller.exe

Auditing Settings:
	Original Security Descriptor:	
	New Security Descriptor:		S:ARAI(AU;SAFA;DCLCRPCRSDWDWO;;;WD)"
Audit Success	9/3/2022 10:53:41 AM	Microsoft-Windows-Security-Auditing	4907	Audit Policy Change	"Auditing settings on object were changed.

Subject:
	Security ID:		SYSTEM
	Account Name:		METASPLOITABLE3$
	Account Domain:		WORKGROUP
	Logon ID:		0x3e7

Object:
	Object Server:	Security
	Object Type:	File
	Object Name:	C:\Windows\System32\TlsWmiProv.dll
	Handle ID:	0x5c4

Process Information:
	Process ID:	0x1328
	Process Name:	C:\Windows\servicing\TrustedInstaller.exe

Auditing Settings:
	Original Security Descriptor:	
	New Security Descriptor:		S:ARAI(AU;SAFA;DCLCRPCRSDWDWO;;;WD)"
Audit Success	9/3/2022 10:53:41 AM	Microsoft-Windows-Security-Auditing	4907	Audit Policy Change	"Auditing settings on object were changed.

Subject:
	Security ID:		SYSTEM
	Account Name:		METASPLOITABLE3$
	Account Domain:		WORKGROUP
	Logon ID:		0x3e7

Object:
	Object Server:	Security
	Object Type:	File
	Object Name:	C:\Windows\System32\TLSUnattend.exe
	Handle ID:	0x5cc

Process Information:
	Process ID:	0x1328
	Process Name:	C:\Windows\servicing\TrustedInstaller.exe

Auditing Settings:
	Original Security Descriptor:	
	New Security Descriptor:		S:ARAI(AU;SAFA;DCLCRPCRSDWDWO;;;WD)"
Audit Success	9/3/2022 10:53:41 AM	Microsoft-Windows-Security-Auditing	4907	Audit Policy Change	"Auditing settings on object were changed.

Subject:
	Security ID:		SYSTEM
	Account Name:		METASPLOITABLE3$
	Account Domain:		WORKGROUP
	Logon ID:		0x3e7

Object:
	Object Server:	Security
	Object Type:	File
	Object Name:	C:\Windows\System32\lserver.dll
	Handle ID:	0x4a0

Process Information:
	Process ID:	0x1328
	Process Name:	C:\Windows\servicing\TrustedInstaller.exe

Auditing Settings:
	Original Security Descriptor:	
	New Security Descriptor:		S:ARAI(AU;SAFA;DCLCRPCRSDWDWO;;;WD)"
Audit Success	9/3/2022 10:53:41 AM	Microsoft-Windows-Security-Auditing	4907	Audit Policy Change	"Auditing settings on object were changed.

Subject:
	Security ID:		SYSTEM
	Account Name:		METASPLOITABLE3$
	Account Domain:		WORKGROUP
	Logon ID:		0x3e7

Object:
	Object Server:	Security
	Object Type:	File
	Object Name:	C:\Windows\System32\tls236.dll
	Handle ID:	0x4a4

Process Information:
	Process ID:	0x1328
	Process Name:	C:\Windows\servicing\TrustedInstaller.exe

Auditing Settings:
	Original Security Descriptor:	
	New Security Descriptor:		S:ARAI(AU;SAFA;DCLCRPCRSDWDWO;;;WD)"
Audit Success	9/3/2022 10:53:41 AM	Microsoft-Windows-Security-Auditing	4907	Audit Policy Change	"Auditing settings on object were changed.

Subject:
	Security ID:		SYSTEM
	Account Name:		METASPLOITABLE3$
	Account Domain:		WORKGROUP
	Logon ID:		0x3e7

Object:
	Object Server:	Security
	Object Type:	File
	Object Name:	C:\Windows\System32\LicMgr.exe
	Handle ID:	0x5c4

Process Information:
	Process ID:	0x1328
	Process Name:	C:\Windows\servicing\TrustedInstaller.exe

Auditing Settings:
	Original Security Descriptor:	
	New Security Descriptor:		S:ARAI(AU;SAFA;DCLCRPCRSDWDWO;;;WD)"
Audit Success	9/3/2022 10:53:41 AM	Microsoft-Windows-Security-Auditing	4907	Audit Policy Change	"Auditing settings on object were changed.

Subject:
	Security ID:		SYSTEM
	Account Name:		METASPLOITABLE3$
	Account Domain:		WORKGROUP
	Logon ID:		0x3e7

Object:
	Object Server:	Security
	Object Type:	File
	Object Name:	C:\Windows\System32\TlsArwApi.dll
	Handle ID:	0x5cc

Process Information:
	Process ID:	0x1328
	Process Name:	C:\Windows\servicing\TrustedInstaller.exe

Auditing Settings:
	Original Security Descriptor:	
	New Security Descriptor:		S:ARAI(AU;SAFA;DCLCRPCRSDWDWO;;;WD)"
