Information	8/2/2022 9:10:58 AM	Service Control Manager	7036	None	The MEDC Server Component - Notification Server service entered the stopped state.
Information	8/2/2022 9:10:58 AM	Service Control Manager	7036	None	The Windows Event Log service entered the stopped state.
Information	8/2/2022 9:10:58 AM	Service Control Manager	7036	None	The Cryptographic Services service entered the stopped state.
Information	8/2/2022 9:10:58 AM	Service Control Manager	7036	None	The Windows Font Cache Service service entered the stopped state.
Information	8/2/2022 9:10:58 AM	Service Control Manager	7036	None	The Diagnostic Policy Service service entered the stopped state.
Information	8/2/2022 9:10:58 AM	Service Control Manager	7036	None	The DHCP Client service entered the stopped state.
Information	8/2/2022 9:10:58 AM	Microsoft-Windows-Dhcp-Client	50037	Service State Event	DHCPv4 client service is stopped. ShutDown Flag value is 1
Information	8/2/2022 9:10:58 AM	Microsoft-Windows-DHCPv6-Client	51047	Service State Event	DHCPv6 client service is stopped. ShutDown Flag value is 1
Information	8/2/2022 9:10:58 AM	Service Control Manager	7036	None	The Certificate Propagation service entered the stopped state.
Information	8/2/2022 9:10:58 AM	EventLog	6006	None	The Event log service was stopped.
Information	8/2/2022 9:10:54 AM	Service Control Manager	7036	None	The ManageEngine Desktop Central Server service entered the stopped state.
Information	8/2/2022 9:10:53 AM	Service Control Manager	7036	None	The Windows Error Reporting Service service entered the running state.
Information	8/2/2022 9:10:52 AM	Service Control Manager	7036	None	The Elasticsearch 1.1.1 (elasticsearch-service-x64) service entered the stopped state.
Information	8/2/2022 9:10:52 AM	Service Control Manager	7036	None	The Group Policy Client service entered the stopped state.
Information	8/2/2022 9:10:52 AM	Service Control Manager	7036	None	The Windows Update service entered the stopped state.
Information	8/2/2022 9:10:52 AM	USER32	1074	None	"The process wininit.exe (127.0.0.1) has initiated the power off of computer METASPLOITABLE3 on behalf of user NT AUTHORITY\SYSTEM for the following reason: Legacy API shutdown
 Reason Code: 0x80070000
 Shutdown Type: power off
 Comment: "
Warning	8/2/2022 9:00:31 AM	Microsoft-Windows-DNS-Client	1014	None	Name resolution for the name time.windows.com timed out after none of the configured DNS servers responded.
Information	8/2/2022 8:52:50 AM	Service Control Manager	7036	None	The Diagnostic System Host service entered the stopped state.
Information	8/2/2022 8:40:51 AM	Service Control Manager	7036	None	The SPP Notification Service service entered the running state.
Warning	8/2/2022 8:30:19 AM	Microsoft-Windows-DNS-Client	1014	None	Name resolution for the name time.windows.com timed out after none of the configured DNS servers responded.
Information	8/2/2022 8:27:20 AM	Service Control Manager	7036	None	The WinHTTP Web Proxy Auto-Discovery Service service entered the stopped state.
Information	8/2/2022 8:20:51 AM	Service Control Manager	7036	None	The Application Experience service entered the stopped state.
Warning	8/2/2022 8:15:07 AM	Microsoft-Windows-Time-Service	134	None	NtpClient was unable to set a manual peer to use as a time source because of DNS resolution error on ''. NtpClient will try again in 3473457 minutes and double the reattempt interval thereafter. The error was: The requested name is valid, but no data of the requested type was found. (0x80072AFC)
Warning	8/2/2022 8:14:55 AM	Microsoft-Windows-Time-Service	134	None	NtpClient was unable to set a manual peer to use as a time source because of DNS resolution error on ''. NtpClient will try again in 3473457 minutes and double the reattempt interval thereafter. The error was: The requested name is valid, but no data of the requested type was found. (0x80072AFC)
Information	8/2/2022 8:14:43 AM	Service Control Manager	7036	None	The Windows Time service entered the running state.
Information	8/2/2022 8:12:52 AM	Service Control Manager	7036	None	The Shell Hardware Detection service entered the stopped state.
Information	8/2/2022 8:12:51 AM	Service Control Manager	7036	None	The Windows Update service entered the running state.
Information	8/2/2022 8:12:51 AM	Service Control Manager	7036	None	The Portable Device Enumerator Service service entered the stopped state.
Information	8/2/2022 8:12:51 AM	Service Control Manager	7036	None	The Distributed Transaction Coordinator service entered the running state.
Information	8/2/2022 8:12:51 AM	Service Control Manager	7036	None	The Windows Font Cache Service service entered the running state.
Information	8/2/2022 8:12:50 AM	Service Control Manager	7036	None	The Diagnostic System Host service entered the running state.
Information	8/2/2022 8:12:50 AM	Service Control Manager	7036	None	The Diagnostic Policy Service service entered the running state.
Information	8/2/2022 8:12:50 AM	Service Control Manager	7036	None	The Microsoft .NET Framework NGEN v4.0.30319_X64 service entered the stopped state.
Information	8/2/2022 8:12:50 AM	Service Control Manager	7036	None	The Microsoft .NET Framework NGEN v4.0.30319_X64 service entered the running state.
Information	8/2/2022 8:12:50 AM	Service Control Manager	7036	None	The Microsoft .NET Framework NGEN v4.0.30319_X86 service entered the stopped state.
Information	8/2/2022 8:12:50 AM	Service Control Manager	7036	None	The Microsoft .NET Framework NGEN v4.0.30319_X86 service entered the running state.
Information	8/2/2022 8:12:50 AM	Service Control Manager	7036	None	The Background Intelligent Transfer Service service entered the running state.
Information	8/2/2022 8:10:58 AM	Microsoft-Windows-Iphlpsvc	4200	None	Isatap interface isatap.localdomain with address fe80::5efe:172.16.21.128 has been brought up.
Warning	8/2/2022 8:10:56 AM	Microsoft-Windows-DNS-Client	1014	None	Name resolution for the name isatap.localdomain timed out after none of the configured DNS servers responded.
Information	8/2/2022 8:10:53 AM	Microsoft-Windows-UserPnp	20001	(7005)	Driver Management concluded the process to install driver FileRepository\cpu.inf_amd64_neutral_ae5de2e1bf2793c3\cpu.inf for Device Instance ID ACPI\GENUINEINTEL_-_INTEL64_FAMILY_6_MODEL_158_-_INTEL(R)_CORE(TM)_I9-9980HK_CPU_@_2.40GHZ\_0 with the following status: 0x0.
Information	8/2/2022 8:10:52 AM	Microsoft-Windows-UserPnp	20003	(7005)	Driver Management has concluded the process to add Service intelppm for Device Instance ID ACPI\GENUINEINTEL_-_INTEL64_FAMILY_6_MODEL_158_-_INTEL(R)_CORE(TM)_I9-9980HK_CPU_@_2.40GHZ\_0 with the following status: 0.
Information	8/2/2022 8:10:52 AM	Service Control Manager	7036	None	The Remote Desktop Configuration service entered the running state.
Information	8/2/2022 8:10:52 AM	Microsoft-Windows-UserPnp	20001	(7005)	Driver Management concluded the process to install driver FileRepository\cpu.inf_amd64_neutral_ae5de2e1bf2793c3\cpu.inf for Device Instance ID ACPI\GENUINEINTEL_-_INTEL64_FAMILY_6_MODEL_158_-_INTEL(R)_CORE(TM)_I9-9980HK_CPU_@_2.40GHZ\_1 with the following status: 0x0.
Information	8/2/2022 8:10:52 AM	Service Control Manager	7036	None	The Certificate Propagation service entered the running state.
Information	8/2/2022 8:10:52 AM	Microsoft-Windows-UserPnp	20003	(7005)	Driver Management has concluded the process to add Service intelppm for Device Instance ID ACPI\GENUINEINTEL_-_INTEL64_FAMILY_6_MODEL_158_-_INTEL(R)_CORE(TM)_I9-9980HK_CPU_@_2.40GHZ\_1 with the following status: 0.
Information	8/2/2022 8:10:52 AM	Service Control Manager	7036	None	The IPsec Policy Agent service entered the running state.
Information	8/2/2022 8:10:52 AM	Service Control Manager	7036	None	The Remote Desktop Services UserMode Port Redirector service entered the running state.
Information	8/2/2022 8:10:51 AM	Service Control Manager	7036	None	The Remote Desktop Services service entered the running state.
Information	8/2/2022 8:10:51 AM	Service Control Manager	7036	None	The Portable Device Enumerator Service service entered the running state.
Information	8/2/2022 8:10:51 AM	Service Control Manager	7036	None	The Application Experience service entered the running state.
Information	8/2/2022 8:10:50 AM	Service Control Manager	7036	None	The WinHTTP Web Proxy Auto-Discovery Service service entered the running state.
Information	8/2/2022 8:10:50 AM	Service Control Manager	7036	None	The Network List Service service entered the running state.
Information	8/2/2022 8:10:50 AM	Service Control Manager	7036	None	The Software Protection service entered the running state.
Error	8/2/2022 8:10:50 AM	Service Control Manager	7026	None	"The following boot-start or system-start driver(s) failed to load: 
vmhgfs"
Information	8/2/2022 8:10:50 AM	Service Control Manager	7036	None	The wampmysqld service entered the running state.
Information	8/2/2022 8:10:52 AM	SNMP	1001	None	The SNMP Service has started successfully.
Information	8/2/2022 8:10:49 AM	Service Control Manager	7036	None	The ManageEngine Desktop Central Server service entered the running state.
Information	8/2/2022 8:10:49 AM	Service Control Manager	7036	None	The Server service entered the running state.
Information	8/2/2022 8:10:49 AM	Service Control Manager	7036	None	The OpenSSH Server service entered the running state.
Information	8/2/2022 8:10:49 AM	Service Control Manager	7036	None	The World Wide Web Publishing Service service entered the running state.
Information	8/2/2022 8:10:49 AM	Service Control Manager	7036	None	The Windows Process Activation Service service entered the running state.
Information	8/2/2022 8:10:49 AM	Service Control Manager	7036	None	The Windows Remote Management (WS-Management) service entered the running state.
Information	8/2/2022 8:10:49 AM	Service Control Manager	7036	None	The IP Helper service entered the running state.
Information	8/2/2022 8:10:49 AM	Service Control Manager	7036	None	The Windows Management Instrumentation service entered the running state.
Information	8/2/2022 8:10:49 AM	Service Control Manager	7036	None	The Windows Licensing Monitoring Service service entered the running state.
Information	8/2/2022 8:10:48 AM	Service Control Manager	7036	None	The wampapache service entered the running state.
Information	8/2/2022 8:10:48 AM	Service Control Manager	7036	None	The MEDC Server Component - Apache service entered the running state.
Information	8/2/2022 8:10:48 AM	Service Control Manager	7036	None	The Remote Registry service entered the running state.
Information	8/2/2022 8:10:48 AM	Service Control Manager	7036	None	The Distributed Link Tracking Client service entered the running state.
Information	8/2/2022 8:10:49 AM	Microsoft-Windows-WinRM	10121	None	"The WinRM service has been configured to accept basic authentication for unsecure HTTP connections. 

 This is not a secure configuration. 

 User Action 
 Set AllowUnencrypted to False in WinRM configuration to ensure packets are encrypted on the wire."
Information	8/2/2022 8:10:49 AM	Microsoft-Windows-WinRM	10148	None	"The WinRM service is listening for WS-Management requests. 

 User Action 
 Use the following command to see the specific IPs on which WinRM is listening: 

 winrm enumerate winrm/config/listener"
Information	8/2/2022 8:10:48 AM	Service Control Manager	7036	None	The SNMP Service service entered the running state.
Information	8/2/2022 8:10:47 AM	Service Control Manager	7036	None	The Network Location Awareness service entered the running state.
Error	8/2/2022 8:10:48 AM	SNMP	1500	None	The SNMP Service encountered an error while accessing the registry key SYSTEM\CurrentControlSet\Services\SNMP\Parameters\TrapConfiguration.
Information	8/2/2022 8:10:45 AM	Service Control Manager	7036	None	The Elasticsearch 1.1.1 (elasticsearch-service-x64) service entered the running state.
Information	8/2/2022 8:10:45 AM	Service Control Manager	7036	None	The MEDC Server Component - Notification Server service entered the running state.
Information	8/2/2022 8:10:44 AM	Service Control Manager	7036	None	The jmx service entered the running state.
Information	8/2/2022 8:10:43 AM	Service Control Manager	7036	None	The jenkins service entered the running state.
Information	8/2/2022 8:10:43 AM	Service Control Manager	7036	None	The IKE and AuthIP IPsec Keying Modules service entered the running state.
Information	8/2/2022 8:10:43 AM	Service Control Manager	7036	None	The Microsoft FTP Service service entered the running state.
Information	8/2/2022 8:10:43 AM	Service Control Manager	7036	None	The domain1 GlassFish Server service entered the running state.
Information	8/2/2022 8:10:43 AM	Service Control Manager	7036	None	The Application Host Helper Service service entered the running state.
Information	8/2/2022 8:10:43 AM	Service Control Manager	7036	None	The Cryptographic Services service entered the running state.
Information	8/2/2022 8:10:43 AM	Service Control Manager	7036	None	The Print Spooler service entered the running state.
Information	8/2/2022 8:10:43 AM	Service Control Manager	7036	None	The Security Accounts Manager service entered the running state.
Information	8/2/2022 8:10:43 AM	Service Control Manager	7036	None	The Workstation service entered the running state.
Information	8/2/2022 8:10:43 AM	Service Control Manager	7036	None	The Windows Firewall service entered the running state.
Information	8/2/2022 8:10:42 AM	Service Control Manager	7036	None	The Base Filtering Engine service entered the running state.
Information	8/2/2022 8:10:42 AM	Service Control Manager	7036	None	The Task Scheduler service entered the running state.
Information	8/2/2022 8:10:42 AM	Service Control Manager	7036	None	The Shell Hardware Detection service entered the running state.
Information	8/2/2022 8:10:42 AM	Service Control Manager	7036	None	The DNS Client service entered the running state.
Information	8/2/2022 8:10:42 AM	Service Control Manager	7036	None	The DHCP Client service entered the running state.
Information	8/2/2022 8:10:42 AM	Microsoft-Windows-DHCPv6-Client	51046	Service State Event	DHCPv6 client service is started
Information	8/2/2022 8:10:42 AM	Microsoft-Windows-Dhcp-Client	50036	Service State Event	DHCPv4 client service is started
Information	8/2/2022 8:10:42 AM	Service Control Manager	7036	None	The TCP/IP NetBIOS Helper service entered the running state.
Information	8/2/2022 8:10:42 AM	Service Control Manager	7036	None	The Network Store Interface Service service entered the running state.
Information	8/2/2022 8:10:42 AM	Service Control Manager	7036	None	The Desktop Window Manager Session Manager service entered the running state.
Information	8/2/2022 8:10:42 AM	Service Control Manager	7036	None	The System Event Notification Service service entered the running state.
Information	8/2/2022 8:10:42 AM	Service Control Manager	7036	None	The COM+ Event System service entered the running state.
Information	8/2/2022 8:10:42 AM	Service Control Manager	7036	None	The Group Policy Client service entered the running state.
Information	8/2/2022 8:10:42 AM	Service Control Manager	7036	None	The User Profile Service service entered the running state.
Information	8/2/2022 8:10:42 AM	Service Control Manager	7036	None	The Windows Event Log service entered the running state.
Information	8/2/2022 8:10:42 AM	Service Control Manager	7036	None	The Remote Procedure Call (RPC) service entered the running state.
Information	8/2/2022 8:10:42 AM	Service Control Manager	7036	None	The RPC Endpoint Mapper service entered the running state.
Information	8/2/2022 8:10:42 AM	Service Control Manager	7036	None	The DCOM Server Process Launcher service entered the running state.
Information	8/2/2022 8:10:42 AM	Microsoft-Windows-FilterManager	6	None	File System Filter 'luafv' (6.1, ‎2009‎-‎07‎-‎13T16:26:13.000000000Z) has successfully loaded and registered with Filter Manager.
Information	8/2/2022 8:10:42 AM	Service Control Manager	7036	None	The Power service entered the running state.
Information	8/2/2022 8:10:42 AM	Microsoft-Windows-UserPnp	20010	(7010)	"One or more of the Plug and Play service's subsystems has changed state. 

PlugPlay install subsystem enabled: 'true' 
PlugPlay caching subsystem enabled: 'true' 
"
Information	8/2/2022 8:10:42 AM	Service Control Manager	7036	None	The Plug and Play service entered the running state.
Information	8/2/2022 8:10:42 AM	Microsoft-Windows-Kernel-Processor-Power	26	(4)	"Processor 1 in group 0 exposes the following:

1 idle state(s)
0 performance state(s)
0 throttle state(s)"
Information	8/2/2022 8:10:42 AM	Microsoft-Windows-Kernel-Processor-Power	26	(4)	"Processor 0 in group 0 exposes the following:

1 idle state(s)
0 performance state(s)
0 throttle state(s)"
Information	8/2/2022 8:10:37 AM	Microsoft-Windows-Kernel-General	12	None	The operating system started at system time ‎2022‎-‎08‎-‎02T15:10:37.484375000Z.
Information	6/10/2022 11:15:06 AM	Microsoft-Windows-Kernel-General	13	None	The operating system is shutting down at system time ‎2022‎-‎06‎-‎10T18:15:06.164625000Z.
Information	6/10/2022 11:15:06 AM	Microsoft-Windows-Kernel-Power	109	(103)	The kernel power manager has initiated a shutdown transition.
Information	6/10/2022 11:15:05 AM	Service Control Manager	7036	None	The MEDC Server Component - Apache service entered the stopped state.
Information	6/10/2022 11:15:05 AM	Service Control Manager	7036	None	The domain1 GlassFish Server service entered the stopped state.
Information	6/10/2022 11:15:05 AM	Service Control Manager	7036	None	The Windows Process Activation Service service entered the stopped state.
Information	6/10/2022 11:15:04 AM	Service Control Manager	7036	None	The Microsoft FTP Service service entered the stopped state.
Information	6/10/2022 11:15:04 AM	Service Control Manager	7036	None	The wampmysqld service entered the stopped state.
Information	6/10/2022 11:15:04 AM	Service Control Manager	7036	None	The jmx service entered the stopped state.
Information	6/10/2022 11:15:04 AM	Service Control Manager	7036	None	The Windows Remote Management (WS-Management) service entered the stopped state.
Information	6/10/2022 11:15:04 AM	Service Control Manager	7036	None	The Remote Desktop Services service entered the stopped state.
Information	6/10/2022 11:15:04 AM	Service Control Manager	7036	None	The Windows Licensing Monitoring Service service entered the stopped state.
Information	6/10/2022 11:15:04 AM	Service Control Manager	7036	None	The jenkins service entered the stopped state.
Information	6/10/2022 11:15:04 AM	Service Control Manager	7036	None	The Windows Management Instrumentation service entered the stopped state.
Information	6/10/2022 11:15:03 AM	Service Control Manager	7036	None	The Distributed Link Tracking Client service entered the stopped state.
Information	6/10/2022 11:15:03 AM	Service Control Manager	7036	None	The World Wide Web Publishing Service service entered the stopped state.
Information	6/10/2022 11:15:03 AM	Service Control Manager	7036	None	The Desktop Window Manager Session Manager service entered the stopped state.
Information	6/10/2022 11:15:03 AM	Service Control Manager	7036	None	The Software Protection service entered the stopped state.
Information	6/10/2022 11:15:03 AM	Service Control Manager	7036	None	The SPP Notification Service service entered the stopped state.
Information	6/10/2022 11:15:03 AM	Service Control Manager	7036	None	The Remote Desktop Services UserMode Port Redirector service entered the stopped state.
Information	6/10/2022 11:15:03 AM	Service Control Manager	7036	None	The IKE and AuthIP IPsec Keying Modules service entered the stopped state.
Information	6/10/2022 11:15:03 AM	Service Control Manager	7036	None	The IPsec Policy Agent service entered the stopped state.
Information	6/10/2022 11:15:03 AM	Service Control Manager	7036	None	The User Profile Service service entered the stopped state.
Information	6/10/2022 11:15:03 AM	Service Control Manager	7036	None	The Cryptographic Services service entered the stopped state.
Information	6/10/2022 11:15:03 AM	Service Control Manager	7036	None	The Power service entered the stopped state.
Information	6/10/2022 11:15:03 AM	Service Control Manager	7036	None	The Distributed Transaction Coordinator service entered the stopped state.
Information	6/10/2022 11:15:03 AM	Service Control Manager	7036	None	The Application Host Helper Service service entered the stopped state.
Information	6/10/2022 11:15:03 AM	Service Control Manager	7036	None	The Plug and Play service entered the stopped state.
Information	6/10/2022 11:15:03 AM	Microsoft-Windows-UserPnp	20010	(7010)	"One or more of the Plug and Play service's subsystems has changed state. 

PlugPlay install subsystem enabled: 'false' 
PlugPlay caching subsystem enabled: 'false' 
"
Information	8/2/2022 8:10:42 AM	EventLog	6013	None	The system uptime is 5 seconds.
Information	8/2/2022 8:10:42 AM	EventLog	6005	None	The Event log service was started.
Information	8/2/2022 8:10:42 AM	EventLog	6009	None	Microsoft (R) Windows (R) 6.01. 7601 Service Pack 1 Multiprocessor Free.
Information	6/10/2022 11:15:03 AM	Service Control Manager	7036	None	The MEDC Server Component - Notification Server service entered the stopped state.
Information	6/10/2022 11:15:03 AM	Service Control Manager	7036	None	The Windows Event Log service entered the stopped state.
Information	6/10/2022 11:15:03 AM	Service Control Manager	7036	None	The Certificate Propagation service entered the stopped state.
Information	6/10/2022 11:15:03 AM	Service Control Manager	7036	None	The Diagnostic Policy Service service entered the stopped state.
Information	6/10/2022 11:15:03 AM	Service Control Manager	7036	None	The DHCP Client service entered the stopped state.
Information	6/10/2022 11:15:03 AM	Microsoft-Windows-Dhcp-Client	50037	Service State Event	DHCPv4 client service is stopped. ShutDown Flag value is 1
Information	6/10/2022 11:15:03 AM	Microsoft-Windows-DHCPv6-Client	51047	Service State Event	DHCPv6 client service is stopped. ShutDown Flag value is 1
Information	6/10/2022 11:15:03 AM	Service Control Manager	7036	None	The Windows Font Cache Service service entered the stopped state.
Information	6/10/2022 11:15:03 AM	EventLog	6006	None	The Event log service was stopped.
Information	6/10/2022 11:14:58 AM	Service Control Manager	7036	None	The ManageEngine Desktop Central Server service entered the stopped state.
Information	6/10/2022 11:14:58 AM	Service Control Manager	7036	None	The Windows Error Reporting Service service entered the running state.
Information	6/10/2022 11:14:57 AM	Service Control Manager	7036	None	The Elasticsearch 1.1.1 (elasticsearch-service-x64) service entered the stopped state.
Information	6/10/2022 11:14:56 AM	Service Control Manager	7036	None	The Group Policy Client service entered the stopped state.
Information	6/10/2022 11:14:56 AM	Service Control Manager	7036	None	The Windows Update service entered the stopped state.
Information	6/10/2022 11:14:56 AM	Microsoft-Windows-Winlogon	7002	(1102)	User Logoff Notification for Customer Experience Improvement Program
Information	6/10/2022 11:14:56 AM	USER32	1074	None	"The process C:\Windows\system32\winlogon.exe (METASPLOITABLE3) has initiated the power off of computer METASPLOITABLE3 on behalf of user METASPLOITABLE3\vagrant for the following reason: No title for this reason could be found
 Reason Code: 0x500ff
 Shutdown Type: power off
 Comment: "
Information	6/10/2022 11:14:55 AM	USER32	1074	None	"The process Explorer.EXE has initiated the shutdown of computer METASPLOITABLE3 on behalf of user METASPLOITABLE3\vagrant for the following reason: Other (Planned)
 Reason Code: 0x85000000
 Shutdown Type: shutdown
 Comment: for imaging"
Information	6/10/2022 11:14:16 AM	Service Control Manager	7036	None	The Application Experience service entered the running state.
Information	6/10/2022 11:08:13 AM	Service Control Manager	7036	None	The Diagnostic System Host service entered the stopped state.
Information	6/10/2022 10:56:14 AM	Service Control Manager	7036	None	The SPP Notification Service service entered the running state.
Information	6/10/2022 10:42:43 AM	Service Control Manager	7036	None	The WinHTTP Web Proxy Auto-Discovery Service service entered the stopped state.
Information	6/10/2022 10:36:13 AM	Service Control Manager	7036	None	The Application Experience service entered the stopped state.
Information	6/10/2022 10:30:49 AM	Service Control Manager	7036	None	The Network Connections service entered the running state.
Information	6/10/2022 10:30:35 AM	Microsoft-Windows-Winlogon	7001	(1101)	User Logon Notification for Customer Experience Improvement Program
Information	6/10/2022 10:30:34 AM	Service Control Manager	7036	None	The Shell Hardware Detection service entered the running state.
Information	6/10/2022 10:29:20 AM	Service Control Manager	7036	None	The Windows Time service entered the stopped state.
Information	6/10/2022 10:29:20 AM	Microsoft-Windows-Kernel-General	1	None	The system time has changed to ‎2022‎-‎06‎-‎10T17:29:20.149000000Z from ‎2022‎-‎06‎-‎10T17:29:20.149414000Z.
Information	6/10/2022 10:29:20 AM	Microsoft-Windows-Time-Service	35	None	The time service is now synchronizing the system time with the time source time.windows.com,0x9 (ntp.m|0x9|0.0.0.0:123->40.119.6.228:123).
Information	6/10/2022 10:29:05 AM	Microsoft-Windows-Time-Service	37	None	The time provider NtpClient is currently receiving valid time data from time.windows.com,0x9 (ntp.m|0x9|0.0.0.0:123->40.119.6.228:123).
Information	6/10/2022 10:29:04 AM	Service Control Manager	7036	None	The Windows Time service entered the running state.
Information	6/10/2022 10:28:30 AM	Service Control Manager	7036	None	The Shell Hardware Detection service entered the stopped state.
Information	6/10/2022 10:28:15 AM	Service Control Manager	7036	None	The Windows Update service entered the running state.
Information	6/10/2022 10:28:14 AM	Service Control Manager	7036	None	The Distributed Transaction Coordinator service entered the running state.
Information	6/10/2022 10:28:14 AM	Service Control Manager	7036	None	The Windows Font Cache Service service entered the running state.
Information	6/10/2022 10:28:13 AM	Service Control Manager	7036	None	The Diagnostic System Host service entered the running state.
Information	6/10/2022 10:28:13 AM	Service Control Manager	7036	None	The Diagnostic Policy Service service entered the running state.
Information	6/10/2022 10:28:13 AM	Service Control Manager	7036	None	The Microsoft .NET Framework NGEN v4.0.30319_X64 service entered the stopped state.
Information	6/10/2022 10:28:13 AM	Service Control Manager	7036	None	The Microsoft .NET Framework NGEN v4.0.30319_X64 service entered the running state.
Information	6/10/2022 10:28:13 AM	Service Control Manager	7036	None	The Portable Device Enumerator Service service entered the stopped state.
Information	6/10/2022 10:28:13 AM	Service Control Manager	7036	None	The Microsoft .NET Framework NGEN v4.0.30319_X86 service entered the stopped state.
Information	6/10/2022 10:28:13 AM	Service Control Manager	7036	None	The Microsoft .NET Framework NGEN v4.0.30319_X86 service entered the running state.
Information	6/10/2022 10:28:13 AM	Service Control Manager	7036	None	The Background Intelligent Transfer Service service entered the running state.
Information	6/10/2022 10:26:54 AM	Microsoft-Windows-Iphlpsvc	4200	None	Isatap interface isatap.localdomain with address fe80::5efe:172.16.136.179 has been brought up.
Information	6/10/2022 10:26:42 AM	Microsoft-Windows-Iphlpsvc	4200	None	Isatap interface isatap.localdomain with address fe80::5efe:192.168.52.130 has been brought up.
Warning	6/10/2022 10:26:34 AM	Microsoft-Windows-DNS-Client	1014	None	Name resolution for the name wpad.localdomain timed out after none of the configured DNS servers responded.
Warning	6/10/2022 10:26:19 AM	Microsoft-Windows-DNS-Client	1014	None	Name resolution for the name METASPLOITABLE3.localdomain timed out after none of the configured DNS servers responded.
Information	6/10/2022 10:26:15 AM	Microsoft-Windows-TerminalServices-RemoteConnectionManager	1056	None	A new self signed certificate to be used for Terminal Server authentication on SSL connections was generated. The name on this certificate is metasploitable3-win2k8. The SHA1 hash of the certificate is in the event data.
Information	6/10/2022 10:26:15 AM	Service Control Manager	7036	None	The Remote Desktop Configuration service entered the running state.
Information	6/10/2022 10:26:15 AM	Service Control Manager	7036	None	The Certificate Propagation service entered the running state.
Information	6/10/2022 10:26:15 AM	Service Control Manager	7036	None	The Remote Desktop Services UserMode Port Redirector service entered the running state.
Information	6/10/2022 10:26:14 AM	Service Control Manager	7036	None	The IPsec Policy Agent service entered the running state.
Information	6/10/2022 10:26:13 AM	Service Control Manager	7036	None	The Application Experience service entered the running state.
Information	6/10/2022 10:26:13 AM	Service Control Manager	7036	None	The Remote Desktop Services service entered the running state.
Information	6/10/2022 10:26:13 AM	Service Control Manager	7036	None	The Portable Device Enumerator Service service entered the running state.
Information	6/10/2022 10:26:13 AM	Service Control Manager	7036	None	The Software Protection service entered the running state.
Information	6/10/2022 10:26:13 AM	Service Control Manager	7036	None	The WinHTTP Web Proxy Auto-Discovery Service service entered the running state.
Information	6/10/2022 10:26:13 AM	Service Control Manager	7036	None	The Network List Service service entered the running state.
Information	6/10/2022 10:26:13 AM	Microsoft-Windows-UserPnp	20003	(7005)	Driver Management has concluded the process to add Service tunnel for Device Instance ID ROOT\*ISATAP\0002 with the following status: 0.
Error	6/10/2022 10:26:13 AM	Service Control Manager	7026	None	"The following boot-start or system-start driver(s) failed to load: 
vmhgfs"
Information	6/10/2022 10:26:13 AM	Service Control Manager	7036	None	The wampmysqld service entered the running state.
Information	6/10/2022 10:26:14 AM	SNMP	1001	None	The SNMP Service has started successfully.
Information	6/10/2022 10:26:12 AM	Service Control Manager	7036	None	The Server service entered the running state.
Information	6/10/2022 10:26:12 AM	Service Control Manager	7036	None	The World Wide Web Publishing Service service entered the running state.
Information	6/10/2022 10:26:12 AM	Service Control Manager	7036	None	The Windows Remote Management (WS-Management) service entered the running state.
Information	6/10/2022 10:26:12 AM	Service Control Manager	7036	None	The wampapache service entered the running state.
Information	6/10/2022 10:26:12 AM	Service Control Manager	7036	None	The ManageEngine Desktop Central Server service entered the running state.
Information	6/10/2022 10:26:12 AM	Service Control Manager	7036	None	The Windows Process Activation Service service entered the running state.
Information	6/10/2022 10:26:12 AM	Service Control Manager	7036	None	The IP Helper service entered the running state.
Information	6/10/2022 10:26:11 AM	Service Control Manager	7036	None	The Windows Licensing Monitoring Service service entered the running state.
Information	6/10/2022 10:26:11 AM	Service Control Manager	7036	None	The OpenSSH Server service entered the running state.
Information	6/10/2022 10:26:11 AM	Service Control Manager	7036	None	The Windows Management Instrumentation service entered the running state.
Information	6/10/2022 10:26:11 AM	Service Control Manager	7036	None	The Distributed Link Tracking Client service entered the running state.
Information	6/10/2022 10:26:12 AM	Microsoft-Windows-WinRM	10121	None	"The WinRM service has been configured to accept basic authentication for unsecure HTTP connections. 

 This is not a secure configuration. 

 User Action 
 Set AllowUnencrypted to False in WinRM configuration to ensure packets are encrypted on the wire."
Information	6/10/2022 10:26:12 AM	Microsoft-Windows-WinRM	10148	None	"The WinRM service is listening for WS-Management requests. 

 User Action 
 Use the following command to see the specific IPs on which WinRM is listening: 

 winrm enumerate winrm/config/listener"
Information	6/10/2022 10:26:11 AM	Service Control Manager	7036	None	The Remote Registry service entered the running state.
Information	6/10/2022 10:26:11 AM	Service Control Manager	7036	None	The SNMP Service service entered the running state.
Information	6/10/2022 10:26:10 AM	Service Control Manager	7036	None	The MEDC Server Component - Apache service entered the running state.
Information	6/10/2022 10:26:09 AM	Service Control Manager	7036	None	The Network Location Awareness service entered the running state.
Error	6/10/2022 10:26:11 AM	SNMP	1500	None	The SNMP Service encountered an error while accessing the registry key SYSTEM\CurrentControlSet\Services\SNMP\Parameters\TrapConfiguration.
Information	6/10/2022 10:26:06 AM	Service Control Manager	7036	None	The Elasticsearch 1.1.1 (elasticsearch-service-x64) service entered the running state.
Information	6/10/2022 10:26:05 AM	Service Control Manager	7036	None	The jmx service entered the running state.
Information	6/10/2022 10:26:05 AM	Service Control Manager	7036	None	The MEDC Server Component - Notification Server service entered the running state.
Information	6/10/2022 10:26:05 AM	Service Control Manager	7036	None	The jenkins service entered the running state.
Information	6/10/2022 10:26:04 AM	Service Control Manager	7036	None	The domain1 GlassFish Server service entered the running state.
Information	6/10/2022 10:26:04 AM	Service Control Manager	7036	None	The Microsoft FTP Service service entered the running state.
Information	6/10/2022 10:26:04 AM	Service Control Manager	7036	None	The IKE and AuthIP IPsec Keying Modules service entered the running state.
Information	6/10/2022 10:26:04 AM	Service Control Manager	7036	None	The Application Host Helper Service service entered the running state.
Information	6/10/2022 10:26:04 AM	Service Control Manager	7036	None	The Cryptographic Services service entered the running state.
Information	6/10/2022 10:26:04 AM	Service Control Manager	7036	None	The Print Spooler service entered the running state.
Information	6/10/2022 10:26:04 AM	Service Control Manager	7036	None	The Security Accounts Manager service entered the running state.
Information	6/10/2022 10:26:04 AM	Service Control Manager	7036	None	The Workstation service entered the running state.
Information	6/10/2022 10:26:04 AM	Service Control Manager	7036	None	The Windows Firewall service entered the running state.
Information	6/10/2022 10:26:04 AM	Service Control Manager	7036	None	The Base Filtering Engine service entered the running state.
Information	6/10/2022 10:26:03 AM	Service Control Manager	7036	None	The Task Scheduler service entered the running state.
Information	6/10/2022 10:26:03 AM	Service Control Manager	7036	None	The Shell Hardware Detection service entered the running state.
Information	6/10/2022 10:26:03 AM	Service Control Manager	7036	None	The DNS Client service entered the running state.
Information	6/10/2022 10:26:03 AM	Service Control Manager	7036	None	The DHCP Client service entered the running state.
Information	6/10/2022 10:26:03 AM	Microsoft-Windows-DHCPv6-Client	51046	Service State Event	DHCPv6 client service is started
Information	6/10/2022 10:26:03 AM	Microsoft-Windows-Dhcp-Client	50036	Service State Event	DHCPv4 client service is started
Information	6/10/2022 10:26:03 AM	Service Control Manager	7036	None	The TCP/IP NetBIOS Helper service entered the running state.
Information	6/10/2022 10:26:03 AM	Service Control Manager	7036	None	The Network Store Interface Service service entered the running state.
Information	6/10/2022 10:26:03 AM	Service Control Manager	7036	None	The Desktop Window Manager Session Manager service entered the running state.
Information	6/10/2022 10:26:03 AM	Service Control Manager	7036	None	The System Event Notification Service service entered the running state.
Information	6/10/2022 10:26:03 AM	Service Control Manager	7036	None	The COM+ Event System service entered the running state.
Information	6/10/2022 10:26:03 AM	Service Control Manager	7036	None	The User Profile Service service entered the running state.
Information	6/10/2022 10:26:03 AM	Service Control Manager	7036	None	The Group Policy Client service entered the running state.
Information	6/10/2022 10:26:03 AM	Service Control Manager	7036	None	The Windows Event Log service entered the running state.
Information	6/10/2022 10:26:03 AM	Service Control Manager	7036	None	The Remote Procedure Call (RPC) service entered the running state.
Information	6/10/2022 10:26:03 AM	Service Control Manager	7036	None	The RPC Endpoint Mapper service entered the running state.
Information	6/10/2022 10:26:03 AM	Service Control Manager	7036	None	The DCOM Server Process Launcher service entered the running state.
Information	6/10/2022 10:26:03 AM	Microsoft-Windows-FilterManager	6	None	File System Filter 'luafv' (6.1, ‎2009‎-‎07‎-‎13T16:26:13.000000000Z) has successfully loaded and registered with Filter Manager.
Information	6/10/2022 10:26:03 AM	Service Control Manager	7036	None	The Power service entered the running state.
Information	6/10/2022 10:26:03 AM	Microsoft-Windows-UserPnp	20010	(7010)	"One or more of the Plug and Play service's subsystems has changed state. 

PlugPlay install subsystem enabled: 'true' 
PlugPlay caching subsystem enabled: 'true' 
"
Information	6/10/2022 10:26:03 AM	Service Control Manager	7036	None	The Plug and Play service entered the running state.
Information	6/10/2022 10:26:03 AM	Microsoft-Windows-Kernel-Processor-Power	26	(4)	"Processor 1 in group 0 exposes the following:

1 idle state(s)
0 performance state(s)
0 throttle state(s)"
Information	6/10/2022 10:26:03 AM	Microsoft-Windows-Kernel-Processor-Power	26	(4)	"Processor 0 in group 0 exposes the following:

1 idle state(s)
0 performance state(s)
0 throttle state(s)"
Information	6/10/2022 10:25:57 AM	Microsoft-Windows-Kernel-General	12	None	The operating system started at system time ‎2022‎-‎06‎-‎10T17:25:57.484375000Z.
Information	8/16/2021 4:13:27 PM	Microsoft-Windows-Kernel-General	13	None	The operating system is shutting down at system time ‎2021‎-‎08‎-‎16T23:13:27.910156200Z.
Information	8/16/2021 4:13:27 PM	Microsoft-Windows-Kernel-Power	109	(103)	The kernel power manager has initiated a shutdown transition.
Information	8/16/2021 4:13:27 PM	Service Control Manager	7036	None	The MEDC Server Component - Apache service entered the stopped state.
Information	8/16/2021 4:13:26 PM	Service Control Manager	7036	None	The Microsoft FTP Service service entered the stopped state.
Information	8/16/2021 4:13:26 PM	Service Control Manager	7036	None	The Windows Process Activation Service service entered the stopped state.
Information	8/16/2021 4:13:26 PM	Service Control Manager	7036	None	The wampmysqld service entered the stopped state.
Information	8/16/2021 4:13:26 PM	Service Control Manager	7036	None	The jmx service entered the stopped state.
Information	8/16/2021 4:13:25 PM	Service Control Manager	7036	None	The Software Protection service entered the stopped state.
Information	8/16/2021 4:13:25 PM	Service Control Manager	7036	None	The Remote Desktop Services service entered the stopped state.
Information	8/16/2021 4:13:25 PM	Service Control Manager	7036	None	The Windows Remote Management (WS-Management) service entered the stopped state.
Information	8/16/2021 4:13:25 PM	Service Control Manager	7036	None	The jenkins service entered the stopped state.
Information	8/16/2021 4:13:25 PM	Service Control Manager	7036	None	The Windows Licensing Monitoring Service service entered the stopped state.
Information	8/16/2021 4:13:25 PM	Service Control Manager	7036	None	The Windows Management Instrumentation service entered the stopped state.
Information	8/16/2021 4:13:25 PM	Service Control Manager	7036	None	The Desktop Window Manager Session Manager service entered the stopped state.
Information	8/16/2021 4:13:25 PM	Service Control Manager	7036	None	The World Wide Web Publishing Service service entered the stopped state.
Information	8/16/2021 4:13:25 PM	Service Control Manager	7036	None	The Distributed Link Tracking Client service entered the stopped state.
Information	8/16/2021 4:13:25 PM	Service Control Manager	7036	None	The Remote Desktop Services UserMode Port Redirector service entered the stopped state.
Information	8/16/2021 4:13:25 PM	Service Control Manager	7036	None	The User Profile Service service entered the stopped state.
Information	8/16/2021 4:13:25 PM	Service Control Manager	7036	None	The SPP Notification Service service entered the stopped state.
Information	8/16/2021 4:13:25 PM	Service Control Manager	7036	None	The IPsec Policy Agent service entered the stopped state.
Information	8/16/2021 4:13:25 PM	Service Control Manager	7036	None	The Power service entered the stopped state.
Information	8/16/2021 4:13:25 PM	Service Control Manager	7036	None	The Distributed Transaction Coordinator service entered the stopped state.
Information	8/16/2021 4:13:25 PM	Service Control Manager	7036	None	The Plug and Play service entered the stopped state.
Information	8/16/2021 4:13:25 PM	Microsoft-Windows-UserPnp	20010	(7010)	"One or more of the Plug and Play service's subsystems has changed state. 

PlugPlay install subsystem enabled: 'false' 
PlugPlay caching subsystem enabled: 'false' 
"
Information	8/16/2021 4:13:25 PM	Service Control Manager	7036	None	The MEDC Server Component - Notification Server service entered the stopped state.
Information	8/16/2021 4:13:25 PM	Service Control Manager	7036	None	The Windows Event Log service entered the stopped state.
Information	6/10/2022 10:26:03 AM	EventLog	6013	None	The system uptime is 6 seconds.
Information	6/10/2022 10:26:03 AM	EventLog	6005	None	The Event log service was started.
Information	6/10/2022 10:26:03 AM	EventLog	6009	None	Microsoft (R) Windows (R) 6.01. 7601 Service Pack 1 Multiprocessor Free.
Information	8/16/2021 4:13:25 PM	Service Control Manager	7036	None	The Cryptographic Services service entered the stopped state.
Information	8/16/2021 4:13:25 PM	Service Control Manager	7036	None	The IKE and AuthIP IPsec Keying Modules service entered the stopped state.
Information	8/16/2021 4:13:25 PM	Service Control Manager	7036	None	The Application Host Helper Service service entered the stopped state.
Information	8/16/2021 4:13:25 PM	Service Control Manager	7036	None	The Windows Font Cache Service service entered the stopped state.
Information	8/16/2021 4:13:25 PM	Service Control Manager	7036	None	The Diagnostic Policy Service service entered the stopped state.
Information	8/16/2021 4:13:25 PM	Service Control Manager	7036	None	The DHCP Client service entered the stopped state.
Information	8/16/2021 4:13:25 PM	Microsoft-Windows-Dhcp-Client	50037	Service State Event	DHCPv4 client service is stopped. ShutDown Flag value is 1
Information	8/16/2021 4:13:25 PM	Microsoft-Windows-DHCPv6-Client	51047	Service State Event	DHCPv6 client service is stopped. ShutDown Flag value is 1
Information	8/16/2021 4:13:25 PM	Service Control Manager	7036	None	The Certificate Propagation service entered the stopped state.
Information	8/16/2021 4:13:25 PM	EventLog	6006	None	The Event log service was stopped.
Information	8/16/2021 4:13:20 PM	Service Control Manager	7036	None	The ManageEngine Desktop Central Server service entered the stopped state.
Information	8/16/2021 4:13:20 PM	Service Control Manager	7036	None	The Windows Error Reporting Service service entered the running state.
Information	8/16/2021 4:13:18 PM	Service Control Manager	7036	None	The Elasticsearch 1.1.1 (elasticsearch-service-x64) service entered the stopped state.
Information	8/16/2021 4:13:18 PM	Service Control Manager	7036	None	The Group Policy Client service entered the stopped state.
Information	8/16/2021 4:13:18 PM	Service Control Manager	7036	None	The Windows Update service entered the stopped state.
Information	8/16/2021 4:13:18 PM	USER32	1074	None	"The process wlms.exe has initiated the power off of computer METASPLOITABLE3 on behalf of user NT AUTHORITY\SYSTEM for the following reason: Other (Unplanned)
 Reason Code: 0x0
 Shutdown Type: power off
 Comment: "
Information	8/16/2021 3:55:58 PM	Service Control Manager	7036	None	The DNS Client service entered the running state.
Information	8/16/2021 3:55:15 PM	Service Control Manager	7036	None	The Diagnostic System Host service entered the stopped state.
Information	8/16/2021 3:54:36 PM	Service Control Manager	7036	None	The DNS Client service entered the stopped state.
Information	8/16/2021 3:43:17 PM	Service Control Manager	7036	None	The SPP Notification Service service entered the running state.
Information	8/16/2021 3:34:36 PM	Service Control Manager	7036	None	The DNS Client service entered the running state.
Information	8/16/2021 3:33:02 PM	Service Control Manager	7036	None	The DNS Client service entered the stopped state.
Information	8/16/2021 3:29:45 PM	Service Control Manager	7036	None	The WinHTTP Web Proxy Auto-Discovery Service service entered the stopped state.
Information	8/16/2021 3:23:16 PM	Service Control Manager	7036	None	The Application Experience service entered the stopped state.
Information	8/16/2021 3:15:19 PM	Service Control Manager	7036	None	The Shell Hardware Detection service entered the stopped state.
Information	8/16/2021 3:15:16 PM	Service Control Manager	7036	None	The Windows Update service entered the running state.
Information	8/16/2021 3:15:16 PM	Service Control Manager	7036	None	The Portable Device Enumerator Service service entered the stopped state.
Information	8/16/2021 3:15:15 PM	Service Control Manager	7036	None	The Distributed Transaction Coordinator service entered the running state.
Information	8/16/2021 3:15:15 PM	Service Control Manager	7036	None	The Windows Font Cache Service service entered the running state.
Information	8/16/2021 3:15:15 PM	Service Control Manager	7036	None	The Diagnostic System Host service entered the running state.
Information	8/16/2021 3:15:15 PM	Service Control Manager	7036	None	The Diagnostic Policy Service service entered the running state.
Information	8/16/2021 3:15:15 PM	Service Control Manager	7036	None	The Microsoft .NET Framework NGEN v4.0.30319_X64 service entered the stopped state.
Information	8/16/2021 3:15:15 PM	Service Control Manager	7036	None	The Microsoft .NET Framework NGEN v4.0.30319_X64 service entered the running state.
Information	8/16/2021 3:15:15 PM	Service Control Manager	7036	None	The Microsoft .NET Framework NGEN v4.0.30319_X86 service entered the stopped state.
Information	8/16/2021 3:15:15 PM	Service Control Manager	7036	None	The Microsoft .NET Framework NGEN v4.0.30319_X86 service entered the running state.
Information	8/16/2021 3:15:15 PM	Service Control Manager	7036	None	The Background Intelligent Transfer Service service entered the running state.
Information	8/16/2021 3:13:19 PM	Service Control Manager	7036	None	The Remote Desktop Configuration service entered the running state.
Information	8/16/2021 3:13:19 PM	Service Control Manager	7036	None	The Certificate Propagation service entered the running state.
Information	8/16/2021 3:13:18 PM	Service Control Manager	7036	None	The Remote Desktop Services UserMode Port Redirector service entered the running state.
Information	8/16/2021 3:13:17 PM	Microsoft-Windows-Iphlpsvc	4200	None	Isatap interface isatap.{C4693D89-C34D-4CB3-98BB-1A53D6BAFCB8} with address fe80::5efe:192.168.52.5 has been brought up.
Information	8/16/2021 3:13:17 PM	Service Control Manager	7036	None	The Remote Desktop Services service entered the running state.
Information	8/16/2021 3:13:17 PM	Service Control Manager	7036	None	The IPsec Policy Agent service entered the running state.
Information	8/16/2021 3:13:16 PM	Service Control Manager	7036	None	The Application Experience service entered the running state.
Information	8/16/2021 3:13:16 PM	Service Control Manager	7036	None	The Portable Device Enumerator Service service entered the running state.
Information	8/16/2021 3:13:16 PM	Service Control Manager	7036	None	The Software Protection service entered the running state.
Information	8/16/2021 3:13:15 PM	Service Control Manager	7036	None	The WinHTTP Web Proxy Auto-Discovery Service service entered the running state.
Information	8/16/2021 3:13:15 PM	Service Control Manager	7036	None	The Network List Service service entered the running state.
Error	8/16/2021 3:13:14 PM	Service Control Manager	7026	None	"The following boot-start or system-start driver(s) failed to load: 
vmhgfs"
Information	8/16/2021 3:13:14 PM	Service Control Manager	7036	None	The wampapache service entered the running state.
Information	8/16/2021 3:13:14 PM	Service Control Manager	7036	None	The wampmysqld service entered the running state.
Information	8/16/2021 3:13:15 PM	SNMP	1001	None	The SNMP Service has started successfully.
Information	8/16/2021 3:13:13 PM	Service Control Manager	7036	None	The Server service entered the running state.
Information	8/16/2021 3:13:12 PM	Service Control Manager	7036	None	The Windows Remote Management (WS-Management) service entered the running state.
Information	8/16/2021 3:13:12 PM	Service Control Manager	7036	None	The ManageEngine Desktop Central Server service entered the running state.
Information	8/16/2021 3:13:12 PM	Service Control Manager	7036	None	The OpenSSH Server service entered the running state.
