Information	5/2/2021 2:56:49 AM	Service Control Manager	7036	None	The System Event Notification Service service entered the running state.
Information	5/2/2021 2:56:49 AM	Service Control Manager	7036	None	The COM+ Event System service entered the running state.
Information	5/2/2021 2:56:49 AM	Service Control Manager	7036	None	The User Profile Service service entered the running state.
Information	5/2/2021 2:56:49 AM	Service Control Manager	7036	None	The Group Policy Client service entered the running state.
Information	5/2/2021 2:56:49 AM	Service Control Manager	7036	None	The Windows Event Log service entered the running state.
Information	5/2/2021 2:56:49 AM	Microsoft-Windows-FilterManager	6	None	File System Filter 'luafv' (6.1, ‎2009‎-‎07‎-‎13T16:26:13.000000000Z) has successfully loaded and registered with Filter Manager.
Information	5/2/2021 2:56:48 AM	Service Control Manager	7036	None	The Network List Service service entered the running state.
Information	5/2/2021 2:56:48 AM	Service Control Manager	7036	None	The Network Location Awareness service entered the running state.
Information	5/2/2021 2:56:47 AM	Service Control Manager	7036	None	The Network Store Interface Service service entered the running state.
Information	5/2/2021 2:56:45 AM	Service Control Manager	7036	None	The Software Protection service entered the running state.
Information	5/2/2021 2:56:44 AM	Service Control Manager	7036	None	The Remote Procedure Call (RPC) service entered the running state.
Information	5/2/2021 2:56:44 AM	Service Control Manager	7036	None	The RPC Endpoint Mapper service entered the running state.
Information	5/2/2021 2:56:44 AM	Service Control Manager	7036	None	The DCOM Server Process Launcher service entered the running state.
Information	5/2/2021 2:56:44 AM	Service Control Manager	7036	None	The Power service entered the running state.
Information	5/2/2021 2:56:44 AM	Microsoft-Windows-UserPnp	20010	(7010)	"One or more of the Plug and Play service's subsystems has changed state. 

PlugPlay install subsystem enabled: 'true' 
PlugPlay caching subsystem enabled: 'true' 
"
Information	5/2/2021 2:56:44 AM	Service Control Manager	7036	None	The Plug and Play service entered the running state.
Information	5/2/2021 2:56:41 AM	Microsoft-Windows-Kernel-Processor-Power	26	(4)	"Processor 1 in group 0 exposes the following:

1 idle state(s)
0 performance state(s)
8 throttle state(s)"
Information	5/2/2021 2:56:41 AM	Microsoft-Windows-Kernel-Processor-Power	26	(4)	"Processor 0 in group 0 exposes the following:

1 idle state(s)
0 performance state(s)
8 throttle state(s)"
Information	5/2/2021 2:56:34 AM	Microsoft-Windows-Kernel-General	12	None	The operating system started at system time ‎2021‎-‎05‎-‎02T09:56:34.484375000Z.
Information	5/2/2021 2:56:26 AM	Microsoft-Windows-Kernel-General	13	None	The operating system is shutting down at system time ‎2021‎-‎05‎-‎02T09:56:26.530625000Z.
Information	5/2/2021 2:56:26 AM	Microsoft-Windows-Kernel-Power	109	(103)	The kernel power manager has initiated a shutdown transition.
Information	5/2/2021 2:56:26 AM	Service Control Manager	7036	None	The Plug and Play service entered the stopped state.
Information	5/2/2021 2:56:26 AM	Microsoft-Windows-UserPnp	20010	(7010)	"One or more of the Plug and Play service's subsystems has changed state. 

PlugPlay install subsystem enabled: 'false' 
PlugPlay caching subsystem enabled: 'false' 
"
Warning	5/2/2021 2:56:26 AM	Microsoft-Windows-DNS-Client	1014	None	Name resolution for the name wpad.localdomain timed out after none of the configured DNS servers responded.
Information	5/2/2021 2:56:26 AM	Service Control Manager	7036	None	The Software Protection service entered the stopped state.
Information	5/2/2021 2:56:26 AM	Service Control Manager	7036	None	The DHCP Client service entered the stopped state.
Information	5/2/2021 2:56:25 AM	Service Control Manager	7036	None	The Windows Event Log service entered the stopped state.
Information	5/2/2021 2:56:25 AM	Service Control Manager	7036	None	The Cryptographic Services service entered the stopped state.
Information	5/2/2021 2:56:25 AM	Microsoft-Windows-Dhcp-Client	50037	Service State Event	DHCPv4 client service is stopped. ShutDown Flag value is 1
Information	5/2/2021 2:56:49 AM	EventLog	6013	None	The system uptime is 14 seconds.
Information	5/2/2021 2:56:49 AM	EventLog	6005	None	The Event log service was started.
Information	5/2/2021 2:56:49 AM	EventLog	6009	None	Microsoft (R) Windows (R) 6.01. 7601 Service Pack 1 Multiprocessor Free.
Information	5/2/2021 2:56:49 AM	EventLog	6011	None	The NetBIOS name and DNS host name of this machine have been changed from VAGRANT-P98UQBN to VAGRANT-2008R2.
Information	5/2/2021 2:56:25 AM	Service Control Manager	7036	None	The Windows Modules Installer service entered the stopped state.
Information	5/2/2021 2:56:25 AM	Service Control Manager	7036	None	The Windows Licensing Monitoring Service service entered the stopped state.
Information	5/2/2021 2:56:25 AM	Service Control Manager	7036	None	The Distributed Link Tracking Client service entered the stopped state.
Information	5/2/2021 2:56:25 AM	Service Control Manager	7036	None	The Windows Management Instrumentation service entered the stopped state.
Information	5/2/2021 2:56:25 AM	Service Control Manager	7036	None	The Desktop Window Manager Session Manager service entered the stopped state.
Information	5/2/2021 2:56:25 AM	Service Control Manager	7036	None	The User Profile Service service entered the stopped state.
Information	5/2/2021 2:56:25 AM	Microsoft-Windows-DHCPv6-Client	51047	Service State Event	DHCPv6 client service is stopped. ShutDown Flag value is 1
Information	5/2/2021 2:56:25 AM	Service Control Manager	7036	None	The Power service entered the stopped state.
Information	5/2/2021 2:56:25 AM	Service Control Manager	7036	None	The Microsoft .NET Framework NGEN v2.0.50727_X64 service entered the stopped state.
Information	5/2/2021 2:56:25 AM	Service Control Manager	7036	None	The Microsoft .NET Framework NGEN v2.0.50727_X86 service entered the stopped state.
Information	5/2/2021 2:56:25 AM	Service Control Manager	7036	None	The Group Policy Client service entered the stopped state.
Information	5/2/2021 2:56:25 AM	Microsoft-Windows-Setup	2004	OS information	Successfully logged OS information
Information	5/2/2021 2:56:25 AM	Microsoft-Windows-Setup	2003	Setup information	Successfully logged Setup information
Information	5/2/2021 2:56:25 AM	Microsoft-Windows-Kernel-General	1	None	The system time has changed to ‎2021‎-‎05‎-‎02T09:56:25.140000000Z from ‎2021‎-‎05‎-‎02T09:56:25.140625000Z.
Information	5/2/2021 2:56:25 AM	Microsoft-Windows-Kernel-General	1	None	The system time has changed to ‎2021‎-‎05‎-‎02T09:56:25.140625000Z from ‎2021‎-‎05‎-‎02T09:56:25.140625000Z.
Information	5/2/2021 2:56:25 AM	EventLog	6006	None	The Event log service was stopped.
Information	5/2/2021 2:56:25 AM	USER32	1074	None	"The process C:\Windows\system32\winlogon.exe (37L4247F27-26) has initiated the restart of computer VAGRANT-P98UQBN on behalf of user NT AUTHORITY\SYSTEM for the following reason: Operating System: Upgrade (Planned)
 Reason Code: 0x80020003
 Shutdown Type: restart
 Comment: "
Information	5/2/2021 2:56:20 AM	Microsoft-Windows-UserPnp	20010	(7010)	"One or more of the Plug and Play service's subsystems has changed state. 

PlugPlay install subsystem enabled: 'true' 
PlugPlay caching subsystem enabled: 'true' 
"
Information	5/2/2021 2:56:20 AM	Service Control Manager	7040	None	The start type of the Microsoft .NET Framework NGEN v2.0.50727_X64 service was changed from demand start to auto start.
Information	5/2/2021 2:56:20 AM	Service Control Manager	7036	None	The Microsoft .NET Framework NGEN v2.0.50727_X64 service entered the running state.
Information	5/2/2021 2:56:20 AM	Service Control Manager	7040	None	The start type of the Microsoft .NET Framework NGEN v2.0.50727_X86 service was changed from demand start to auto start.
Information	5/2/2021 2:56:20 AM	Service Control Manager	7036	None	The Microsoft .NET Framework NGEN v2.0.50727_X86 service entered the running state.
Information	5/2/2021 2:56:19 AM	Microsoft-Windows-UserPnp	20001	(7005)	Driver Management concluded the process to install driver FileRepository\machine.inf_amd64_neutral_a2f120466549d68b\machine.inf for Device Instance ID LPTENUM\MICROSOFTRAWPORT\6&227B8172&0&LPT1 with the following status: 0x0.
Information	5/2/2021 2:56:18 AM	Microsoft-Windows-UserPnp	20001	(7005)	Driver Management concluded the process to install driver FileRepository\msports.inf_amd64_neutral_fdcfb86ce78678d1\msports.inf for Device Instance ID ACPI\PNP0501\1 with the following status: 0x0.
Information	5/2/2021 2:56:18 AM	Microsoft-Windows-UserPnp	20003	(7005)	Driver Management has concluded the process to add Service Serenum for Device Instance ID ACPI\PNP0501\1 with the following status: 0.
Information	5/2/2021 2:56:18 AM	Microsoft-Windows-UserPnp	20003	(7005)	Driver Management has concluded the process to add Service Serial for Device Instance ID ACPI\PNP0501\1 with the following status: 0.
Information	5/2/2021 2:56:18 AM	Microsoft-Windows-UserPnp	20001	(7005)	Driver Management concluded the process to install driver FileRepository\flpydisk.inf_amd64_neutral_f54222cc59267e1e\flpydisk.inf for Device Instance ID FDC\GENERIC_FLOPPY_DRIVE\6&3B4C39BD&0&0 with the following status: 0x0.
Information	5/2/2021 2:56:18 AM	Microsoft-Windows-UserPnp	20003	(7005)	Driver Management has concluded the process to add Service flpydisk for Device Instance ID FDC\GENERIC_FLOPPY_DRIVE\6&3B4C39BD&0&0 with the following status: 0.
Information	5/2/2021 2:56:18 AM	Microsoft-Windows-UserPnp	20001	(7005)	Driver Management concluded the process to install driver FileRepository\msports.inf_amd64_neutral_fdcfb86ce78678d1\msports.inf for Device Instance ID ACPI\PNP0400\5&27D1C488&0 with the following status: 0x0.
Information	5/2/2021 2:56:18 AM	Microsoft-Windows-UserPnp	20003	(7005)	Driver Management has concluded the process to add Service Parport for Device Instance ID ACPI\PNP0400\5&27D1C488&0 with the following status: 0.
Information	5/2/2021 2:56:18 AM	Microsoft-Windows-UserPnp	20001	(7005)	Driver Management concluded the process to install driver FileRepository\disk.inf_amd64_neutral_10ce25bbc5a9cc43\disk.inf for Device Instance ID SCSI\DISK&VEN_VMWARE_&PROD_VMWARE_VIRTUAL_S\5&22BE343F&0&000000 with the following status: 0x0.
Information	5/2/2021 2:56:17 AM	Microsoft-Windows-UserPnp	20003	(7005)	Driver Management has concluded the process to add Service disk for Device Instance ID SCSI\DISK&VEN_VMWARE_&PROD_VMWARE_VIRTUAL_S\5&22BE343F&0&000000 with the following status: 0.
Information	5/2/2021 2:56:17 AM	Microsoft-Windows-UserPnp	20001	(7005)	Driver Management concluded the process to install driver FileRepository\cdrom.inf_amd64_neutral_0b3d0d1942ab684b\cdrom.inf for Device Instance ID IDE\CDROMNECVMWAR_VMWARE_IDE_CDR00_______________1.00____\5&27BF9D6B&0&0.0.0 with the following status: 0x0.
Information	5/2/2021 2:56:17 AM	Microsoft-Windows-UserPnp	20003	(7005)	Driver Management has concluded the process to add Service cdrom for Device Instance ID IDE\CDROMNECVMWAR_VMWARE_IDE_CDR00_______________1.00____\5&27BF9D6B&0&0.0.0 with the following status: 0.
Information	5/2/2021 2:56:17 AM	Microsoft-Windows-UserPnp	20001	(7005)	Driver Management concluded the process to install driver FileRepository\fdc.inf_amd64_neutral_bbcfca39fdc02275\fdc.inf for Device Instance ID ACPI\PNP0700\5&27D1C488&0 with the following status: 0x0.
Information	5/2/2021 2:56:17 AM	Microsoft-Windows-UserPnp	20003	(7005)	Driver Management has concluded the process to add Service fdc for Device Instance ID ACPI\PNP0700\5&27D1C488&0 with the following status: 0.
Information	5/2/2021 2:56:17 AM	Microsoft-Windows-UserPnp	20001	(7005)	Driver Management concluded the process to install driver FileRepository\monitor.inf_amd64_neutral_ab477c4d805d044f\monitor.inf for Device Instance ID DISPLAY\DEFAULT_MONITOR\4&10C2E2D6&0&12345678&00&0F with the following status: 0x0.
Information	5/2/2021 2:56:16 AM	Microsoft-Windows-UserPnp	20003	(7005)	Driver Management has concluded the process to add Service monitor for Device Instance ID DISPLAY\DEFAULT_MONITOR\4&10C2E2D6&0&12345678&00&0F with the following status: 0.
Information	5/2/2021 2:56:16 AM	Microsoft-Windows-UserPnp	20001	(7005)	Driver Management concluded the process to install driver FileRepository\keyboard.inf_amd64_neutral_0684fdc43059f486\keyboard.inf for Device Instance ID ACPI\PNP0303\4&205AD762&0 with the following status: 0x0.
Information	5/2/2021 2:56:16 AM	Microsoft-Windows-UserPnp	20003	(7005)	Driver Management has concluded the process to add Service kbdclass for Device Instance ID ACPI\PNP0303\4&205AD762&0 with the following status: 0.
Information	5/2/2021 2:56:16 AM	Microsoft-Windows-UserPnp	20003	(7005)	Driver Management has concluded the process to add Service i8042prt for Device Instance ID ACPI\PNP0303\4&205AD762&0 with the following status: 0.
Information	5/2/2021 2:56:16 AM	Microsoft-Windows-UserPnp	20001	(7005)	Driver Management concluded the process to install driver FileRepository\mshdc.inf_amd64_neutral_aad30bdeec04ea5e\mshdc.inf for Device Instance ID PCIIDE\IDECHANNEL\4&C5D1198&0&1 with the following status: 0x0.
Information	5/2/2021 2:56:15 AM	Service Control Manager	7036	None	The WinHTTP Web Proxy Auto-Discovery Service service entered the running state.
Information	5/2/2021 2:56:13 AM	Microsoft-Windows-UserPnp	20003	(7005)	Driver Management has concluded the process to add Service atapi for Device Instance ID PCIIDE\IDECHANNEL\4&C5D1198&0&1 with the following status: 0.
Information	5/2/2021 2:56:13 AM	Microsoft-Windows-UserPnp	20001	(7005)	Driver Management concluded the process to install driver FileRepository\mshdc.inf_amd64_neutral_aad30bdeec04ea5e\mshdc.inf for Device Instance ID PCIIDE\IDECHANNEL\4&C5D1198&0&0 with the following status: 0x0.
Information	5/2/2021 2:56:12 AM	Microsoft-Windows-UserPnp	20003	(7005)	Driver Management has concluded the process to add Service atapi for Device Instance ID PCIIDE\IDECHANNEL\4&C5D1198&0&0 with the following status: 0.
Information	5/2/2021 2:56:12 AM	Microsoft-Windows-UserPnp	20001	(7005)	Driver Management concluded the process to install driver FileRepository\machine.inf_amd64_neutral_a2f120466549d68b\machine.inf for Device Instance ID ACPI\PNP0200\4&205AD762&0 with the following status: 0x0.
Information	5/2/2021 2:56:12 AM	Microsoft-Windows-UserPnp	20001	(7005)	Driver Management concluded the process to install driver FileRepository\lsi_sas.inf_amd64_neutral_a4d6780f72cbd5b4\lsi_sas.inf for Device Instance ID PCI\VEN_1000&DEV_0054&SUBSYS_197615AD&REV_01\4&1F16FEF7&0&00A8 with the following status: 0x0.
Information	5/2/2021 2:56:12 AM	Microsoft-Windows-UserPnp	20003	(7005)	Driver Management has concluded the process to add Service LSI_SAS for Device Instance ID PCI\VEN_1000&DEV_0054&SUBSYS_197615AD&REV_01\4&1F16FEF7&0&00A8 with the following status: 0.
Information	5/2/2021 2:56:11 AM	Microsoft-Windows-UserPnp	20001	(7005)	Driver Management concluded the process to install driver FileRepository\machine.inf_amd64_neutral_a2f120466549d68b\machine.inf for Device Instance ID ACPI\PNP0100\4&205AD762&0 with the following status: 0x0.
Information	5/2/2021 2:56:11 AM	Microsoft-Windows-UserPnp	20001	(7005)	Driver Management concluded the process to install driver FileRepository\machine.inf_amd64_neutral_a2f120466549d68b\machine.inf for Device Instance ID ACPI\PNP0001\4&205AD762&0 with the following status: 0x0.
Information	5/2/2021 2:56:11 AM	Microsoft-Windows-UserPnp	20001	(7005)	Driver Management concluded the process to install driver FileRepository\machine.inf_amd64_neutral_a2f120466549d68b\machine.inf for Device Instance ID ACPI\PNP0C02\1F with the following status: 0x0.
Information	5/2/2021 2:56:11 AM	Microsoft-Windows-UserPnp	20001	(7005)	Driver Management concluded the process to install driver FileRepository\machine.inf_amd64_neutral_a2f120466549d68b\machine.inf for Device Instance ID ACPI\PNP0B00\4&205AD762&0 with the following status: 0x0.
Information	5/2/2021 2:56:11 AM	Microsoft-Windows-UserPnp	20001	(7005)	Driver Management concluded the process to install driver FileRepository\msmouse.inf_amd64_neutral_7a5f47d3150cc0eb\msmouse.inf for Device Instance ID ACPI\PNP0F13\4&205AD762&0 with the following status: 0x0.
Information	5/2/2021 2:56:11 AM	Microsoft-Windows-UserPnp	20003	(7005)	Driver Management has concluded the process to add Service mouclass for Device Instance ID ACPI\PNP0F13\4&205AD762&0 with the following status: 0.
Information	5/2/2021 2:56:11 AM	Microsoft-Windows-UserPnp	20003	(7005)	Driver Management has concluded the process to add Service i8042prt for Device Instance ID ACPI\PNP0F13\4&205AD762&0 with the following status: 0.
Information	5/2/2021 2:56:11 AM	Microsoft-Windows-UserPnp	20003	(7005)	Driver Management has concluded the process to add Service tunnel for Device Instance ID ROOT\*ISATAP\0000 with the following status: 0.
Information	5/2/2021 2:56:11 AM	Microsoft-Windows-UserPnp	20001	(7005)	Driver Management concluded the process to install driver FileRepository\nete1g3e.inf_amd64_neutral_7f08406e40c6ede2\nete1g3e.inf for Device Instance ID PCI\VEN_8086&DEV_100F&SUBSYS_075015AD&REV_01\4&3AD87E0A&0&0888 with the following status: 0x0.
Information	5/2/2021 2:56:10 AM	Microsoft-Windows-UserPnp	20003	(7005)	Driver Management has concluded the process to add Service E1G60 for Device Instance ID PCI\VEN_8086&DEV_100F&SUBSYS_075015AD&REV_01\4&3AD87E0A&0&0888 with the following status: 0.
Information	5/2/2021 2:56:10 AM	Service Control Manager	7045	None	"A service was installed in the system.

Service Name:  Intel(R) PRO/1000 NDIS 6 Adapter Driver
Service File Name:  system32\DRIVERS\E1G6032E.sys
Service Type:  kernel mode driver
Service Start Type:  demand start
Service Account:  "
Information	5/2/2021 2:56:09 AM	Microsoft-Windows-UserPnp	20001	(7005)	Driver Management concluded the process to install driver FileRepository\machine.inf_amd64_neutral_a2f120466549d68b\machine.inf for Device Instance ID ACPI\PNP0A05\4&205AD762&0 with the following status: 0x0.
Information	5/2/2021 2:56:09 AM	Microsoft-Windows-UserPnp	20001	(7005)	Driver Management concluded the process to install driver FileRepository\machine.inf_amd64_neutral_a2f120466549d68b\machine.inf for Device Instance ID ACPI\PNP0800\4&205AD762&0 with the following status: 0x0.
Information	5/2/2021 2:56:09 AM	Microsoft-Windows-UserPnp	20001	(7005)	Driver Management concluded the process to install driver FileRepository\machine.inf_amd64_neutral_a2f120466549d68b\machine.inf for Device Instance ID PCI\VEN_15AD&DEV_07A0&SUBSYS_07A015AD&REV_01\3&2B8E0B4B&0&C5 with the following status: 0x0.
Information	5/2/2021 2:56:09 AM	Microsoft-Windows-UserPnp	20003	(7005)	Driver Management has concluded the process to add Service pci for Device Instance ID PCI\VEN_15AD&DEV_07A0&SUBSYS_07A015AD&REV_01\3&2B8E0B4B&0&C5 with the following status: 0.
Information	5/2/2021 2:56:09 AM	Microsoft-Windows-UserPnp	20001	(7005)	Driver Management concluded the process to install driver FileRepository\machine.inf_amd64_neutral_a2f120466549d68b\machine.inf for Device Instance ID PCI\VEN_15AD&DEV_07A0&SUBSYS_07A015AD&REV_01\3&2B8E0B4B&0&BD with the following status: 0x0.
Information	5/2/2021 2:56:08 AM	Microsoft-Windows-UserPnp	20003	(7005)	Driver Management has concluded the process to add Service pci for Device Instance ID PCI\VEN_15AD&DEV_07A0&SUBSYS_07A015AD&REV_01\3&2B8E0B4B&0&BD with the following status: 0.
Information	5/2/2021 2:56:08 AM	Microsoft-Windows-UserPnp	20001	(7005)	Driver Management concluded the process to install driver FileRepository\machine.inf_amd64_neutral_a2f120466549d68b\machine.inf for Device Instance ID PCI\VEN_15AD&DEV_07A0&SUBSYS_07A015AD&REV_01\3&2B8E0B4B&0&B5 with the following status: 0x0.
Information	5/2/2021 2:56:08 AM	Microsoft-Windows-UserPnp	20003	(7005)	Driver Management has concluded the process to add Service pci for Device Instance ID PCI\VEN_15AD&DEV_07A0&SUBSYS_07A015AD&REV_01\3&2B8E0B4B&0&B5 with the following status: 0.
Information	5/2/2021 2:56:08 AM	Microsoft-Windows-UserPnp	20001	(7005)	Driver Management concluded the process to install driver FileRepository\machine.inf_amd64_neutral_a2f120466549d68b\machine.inf for Device Instance ID PCI\VEN_15AD&DEV_07A0&SUBSYS_07A015AD&REV_01\3&2B8E0B4B&0&AD with the following status: 0x0.
Information	5/2/2021 2:56:08 AM	Microsoft-Windows-UserPnp	20003	(7005)	Driver Management has concluded the process to add Service pci for Device Instance ID PCI\VEN_15AD&DEV_07A0&SUBSYS_07A015AD&REV_01\3&2B8E0B4B&0&AD with the following status: 0.
Information	5/2/2021 2:56:08 AM	Microsoft-Windows-UserPnp	20001	(7005)	Driver Management concluded the process to install driver FileRepository\display.inf_amd64_neutral_ea1c8215e52777a6\display.inf for Device Instance ID PCI\VEN_15AD&DEV_0405&SUBSYS_040515AD&REV_00\3&2B8E0B4B&0&78 with the following status: 0x0.
Information	5/2/2021 2:56:07 AM	Microsoft-Windows-UserPnp	20003	(7005)	Driver Management has concluded the process to add Service vga for Device Instance ID PCI\VEN_15AD&DEV_0405&SUBSYS_040515AD&REV_00\3&2B8E0B4B&0&78 with the following status: 0.
Information	5/2/2021 2:56:07 AM	Microsoft-Windows-UserPnp	20001	(7005)	Driver Management concluded the process to install driver FileRepository\machine.inf_amd64_neutral_a2f120466549d68b\machine.inf for Device Instance ID PCI\VEN_15AD&DEV_07A0&SUBSYS_07A015AD&REV_01\3&2B8E0B4B&0&C4 with the following status: 0x0.
Information	5/2/2021 2:56:07 AM	Microsoft-Windows-UserPnp	20003	(7005)	Driver Management has concluded the process to add Service pci for Device Instance ID PCI\VEN_15AD&DEV_07A0&SUBSYS_07A015AD&REV_01\3&2B8E0B4B&0&C4 with the following status: 0.
Information	5/2/2021 2:56:07 AM	Microsoft-Windows-UserPnp	20001	(7005)	Driver Management concluded the process to install driver FileRepository\machine.inf_amd64_neutral_a2f120466549d68b\machine.inf for Device Instance ID PCI\VEN_8086&DEV_7191&SUBSYS_00000000&REV_01\3&2B8E0B4B&0&08 with the following status: 0x0.
Information	5/2/2021 2:56:07 AM	Microsoft-Windows-UserPnp	20003	(7005)	Driver Management has concluded the process to add Service pci for Device Instance ID PCI\VEN_8086&DEV_7191&SUBSYS_00000000&REV_01\3&2B8E0B4B&0&08 with the following status: 0.
Information	5/2/2021 2:56:06 AM	Microsoft-Windows-UserPnp	20001	(7005)	Driver Management concluded the process to install driver FileRepository\machine.inf_amd64_neutral_a2f120466549d68b\machine.inf for Device Instance ID PCI\VEN_15AD&DEV_07A0&SUBSYS_07A015AD&REV_01\3&2B8E0B4B&0&BC with the following status: 0x0.
Information	5/2/2021 2:56:06 AM	Microsoft-Windows-UserPnp	20003	(7005)	Driver Management has concluded the process to add Service pci for Device Instance ID PCI\VEN_15AD&DEV_07A0&SUBSYS_07A015AD&REV_01\3&2B8E0B4B&0&BC with the following status: 0.
Information	5/2/2021 2:56:06 AM	Microsoft-Windows-UserPnp	20001	(7005)	Driver Management concluded the process to install driver FileRepository\machine.inf_amd64_neutral_a2f120466549d68b\machine.inf for Device Instance ID PCI\VEN_15AD&DEV_07A0&SUBSYS_07A015AD&REV_01\3&2B8E0B4B&0&B4 with the following status: 0x0.
Information	5/2/2021 2:56:06 AM	Microsoft-Windows-UserPnp	20003	(7005)	Driver Management has concluded the process to add Service pci for Device Instance ID PCI\VEN_15AD&DEV_07A0&SUBSYS_07A015AD&REV_01\3&2B8E0B4B&0&B4 with the following status: 0.
Information	5/2/2021 2:56:06 AM	Microsoft-Windows-UserPnp	20001	(7005)	Driver Management concluded the process to install driver FileRepository\machine.inf_amd64_neutral_a2f120466549d68b\machine.inf for Device Instance ID PCI\VEN_15AD&DEV_07A0&SUBSYS_07A015AD&REV_01\3&2B8E0B4B&0&AC with the following status: 0x0.
Information	5/2/2021 2:56:06 AM	Microsoft-Windows-UserPnp	20003	(7005)	Driver Management has concluded the process to add Service pci for Device Instance ID PCI\VEN_15AD&DEV_07A0&SUBSYS_07A015AD&REV_01\3&2B8E0B4B&0&AC with the following status: 0.
Information	5/2/2021 2:56:05 AM	Microsoft-Windows-UserPnp	20001	(7005)	Driver Management concluded the process to install driver FileRepository\machine.inf_amd64_neutral_a2f120466549d68b\machine.inf for Device Instance ID PCI\VEN_8086&DEV_7190&SUBSYS_197615AD&REV_01\3&2B8E0B4B&0&00 with the following status: 0x0.
Information	5/2/2021 2:56:05 AM	Microsoft-Windows-UserPnp	20001	(7005)	Driver Management concluded the process to install driver FileRepository\machine.inf_amd64_neutral_a2f120466549d68b\machine.inf for Device Instance ID PCI\VEN_15AD&DEV_07A0&SUBSYS_07A015AD&REV_01\3&2B8E0B4B&0&C3 with the following status: 0x0.
Information	5/2/2021 2:56:05 AM	Microsoft-Windows-UserPnp	20003	(7005)	Driver Management has concluded the process to add Service pci for Device Instance ID PCI\VEN_15AD&DEV_07A0&SUBSYS_07A015AD&REV_01\3&2B8E0B4B&0&C3 with the following status: 0.
Information	5/2/2021 2:56:05 AM	Microsoft-Windows-UserPnp	20001	(7005)	Driver Management concluded the process to install driver FileRepository\machine.inf_amd64_neutral_a2f120466549d68b\machine.inf for Device Instance ID PCI\VEN_15AD&DEV_07A0&SUBSYS_07A015AD&REV_01\3&2B8E0B4B&0&BB with the following status: 0x0.
Information	5/2/2021 2:56:05 AM	Microsoft-Windows-UserPnp	20003	(7005)	Driver Management has concluded the process to add Service pci for Device Instance ID PCI\VEN_15AD&DEV_07A0&SUBSYS_07A015AD&REV_01\3&2B8E0B4B&0&BB with the following status: 0.
Information	5/2/2021 2:56:04 AM	Microsoft-Windows-UserPnp	20001	(7005)	Driver Management concluded the process to install driver FileRepository\machine.inf_amd64_neutral_a2f120466549d68b\machine.inf for Device Instance ID PCI\VEN_15AD&DEV_07A0&SUBSYS_07A015AD&REV_01\3&2B8E0B4B&0&AB with the following status: 0x0.
Information	5/2/2021 2:56:04 AM	Microsoft-Windows-UserPnp	20003	(7005)	Driver Management has concluded the process to add Service pci for Device Instance ID PCI\VEN_15AD&DEV_07A0&SUBSYS_07A015AD&REV_01\3&2B8E0B4B&0&AB with the following status: 0.
Information	5/2/2021 2:56:04 AM	Microsoft-Windows-UserPnp	20001	(7005)	Driver Management concluded the process to install driver FileRepository\machine.inf_amd64_neutral_a2f120466549d68b\machine.inf for Device Instance ID PCI\VEN_15AD&DEV_07A0&SUBSYS_07A015AD&REV_01\3&2B8E0B4B&0&B3 with the following status: 0x0.
Information	5/2/2021 2:56:04 AM	Microsoft-Windows-UserPnp	20003	(7005)	Driver Management has concluded the process to add Service pci for Device Instance ID PCI\VEN_15AD&DEV_07A0&SUBSYS_07A015AD&REV_01\3&2B8E0B4B&0&B3 with the following status: 0.
Information	5/2/2021 2:56:04 AM	Microsoft-Windows-UserPnp	20001	(7005)	Driver Management concluded the process to install driver FileRepository\mshdc.inf_amd64_neutral_aad30bdeec04ea5e\mshdc.inf for Device Instance ID PCI\VEN_8086&DEV_7111&SUBSYS_197615AD&REV_01\3&2B8E0B4B&0&39 with the following status: 0x0.
Information	5/2/2021 2:56:01 AM	Microsoft-Windows-UserPnp	20003	(7005)	Driver Management has concluded the process to add Service intelide for Device Instance ID PCI\VEN_8086&DEV_7111&SUBSYS_197615AD&REV_01\3&2B8E0B4B&0&39 with the following status: 0.
Information	5/2/2021 2:56:00 AM	Microsoft-Windows-UserPnp	20001	(7005)	Driver Management concluded the process to install driver FileRepository\machine.inf_amd64_neutral_a2f120466549d68b\machine.inf for Device Instance ID PCI\VEN_15AD&DEV_07A0&SUBSYS_07A015AD&REV_01\3&2B8E0B4B&0&C2 with the following status: 0x0.
Information	5/2/2021 2:56:00 AM	Microsoft-Windows-UserPnp	20003	(7005)	Driver Management has concluded the process to add Service pci for Device Instance ID PCI\VEN_15AD&DEV_07A0&SUBSYS_07A015AD&REV_01\3&2B8E0B4B&0&C2 with the following status: 0.
Information	5/2/2021 2:56:00 AM	Microsoft-Windows-UserPnp	20001	(7005)	Driver Management concluded the process to install driver FileRepository\machine.inf_amd64_neutral_a2f120466549d68b\machine.inf for Device Instance ID PCI\VEN_15AD&DEV_07A0&SUBSYS_07A015AD&REV_01\3&2B8E0B4B&0&BA with the following status: 0x0.
Information	5/2/2021 2:56:00 AM	Microsoft-Windows-UserPnp	20003	(7005)	Driver Management has concluded the process to add Service pci for Device Instance ID PCI\VEN_15AD&DEV_07A0&SUBSYS_07A015AD&REV_01\3&2B8E0B4B&0&BA with the following status: 0.
Information	5/2/2021 2:56:00 AM	Microsoft-Windows-UserPnp	20001	(7005)	Driver Management concluded the process to install driver FileRepository\machine.inf_amd64_neutral_a2f120466549d68b\machine.inf for Device Instance ID PCI\VEN_15AD&DEV_07A0&SUBSYS_07A015AD&REV_01\3&2B8E0B4B&0&B2 with the following status: 0x0.
Information	5/2/2021 2:55:59 AM	Microsoft-Windows-UserPnp	20003	(7005)	Driver Management has concluded the process to add Service pci for Device Instance ID PCI\VEN_15AD&DEV_07A0&SUBSYS_07A015AD&REV_01\3&2B8E0B4B&0&B2 with the following status: 0.
Information	5/2/2021 2:55:59 AM	Microsoft-Windows-UserPnp	20001	(7005)	Driver Management concluded the process to install driver FileRepository\machine.inf_amd64_neutral_a2f120466549d68b\machine.inf for Device Instance ID PCI\VEN_15AD&DEV_07A0&SUBSYS_07A015AD&REV_01\3&2B8E0B4B&0&AA with the following status: 0x0.
Information	5/2/2021 2:55:59 AM	Microsoft-Windows-UserPnp	20003	(7005)	Driver Management has concluded the process to add Service pci for Device Instance ID PCI\VEN_15AD&DEV_07A0&SUBSYS_07A015AD&REV_01\3&2B8E0B4B&0&AA with the following status: 0.
Information	5/2/2021 2:55:59 AM	Microsoft-Windows-UserPnp	20001	(7005)	Driver Management concluded the process to install driver FileRepository\machine.inf_amd64_neutral_a2f120466549d68b\machine.inf for Device Instance ID PCI\VEN_8086&DEV_7110&SUBSYS_197615AD&REV_08\3&2B8E0B4B&0&38 with the following status: 0x0.
Information	5/2/2021 2:55:59 AM	Microsoft-Windows-UserPnp	20003	(7005)	Driver Management has concluded the process to add Service msisadrv for Device Instance ID PCI\VEN_8086&DEV_7110&SUBSYS_197615AD&REV_08\3&2B8E0B4B&0&38 with the following status: 0.
Information	5/2/2021 2:55:59 AM	Microsoft-Windows-UserPnp	20001	(7005)	Driver Management concluded the process to install driver FileRepository\machine.inf_amd64_neutral_a2f120466549d68b\machine.inf for Device Instance ID PCI\VEN_15AD&DEV_07A0&SUBSYS_07A015AD&REV_01\3&2B8E0B4B&0&C1 with the following status: 0x0.
Information	5/2/2021 2:55:58 AM	Microsoft-Windows-UserPnp	20003	(7005)	Driver Management has concluded the process to add Service pci for Device Instance ID PCI\VEN_15AD&DEV_07A0&SUBSYS_07A015AD&REV_01\3&2B8E0B4B&0&C1 with the following status: 0.
Information	5/2/2021 2:55:58 AM	Microsoft-Windows-UserPnp	20001	(7005)	Driver Management concluded the process to install driver FileRepository\machine.inf_amd64_neutral_a2f120466549d68b\machine.inf for Device Instance ID PCI\VEN_15AD&DEV_07A0&SUBSYS_07A015AD&REV_01\3&2B8E0B4B&0&B9 with the following status: 0x0.
Information	5/2/2021 2:55:58 AM	Microsoft-Windows-UserPnp	20003	(7005)	Driver Management has concluded the process to add Service pci for Device Instance ID PCI\VEN_15AD&DEV_07A0&SUBSYS_07A015AD&REV_01\3&2B8E0B4B&0&B9 with the following status: 0.
Information	5/2/2021 2:55:58 AM	Microsoft-Windows-UserPnp	20001	(7005)	Driver Management concluded the process to install driver FileRepository\machine.inf_amd64_neutral_a2f120466549d68b\machine.inf for Device Instance ID PCI\VEN_15AD&DEV_07A0&SUBSYS_07A015AD&REV_01\3&2B8E0B4B&0&B1 with the following status: 0x0.
Information	5/2/2021 2:55:58 AM	Microsoft-Windows-UserPnp	20003	(7005)	Driver Management has concluded the process to add Service pci for Device Instance ID PCI\VEN_15AD&DEV_07A0&SUBSYS_07A015AD&REV_01\3&2B8E0B4B&0&B1 with the following status: 0.
Information	5/2/2021 2:55:58 AM	Microsoft-Windows-UserPnp	20001	(7005)	Driver Management concluded the process to install driver FileRepository\machine.inf_amd64_neutral_a2f120466549d68b\machine.inf for Device Instance ID PCI\VEN_15AD&DEV_07A0&SUBSYS_07A015AD&REV_01\3&2B8E0B4B&0&A9 with the following status: 0x0.
Information	5/2/2021 2:55:57 AM	Microsoft-Windows-UserPnp	20003	(7005)	Driver Management has concluded the process to add Service pci for Device Instance ID PCI\VEN_15AD&DEV_07A0&SUBSYS_07A015AD&REV_01\3&2B8E0B4B&0&A9 with the following status: 0.
Information	5/2/2021 2:55:57 AM	Microsoft-Windows-UserPnp	20001	(7005)	Driver Management concluded the process to install driver FileRepository\machine.inf_amd64_neutral_a2f120466549d68b\machine.inf for Device Instance ID ACPI\PNP0C02\4 with the following status: 0x0.
Information	5/2/2021 2:55:57 AM	Microsoft-Windows-UserPnp	20001	(7005)	Driver Management concluded the process to install driver FileRepository\machine.inf_amd64_neutral_a2f120466549d68b\machine.inf for Device Instance ID PCI\VEN_15AD&DEV_07A0&SUBSYS_07A015AD&REV_01\3&2B8E0B4B&0&C0 with the following status: 0x0.
Information	5/2/2021 2:55:57 AM	Microsoft-Windows-UserPnp	20003	(7005)	Driver Management has concluded the process to add Service pci for Device Instance ID PCI\VEN_15AD&DEV_07A0&SUBSYS_07A015AD&REV_01\3&2B8E0B4B&0&C0 with the following status: 0.
Information	5/2/2021 2:55:57 AM	Microsoft-Windows-UserPnp	20001	(7005)	Driver Management concluded the process to install driver FileRepository\machine.inf_amd64_neutral_a2f120466549d68b\machine.inf for Device Instance ID PCI\VEN_15AD&DEV_07A0&SUBSYS_07A015AD&REV_01\3&2B8E0B4B&0&B8 with the following status: 0x0.
Information	5/2/2021 2:55:56 AM	Microsoft-Windows-UserPnp	20003	(7005)	Driver Management has concluded the process to add Service pci for Device Instance ID PCI\VEN_15AD&DEV_07A0&SUBSYS_07A015AD&REV_01\3&2B8E0B4B&0&B8 with the following status: 0.
Information	5/2/2021 2:55:56 AM	Microsoft-Windows-UserPnp	20001	(7005)	Driver Management concluded the process to install driver FileRepository\machine.inf_amd64_neutral_a2f120466549d68b\machine.inf for Device Instance ID PCI\VEN_15AD&DEV_07A0&SUBSYS_07A015AD&REV_01\3&2B8E0B4B&0&B0 with the following status: 0x0.
Information	5/2/2021 2:55:56 AM	Microsoft-Windows-UserPnp	20003	(7005)	Driver Management has concluded the process to add Service pci for Device Instance ID PCI\VEN_15AD&DEV_07A0&SUBSYS_07A015AD&REV_01\3&2B8E0B4B&0&B0 with the following status: 0.
Information	5/2/2021 2:55:56 AM	Microsoft-Windows-UserPnp	20001	(7005)	Driver Management concluded the process to install driver FileRepository\machine.inf_amd64_neutral_a2f120466549d68b\machine.inf for Device Instance ID PCI\VEN_15AD&DEV_07A0&SUBSYS_07A015AD&REV_01\3&2B8E0B4B&0&A8 with the following status: 0x0.
Information	5/2/2021 2:55:56 AM	Microsoft-Windows-UserPnp	20003	(7005)	Driver Management has concluded the process to add Service pci for Device Instance ID PCI\VEN_15AD&DEV_07A0&SUBSYS_07A015AD&REV_01\3&2B8E0B4B&0&A8 with the following status: 0.
Information	5/2/2021 2:55:56 AM	Microsoft-Windows-UserPnp	20001	(7005)	Driver Management concluded the process to install driver FileRepository\machine.inf_amd64_neutral_a2f120466549d68b\machine.inf for Device Instance ID PCI\VEN_15AD&DEV_07A0&SUBSYS_07A015AD&REV_01\3&2B8E0B4B&0&C7 with the following status: 0x0.
Information	5/2/2021 2:55:56 AM	Microsoft-Windows-UserPnp	20003	(7005)	Driver Management has concluded the process to add Service pci for Device Instance ID PCI\VEN_15AD&DEV_07A0&SUBSYS_07A015AD&REV_01\3&2B8E0B4B&0&C7 with the following status: 0.
Information	5/2/2021 2:55:55 AM	Microsoft-Windows-UserPnp	20001	(7005)	Driver Management concluded the process to install driver FileRepository\machine.inf_amd64_neutral_a2f120466549d68b\machine.inf for Device Instance ID PCI\VEN_15AD&DEV_07A0&SUBSYS_07A015AD&REV_01\3&2B8E0B4B&0&BF with the following status: 0x0.
Information	5/2/2021 2:55:55 AM	Microsoft-Windows-UserPnp	20003	(7005)	Driver Management has concluded the process to add Service pci for Device Instance ID PCI\VEN_15AD&DEV_07A0&SUBSYS_07A015AD&REV_01\3&2B8E0B4B&0&BF with the following status: 0.
Information	5/2/2021 2:55:55 AM	Microsoft-Windows-UserPnp	20001	(7005)	Driver Management concluded the process to install driver FileRepository\machine.inf_amd64_neutral_a2f120466549d68b\machine.inf for Device Instance ID PCI\VEN_15AD&DEV_07A0&SUBSYS_07A015AD&REV_01\3&2B8E0B4B&0&B7 with the following status: 0x0.
Information	5/2/2021 2:55:55 AM	Microsoft-Windows-UserPnp	20003	(7005)	Driver Management has concluded the process to add Service pci for Device Instance ID PCI\VEN_15AD&DEV_07A0&SUBSYS_07A015AD&REV_01\3&2B8E0B4B&0&B7 with the following status: 0.
Information	5/2/2021 2:55:55 AM	Microsoft-Windows-UserPnp	20001	(7005)	Driver Management concluded the process to install driver FileRepository\machine.inf_amd64_neutral_a2f120466549d68b\machine.inf for Device Instance ID PCI\VEN_15AD&DEV_07A0&SUBSYS_07A015AD&REV_01\3&2B8E0B4B&0&AF with the following status: 0x0.
Information	5/2/2021 2:55:54 AM	Microsoft-Windows-UserPnp	20003	(7005)	Driver Management has concluded the process to add Service pci for Device Instance ID PCI\VEN_15AD&DEV_07A0&SUBSYS_07A015AD&REV_01\3&2B8E0B4B&0&AF with the following status: 0.
Information	5/2/2021 2:55:54 AM	Microsoft-Windows-UserPnp	20001	(7005)	Driver Management concluded the process to install driver FileRepository\machine.inf_amd64_neutral_a2f120466549d68b\machine.inf for Device Instance ID PCI\VEN_15AD&DEV_0790&SUBSYS_079015AD&REV_02\3&2B8E0B4B&0&88 with the following status: 0x0.
Information	5/2/2021 2:55:51 AM	Microsoft-Windows-UserPnp	20003	(7005)	Driver Management has concluded the process to add Service pci for Device Instance ID PCI\VEN_15AD&DEV_0790&SUBSYS_079015AD&REV_02\3&2B8E0B4B&0&88 with the following status: 0.
Information	5/2/2021 2:55:51 AM	Microsoft-Windows-UserPnp	20001	(7005)	Driver Management concluded the process to install driver FileRepository\machine.inf_amd64_neutral_a2f120466549d68b\machine.inf for Device Instance ID PCI\VEN_15AD&DEV_07A0&SUBSYS_07A015AD&REV_01\3&2B8E0B4B&0&C6 with the following status: 0x0.
Information	5/2/2021 2:55:51 AM	Microsoft-Windows-UserPnp	20003	(7005)	Driver Management has concluded the process to add Service pci for Device Instance ID PCI\VEN_15AD&DEV_07A0&SUBSYS_07A015AD&REV_01\3&2B8E0B4B&0&C6 with the following status: 0.
Information	5/2/2021 2:55:50 AM	Microsoft-Windows-UserPnp	20001	(7005)	Driver Management concluded the process to install driver FileRepository\machine.inf_amd64_neutral_a2f120466549d68b\machine.inf for Device Instance ID PCI\VEN_15AD&DEV_07A0&SUBSYS_07A015AD&REV_01\3&2B8E0B4B&0&B6 with the following status: 0x0.
Information	5/2/2021 2:55:50 AM	Microsoft-Windows-UserPnp	20003	(7005)	Driver Management has concluded the process to add Service pci for Device Instance ID PCI\VEN_15AD&DEV_07A0&SUBSYS_07A015AD&REV_01\3&2B8E0B4B&0&B6 with the following status: 0.
Information	5/2/2021 2:55:50 AM	Microsoft-Windows-UserPnp	20001	(7005)	Driver Management concluded the process to install driver FileRepository\machine.inf_amd64_neutral_a2f120466549d68b\machine.inf for Device Instance ID PCI\VEN_15AD&DEV_07A0&SUBSYS_07A015AD&REV_01\3&2B8E0B4B&0&BE with the following status: 0x0.
Information	5/2/2021 2:55:50 AM	Microsoft-Windows-UserPnp	20003	(7005)	Driver Management has concluded the process to add Service pci for Device Instance ID PCI\VEN_15AD&DEV_07A0&SUBSYS_07A015AD&REV_01\3&2B8E0B4B&0&BE with the following status: 0.
Information	5/2/2021 2:55:50 AM	Microsoft-Windows-UserPnp	20001	(7005)	Driver Management concluded the process to install driver FileRepository\cpu.inf_amd64_neutral_ae5de2e1bf2793c3\cpu.inf for Device Instance ID ACPI\GENUINEINTEL_-_INTEL64_FAMILY_6_MODEL_69_-_INTEL(R)_CORE(TM)_I7-4578U_CPU_@_3.00GHZ\_1 with the following status: 0x0.
Information	5/2/2021 2:55:50 AM	Microsoft-Windows-UserPnp	20003	(7005)	Driver Management has concluded the process to add Service intelppm for Device Instance ID ACPI\GENUINEINTEL_-_INTEL64_FAMILY_6_MODEL_69_-_INTEL(R)_CORE(TM)_I7-4578U_CPU_@_3.00GHZ\_1 with the following status: 0.
Information	5/2/2021 2:55:50 AM	Microsoft-Windows-UserPnp	20001	(7005)	Driver Management concluded the process to install driver FileRepository\machine.inf_amd64_neutral_a2f120466549d68b\machine.inf for Device Instance ID ACPI\FIXEDBUTTON\2&DABA3FF&2 with the following status: 0x0.
Information	5/2/2021 2:55:49 AM	Microsoft-Windows-UserPnp	20001	(7005)	Driver Management concluded the process to install driver FileRepository\machine.inf_amd64_neutral_a2f120466549d68b\machine.inf for Device Instance ID ACPI\PNP0A03\2&DABA3FF&2 with the following status: 0x0.
Information	5/2/2021 2:55:49 AM	Microsoft-Windows-UserPnp	20003	(7005)	Driver Management has concluded the process to add Service pci for Device Instance ID ACPI\PNP0A03\2&DABA3FF&2 with the following status: 0.
Information	5/2/2021 2:55:49 AM	Microsoft-Windows-UserPnp	20001	(7005)	Driver Management concluded the process to install driver FileRepository\cpu.inf_amd64_neutral_ae5de2e1bf2793c3\cpu.inf for Device Instance ID ACPI\GENUINEINTEL_-_INTEL64_FAMILY_6_MODEL_69_-_INTEL(R)_CORE(TM)_I7-4578U_CPU_@_3.00GHZ\_0 with the following status: 0x0.
Information	5/2/2021 2:55:49 AM	Microsoft-Windows-UserPnp	20003	(7005)	Driver Management has concluded the process to add Service intelppm for Device Instance ID ACPI\GENUINEINTEL_-_INTEL64_FAMILY_6_MODEL_69_-_INTEL(R)_CORE(TM)_I7-4578U_CPU_@_3.00GHZ\_0 with the following status: 0.
Information	5/2/2021 2:55:49 AM	Microsoft-Windows-UserPnp	20001	(7005)	Driver Management concluded the process to install driver FileRepository\battery.inf_amd64_neutral_cb8fa151a7b7cb80\battery.inf for Device Instance ID ACPI\ACPI0003\1 with the following status: 0x0.
Information	5/2/2021 2:55:48 AM	Microsoft-Windows-UserPnp	20003	(7005)	Driver Management has concluded the process to add Service CmBatt for Device Instance ID ACPI\ACPI0003\1 with the following status: 0.
Information	5/2/2021 2:55:48 AM	Microsoft-Windows-UserPnp	20003	(7005)	Driver Management has concluded the process to add Service Compbatt for Device Instance ID ROOT\COMPOSITE_BATTERY\0000 with the following status: 0.
Information	5/2/2021 2:55:48 AM	Service Control Manager	7040	None	The start type of the Microsoft Composite Battery Driver service was changed from demand start to boot start.
Information	5/2/2021 2:55:47 AM	Microsoft-Windows-UserPnp	20001	(7005)	Driver Management concluded the process to install driver FileRepository\acpi.inf_amd64_neutral_aed2e7a487803437\acpi.inf for Device Instance ID ACPI_HAL\PNP0C08\0 with the following status: 0x0.
Information	5/2/2021 2:55:47 AM	Microsoft-Windows-UserPnp	20003	(7005)	Driver Management has concluded the process to add Service ACPI for Device Instance ID ACPI_HAL\PNP0C08\0 with the following status: 0.
Information	5/2/2021 2:55:47 AM	Microsoft-Windows-UserPnp	20001	(7005)	Driver Management concluded the process to install driver FileRepository\machine.inf_amd64_neutral_a2f120466549d68b\machine.inf for Device Instance ID ROOT\VOLMGR\0000 with the following status: 0x0.
Information	5/2/2021 2:55:47 AM	Microsoft-Windows-UserPnp	20003	(7005)	Driver Management has concluded the process to add Service volmgr for Device Instance ID ROOT\VOLMGR\0000 with the following status: 0.
Information	5/2/2021 2:55:47 AM	Microsoft-Windows-UserPnp	20001	(7005)	Driver Management concluded the process to install driver FileRepository\umbus.inf_amd64_neutral_2d4257afa2e35253\umbus.inf for Device Instance ID ROOT\UMBUS\0000 with the following status: 0x0.
Information	5/2/2021 2:55:47 AM	Microsoft-Windows-UserPnp	20003	(7005)	Driver Management has concluded the process to add Service umbus for Device Instance ID ROOT\UMBUS\0000 with the following status: 0.
Information	5/2/2021 2:55:47 AM	Microsoft-Windows-UserPnp	20001	(7005)	Driver Management concluded the process to install driver FileRepository\machine.inf_amd64_neutral_a2f120466549d68b\machine.inf for Device Instance ID ROOT\VDRVROOT\0000 with the following status: 0x0.
Information	5/2/2021 2:55:47 AM	Microsoft-Windows-UserPnp	20003	(7005)	Driver Management has concluded the process to add Service vdrvroot for Device Instance ID ROOT\VDRVROOT\0000 with the following status: 0.
Information	5/2/2021 2:55:47 AM	Microsoft-Windows-UserPnp	20001	(7005)	Driver Management concluded the process to install driver FileRepository\machine.inf_amd64_neutral_a2f120466549d68b\machine.inf for Device Instance ID ROOT\SYSTEM\0000 with the following status: 0x0.
Information	5/2/2021 2:55:46 AM	Microsoft-Windows-UserPnp	20003	(7005)	Driver Management has concluded the process to add Service swenum for Device Instance ID ROOT\SYSTEM\0000 with the following status: 0.
Information	5/2/2021 2:55:46 AM	Microsoft-Windows-UserPnp	20001	(7005)	Driver Management concluded the process to install driver FileRepository\machine.inf_amd64_neutral_a2f120466549d68b\machine.inf for Device Instance ID ROOT\RDP_MOU\0000 with the following status: 0x0.
Information	5/2/2021 2:55:46 AM	Microsoft-Windows-UserPnp	20003	(7005)	Driver Management has concluded the process to add Service mouclass for Device Instance ID ROOT\RDP_MOU\0000 with the following status: 0.
Information	5/2/2021 2:55:46 AM	Microsoft-Windows-UserPnp	20003	(7005)	Driver Management has concluded the process to add Service TermDD for Device Instance ID ROOT\RDP_MOU\0000 with the following status: 0.
Information	5/2/2021 2:55:46 AM	Microsoft-Windows-UserPnp	20001	(7005)	Driver Management concluded the process to install driver FileRepository\machine.inf_amd64_neutral_a2f120466549d68b\machine.inf for Device Instance ID ROOT\RDP_KBD\0000 with the following status: 0x0.
Information	5/2/2021 2:55:46 AM	Microsoft-Windows-UserPnp	20003	(7005)	Driver Management has concluded the process to add Service kbdclass for Device Instance ID ROOT\RDP_KBD\0000 with the following status: 0.
Information	5/2/2021 2:55:46 AM	Microsoft-Windows-UserPnp	20003	(7005)	Driver Management has concluded the process to add Service TermDD for Device Instance ID ROOT\RDP_KBD\0000 with the following status: 0.
Information	5/2/2021 2:55:46 AM	Microsoft-Windows-UserPnp	20001	(7005)	Driver Management concluded the process to install driver FileRepository\rdpbus.inf_amd64_neutral_3b741ca76444b9c3\rdpbus.inf for Device Instance ID ROOT\RDPBUS\0000 with the following status: 0x0.
Information	5/2/2021 2:55:46 AM	Microsoft-Windows-UserPnp	20003	(7005)	Driver Management has concluded the process to add Service rdpbus for Device Instance ID ROOT\RDPBUS\0000 with the following status: 0.
Information	5/2/2021 2:55:46 AM	Microsoft-Windows-UserPnp	20001	(7005)	Driver Management concluded the process to install driver  for Device Instance ID ROOT\MS_SSTPMINIPORT\0000 with the following status: 0x0.
Information	5/2/2021 2:55:45 AM	Microsoft-Windows-UserPnp	20003	(7005)	Driver Management has concluded the process to add Service RasSstp for Device Instance ID ROOT\MS_SSTPMINIPORT\0000 with the following status: 0.
Information	5/2/2021 2:55:45 AM	Microsoft-Windows-UserPnp	20001	(7005)	Driver Management concluded the process to install driver  for Device Instance ID ROOT\MS_PPTPMINIPORT\0000 with the following status: 0x0.
Information	5/2/2021 2:55:45 AM	Microsoft-Windows-UserPnp	20003	(7005)	Driver Management has concluded the process to add Service PptpMiniport for Device Instance ID ROOT\MS_PPTPMINIPORT\0000 with the following status: 0.
Information	5/2/2021 2:55:45 AM	Microsoft-Windows-UserPnp	20001	(7005)	Driver Management concluded the process to install driver  for Device Instance ID ROOT\MS_PPPOEMINIPORT\0000 with the following status: 0x0.
Information	5/2/2021 2:55:45 AM	Microsoft-Windows-UserPnp	20003	(7005)	Driver Management has concluded the process to add Service RasPppoe for Device Instance ID ROOT\MS_PPPOEMINIPORT\0000 with the following status: 0.
Information	5/2/2021 2:55:44 AM	Microsoft-Windows-UserPnp	20001	(7005)	Driver Management concluded the process to install driver  for Device Instance ID ROOT\MS_NDISWANIPV6\0000 with the following status: 0x0.
Information	5/2/2021 2:55:44 AM	Microsoft-Windows-UserPnp	20003	(7005)	Driver Management has concluded the process to add Service NdisTapi for Device Instance ID ROOT\MS_NDISWANIPV6\0000 with the following status: 0.
Information	5/2/2021 2:55:44 AM	Microsoft-Windows-UserPnp	20003	(7005)	Driver Management has concluded the process to add Service NdisWan for Device Instance ID ROOT\MS_NDISWANIPV6\0000 with the following status: 0.
Information	5/2/2021 2:55:44 AM	Microsoft-Windows-UserPnp	20001	(7005)	Driver Management concluded the process to install driver  for Device Instance ID ROOT\MS_NDISWANIP\0000 with the following status: 0x0.
Information	5/2/2021 2:55:43 AM	Microsoft-Windows-UserPnp	20003	(7005)	Driver Management has concluded the process to add Service NdisTapi for Device Instance ID ROOT\MS_NDISWANIP\0000 with the following status: 0.
Information	5/2/2021 2:55:43 AM	Microsoft-Windows-UserPnp	20003	(7005)	Driver Management has concluded the process to add Service NdisWan for Device Instance ID ROOT\MS_NDISWANIP\0000 with the following status: 0.
Information	5/2/2021 2:55:43 AM	Microsoft-Windows-UserPnp	20001	(7005)	Driver Management concluded the process to install driver  for Device Instance ID ROOT\MS_AGILEVPNMINIPORT\0000 with the following status: 0x0.
Information	5/2/2021 2:55:43 AM	Microsoft-Windows-UserPnp	20003	(7005)	Driver Management has concluded the process to add Service RasAgileVpn for Device Instance ID ROOT\MS_AGILEVPNMINIPORT\0000 with the following status: 0.
Information	5/2/2021 2:55:42 AM	Microsoft-Windows-UserPnp	20001	(7005)	Driver Management concluded the process to install driver  for Device Instance ID ROOT\MS_NDISWANBH\0000 with the following status: 0x0.
