Information	8/28/2022 3:03:34 PM	Microsoft-Windows-WinRM	10121	None	"The WinRM service has been configured to accept basic authentication for unsecure HTTP connections. 

 This is not a secure configuration. 

 User Action 
 Set AllowUnencrypted to False in WinRM configuration to ensure packets are encrypted on the wire."
Information	8/28/2022 3:03:34 PM	Microsoft-Windows-WinRM	10148	None	"The WinRM service is listening for WS-Management requests. 

 User Action 
 Use the following command to see the specific IPs on which WinRM is listening: 

 winrm enumerate winrm/config/listener"
Error	8/28/2022 3:03:34 PM	SNMP	1500	None	The SNMP Service encountered an error while accessing the registry key SYSTEM\CurrentControlSet\Services\SNMP\Parameters\TrapConfiguration.
Information	8/28/2022 3:03:33 PM	Service Control Manager	7036	None	The Network Location Awareness service entered the running state.
Information	8/28/2022 3:03:29 PM	Service Control Manager	7036	None	The Elasticsearch 1.1.1 (elasticsearch-service-x64) service entered the running state.
Information	8/28/2022 3:03:29 PM	Service Control Manager	7036	None	The jmx service entered the running state.
Information	8/28/2022 3:03:29 PM	Service Control Manager	7036	None	The MEDC Server Component - Notification Server service entered the running state.
Information	8/28/2022 3:03:29 PM	Service Control Manager	7036	None	The jenkins service entered the running state.
Information	8/28/2022 3:03:28 PM	Service Control Manager	7036	None	The Microsoft FTP Service service entered the running state.
Information	8/28/2022 3:03:28 PM	Service Control Manager	7036	None	The IKE and AuthIP IPsec Keying Modules service entered the running state.
Information	8/28/2022 3:03:28 PM	Service Control Manager	7036	None	The domain1 GlassFish Server service entered the running state.
Information	8/28/2022 3:03:28 PM	Service Control Manager	7036	None	The Application Host Helper Service service entered the running state.
Information	8/28/2022 3:03:28 PM	Service Control Manager	7036	None	The Cryptographic Services service entered the running state.
Information	8/28/2022 3:03:28 PM	Service Control Manager	7036	None	The Print Spooler service entered the running state.
Information	8/28/2022 3:03:28 PM	Service Control Manager	7036	None	The Security Accounts Manager service entered the running state.
Information	8/28/2022 3:03:28 PM	Service Control Manager	7036	None	The Workstation service entered the running state.
Information	8/28/2022 3:03:28 PM	Service Control Manager	7036	None	The Windows Firewall service entered the running state.
Information	8/28/2022 3:03:28 PM	Service Control Manager	7036	None	The Base Filtering Engine service entered the running state.
Information	8/28/2022 3:03:28 PM	Service Control Manager	7036	None	The Task Scheduler service entered the running state.
Information	8/28/2022 3:03:28 PM	Service Control Manager	7036	None	The Shell Hardware Detection service entered the running state.
Information	8/28/2022 3:03:28 PM	Service Control Manager	7036	None	The DNS Client service entered the running state.
Information	8/28/2022 3:03:28 PM	Service Control Manager	7036	None	The DHCP Client service entered the running state.
Information	8/28/2022 3:03:28 PM	Microsoft-Windows-DHCPv6-Client	51046	Service State Event	DHCPv6 client service is started
Information	8/28/2022 3:03:28 PM	Microsoft-Windows-Dhcp-Client	50036	Service State Event	DHCPv4 client service is started
Information	8/28/2022 3:03:28 PM	Service Control Manager	7036	None	The TCP/IP NetBIOS Helper service entered the running state.
Information	8/28/2022 3:03:28 PM	Service Control Manager	7036	None	The Network Store Interface Service service entered the running state.
Information	8/28/2022 3:03:28 PM	Service Control Manager	7036	None	The Desktop Window Manager Session Manager service entered the running state.
Information	8/28/2022 3:03:28 PM	Service Control Manager	7036	None	The System Event Notification Service service entered the running state.
Information	8/28/2022 3:03:28 PM	Service Control Manager	7036	None	The COM+ Event System service entered the running state.
Information	8/28/2022 3:03:28 PM	Service Control Manager	7036	None	The User Profile Service service entered the running state.
Information	8/28/2022 3:03:28 PM	Service Control Manager	7036	None	The Group Policy Client service entered the running state.
Information	8/28/2022 3:03:28 PM	Service Control Manager	7036	None	The Windows Event Log service entered the running state.
Information	8/28/2022 3:03:28 PM	Service Control Manager	7036	None	The Remote Procedure Call (RPC) service entered the running state.
Information	8/28/2022 3:03:28 PM	Service Control Manager	7036	None	The RPC Endpoint Mapper service entered the running state.
Information	8/28/2022 3:03:28 PM	Service Control Manager	7036	None	The DCOM Server Process Launcher service entered the running state.
Information	8/28/2022 3:03:28 PM	Service Control Manager	7036	None	The VirtualBox Guest Additions Service service entered the running state.
Information	8/28/2022 3:03:28 PM	Microsoft-Windows-Kernel-General	1	None	The system time has changed to ‎2022‎-‎08‎-‎28T22:03:28.041000000Z from ‎2022‎-‎08‎-‎29T00:03:26.562500000Z.
Information	8/28/2022 5:03:26 PM	Microsoft-Windows-FilterManager	6	None	File System Filter 'luafv' (6.1, ‎2009‎-‎07‎-‎13T16:26:13.000000000Z) has successfully loaded and registered with Filter Manager.
Information	8/28/2022 5:03:26 PM	Service Control Manager	7036	None	The Power service entered the running state.
Information	8/28/2022 5:03:26 PM	Microsoft-Windows-UserPnp	20010	(7010)	"One or more of the Plug and Play service's subsystems has changed state. 

PlugPlay install subsystem enabled: 'true' 
PlugPlay caching subsystem enabled: 'true' 
"
Information	8/28/2022 5:03:26 PM	Service Control Manager	7036	None	The Plug and Play service entered the running state.
Information	8/28/2022 5:03:26 PM	Microsoft-Windows-Kernel-Processor-Power	26	(4)	"Processor 1 in group 0 exposes the following:

1 idle state(s)
0 performance state(s)
0 throttle state(s)"
Information	8/28/2022 5:03:26 PM	Microsoft-Windows-Kernel-Processor-Power	26	(4)	"Processor 0 in group 0 exposes the following:

1 idle state(s)
0 performance state(s)
0 throttle state(s)"
Information	8/28/2022 5:03:22 PM	Microsoft-Windows-Kernel-General	12	None	The operating system started at system time ‎2022‎-‎08‎-‎29T00:03:22.484375000Z.
Information	8/28/2022 5:03:17 PM	Microsoft-Windows-Kernel-General	13	None	The operating system is shutting down at system time ‎2022‎-‎08‎-‎29T00:03:17.084960900Z.
Information	8/28/2022 5:03:17 PM	Microsoft-Windows-Kernel-Power	109	(103)	The kernel power manager has initiated a shutdown transition.
Information	8/28/2022 5:03:16 PM	Service Control Manager	7036	None	The MEDC Server Component - Apache service entered the stopped state.
Information	8/28/2022 5:03:15 PM	Service Control Manager	7036	None	The domain1 GlassFish Server service entered the stopped state.
Information	8/28/2022 5:03:15 PM	Service Control Manager	7036	None	The jenkins service entered the stopped state.
Information	8/28/2022 5:03:15 PM	Service Control Manager	7036	None	The Microsoft FTP Service service entered the stopped state.
Information	8/28/2022 5:03:15 PM	Service Control Manager	7036	None	The Windows Process Activation Service service entered the stopped state.
Information	8/28/2022 5:03:14 PM	Service Control Manager	7036	None	The Plug and Play service entered the stopped state.
Information	8/28/2022 5:03:14 PM	Microsoft-Windows-UserPnp	20010	(7010)	"One or more of the Plug and Play service's subsystems has changed state. 

PlugPlay install subsystem enabled: 'false' 
PlugPlay caching subsystem enabled: 'false' 
"
Information	8/28/2022 5:03:14 PM	Service Control Manager	7036	None	The wampmysqld service entered the stopped state.
Information	8/28/2022 5:03:14 PM	Service Control Manager	7036	None	The jmx service entered the stopped state.
Information	8/28/2022 5:03:14 PM	Service Control Manager	7036	None	The Remote Desktop Services service entered the stopped state.
Information	8/28/2022 5:03:14 PM	Service Control Manager	7036	None	The Windows Remote Management (WS-Management) service entered the stopped state.
Information	8/28/2022 5:03:14 PM	Service Control Manager	7036	None	The Software Protection service entered the stopped state.
Information	8/28/2022 5:03:14 PM	Service Control Manager	7036	None	The Windows Licensing Monitoring Service service entered the stopped state.
Information	8/28/2022 5:03:14 PM	Service Control Manager	7036	None	The Windows Management Instrumentation service entered the stopped state.
Information	8/28/2022 5:03:14 PM	Service Control Manager	7036	None	The Distributed Link Tracking Client service entered the stopped state.
Information	8/28/2022 5:03:14 PM	Service Control Manager	7036	None	The World Wide Web Publishing Service service entered the stopped state.
Information	8/28/2022 5:03:14 PM	Service Control Manager	7036	None	The Desktop Window Manager Session Manager service entered the stopped state.
Information	8/28/2022 5:03:14 PM	Service Control Manager	7036	None	The Remote Desktop Services UserMode Port Redirector service entered the stopped state.
Information	8/28/2022 5:03:14 PM	Service Control Manager	7036	None	The IPsec Policy Agent service entered the stopped state.
Information	8/28/2022 5:03:14 PM	Service Control Manager	7036	None	The User Profile Service service entered the stopped state.
Information	8/28/2022 5:03:14 PM	Service Control Manager	7036	None	The Power service entered the stopped state.
Information	8/28/2022 5:03:14 PM	Service Control Manager	7036	None	The Distributed Transaction Coordinator service entered the stopped state.
Information	8/28/2022 5:03:14 PM	Service Control Manager	7036	None	The MEDC Server Component - Notification Server service entered the stopped state.
Information	8/28/2022 5:03:14 PM	Service Control Manager	7036	None	The Cryptographic Services service entered the stopped state.
Information	8/28/2022 5:03:14 PM	Service Control Manager	7036	None	The Application Host Helper Service service entered the stopped state.
Information	8/28/2022 5:03:14 PM	Service Control Manager	7036	None	The IKE and AuthIP IPsec Keying Modules service entered the stopped state.
Information	8/28/2022 5:03:14 PM	Service Control Manager	7036	None	The Windows Event Log service entered the stopped state.
Information	8/28/2022 5:03:14 PM	Service Control Manager	7036	None	The Diagnostic Policy Service service entered the stopped state.
Information	8/28/2022 5:03:14 PM	Service Control Manager	7036	None	The Diagnostic System Host service entered the stopped state.
Information	8/28/2022 3:03:28 PM	EventLog	6013	None	The system uptime is 4 seconds.
Information	8/28/2022 3:03:28 PM	EventLog	6005	None	The Event log service was started.
Information	8/28/2022 3:03:28 PM	EventLog	6009	None	Microsoft (R) Windows (R) 6.01. 7601 Service Pack 1 Multiprocessor Free.
Information	8/28/2022 5:03:14 PM	Service Control Manager	7036	None	The DHCP Client service entered the stopped state.
Information	8/28/2022 5:03:14 PM	Microsoft-Windows-Dhcp-Client	50037	Service State Event	DHCPv4 client service is stopped. ShutDown Flag value is 1
Information	8/28/2022 5:03:14 PM	Service Control Manager	7036	None	The Windows Font Cache Service service entered the stopped state.
Information	8/28/2022 5:03:14 PM	Microsoft-Windows-DHCPv6-Client	51047	Service State Event	DHCPv6 client service is stopped. ShutDown Flag value is 1
Information	8/28/2022 5:03:14 PM	Service Control Manager	7036	None	The Certificate Propagation service entered the stopped state.
Information	8/28/2022 5:03:14 PM	EventLog	6006	None	The Event log service was stopped.
Information	8/28/2022 5:03:10 PM	Service Control Manager	7036	None	The ManageEngine Desktop Central Server service entered the stopped state.
Information	8/28/2022 5:03:09 PM	Service Control Manager	7036	None	The Windows Error Reporting Service service entered the running state.
Information	8/28/2022 5:03:08 PM	Service Control Manager	7036	None	The Elasticsearch 1.1.1 (elasticsearch-service-x64) service entered the stopped state.
Information	8/28/2022 5:03:08 PM	Service Control Manager	7036	None	The Group Policy Client service entered the stopped state.
Information	8/28/2022 5:03:08 PM	Service Control Manager	7036	None	The Windows Update service entered the stopped state.
Information	8/28/2022 5:03:08 PM	Microsoft-Windows-Winlogon	7002	(1102)	User Logoff Notification for Customer Experience Improvement Program
Information	8/28/2022 5:03:07 PM	USER32	1074	None	"The process D:\VBoxWindowsAdditions-amd64.exe (METASPLOITABLE3) has initiated the restart of computer METASPLOITABLE3 on behalf of user METASPLOITABLE3\vagrant for the following reason: Application: Installation (Planned)
 Reason Code: 0x80040002
 Shutdown Type: restart
 Comment: "
Information	8/28/2022 5:03:06 PM	Service Control Manager	7036	None	The Portable Device Enumerator Service service entered the stopped state.
Information	8/28/2022 5:03:06 PM	Service Control Manager	7036	None	The Windows Update service entered the running state.
Information	8/28/2022 5:03:05 PM	Service Control Manager	7036	None	The SNMP Trap service entered the running state.
Information	8/28/2022 5:03:05 PM	Service Control Manager	7036	None	The Distributed Transaction Coordinator service entered the running state.
Information	8/28/2022 5:03:05 PM	Service Control Manager	7036	None	The Windows Font Cache Service service entered the running state.
Information	8/28/2022 5:03:05 PM	Service Control Manager	7036	None	The Diagnostic System Host service entered the running state.
Information	8/28/2022 5:03:05 PM	Service Control Manager	7036	None	The Diagnostic Policy Service service entered the running state.
Information	8/28/2022 5:03:05 PM	Service Control Manager	7036	None	The Microsoft .NET Framework NGEN v4.0.30319_X64 service entered the stopped state.
Information	8/28/2022 5:03:05 PM	Service Control Manager	7036	None	The Microsoft .NET Framework NGEN v4.0.30319_X64 service entered the running state.
Information	8/28/2022 5:03:05 PM	Service Control Manager	7036	None	The Microsoft .NET Framework NGEN v4.0.30319_X86 service entered the stopped state.
Information	8/28/2022 5:03:05 PM	Service Control Manager	7036	None	The Microsoft .NET Framework NGEN v4.0.30319_X86 service entered the running state.
Information	8/28/2022 5:03:04 PM	Service Control Manager	7036	None	The Background Intelligent Transfer Service service entered the running state.
Information	8/28/2022 5:03:00 PM	Service Control Manager	7045	None	"A service was installed in the system.

Service Name:  VirtualBox Shared Folders
Service File Name:  \SystemRoot\System32\drivers\VBoxSF.sys
Service Type:  kernel mode driver
Service Start Type:  system start
Service Account:  "
Information	8/28/2022 5:03:00 PM	Service Control Manager	7045	None	"A service was installed in the system.

Service Name:  VirtualBox Guest Additions Service
Service File Name:  %SystemRoot%\System32\VBoxService.exe
Service Type:  user mode service
Service Start Type:  auto start
Service Account:  LocalSystem"
Information	8/28/2022 5:03:00 PM	Service Control Manager	7045	None	"A service was installed in the system.

Service Name:  VirtualBox Guest Mouse Service
Service File Name:  system32\DRIVERS\VBoxMouse.sys
Service Type:  kernel mode driver
Service Start Type:  demand start
Service Account:  "
Information	8/28/2022 5:03:00 PM	Microsoft-Windows-UserPnp	20001	(7005)	Driver Management concluded the process to install driver FileRepository\vboxwddm.inf_amd64_neutral_3b2af75235c1193e\vboxwddm.inf for Device Instance ID PCI\VEN_80EE&DEV_BEEF&SUBSYS_040515AD&REV_00\3&267A616A&0&10 with the following status: 0x0.
Information	8/28/2022 5:03:00 PM	Microsoft-Windows-UserPnp	20003	(7005)	Driver Management has concluded the process to add Service VBoxWddm for Device Instance ID PCI\VEN_80EE&DEV_BEEF&SUBSYS_00000000&REV_00\3&267A616A&0&10 with the following status: 0.
Information	8/28/2022 5:02:59 PM	Microsoft-Windows-UserPnp	20003	(7005)	Driver Management has concluded the process to add Service VBoxWddm for Device Instance ID PCI\VEN_80EE&DEV_BEEF&SUBSYS_040515AD&REV_00\3&267A616A&0&10 with the following status: 0.
Information	8/28/2022 5:02:59 PM	Service Control Manager	7045	None	"A service was installed in the system.

Service Name:  VBoxWddm
Service File Name:  system32\DRIVERS\VBoxWddm.sys
Service Type:  kernel mode driver
Service Start Type:  demand start
Service Account:  "
Information	8/28/2022 5:02:50 PM	Microsoft-Windows-UserPnp	20001	(7005)	Driver Management concluded the process to install driver FileRepository\vboxguest.inf_amd64_neutral_433778cd41116f59\vboxguest.inf for Device Instance ID PCI\VEN_80EE&DEV_CAFE&SUBSYS_00000000&REV_00\3&267A616A&0&20 with the following status: 0x0.
Information	8/28/2022 5:02:50 PM	Microsoft-Windows-UserPnp	20003	(7005)	Driver Management has concluded the process to add Service VBoxGuest for Device Instance ID PCI\VEN_80EE&DEV_CAFE&SUBSYS_00000000&REV_00\3&267A616A&0&20 with the following status: 0.
Information	8/28/2022 5:02:50 PM	Service Control Manager	7045	None	"A service was installed in the system.

Service Name:  VirtualBox Guest Driver
Service File Name:  system32\DRIVERS\VBoxGuest.sys
Service Type:  kernel mode driver
Service Start Type:  boot start
Service Account:  "
Warning	8/28/2022 5:02:02 PM	USER32	1076	None	"The reason supplied by user METASPLOITABLE3\vagrant for the last unexpected shutdown of this computer is: Other (Unplanned)
 Reason Code: 0xa000000
 Problem ID: t
 Bugcheck String: 
 Comment: 1
"
Information	8/28/2022 5:01:51 PM	Service Control Manager	7036	None	The Network Connections service entered the running state.
Information	8/28/2022 5:01:28 PM	Microsoft-Windows-Winlogon	7001	(1101)	User Logon Notification for Customer Experience Improvement Program
Information	8/28/2022 5:01:12 PM	Microsoft-Windows-UserPnp	20001	(7005)	Driver Management concluded the process to install driver FileRepository\monitor.inf_amd64_neutral_ab477c4d805d044f\monitor.inf for Device Instance ID DISPLAY\DEFAULT_MONITOR\4&17F0FF54&0&12345678&00&02 with the following status: 0x0.
Information	8/28/2022 5:01:12 PM	Microsoft-Windows-UserPnp	20003	(7005)	Driver Management has concluded the process to add Service monitor for Device Instance ID DISPLAY\DEFAULT_MONITOR\4&17F0FF54&0&12345678&00&02 with the following status: 0.
Information	8/28/2022 5:01:12 PM	Microsoft-Windows-UserPnp	20001	(7005)	Driver Management concluded the process to install driver FileRepository\cdrom.inf_amd64_neutral_0b3d0d1942ab684b\cdrom.inf for Device Instance ID SCSI\CDROM&VEN_VBOX&PROD_CD-ROM\4&26CC4AA&0&000100 with the following status: 0x0.
Information	8/28/2022 5:01:11 PM	Microsoft-Windows-UserPnp	20003	(7005)	Driver Management has concluded the process to add Service cdrom for Device Instance ID SCSI\CDROM&VEN_VBOX&PROD_CD-ROM\4&26CC4AA&0&000100 with the following status: 0.
Information	8/28/2022 5:01:10 PM	Microsoft-Windows-UserPnp	20001	(7005)	Driver Management concluded the process to install driver FileRepository\display.inf_amd64_neutral_ea1c8215e52777a6\display.inf for Device Instance ID PCI\VEN_80EE&DEV_BEEF&SUBSYS_040515AD&REV_00\3&267A616A&0&10 with the following status: 0x0.
Information	8/28/2022 5:01:10 PM	Microsoft-Windows-UserPnp	20003	(7005)	Driver Management has concluded the process to add Service vga for Device Instance ID PCI\VEN_80EE&DEV_BEEF&SUBSYS_040515AD&REV_00\3&267A616A&0&10 with the following status: 0.
Information	8/28/2022 5:01:09 PM	Service Control Manager	7036	None	The Remote Desktop Configuration service entered the running state.
Information	8/28/2022 5:01:09 PM	Service Control Manager	7036	None	The IPsec Policy Agent service entered the running state.
Information	8/28/2022 5:01:08 PM	Service Control Manager	7036	None	The Certificate Propagation service entered the running state.
Information	8/28/2022 5:01:07 PM	Service Control Manager	7036	None	The Remote Desktop Services UserMode Port Redirector service entered the running state.
Information	8/28/2022 5:01:07 PM	Service Control Manager	7036	None	The WinHTTP Web Proxy Auto-Discovery Service service entered the running state.
Information	8/28/2022 5:01:07 PM	Service Control Manager	7036	None	The Application Experience service entered the running state.
Information	8/28/2022 5:01:06 PM	Service Control Manager	7036	None	The Portable Device Enumerator Service service entered the running state.
Information	8/28/2022 5:01:06 PM	Service Control Manager	7036	None	The Software Protection service entered the running state.
Information	8/28/2022 5:01:05 PM	Service Control Manager	7036	None	The Network List Service service entered the running state.
Information	8/28/2022 5:01:05 PM	Microsoft-Windows-Iphlpsvc	4200	None	Isatap interface isatap.{D464B526-8C35-48EB-B0F2-6A86344462EB} with address fe80::5efe:192.168.128.151 has been brought up.
Error	8/28/2022 5:01:04 PM	Service Control Manager	7026	None	"The following boot-start or system-start driver(s) failed to load: 
vmhgfs"
Information	8/28/2022 5:01:04 PM	Service Control Manager	7036	None	The wampmysqld service entered the running state.
Information	8/28/2022 5:01:05 PM	SNMP	1001	None	The SNMP Service has started successfully.
Information	8/28/2022 5:01:02 PM	Service Control Manager	7036	None	The Server service entered the running state.
Information	8/28/2022 5:01:02 PM	Service Control Manager	7036	None	The wampapache service entered the running state.
Information	8/28/2022 5:01:02 PM	Service Control Manager	7036	None	The Windows Remote Management (WS-Management) service entered the running state.
Information	8/28/2022 5:01:02 PM	Service Control Manager	7036	None	The OpenSSH Server service entered the running state.
Information	8/28/2022 5:01:02 PM	Service Control Manager	7036	None	The World Wide Web Publishing Service service entered the running state.
Information	8/28/2022 5:01:02 PM	Service Control Manager	7036	None	The Windows Process Activation Service service entered the running state.
Information	8/28/2022 5:01:02 PM	Service Control Manager	7036	None	The IP Helper service entered the running state.
Information	8/28/2022 5:01:02 PM	Service Control Manager	7036	None	The Windows Licensing Monitoring Service service entered the running state.
Information	8/28/2022 5:01:02 PM	Service Control Manager	7036	None	The Windows Management Instrumentation service entered the running state.
Information	8/28/2022 5:01:02 PM	Service Control Manager	7036	None	The Remote Desktop Services service entered the running state.
Information	8/28/2022 5:01:02 PM	Microsoft-Windows-WinRM	10121	None	"The WinRM service has been configured to accept basic authentication for unsecure HTTP connections. 

 This is not a secure configuration. 

 User Action 
 Set AllowUnencrypted to False in WinRM configuration to ensure packets are encrypted on the wire."
Information	8/28/2022 5:01:02 PM	Microsoft-Windows-WinRM	10148	None	"The WinRM service is listening for WS-Management requests. 

 User Action 
 Use the following command to see the specific IPs on which WinRM is listening: 

 winrm enumerate winrm/config/listener"
Information	8/28/2022 5:01:02 PM	Service Control Manager	7036	None	The Distributed Link Tracking Client service entered the running state.
Information	8/28/2022 5:01:02 PM	Service Control Manager	7036	None	The SNMP Service service entered the running state.
Information	8/28/2022 5:01:01 PM	Service Control Manager	7036	None	The ManageEngine Desktop Central Server service entered the running state.
Information	8/28/2022 5:01:01 PM	Service Control Manager	7036	None	The Remote Registry service entered the running state.
Information	8/28/2022 5:01:01 PM	Service Control Manager	7036	None	The MEDC Server Component - Apache service entered the running state.
Error	8/28/2022 5:01:02 PM	SNMP	1500	None	The SNMP Service encountered an error while accessing the registry key SYSTEM\CurrentControlSet\Services\SNMP\Parameters\TrapConfiguration.
Information	8/28/2022 5:01:00 PM	Service Control Manager	7036	None	The Network Location Awareness service entered the running state.
Information	8/28/2022 5:00:58 PM	Service Control Manager	7036	None	The Elasticsearch 1.1.1 (elasticsearch-service-x64) service entered the running state.
Information	8/28/2022 5:00:57 PM	Service Control Manager	7036	None	The jmx service entered the running state.
Information	8/28/2022 5:00:57 PM	Service Control Manager	7036	None	The MEDC Server Component - Notification Server service entered the running state.
Information	8/28/2022 5:00:56 PM	Service Control Manager	7036	None	The jenkins service entered the running state.
Information	8/28/2022 5:00:56 PM	Service Control Manager	7036	None	The domain1 GlassFish Server service entered the running state.
Information	8/28/2022 5:00:56 PM	Service Control Manager	7036	None	The Microsoft FTP Service service entered the running state.
Information	8/28/2022 5:00:56 PM	Service Control Manager	7036	None	The IKE and AuthIP IPsec Keying Modules service entered the running state.
Information	8/28/2022 5:00:56 PM	Service Control Manager	7036	None	The Application Host Helper Service service entered the running state.
Information	8/28/2022 5:00:55 PM	Service Control Manager	7036	None	The Cryptographic Services service entered the running state.
Information	8/28/2022 5:00:55 PM	Service Control Manager	7036	None	The Print Spooler service entered the running state.
Information	8/28/2022 5:00:55 PM	Service Control Manager	7036	None	The Security Accounts Manager service entered the running state.
Information	8/28/2022 5:00:55 PM	Service Control Manager	7036	None	The Workstation service entered the running state.
Information	8/28/2022 5:00:55 PM	Service Control Manager	7036	None	The Windows Firewall service entered the running state.
Information	8/28/2022 5:00:55 PM	Service Control Manager	7036	None	The Base Filtering Engine service entered the running state.
Information	8/28/2022 5:00:55 PM	Service Control Manager	7036	None	The Task Scheduler service entered the running state.
Information	8/28/2022 5:00:55 PM	Service Control Manager	7036	None	The Shell Hardware Detection service entered the running state.
Information	8/28/2022 5:00:55 PM	Service Control Manager	7036	None	The DHCP Client service entered the running state.
Information	8/28/2022 5:00:55 PM	Microsoft-Windows-DHCPv6-Client	51046	Service State Event	DHCPv6 client service is started
Information	8/28/2022 5:00:55 PM	Service Control Manager	7036	None	The DNS Client service entered the running state.
Information	8/28/2022 5:00:55 PM	Microsoft-Windows-Dhcp-Client	50036	Service State Event	DHCPv4 client service is started
Information	8/28/2022 5:00:55 PM	Service Control Manager	7036	None	The TCP/IP NetBIOS Helper service entered the running state.
Information	8/28/2022 5:00:55 PM	Service Control Manager	7036	None	The Network Store Interface Service service entered the running state.
Information	8/28/2022 5:00:55 PM	Service Control Manager	7036	None	The Desktop Window Manager Session Manager service entered the running state.
Information	8/28/2022 5:00:55 PM	Service Control Manager	7036	None	The System Event Notification Service service entered the running state.
Information	8/28/2022 5:00:55 PM	Service Control Manager	7036	None	The COM+ Event System service entered the running state.
Information	8/28/2022 5:00:55 PM	Service Control Manager	7036	None	The User Profile Service service entered the running state.
Information	8/28/2022 5:00:55 PM	Service Control Manager	7036	None	The Group Policy Client service entered the running state.
Information	8/28/2022 5:00:55 PM	Service Control Manager	7036	None	The Windows Event Log service entered the running state.
Information	8/28/2022 5:00:55 PM	Service Control Manager	7036	None	The Remote Procedure Call (RPC) service entered the running state.
Information	8/28/2022 5:00:55 PM	Service Control Manager	7036	None	The RPC Endpoint Mapper service entered the running state.
Information	8/28/2022 5:00:55 PM	Service Control Manager	7036	None	The DCOM Server Process Launcher service entered the running state.
Information	8/28/2022 5:00:55 PM	Microsoft-Windows-FilterManager	6	None	File System Filter 'luafv' (6.1, ‎2009‎-‎07‎-‎13T16:26:13.000000000Z) has successfully loaded and registered with Filter Manager.
Information	8/28/2022 5:00:55 PM	Service Control Manager	7036	None	The Power service entered the running state.
Information	8/28/2022 5:00:55 PM	Microsoft-Windows-UserPnp	20010	(7010)	"One or more of the Plug and Play service's subsystems has changed state. 

PlugPlay install subsystem enabled: 'true' 
PlugPlay caching subsystem enabled: 'true' 
"
Information	8/28/2022 5:00:55 PM	Service Control Manager	7036	None	The Plug and Play service entered the running state.
Information	8/28/2022 5:00:55 PM	Microsoft-Windows-Kernel-Processor-Power	26	(4)	"Processor 1 in group 0 exposes the following:

1 idle state(s)
0 performance state(s)
0 throttle state(s)"
Information	8/28/2022 5:00:55 PM	Microsoft-Windows-Kernel-Processor-Power	26	(4)	"Processor 0 in group 0 exposes the following:

1 idle state(s)
0 performance state(s)
0 throttle state(s)"
Information	8/28/2022 5:00:55 PM	EventLog	6013	None	The system uptime is 4 seconds.
Information	8/28/2022 5:00:55 PM	EventLog	6005	None	The Event log service was started.
Information	8/28/2022 5:00:55 PM	EventLog	6009	None	Microsoft (R) Windows (R) 6.01. 7601 Service Pack 1 Multiprocessor Free.
Error	8/28/2022 5:00:55 PM	EventLog	6008	None	The previous system shutdown at 5:00:02 PM on ‎8/‎28/‎2022 was unexpected.
Critical	8/28/2022 5:00:54 PM	Microsoft-Windows-Kernel-Power	41	(63)	The system has rebooted without cleanly shutting down first. This error could be caused if the system stopped responding, crashed, or lost power unexpectedly.
Information	8/28/2022 5:00:51 PM	Microsoft-Windows-Kernel-General	12	None	The operating system started at system time ‎2022‎-‎08‎-‎29T00:00:51.484375000Z.
Information	8/28/2022 2:52:47 PM	Service Control Manager	7036	None	The Windows Update service entered the running state.
Information	8/28/2022 2:52:47 PM	Service Control Manager	7036	None	The Portable Device Enumerator Service service entered the stopped state.
Information	8/28/2022 2:52:46 PM	Service Control Manager	7036	None	The SNMP Trap service entered the running state.
Information	8/28/2022 2:52:46 PM	Service Control Manager	7036	None	The Distributed Transaction Coordinator service entered the running state.
Information	8/28/2022 2:52:46 PM	Service Control Manager	7036	None	The Windows Font Cache Service service entered the running state.
Information	8/28/2022 2:52:46 PM	Service Control Manager	7036	None	The Diagnostic System Host service entered the running state.
Information	8/28/2022 2:52:46 PM	Service Control Manager	7036	None	The Diagnostic Policy Service service entered the running state.
Information	8/28/2022 2:52:46 PM	Service Control Manager	7036	None	The Microsoft .NET Framework NGEN v4.0.30319_X64 service entered the stopped state.
Information	8/28/2022 2:52:46 PM	Service Control Manager	7036	None	The Microsoft .NET Framework NGEN v4.0.30319_X64 service entered the running state.
Information	8/28/2022 2:52:46 PM	Service Control Manager	7036	None	The Microsoft .NET Framework NGEN v4.0.30319_X86 service entered the stopped state.
Information	8/28/2022 2:52:46 PM	Service Control Manager	7036	None	The Microsoft .NET Framework NGEN v4.0.30319_X86 service entered the running state.
Information	8/28/2022 2:52:46 PM	Service Control Manager	7036	None	The Background Intelligent Transfer Service service entered the running state.
Information	8/28/2022 2:52:26 PM	Service Control Manager	7036	None	The Windows Modules Installer service entered the running state.
Information	8/28/2022 2:52:12 PM	Service Control Manager	7036	None	The Network Connections service entered the running state.
Information	8/28/2022 2:51:58 PM	Microsoft-Windows-Winlogon	7001	(1101)	User Logon Notification for Customer Experience Improvement Program
Information	8/28/2022 2:50:47 PM	Service Control Manager	7036	None	The IPsec Policy Agent service entered the running state.
Information	8/28/2022 2:50:47 PM	Microsoft-Windows-Iphlpsvc	4200	None	Isatap interface isatap.{D464B526-8C35-48EB-B0F2-6A86344462EB} with address fe80::5efe:192.168.128.151 has been brought up.
Information	8/28/2022 2:50:47 PM	Service Control Manager	7036	None	The Remote Desktop Configuration service entered the running state.
Information	8/28/2022 2:50:47 PM	Service Control Manager	7036	None	The Certificate Propagation service entered the running state.
Information	8/28/2022 2:50:47 PM	Service Control Manager	7036	None	The Remote Desktop Services UserMode Port Redirector service entered the running state.
Information	8/28/2022 2:50:47 PM	Service Control Manager	7036	None	The WinHTTP Web Proxy Auto-Discovery Service service entered the running state.
Information	8/28/2022 2:50:47 PM	Service Control Manager	7036	None	The Portable Device Enumerator Service service entered the running state.
Information	8/28/2022 2:50:46 PM	Service Control Manager	7036	None	The Application Experience service entered the running state.
Information	8/28/2022 2:50:46 PM	Service Control Manager	7036	None	The Software Protection service entered the running state.
Information	8/28/2022 2:50:46 PM	SNMP	1001	None	The SNMP Service has started successfully.
Information	8/28/2022 2:50:46 PM	Service Control Manager	7036	None	The Network List Service service entered the running state.
Error	8/28/2022 2:50:46 PM	Service Control Manager	7026	None	"The following boot-start or system-start driver(s) failed to load: 
cdrom
vmhgfs"
Information	8/28/2022 2:50:46 PM	Service Control Manager	7036	None	The wampmysqld service entered the running state.
Information	8/28/2022 2:50:45 PM	Service Control Manager	7036	None	The ManageEngine Desktop Central Server service entered the running state.
Information	8/28/2022 2:50:44 PM	Service Control Manager	7036	None	The Server service entered the running state.
Information	8/28/2022 2:50:44 PM	Service Control Manager	7036	None	The World Wide Web Publishing Service service entered the running state.
Information	8/28/2022 2:50:44 PM	Service Control Manager	7036	None	The Windows Process Activation Service service entered the running state.
Information	8/28/2022 2:50:44 PM	Service Control Manager	7036	None	The Windows Remote Management (WS-Management) service entered the running state.
Information	8/28/2022 2:50:44 PM	Service Control Manager	7036	None	The IP Helper service entered the running state.
Information	8/28/2022 2:50:44 PM	Service Control Manager	7036	None	The Windows Licensing Monitoring Service service entered the running state.
Information	8/28/2022 2:50:44 PM	Service Control Manager	7036	None	The Windows Management Instrumentation service entered the running state.
Information	8/28/2022 2:50:44 PM	Service Control Manager	7036	None	The OpenSSH Server service entered the running state.
Information	8/28/2022 2:50:44 PM	Service Control Manager	7036	None	The MEDC Server Component - Apache service entered the running state.
Information	8/28/2022 2:50:44 PM	Service Control Manager	7036	None	The wampapache service entered the running state.
Information	8/28/2022 2:50:44 PM	Microsoft-Windows-WinRM	10121	None	"The WinRM service has been configured to accept basic authentication for unsecure HTTP connections. 

 This is not a secure configuration. 

 User Action 
 Set AllowUnencrypted to False in WinRM configuration to ensure packets are encrypted on the wire."
Information	8/28/2022 2:50:44 PM	Microsoft-Windows-WinRM	10148	None	"The WinRM service is listening for WS-Management requests. 

 User Action 
 Use the following command to see the specific IPs on which WinRM is listening: 

 winrm enumerate winrm/config/listener"
Information	8/28/2022 2:50:43 PM	Service Control Manager	7036	None	The Remote Desktop Services service entered the running state.
Information	8/28/2022 2:50:43 PM	Service Control Manager	7036	None	The Distributed Link Tracking Client service entered the running state.
Information	8/28/2022 2:50:43 PM	Service Control Manager	7036	None	The SNMP Service service entered the running state.
Information	8/28/2022 2:50:43 PM	Service Control Manager	7036	None	The Remote Registry service entered the running state.
Information	8/28/2022 2:50:42 PM	Service Control Manager	7036	None	The Network Location Awareness service entered the running state.
Error	8/28/2022 2:50:43 PM	SNMP	1500	None	The SNMP Service encountered an error while accessing the registry key SYSTEM\CurrentControlSet\Services\SNMP\Parameters\TrapConfiguration.
Information	8/28/2022 2:50:40 PM	Service Control Manager	7036	None	The Elasticsearch 1.1.1 (elasticsearch-service-x64) service entered the running state.
Information	8/28/2022 2:50:39 PM	Service Control Manager	7036	None	The MEDC Server Component - Notification Server service entered the running state.
Information	8/28/2022 2:50:39 PM	Service Control Manager	7036	None	The jmx service entered the running state.
Information	8/28/2022 2:50:39 PM	Service Control Manager	7036	None	The jenkins service entered the running state.
Information	8/28/2022 2:50:39 PM	Service Control Manager	7036	None	The Microsoft FTP Service service entered the running state.
Information	8/28/2022 2:50:39 PM	Service Control Manager	7036	None	The IKE and AuthIP IPsec Keying Modules service entered the running state.
Information	8/28/2022 2:50:39 PM	Service Control Manager	7036	None	The domain1 GlassFish Server service entered the running state.
Information	8/28/2022 2:50:38 PM	Service Control Manager	7036	None	The Application Host Helper Service service entered the running state.
Information	8/28/2022 2:50:38 PM	Service Control Manager	7036	None	The Cryptographic Services service entered the running state.
Information	8/28/2022 2:50:38 PM	Service Control Manager	7036	None	The Print Spooler service entered the running state.
Information	8/28/2022 2:50:38 PM	Service Control Manager	7036	None	The Security Accounts Manager service entered the running state.
Information	8/28/2022 2:50:38 PM	Service Control Manager	7036	None	The Workstation service entered the running state.
Information	8/28/2022 2:50:38 PM	Service Control Manager	7036	None	The Windows Firewall service entered the running state.
Information	8/28/2022 2:50:38 PM	Service Control Manager	7036	None	The Base Filtering Engine service entered the running state.
Information	8/28/2022 2:50:38 PM	Service Control Manager	7036	None	The Task Scheduler service entered the running state.
Information	8/28/2022 2:50:38 PM	Service Control Manager	7036	None	The Shell Hardware Detection service entered the running state.
Information	8/28/2022 2:50:38 PM	Service Control Manager	7036	None	The DNS Client service entered the running state.
Information	8/28/2022 2:50:38 PM	Service Control Manager	7036	None	The DHCP Client service entered the running state.
Information	8/28/2022 2:50:38 PM	Microsoft-Windows-DHCPv6-Client	51046	Service State Event	DHCPv6 client service is started
Information	8/28/2022 2:50:38 PM	Microsoft-Windows-Dhcp-Client	50036	Service State Event	DHCPv4 client service is started
Information	8/28/2022 2:50:38 PM	Service Control Manager	7036	None	The TCP/IP NetBIOS Helper service entered the running state.
Information	8/28/2022 2:50:38 PM	Service Control Manager	7036	None	The Network Store Interface Service service entered the running state.
Information	8/28/2022 2:50:38 PM	Service Control Manager	7036	None	The Desktop Window Manager Session Manager service entered the running state.
Information	8/28/2022 2:50:38 PM	Service Control Manager	7036	None	The System Event Notification Service service entered the running state.
Information	8/28/2022 2:50:38 PM	Service Control Manager	7036	None	The COM+ Event System service entered the running state.
Information	8/28/2022 2:50:38 PM	Service Control Manager	7036	None	The User Profile Service service entered the running state.
Information	8/28/2022 2:50:38 PM	Service Control Manager	7036	None	The Group Policy Client service entered the running state.
Information	8/28/2022 2:50:38 PM	Service Control Manager	7036	None	The Windows Event Log service entered the running state.
Information	8/28/2022 2:50:38 PM	Service Control Manager	7036	None	The Remote Procedure Call (RPC) service entered the running state.
Information	8/28/2022 2:50:38 PM	Service Control Manager	7036	None	The RPC Endpoint Mapper service entered the running state.
Information	8/28/2022 2:50:38 PM	Service Control Manager	7036	None	The DCOM Server Process Launcher service entered the running state.
Information	8/28/2022 2:50:38 PM	Microsoft-Windows-FilterManager	6	None	File System Filter 'luafv' (6.1, ‎2009‎-‎07‎-‎13T16:26:13.000000000Z) has successfully loaded and registered with Filter Manager.
Information	8/28/2022 2:50:38 PM	Service Control Manager	7036	None	The Power service entered the running state.
Information	8/28/2022 2:50:38 PM	Microsoft-Windows-UserPnp	20010	(7010)	"One or more of the Plug and Play service's subsystems has changed state. 

PlugPlay install subsystem enabled: 'true' 
PlugPlay caching subsystem enabled: 'true' 
"
Information	8/28/2022 2:50:38 PM	Service Control Manager	7036	None	The Plug and Play service entered the running state.
Information	8/28/2022 2:50:37 PM	Microsoft-Windows-Kernel-Processor-Power	26	(4)	"Processor 1 in group 0 exposes the following:

1 idle state(s)
0 performance state(s)
0 throttle state(s)"
Information	8/28/2022 2:50:37 PM	Microsoft-Windows-Kernel-Processor-Power	26	(4)	"Processor 0 in group 0 exposes the following:

1 idle state(s)
0 performance state(s)
0 throttle state(s)"
Information	8/28/2022 2:50:34 PM	Microsoft-Windows-Kernel-General	12	None	The operating system started at system time ‎2022‎-‎08‎-‎28T21:50:34.484375000Z.
Information	8/28/2022 2:50:29 PM	Microsoft-Windows-Kernel-General	13	None	The operating system is shutting down at system time ‎2022‎-‎08‎-‎28T21:50:29.286187500Z.
Information	8/28/2022 2:50:29 PM	Microsoft-Windows-Kernel-Power	109	(103)	The kernel power manager has initiated a shutdown transition.
Information	8/28/2022 2:50:28 PM	Service Control Manager	7036	None	The MEDC Server Component - Apache service entered the stopped state.
Information	8/28/2022 2:50:28 PM	Service Control Manager	7036	None	The domain1 GlassFish Server service entered the stopped state.
Information	8/28/2022 2:50:28 PM	Service Control Manager	7036	None	The Windows Process Activation Service service entered the stopped state.
Information	8/28/2022 2:50:27 PM	Service Control Manager	7036	None	The Microsoft FTP Service service entered the stopped state.
Information	8/28/2022 2:50:27 PM	Service Control Manager	7036	None	The wampmysqld service entered the stopped state.
Information	8/28/2022 2:50:27 PM	Service Control Manager	7036	None	The jmx service entered the stopped state.
Information	8/28/2022 2:50:27 PM	Service Control Manager	7036	None	The Windows Remote Management (WS-Management) service entered the stopped state.
Information	8/28/2022 2:50:27 PM	Service Control Manager	7036	None	The Remote Desktop Services service entered the stopped state.
Information	8/28/2022 2:50:27 PM	Service Control Manager	7036	None	The Windows Modules Installer service entered the stopped state.
Information	8/28/2022 2:50:27 PM	Service Control Manager	7036	None	The Windows Management Instrumentation service entered the stopped state.
Information	8/28/2022 2:50:27 PM	Service Control Manager	7036	None	The Windows Licensing Monitoring Service service entered the stopped state.
Information	8/28/2022 2:50:27 PM	Service Control Manager	7036	None	The Software Protection service entered the stopped state.
Information	8/28/2022 2:50:27 PM	Service Control Manager	7036	None	The Desktop Window Manager Session Manager service entered the stopped state.
Information	8/28/2022 2:50:27 PM	Service Control Manager	7036	None	The World Wide Web Publishing Service service entered the stopped state.
Information	8/28/2022 2:50:27 PM	Service Control Manager	7036	None	The Remote Desktop Services UserMode Port Redirector service entered the stopped state.
Information	8/28/2022 2:50:27 PM	Service Control Manager	7036	None	The Distributed Link Tracking Client service entered the stopped state.
Information	8/28/2022 2:50:27 PM	Service Control Manager	7036	None	The IPsec Policy Agent service entered the stopped state.
Information	8/28/2022 2:50:27 PM	Service Control Manager	7036	None	The User Profile Service service entered the stopped state.
Information	8/28/2022 2:50:26 PM	Service Control Manager	7036	None	The jenkins service entered the stopped state.
Information	8/28/2022 2:50:26 PM	Service Control Manager	7036	None	The Distributed Transaction Coordinator service entered the stopped state.
Information	8/28/2022 2:50:26 PM	Service Control Manager	7036	None	The Power service entered the stopped state.
Information	8/28/2022 2:50:26 PM	Service Control Manager	7036	None	The Plug and Play service entered the stopped state.
Information	8/28/2022 2:50:26 PM	Microsoft-Windows-UserPnp	20010	(7010)	"One or more of the Plug and Play service's subsystems has changed state. 

PlugPlay install subsystem enabled: 'false' 
PlugPlay caching subsystem enabled: 'false' 
"
Information	8/28/2022 2:50:38 PM	EventLog	6013	None	The system uptime is 3 seconds.
Information	8/28/2022 2:50:38 PM	EventLog	6005	None	The Event log service was started.
Information	8/28/2022 2:50:38 PM	EventLog	6009	None	Microsoft (R) Windows (R) 6.01. 7601 Service Pack 1 Multiprocessor Free.
Information	8/28/2022 2:50:26 PM	Service Control Manager	7036	None	The Cryptographic Services service entered the stopped state.
Information	8/28/2022 2:50:26 PM	Service Control Manager	7036	None	The MEDC Server Component - Notification Server service entered the stopped state.
Information	8/28/2022 2:50:26 PM	Service Control Manager	7036	None	The Windows Event Log service entered the stopped state.
Information	8/28/2022 2:50:26 PM	Service Control Manager	7036	None	The Application Host Helper Service service entered the stopped state.
Information	8/28/2022 2:50:26 PM	Service Control Manager	7036	None	The IKE and AuthIP IPsec Keying Modules service entered the stopped state.
Information	8/28/2022 2:50:26 PM	Service Control Manager	7036	None	The Windows Font Cache Service service entered the stopped state.
Information	8/28/2022 2:50:26 PM	Service Control Manager	7036	None	The Certificate Propagation service entered the stopped state.
Information	8/28/2022 2:50:26 PM	Service Control Manager	7036	None	The Diagnostic System Host service entered the stopped state.
Information	8/28/2022 2:50:26 PM	Service Control Manager	7036	None	The DHCP Client service entered the stopped state.
Information	8/28/2022 2:50:26 PM	Microsoft-Windows-Dhcp-Client	50037	Service State Event	DHCPv4 client service is stopped. ShutDown Flag value is 1
Information	8/28/2022 2:50:26 PM	Service Control Manager	7036	None	The Diagnostic Policy Service service entered the stopped state.
Information	8/28/2022 2:50:26 PM	Microsoft-Windows-DHCPv6-Client	51047	Service State Event	DHCPv6 client service is stopped. ShutDown Flag value is 1
Information	8/28/2022 2:50:26 PM	EventLog	6006	None	The Event log service was stopped.
Information	8/28/2022 2:50:21 PM	Service Control Manager	7036	None	The ManageEngine Desktop Central Server service entered the stopped state.
Information	8/28/2022 2:50:21 PM	Service Control Manager	7036	None	The Windows Error Reporting Service service entered the running state.
Information	8/28/2022 2:50:19 PM	Service Control Manager	7036	None	The Elasticsearch 1.1.1 (elasticsearch-service-x64) service entered the stopped state.
Information	8/28/2022 2:50:19 PM	Service Control Manager	7036	None	The Group Policy Client service entered the stopped state.
Information	8/28/2022 2:50:19 PM	Service Control Manager	7036	None	The Windows Update service entered the stopped state.
Information	8/28/2022 2:50:19 PM	Microsoft-Windows-Winlogon	7002	(1102)	User Logoff Notification for Customer Experience Improvement Program
Information	8/28/2022 2:50:19 PM	USER32	1074	None	"The process C:\Windows\system32\winlogon.exe (METASPLOITABLE3) has initiated the restart of computer METASPLOITABLE3 on behalf of user METASPLOITABLE3\vagrant for the following reason: No title for this reason could be found
 Reason Code: 0x500ff
 Shutdown Type: restart
 Comment: "
Information	8/28/2022 2:50:18 PM	USER32	1074	None	"The process Explorer.EXE has initiated the restart of computer METASPLOITABLE3 on behalf of user METASPLOITABLE3\vagrant for the following reason: Other (Planned)
 Reason Code: 0x85000000
 Shutdown Type: restart
 Comment: try to get rdp running"
Information	8/28/2022 2:48:14 PM	Service Control Manager	7036	None	The Windows Modules Installer service entered the running state.
Information	8/28/2022 2:44:16 PM	Service Control Manager	7036	None	The Windows Time service entered the stopped state.
Information	8/28/2022 2:44:16 PM	Microsoft-Windows-Kernel-General	1	None	The system time has changed to ‎2022‎-‎08‎-‎28T21:44:16.919000000Z from ‎2022‎-‎08‎-‎28T21:44:16.919000000Z.
Information	8/28/2022 2:44:16 PM	Microsoft-Windows-Kernel-General	1	None	The system time has changed to ‎2022‎-‎08‎-‎28T21:44:16.919000000Z from ‎2022‎-‎08‎-‎28T21:44:16.919090400Z.
