Information	5/2/2021 3:07:48 AM	Service Control Manager	7036	None	The Background Intelligent Transfer Service service entered the running state.
Information	5/2/2021 3:07:48 AM	Service Control Manager	7036	None	The Portable Device Enumerator Service service entered the stopped state.
Information	5/2/2021 3:07:30 AM	Microsoft-Windows-GroupPolicy	1500	None	The Group Policy settings for the computer were processed successfully. There were no changes detected since the last successful processing of Group Policy.
Information	5/2/2021 3:06:34 AM	SNMP	1004	None	The SNMP Service configuration has been updated successfully.
Error	5/2/2021 3:06:34 AM	SNMP	1500	None	The SNMP Service encountered an error while accessing the registry key SYSTEM\CurrentControlSet\Services\SNMP\Parameters\TrapConfiguration.
Information	5/2/2021 3:06:28 AM	Service Control Manager	7040	None	The start type of the Windows Modules Installer service was changed from auto start to demand start.
Information	5/2/2021 3:06:29 AM	SNMP	1001	None	The SNMP Service has started successfully.
Information	5/2/2021 3:06:25 AM	Service Control Manager	7036	None	The SNMP Service service entered the running state.
Information	5/2/2021 3:06:25 AM	Service Control Manager	7045	None	"A service was installed in the system.

Service Name:  SNMP Service
Service File Name:  %SystemRoot%\System32\snmp.exe
Service Type:  user mode service
Service Start Type:  auto start
Service Account:  LocalSystem"
Error	5/2/2021 3:06:25 AM	SNMP	1500	None	The SNMP Service encountered an error while accessing the registry key SYSTEM\CurrentControlSet\Services\SNMP\Parameters\TrapConfiguration.
Information	5/2/2021 3:06:24 AM	Service Control Manager	7040	None	The start type of the Windows Modules Installer service was changed from demand start to auto start.
Information	5/2/2021 3:06:20 AM	Service Control Manager	7036	None	The Microsoft Software Shadow Copy Provider service entered the running state.
Information	5/2/2021 3:06:20 AM	Service Control Manager	7036	None	The Volume Shadow Copy service entered the running state.
Information	5/2/2021 3:06:20 AM	Service Control Manager	7040	None	The start type of the Windows Modules Installer service was changed from auto start to demand start.
Information	5/2/2021 3:06:20 AM	Service Control Manager	7036	None	The Microsoft .NET Framework NGEN v4.0.30319_X64 service entered the running state.
Information	5/2/2021 3:06:20 AM	Service Control Manager	7036	None	The Microsoft .NET Framework NGEN v4.0.30319_X86 service entered the running state.
Information	5/2/2021 3:06:11 AM	Service Control Manager	7036	None	The Distributed Transaction Coordinator service entered the running state.
Information	5/2/2021 3:06:11 AM	Service Control Manager	7036	None	The COM+ System Application service entered the running state.
Information	5/2/2021 3:06:10 AM	Service Control Manager	7036	None	The Microsoft FTP Service service entered the running state.
Information	5/2/2021 3:06:03 AM	Service Control Manager	7036	None	The World Wide Web Publishing Service service entered the running state.
Information	5/2/2021 3:06:03 AM	Service Control Manager	7036	None	The Windows Process Activation Service service entered the running state.
Information	5/2/2021 3:06:03 AM	Service Control Manager	7036	None	The Application Host Helper Service service entered the running state.
Information	5/2/2021 3:06:01 AM	Microsoft-Windows-Iphlpsvc	4200	None	Isatap interface isatap.localdomain with address fe80::5efe:192.168.129.146 has been brought up.
Information	5/2/2021 3:06:01 AM	Service Control Manager	7045	None	"A service was installed in the system.

Service Name:  Microsoft FTP Service
Service File Name:  %windir%\system32\svchost.exe -k ftpsvc
Service Type:  user mode service
Service Start Type:  auto start
Service Account:  localSystem"
Information	5/2/2021 3:06:00 AM	Service Control Manager	7045	None	"A service was installed in the system.

Service Name:  World Wide Web Publishing Service
Service File Name:  %windir%\system32\svchost.exe -k iissvcs
Service Type:  user mode service
Service Start Type:  auto start
Service Account:  localSystem"
Information	5/2/2021 3:06:00 AM	Service Control Manager	7045	None	"A service was installed in the system.

Service Name:  Application Host Helper Service
Service File Name:  %windir%\system32\svchost.exe -k apphost
Service Type:  user mode service
Service Start Type:  auto start
Service Account:  localSystem"
Information	5/2/2021 3:06:00 AM	Service Control Manager	7045	None	"A service was installed in the system.

Service Name:  Windows Process Activation Service
Service File Name:  %windir%\system32\svchost.exe -k iissvcs
Service Type:  user mode service
Service Start Type:  demand start
Service Account:  localSystem"
Warning	5/2/2021 3:05:54 AM	Microsoft-Windows-DNS-Client	1014	None	Name resolution for the name isatap.localdomain timed out after none of the configured DNS servers responded.
Information	5/2/2021 3:05:54 AM	Service Control Manager	7040	None	The start type of the Windows Modules Installer service was changed from demand start to auto start.
Information	5/2/2021 3:05:53 AM	Service Control Manager	7036	None	The Windows Modules Installer service entered the running state.
Information	5/2/2021 3:05:52 AM	Service Control Manager	7036	None	The Application Experience service entered the running state.
Information	5/2/2021 3:05:48 AM	Service Control Manager	7036	None	The Remote Desktop Configuration service entered the running state.
Information	5/2/2021 3:05:48 AM	Service Control Manager	7036	None	The Certificate Propagation service entered the running state.
Information	5/2/2021 3:05:48 AM	Service Control Manager	7036	None	The Remote Desktop Services UserMode Port Redirector service entered the running state.
Information	5/2/2021 3:05:48 AM	Service Control Manager	7036	None	The IPsec Policy Agent service entered the running state.
Information	5/2/2021 3:05:48 AM	Service Control Manager	7036	None	The Remote Desktop Services service entered the running state.
Information	5/2/2021 3:05:48 AM	Service Control Manager	7036	None	The WinHTTP Web Proxy Auto-Discovery Service service entered the running state.
Information	5/2/2021 3:05:48 AM	Service Control Manager	7036	None	The Portable Device Enumerator Service service entered the running state.
Information	5/2/2021 3:05:48 AM	Service Control Manager	7036	None	The Network List Service service entered the running state.
Information	5/2/2021 3:05:48 AM	Service Control Manager	7036	None	The Software Protection service entered the running state.
Information	5/2/2021 3:05:48 AM	Service Control Manager	7036	None	The OpenSSH Server service entered the running state.
Information	5/2/2021 3:05:47 AM	Service Control Manager	7036	None	The Server service entered the running state.
Information	5/2/2021 3:05:47 AM	Service Control Manager	7036	None	The Windows Remote Management (WS-Management) service entered the running state.
Information	5/2/2021 3:05:47 AM	Service Control Manager	7036	None	The IP Helper service entered the running state.
Information	5/2/2021 3:05:47 AM	Service Control Manager	7036	None	The Windows Management Instrumentation service entered the running state.
Information	5/2/2021 3:05:47 AM	Service Control Manager	7036	None	The Windows Licensing Monitoring Service service entered the running state.
Information	5/2/2021 3:05:47 AM	Service Control Manager	7036	None	The Distributed Link Tracking Client service entered the running state.
Information	5/2/2021 3:05:47 AM	Service Control Manager	7036	None	The Remote Registry service entered the running state.
Information	5/2/2021 3:05:47 AM	Service Control Manager	7036	None	The IKE and AuthIP IPsec Keying Modules service entered the running state.
Information	5/2/2021 3:05:47 AM	Service Control Manager	7036	None	The Network Location Awareness service entered the running state.
Information	5/2/2021 3:05:47 AM	Service Control Manager	7036	None	The Cryptographic Services service entered the running state.
Information	5/2/2021 3:05:47 AM	Microsoft-Windows-WinRM	10121	None	"The WinRM service has been configured to accept basic authentication for unsecure HTTP connections. 

 This is not a secure configuration. 

 User Action 
 Set AllowUnencrypted to False in WinRM configuration to ensure packets are encrypted on the wire."
Information	5/2/2021 3:05:47 AM	Microsoft-Windows-WinRM	10148	None	"The WinRM service is listening for WS-Management requests. 

 User Action 
 Use the following command to see the specific IPs on which WinRM is listening: 

 winrm enumerate winrm/config/listener"
Information	5/2/2021 3:05:47 AM	Service Control Manager	7036	None	The Print Spooler service entered the running state.
Information	5/2/2021 3:05:47 AM	Service Control Manager	7036	None	The Security Accounts Manager service entered the running state.
Information	5/2/2021 3:05:47 AM	Service Control Manager	7036	None	The Workstation service entered the running state.
Information	5/2/2021 3:05:47 AM	Service Control Manager	7036	None	The Windows Firewall service entered the running state.
Information	5/2/2021 3:05:47 AM	Service Control Manager	7036	None	The Base Filtering Engine service entered the running state.
Information	5/2/2021 3:05:47 AM	Service Control Manager	7036	None	The Task Scheduler service entered the running state.
Information	5/2/2021 3:05:46 AM	Service Control Manager	7036	None	The Shell Hardware Detection service entered the running state.
Information	5/2/2021 3:05:46 AM	Service Control Manager	7036	None	The DHCP Client service entered the running state.
Information	5/2/2021 3:05:46 AM	Service Control Manager	7036	None	The DNS Client service entered the running state.
Information	5/2/2021 3:05:46 AM	Microsoft-Windows-DHCPv6-Client	51046	Service State Event	DHCPv6 client service is started
Information	5/2/2021 3:05:46 AM	Microsoft-Windows-Dhcp-Client	50036	Service State Event	DHCPv4 client service is started
Information	5/2/2021 3:05:46 AM	Service Control Manager	7036	None	The TCP/IP NetBIOS Helper service entered the running state.
Information	5/2/2021 3:05:46 AM	Service Control Manager	7036	None	The Network Store Interface Service service entered the running state.
Information	5/2/2021 3:05:46 AM	Service Control Manager	7036	None	The Desktop Window Manager Session Manager service entered the running state.
Information	5/2/2021 3:05:46 AM	Service Control Manager	7036	None	The System Event Notification Service service entered the running state.
Information	5/2/2021 3:05:46 AM	Service Control Manager	7036	None	The COM+ Event System service entered the running state.
Information	5/2/2021 3:05:46 AM	Service Control Manager	7036	None	The User Profile Service service entered the running state.
Information	5/2/2021 3:05:46 AM	Service Control Manager	7036	None	The Group Policy Client service entered the running state.
Information	5/2/2021 3:05:46 AM	Service Control Manager	7036	None	The Windows Event Log service entered the running state.
Information	5/2/2021 3:05:46 AM	Service Control Manager	7036	None	The Remote Procedure Call (RPC) service entered the running state.
Information	5/2/2021 3:05:46 AM	Service Control Manager	7036	None	The RPC Endpoint Mapper service entered the running state.
Information	5/2/2021 3:05:46 AM	Service Control Manager	7036	None	The DCOM Server Process Launcher service entered the running state.
Information	5/2/2021 3:05:46 AM	Microsoft-Windows-FilterManager	6	None	File System Filter 'luafv' (6.1, ‎2009‎-‎07‎-‎13T16:26:13.000000000Z) has successfully loaded and registered with Filter Manager.
Information	5/2/2021 3:05:46 AM	Service Control Manager	7036	None	The Power service entered the running state.
Information	5/2/2021 3:05:46 AM	Microsoft-Windows-UserPnp	20010	(7010)	"One or more of the Plug and Play service's subsystems has changed state. 

PlugPlay install subsystem enabled: 'true' 
PlugPlay caching subsystem enabled: 'true' 
"
Information	5/2/2021 3:05:46 AM	Service Control Manager	7036	None	The Plug and Play service entered the running state.
Information	5/2/2021 3:05:46 AM	Microsoft-Windows-Kernel-Processor-Power	26	(4)	"Processor 1 in group 0 exposes the following:

1 idle state(s)
0 performance state(s)
8 throttle state(s)"
Information	5/2/2021 3:05:46 AM	Microsoft-Windows-Kernel-Processor-Power	26	(4)	"Processor 0 in group 0 exposes the following:

1 idle state(s)
0 performance state(s)
8 throttle state(s)"
Information	5/2/2021 3:05:39 AM	Microsoft-Windows-Kernel-General	12	None	The operating system started at system time ‎2021‎-‎05‎-‎02T10:05:39.484375000Z.
Information	5/2/2021 3:05:34 AM	Microsoft-Windows-Kernel-General	13	None	The operating system is shutting down at system time ‎2021‎-‎05‎-‎02T10:05:34.218750000Z.
Information	5/2/2021 3:05:34 AM	Microsoft-Windows-Kernel-Power	109	(103)	The kernel power manager has initiated a shutdown transition.
Information	5/2/2021 3:05:33 AM	Service Control Manager	7036	None	The Plug and Play service entered the stopped state.
Information	5/2/2021 3:05:33 AM	Microsoft-Windows-UserPnp	20010	(7010)	"One or more of the Plug and Play service's subsystems has changed state. 

PlugPlay install subsystem enabled: 'false' 
PlugPlay caching subsystem enabled: 'false' 
"
Information	5/2/2021 3:05:46 AM	EventLog	6013	None	The system uptime is 7 seconds.
Information	5/2/2021 3:05:46 AM	EventLog	6005	None	The Event log service was started.
Information	5/2/2021 3:05:46 AM	EventLog	6009	None	Microsoft (R) Windows (R) 6.01. 7601 Service Pack 1 Multiprocessor Free.
Information	5/2/2021 3:05:33 AM	Service Control Manager	7036	None	The Windows Remote Management (WS-Management) service entered the stopped state.
Information	5/2/2021 3:05:33 AM	Service Control Manager	7036	None	The Windows Event Log service entered the stopped state.
Information	5/2/2021 3:05:33 AM	Service Control Manager	7036	None	The Software Protection service entered the stopped state.
Information	5/2/2021 3:05:33 AM	Service Control Manager	7036	None	The Remote Desktop Services service entered the stopped state.
Information	5/2/2021 3:05:33 AM	Service Control Manager	7036	None	The DHCP Client service entered the stopped state.
Information	5/2/2021 3:05:33 AM	Service Control Manager	7036	None	The Cryptographic Services service entered the stopped state.
Information	5/2/2021 3:05:33 AM	Service Control Manager	7036	None	The IKE and AuthIP IPsec Keying Modules service entered the stopped state.
Information	5/2/2021 3:05:33 AM	Microsoft-Windows-Dhcp-Client	50037	Service State Event	DHCPv4 client service is stopped. ShutDown Flag value is 1
Information	5/2/2021 3:05:33 AM	Service Control Manager	7036	None	The Desktop Window Manager Session Manager service entered the stopped state.
Information	5/2/2021 3:05:33 AM	Service Control Manager	7036	None	The Windows Licensing Monitoring Service service entered the stopped state.
Information	5/2/2021 3:05:33 AM	Service Control Manager	7036	None	The Windows Modules Installer service entered the stopped state.
Information	5/2/2021 3:05:33 AM	Service Control Manager	7036	None	The Windows Management Instrumentation service entered the stopped state.
Information	5/2/2021 3:05:33 AM	Microsoft-Windows-DHCPv6-Client	51047	Service State Event	DHCPv6 client service is stopped. ShutDown Flag value is 1
Information	5/2/2021 3:05:33 AM	Service Control Manager	7036	None	The Distributed Link Tracking Client service entered the stopped state.
Information	5/2/2021 3:05:33 AM	Service Control Manager	7036	None	The Certificate Propagation service entered the stopped state.
Information	5/2/2021 3:05:33 AM	Service Control Manager	7036	None	The IPsec Policy Agent service entered the stopped state.
Information	5/2/2021 3:05:33 AM	Service Control Manager	7036	None	The User Profile Service service entered the stopped state.
Information	5/2/2021 3:05:33 AM	Service Control Manager	7036	None	The Remote Desktop Services UserMode Port Redirector service entered the stopped state.
Information	5/2/2021 3:05:33 AM	Service Control Manager	7036	None	The Power service entered the stopped state.
Information	5/2/2021 3:05:33 AM	Service Control Manager	7036	None	The Distributed Transaction Coordinator service entered the stopped state.
Information	5/2/2021 3:05:33 AM	Service Control Manager	7036	None	The Diagnostic Policy Service service entered the stopped state.
Information	5/2/2021 3:05:33 AM	Service Control Manager	7036	None	The Diagnostic System Host service entered the stopped state.
Information	5/2/2021 3:05:33 AM	Service Control Manager	7036	None	The Windows Font Cache Service service entered the stopped state.
Information	5/2/2021 3:05:33 AM	Service Control Manager	7036	None	The Microsoft .NET Framework NGEN v4.0.30319_X64 service entered the stopped state.
Information	5/2/2021 3:05:33 AM	Service Control Manager	7036	None	The Microsoft .NET Framework NGEN v4.0.30319_X86 service entered the stopped state.
Information	5/2/2021 3:05:33 AM	Service Control Manager	7036	None	The Group Policy Client service entered the stopped state.
Information	5/2/2021 3:05:33 AM	EventLog	6006	None	The Event log service was stopped.
Information	5/2/2021 3:05:33 AM	Service Control Manager	7036	None	The Windows Update service entered the stopped state.
Information	5/2/2021 3:05:33 AM	USER32	1074	None	"The process C:\Windows\system32\shutdown.exe (VAGRANT-2008R2) has initiated the restart of computer VAGRANT-2008R2 on behalf of user VAGRANT-2008R2\vagrant for the following reason: No title for this reason could be found
 Reason Code: 0x800000ff
 Shutdown Type: restart
 Comment: packer restart"
Warning	5/2/2021 3:05:18 AM	Microsoft-Windows-DNS-Client	1014	None	Name resolution for the name wpad.localdomain timed out after none of the configured DNS servers responded.
Information	5/2/2021 3:04:54 AM	Service Control Manager	7036	None	The Shell Hardware Detection service entered the stopped state.
Information	5/2/2021 3:04:49 AM	Service Control Manager	7036	None	The Windows Update service entered the running state.
Information	5/2/2021 3:04:48 AM	Service Control Manager	7036	None	The Distributed Transaction Coordinator service entered the running state.
Information	5/2/2021 3:04:48 AM	Service Control Manager	7036	None	The Windows Font Cache Service service entered the running state.
Information	5/2/2021 3:04:48 AM	Service Control Manager	7036	None	The Diagnostic System Host service entered the running state.
Information	5/2/2021 3:04:48 AM	Service Control Manager	7036	None	The Diagnostic Policy Service service entered the running state.
Information	5/2/2021 3:04:48 AM	Service Control Manager	7036	None	The Portable Device Enumerator Service service entered the stopped state.
Information	5/2/2021 3:04:48 AM	Service Control Manager	7036	None	The Background Intelligent Transfer Service service entered the running state.
Information	5/2/2021 3:03:01 AM	Microsoft-Windows-Iphlpsvc	4200	None	Isatap interface isatap.localdomain with address fe80::5efe:192.168.129.146 has been brought up.
Information	5/2/2021 3:02:54 AM	Service Control Manager	7040	None	The start type of the Windows Modules Installer service was changed from auto start to demand start.
Warning	5/2/2021 3:02:53 AM	Microsoft-Windows-DNS-Client	1014	None	Name resolution for the name isatap.localdomain timed out after none of the configured DNS servers responded.
Information	5/2/2021 3:02:53 AM	Service Control Manager	7036	None	The Microsoft .NET Framework NGEN v4.0.30319_X64 service entered the running state.
Information	5/2/2021 3:02:53 AM	Service Control Manager	7036	None	The Microsoft .NET Framework NGEN v4.0.30319_X86 service entered the running state.
Information	5/2/2021 3:02:53 AM	Microsoft-Windows-HttpEvent	15007	None	Reservation for namespace identified by URL prefix http://+:5985/wsman/ was successfully added.
Information	5/2/2021 3:02:53 AM	Microsoft-Windows-HttpEvent	15008	None	Reservation for namespace identified by URL prefix http://+:5985/wsman/ was successfully deleted.
Information	5/2/2021 3:02:53 AM	Microsoft-Windows-WinRM	10121	None	"The WinRM service has been configured to accept basic authentication for unsecure HTTP connections. 

 This is not a secure configuration. 

 User Action 
 Set AllowUnencrypted to False in WinRM configuration to ensure packets are encrypted on the wire."
Information	5/2/2021 3:02:49 AM	Service Control Manager	7036	None	The Application Experience service entered the running state.
Information	5/2/2021 3:02:48 AM	Service Control Manager	7036	None	The Remote Desktop Configuration service entered the running state.
Information	5/2/2021 3:02:48 AM	Service Control Manager	7036	None	The Certificate Propagation service entered the running state.
Information	5/2/2021 3:02:48 AM	Service Control Manager	7036	None	The Remote Desktop Services UserMode Port Redirector service entered the running state.
Information	5/2/2021 3:02:48 AM	Service Control Manager	7036	None	The IPsec Policy Agent service entered the running state.
Information	5/2/2021 3:02:48 AM	Service Control Manager	7036	None	The WinHTTP Web Proxy Auto-Discovery Service service entered the running state.
Information	5/2/2021 3:02:48 AM	Service Control Manager	7036	None	The Portable Device Enumerator Service service entered the running state.
Information	5/2/2021 3:02:48 AM	Service Control Manager	7036	None	The Remote Desktop Services service entered the running state.
Information	5/2/2021 3:02:48 AM	Service Control Manager	7036	None	The Software Protection service entered the running state.
Information	5/2/2021 3:02:48 AM	Service Control Manager	7036	None	The Network List Service service entered the running state.
Information	5/2/2021 3:02:47 AM	Service Control Manager	7036	None	The OpenSSH Server service entered the running state.
Information	5/2/2021 3:02:47 AM	Service Control Manager	7036	None	The Server service entered the running state.
Information	5/2/2021 3:02:46 AM	Service Control Manager	7036	None	The Windows Remote Management (WS-Management) service entered the running state.
Information	5/2/2021 3:02:46 AM	Service Control Manager	7036	None	The IP Helper service entered the running state.
Information	5/2/2021 3:02:46 AM	Service Control Manager	7036	None	The Windows Management Instrumentation service entered the running state.
Information	5/2/2021 3:02:46 AM	Service Control Manager	7036	None	The Windows Licensing Monitoring Service service entered the running state.
Information	5/2/2021 3:02:46 AM	Service Control Manager	7036	None	The Distributed Link Tracking Client service entered the running state.
Information	5/2/2021 3:02:46 AM	Service Control Manager	7036	None	The Remote Registry service entered the running state.
Information	5/2/2021 3:02:46 AM	Microsoft-Windows-WinRM	10121	None	"The WinRM service has been configured to accept basic authentication for unsecure HTTP connections. 

 This is not a secure configuration. 

 User Action 
 Set AllowUnencrypted to False in WinRM configuration to ensure packets are encrypted on the wire."
Information	5/2/2021 3:02:46 AM	Microsoft-Windows-WinRM	10148	None	"The WinRM service is listening for WS-Management requests. 

 User Action 
 Use the following command to see the specific IPs on which WinRM is listening: 

 winrm enumerate winrm/config/listener"
Information	5/2/2021 3:02:46 AM	Service Control Manager	7036	None	The Network Location Awareness service entered the running state.
Information	5/2/2021 3:02:46 AM	Service Control Manager	7036	None	The IKE and AuthIP IPsec Keying Modules service entered the running state.
Information	5/2/2021 3:02:46 AM	Service Control Manager	7036	None	The Cryptographic Services service entered the running state.
Information	5/2/2021 3:02:46 AM	Service Control Manager	7036	None	The Print Spooler service entered the running state.
Information	5/2/2021 3:02:46 AM	Service Control Manager	7036	None	The Security Accounts Manager service entered the running state.
Information	5/2/2021 3:02:46 AM	Service Control Manager	7036	None	The Workstation service entered the running state.
Information	5/2/2021 3:02:46 AM	Service Control Manager	7036	None	The Windows Firewall service entered the running state.
Information	5/2/2021 3:02:46 AM	Service Control Manager	7036	None	The Base Filtering Engine service entered the running state.
Information	5/2/2021 3:02:46 AM	Service Control Manager	7036	None	The Task Scheduler service entered the running state.
Information	5/2/2021 3:02:46 AM	Service Control Manager	7036	None	The Shell Hardware Detection service entered the running state.
Information	5/2/2021 3:02:46 AM	Service Control Manager	7036	None	The DNS Client service entered the running state.
Information	5/2/2021 3:02:46 AM	Service Control Manager	7036	None	The DHCP Client service entered the running state.
Information	5/2/2021 3:02:46 AM	Microsoft-Windows-DHCPv6-Client	51046	Service State Event	DHCPv6 client service is started
Information	5/2/2021 3:02:46 AM	Microsoft-Windows-Dhcp-Client	50036	Service State Event	DHCPv4 client service is started
Information	5/2/2021 3:02:46 AM	Service Control Manager	7036	None	The Network Store Interface Service service entered the running state.
Information	5/2/2021 3:02:46 AM	Service Control Manager	7036	None	The TCP/IP NetBIOS Helper service entered the running state.
Information	5/2/2021 3:02:46 AM	Service Control Manager	7036	None	The Desktop Window Manager Session Manager service entered the running state.
Information	5/2/2021 3:02:46 AM	Service Control Manager	7036	None	The Windows Modules Installer service entered the running state.
Information	5/2/2021 3:02:46 AM	Service Control Manager	7036	None	The System Event Notification Service service entered the running state.
Information	5/2/2021 3:02:46 AM	Service Control Manager	7036	None	The COM+ Event System service entered the running state.
Information	5/2/2021 3:02:46 AM	Service Control Manager	7036	None	The User Profile Service service entered the running state.
Information	5/2/2021 3:02:46 AM	Service Control Manager	7036	None	The Group Policy Client service entered the running state.
Information	5/2/2021 3:02:46 AM	Service Control Manager	7036	None	The Windows Event Log service entered the running state.
Information	5/2/2021 3:02:46 AM	Service Control Manager	7036	None	The Remote Procedure Call (RPC) service entered the running state.
Information	5/2/2021 3:02:46 AM	Service Control Manager	7036	None	The RPC Endpoint Mapper service entered the running state.
Information	5/2/2021 3:02:46 AM	Service Control Manager	7036	None	The DCOM Server Process Launcher service entered the running state.
Information	5/2/2021 3:02:46 AM	Microsoft-Windows-FilterManager	6	None	File System Filter 'luafv' (6.1, ‎2009‎-‎07‎-‎13T16:26:13.000000000Z) has successfully loaded and registered with Filter Manager.
Information	5/2/2021 3:02:46 AM	Service Control Manager	7036	None	The Power service entered the running state.
Information	5/2/2021 3:02:46 AM	Microsoft-Windows-UserPnp	20010	(7010)	"One or more of the Plug and Play service's subsystems has changed state. 

PlugPlay install subsystem enabled: 'true' 
PlugPlay caching subsystem enabled: 'true' 
"
Information	5/2/2021 3:02:46 AM	Service Control Manager	7036	None	The Plug and Play service entered the running state.
Information	5/2/2021 3:02:45 AM	Microsoft-Windows-Kernel-Processor-Power	26	(4)	"Processor 1 in group 0 exposes the following:

1 idle state(s)
0 performance state(s)
8 throttle state(s)"
Information	5/2/2021 3:02:45 AM	Microsoft-Windows-Kernel-Processor-Power	26	(4)	"Processor 0 in group 0 exposes the following:

1 idle state(s)
0 performance state(s)
8 throttle state(s)"
Information	5/2/2021 3:02:38 AM	Microsoft-Windows-Kernel-General	12	None	The operating system started at system time ‎2021‎-‎05‎-‎02T10:02:38.484375000Z.
Information	5/2/2021 3:02:30 AM	Microsoft-Windows-Kernel-General	13	None	The operating system is shutting down at system time ‎2021‎-‎05‎-‎02T10:02:30.265625000Z.
Information	5/2/2021 3:02:30 AM	Microsoft-Windows-Kernel-Power	109	(103)	The kernel power manager has initiated a shutdown transition.
Information	5/2/2021 3:02:46 AM	EventLog	6013	None	The system uptime is 7 seconds.
Information	5/2/2021 3:02:46 AM	EventLog	6005	None	The Event log service was started.
Information	5/2/2021 3:02:46 AM	EventLog	6009	None	Microsoft (R) Windows (R) 6.01. 7601 Service Pack 1 Multiprocessor Free.
Information	5/2/2021 3:02:29 AM	Service Control Manager	7036	None	The Cryptographic Services service entered the stopped state.
Information	5/2/2021 3:02:29 AM	Service Control Manager	7036	None	The Plug and Play service entered the stopped state.
Information	5/2/2021 3:02:29 AM	Microsoft-Windows-UserPnp	20010	(7010)	"One or more of the Plug and Play service's subsystems has changed state. 

PlugPlay install subsystem enabled: 'false' 
PlugPlay caching subsystem enabled: 'false' 
"
Information	5/2/2021 3:02:29 AM	Service Control Manager	7036	None	The Software Protection service entered the stopped state.
Information	5/2/2021 3:02:29 AM	Service Control Manager	7036	None	The Windows Remote Management (WS-Management) service entered the stopped state.
Information	5/2/2021 3:02:29 AM	Service Control Manager	7036	None	The Volume Shadow Copy service entered the stopped state.
Information	5/2/2021 3:02:29 AM	Service Control Manager	7036	None	The Remote Desktop Services service entered the stopped state.
Information	5/2/2021 3:02:29 AM	Service Control Manager	7036	None	The IKE and AuthIP IPsec Keying Modules service entered the stopped state.
Information	5/2/2021 3:02:29 AM	Service Control Manager	7036	None	The Windows Licensing Monitoring Service service entered the stopped state.
Information	5/2/2021 3:02:29 AM	Service Control Manager	7036	None	The Distributed Link Tracking Client service entered the stopped state.
Information	5/2/2021 3:02:29 AM	Service Control Manager	7036	None	The Windows Management Instrumentation service entered the stopped state.
Information	5/2/2021 3:02:29 AM	Service Control Manager	7036	None	The Microsoft Software Shadow Copy Provider service entered the stopped state.
Information	5/2/2021 3:02:29 AM	Service Control Manager	7036	None	The Desktop Window Manager Session Manager service entered the stopped state.
Information	5/2/2021 3:02:29 AM	Service Control Manager	7036	None	The Remote Desktop Services UserMode Port Redirector service entered the stopped state.
Information	5/2/2021 3:02:29 AM	Service Control Manager	7036	None	The Windows Event Log service entered the stopped state.
Information	5/2/2021 3:02:29 AM	Service Control Manager	7036	None	The IPsec Policy Agent service entered the stopped state.
Information	5/2/2021 3:02:29 AM	Service Control Manager	7036	None	The User Profile Service service entered the stopped state.
Information	5/2/2021 3:02:29 AM	Service Control Manager	7036	None	The Microsoft .NET Framework NGEN v4.0.30319_X64 service entered the stopped state.
Information	5/2/2021 3:02:29 AM	Service Control Manager	7036	None	The Distributed Transaction Coordinator service entered the stopped state.
Information	5/2/2021 3:02:29 AM	Service Control Manager	7036	None	The Power service entered the stopped state.
Information	5/2/2021 3:02:29 AM	Service Control Manager	7036	None	The DHCP Client service entered the stopped state.
Information	5/2/2021 3:02:29 AM	Microsoft-Windows-Dhcp-Client	50037	Service State Event	DHCPv4 client service is stopped. ShutDown Flag value is 1
Information	5/2/2021 3:02:28 AM	Microsoft-Windows-DHCPv6-Client	51047	Service State Event	DHCPv6 client service is stopped. ShutDown Flag value is 1
Information	5/2/2021 3:02:28 AM	Service Control Manager	7036	None	The Windows Font Cache Service service entered the stopped state.
Information	5/2/2021 3:02:28 AM	Service Control Manager	7036	None	The Diagnostic Policy Service service entered the stopped state.
Information	5/2/2021 3:02:28 AM	Service Control Manager	7036	None	The Diagnostic System Host service entered the stopped state.
Information	5/2/2021 3:02:28 AM	Service Control Manager	7036	None	The Certificate Propagation service entered the stopped state.
Information	5/2/2021 3:02:28 AM	Service Control Manager	7036	None	The Microsoft .NET Framework NGEN v4.0.30319_X86 service entered the stopped state.
Information	5/2/2021 3:02:28 AM	Service Control Manager	7036	None	The Windows Modules Installer service entered the stopped state.
Information	5/2/2021 3:02:29 AM	EventLog	6006	None	The Event log service was stopped.
Information	5/2/2021 3:02:23 AM	Microsoft-Windows-Winlogon	7002	(1102)	User Logoff Notification for Customer Experience Improvement Program
Information	5/2/2021 3:02:23 AM	Service Control Manager	7036	None	The Group Policy Client service entered the stopped state.
Information	5/2/2021 3:02:23 AM	Service Control Manager	7036	None	The Windows Update service entered the stopped state.
Information	5/2/2021 3:02:23 AM	Service Control Manager	7036	None	The IKE and AuthIP IPsec Keying Modules service entered the running state.
Information	5/2/2021 3:02:23 AM	Service Control Manager	7040	None	The start type of the IKE and AuthIP IPsec Keying Modules service was changed from demand start to auto start.
Information	5/2/2021 3:02:22 AM	Microsoft-Windows-UserPnp	20001	(7005)	Driver Management concluded the process to install driver FileRepository\umbus.inf_amd64_neutral_2d4257afa2e35253\umbus.inf for Device Instance ID UMB\UMB\1&841921D&0&TSBUS with the following status: 0x0.
Information	5/2/2021 3:02:22 AM	Microsoft-Windows-UserPnp	20003	(7005)	Driver Management has concluded the process to add Service umbus for Device Instance ID UMB\UMB\1&841921D&0&TSBUS with the following status: 0.
Information	5/2/2021 3:02:22 AM	Service Control Manager	7036	None	The Remote Desktop Configuration service entered the running state.
Information	5/2/2021 3:02:22 AM	Service Control Manager	7036	None	The Certificate Propagation service entered the running state.
Information	5/2/2021 3:02:23 AM	USER32	1074	None	"The process C:\Windows\system32\shutdown.exe (VAGRANT-2008R2) has initiated the restart of computer VAGRANT-2008R2 on behalf of user VAGRANT-2008R2\vagrant for the following reason: No title for this reason could be found
 Reason Code: 0x800000ff
 Shutdown Type: restart
 Comment: packer restart"
Information	5/2/2021 3:02:23 AM	Microsoft-Windows-TerminalServices-RemoteConnectionManager	1056	None	A new self signed certificate to be used for Terminal Server authentication on SSL connections was generated. The name on this certificate is vagrant-2008R2. The SHA1 hash of the certificate is in the event data.
Information	5/2/2021 3:02:22 AM	Service Control Manager	7036	None	The Remote Desktop Services UserMode Port Redirector service entered the running state.
Information	5/2/2021 3:02:22 AM	Service Control Manager	7036	None	The Remote Desktop Services service entered the running state.
Information	5/2/2021 3:02:09 AM	Service Control Manager	7036	None	The Shell Hardware Detection service entered the running state.
Information	5/2/2021 3:02:09 AM	Service Control Manager	7036	None	The OpenSSH Server service entered the running state.
Information	5/2/2021 3:02:07 AM	Service Control Manager	7036	None	The OpenSSH Server service entered the stopped state.
Information	5/2/2021 3:02:06 AM	Service Control Manager	7036	None	The OpenSSH Server service entered the running state.
Information	5/2/2021 3:02:05 AM	Service Control Manager	7045	None	"A service was installed in the system.

Service Name:  OpenSSH Server
Service File Name:  C:\Program Files\OpenSSH\bin\cygrunsrv.exe
Service Type:  user mode service
Service Start Type:  auto start
Service Account:  VAGRANT-2008R2\sshd_server"
Information	5/2/2021 3:01:43 AM	Service Control Manager	7036	None	The Microsoft Software Shadow Copy Provider service entered the running state.
Information	5/2/2021 3:01:43 AM	Service Control Manager	7036	None	The Volume Shadow Copy service entered the running state.
Information	5/2/2021 3:01:13 AM	Service Control Manager	7040	None	The start type of the Windows Modules Installer service was changed from demand start to auto start.
Warning	5/2/2021 3:00:44 AM	Microsoft-Windows-DNS-Client	1014	None	Name resolution for the name wpad.localdomain timed out after none of the configured DNS servers responded.
Information	5/2/2021 3:00:40 AM	Microsoft-Windows-WindowsUpdateClient	28	Windows Update Agent	Automatic Updates is now resumed.
Information	5/2/2021 3:00:35 AM	Service Control Manager	7036	None	The Windows Installer service entered the stopped state.
Information	5/2/2021 3:00:05 AM	Service Control Manager	7036	None	The Windows Time service entered the stopped state.
Information	5/2/2021 3:00:05 AM	Microsoft-Windows-Kernel-General	1	None	The system time has changed to ‎2021‎-‎05‎-‎02T10:00:05.500000000Z from ‎2021‎-‎05‎-‎02T10:00:05.500000000Z.
Information	5/2/2021 3:00:05 AM	Microsoft-Windows-Time-Service	35	None	The time service is now synchronizing the system time with the time source time.windows.com,0x9 (ntp.m|0x9|0.0.0.0:123->40.119.6.228:123).
Information	5/2/2021 2:59:56 AM	Service Control Manager	7036	None	The Microsoft .NET Framework NGEN v4.0.30319_X86 service entered the running state.
Information	5/2/2021 2:59:51 AM	Microsoft-Windows-Time-Service	37	None	The time provider NtpClient is currently receiving valid time data from time.windows.com,0x9 (ntp.m|0x9|0.0.0.0:123->40.119.6.228:123).
Information	5/2/2021 2:59:49 AM	Service Control Manager	7036	None	The Windows Time service entered the running state.
Information	5/2/2021 2:59:24 AM	Service Control Manager	7036	None	The Microsoft .NET Framework NGEN v4.0.30319_X64 service entered the running state.
Information	5/2/2021 2:59:08 AM	Service Control Manager	7045	None	"A service was installed in the system.

Service Name:  ASP.NET State Service
Service File Name:  %SystemRoot%\Microsoft.NET\Framework64\v4.0.30319\aspnet_state.exe
Service Type:  user mode service
Service Start Type:  disabled
Service Account:  LocalSystem"
Information	5/2/2021 2:59:07 AM	Service Control Manager	7045	None	"A service was installed in the system.

Service Name:  Microsoft .NET Framework NGEN v4.0.30319_X64
Service File Name:  C:\Windows\Microsoft.NET\Framework64\v4.0.30319\mscorsvw.exe
Service Type:  user mode service
Service Start Type:  auto start
Service Account:  LocalSystem"
Information	5/2/2021 2:59:07 AM	Service Control Manager	7045	None	"A service was installed in the system.

Service Name:  Microsoft .NET Framework NGEN v4.0.30319_X86
Service File Name:  C:\Windows\Microsoft.NET\Framework\v4.0.30319\mscorsvw.exe
Service Type:  user mode service
Service Start Type:  auto start
Service Account:  LocalSystem"
Information	5/2/2021 2:59:00 AM	Service Control Manager	7036	None	The Shell Hardware Detection service entered the stopped state.
Information	5/2/2021 2:58:52 AM	Service Control Manager	7036	None	The Distributed Transaction Coordinator service entered the running state.
Information	5/2/2021 2:58:51 AM	Service Control Manager	7036	None	The Windows Font Cache Service service entered the running state.
Information	5/2/2021 2:58:50 AM	Service Control Manager	7036	None	The Diagnostic System Host service entered the running state.
Information	5/2/2021 2:58:50 AM	Service Control Manager	7036	None	The Diagnostic Policy Service service entered the running state.
Information	5/2/2021 2:58:50 AM	Service Control Manager	7036	None	The Background Intelligent Transfer Service service entered the running state.
Information	5/2/2021 2:58:49 AM	Service Control Manager	7036	None	The Portable Device Enumerator Service service entered the stopped state.
Information	5/2/2021 2:58:47 AM	Microsoft-Windows-HttpEvent	15007	None	Reservation for namespace identified by URL prefix http://+:80/Temporary_Listen_Addresses/ was successfully added.
Information	5/2/2021 2:58:47 AM	Service Control Manager	7045	None	"A service was installed in the system.

Service Name:  Net.Msmq Listener Adapter
Service File Name:  ""C:\Windows\Microsoft.NET\Framework64\v4.0.30319\SMSvcHost.exe"" -NetMsmqActivator
Service Type:  user mode service
Service Start Type:  disabled
Service Account:  NT AUTHORITY\NetworkService"
Information	5/2/2021 2:58:47 AM	Service Control Manager	7045	None	"A service was installed in the system.

Service Name:  Net.Pipe Listener Adapter
Service File Name:  C:\Windows\Microsoft.NET\Framework64\v4.0.30319\SMSvcHost.exe
Service Type:  user mode service
Service Start Type:  disabled
Service Account:  NT AUTHORITY\LocalService"
Information	5/2/2021 2:58:47 AM	Service Control Manager	7045	None	"A service was installed in the system.

Service Name:  Net.Tcp Listener Adapter
Service File Name:  C:\Windows\Microsoft.NET\Framework64\v4.0.30319\SMSvcHost.exe
Service Type:  user mode service
Service Start Type:  disabled
Service Account:  NT AUTHORITY\LocalService"
Information	5/2/2021 2:58:47 AM	Service Control Manager	7045	None	"A service was installed in the system.

Service Name:  Net.Tcp Port Sharing Service
Service File Name:  C:\Windows\Microsoft.NET\Framework64\v4.0.30319\SMSvcHost.exe
Service Type:  user mode service
Service Start Type:  disabled
Service Account:  NT AUTHORITY\LocalService"
Information	5/2/2021 2:58:41 AM	Service Control Manager	7040	None	The start type of the Microsoft .NET Framework NGEN v2.0.50727_X86 service was changed from auto start to disabled.
Information	5/2/2021 2:58:41 AM	Service Control Manager	7040	None	The start type of the Microsoft .NET Framework NGEN v2.0.50727_X64 service was changed from auto start to disabled.
Information	5/2/2021 2:58:33 AM	Service Control Manager	7036	None	The Windows Installer service entered the running state.
Information	5/2/2021 2:58:16 AM	Microsoft-Windows-WindowsUpdateClient	27	Windows Update Agent	Automatic Updates is now paused.
Information	5/2/2021 2:58:11 AM	Service Control Manager	7036	None	The Windows Update service entered the running state.
Information	5/2/2021 2:57:30 AM	Microsoft-Windows-Iphlpsvc	4200	None	Isatap interface isatap.localdomain with address fe80::5efe:192.168.129.146 has been brought up.
Information	5/2/2021 2:57:05 AM	Service Control Manager	7036	None	The Windows Remote Management (WS-Management) service entered the running state.
Information	5/2/2021 2:57:05 AM	Microsoft-Windows-WinRM	10121	None	"The WinRM service has been configured to accept basic authentication for unsecure HTTP connections. 

 This is not a secure configuration. 

 User Action 
 Set AllowUnencrypted to False in WinRM configuration to ensure packets are encrypted on the wire."
Information	5/2/2021 2:57:05 AM	Microsoft-Windows-WinRM	10148	None	"The WinRM service is listening for WS-Management requests. 

 User Action 
 Use the following command to see the specific IPs on which WinRM is listening: 

 winrm enumerate winrm/config/listener"
Warning	5/2/2021 2:57:03 AM	Microsoft-Windows-DNS-Client	1014	None	Name resolution for the name wpad.localdomain timed out after none of the configured DNS servers responded.
Information	5/2/2021 2:57:03 AM	Service Control Manager	7036	None	The Windows Remote Management (WS-Management) service entered the stopped state.
Information	5/2/2021 2:57:03 AM	Service Control Manager	7036	None	The IPsec Policy Agent service entered the running state.
Warning	5/2/2021 2:57:03 AM	Microsoft-Windows-WinRM	10149	None	"The WinRM service is not listening for WS-Management requests. 

 User Action 
 If you did not intentionally stop the service, use the following command to see the WinRM configuration: 

 winrm enumerate winrm/config/listener"
Information	5/2/2021 2:57:03 AM	Microsoft-Windows-HttpEvent	15007	None	Reservation for namespace identified by URL prefix http://+:5985/wsman/ was successfully added.
Information	5/2/2021 2:57:03 AM	Microsoft-Windows-HttpEvent	15008	None	Reservation for namespace identified by URL prefix http://+:5985/wsman/ was successfully deleted.
Information	5/2/2021 2:57:02 AM	Microsoft-Windows-WinRM	10121	None	"The WinRM service has been configured to accept basic authentication for unsecure HTTP connections. 

 This is not a secure configuration. 

 User Action 
 Set AllowUnencrypted to False in WinRM configuration to ensure packets are encrypted on the wire."
Information	5/2/2021 2:57:02 AM	Microsoft-Windows-UserPnp	20001	(7005)	Driver Management concluded the process to install driver  for Device Instance ID SW\{EEAB7790-C514-11D1-B42B-00805FC1270E}\ASYNCMAC with the following status: 0x0.
Information	5/2/2021 2:57:02 AM	Service Control Manager	7036	None	The Network Connections service entered the running state.
Information	5/2/2021 2:57:02 AM	Microsoft-Windows-HttpEvent	15007	None	Reservation for namespace identified by URL prefix http://+:5985/wsman/ was successfully added.
Information	5/2/2021 2:57:02 AM	Microsoft-Windows-HttpEvent	15008	None	Reservation for namespace identified by URL prefix http://+:5985/wsman/ was successfully deleted.
Information	5/2/2021 2:57:01 AM	Service Control Manager	7036	None	The Windows Remote Management (WS-Management) service entered the running state.
Information	5/2/2021 2:57:01 AM	Microsoft-Windows-WinRM	10148	None	"The WinRM service is listening for WS-Management requests. 

 User Action 
 Use the following command to see the specific IPs on which WinRM is listening: 

 winrm enumerate winrm/config/listener"
Information	5/2/2021 2:57:00 AM	Microsoft-Windows-UserPnp	20003	(7005)	Driver Management has concluded the process to add Service AsyncMac for Device Instance ID SW\{EEAB7790-C514-11D1-B42B-00805FC1270E}\ASYNCMAC with the following status: 0.
Information	5/2/2021 2:56:59 AM	Microsoft-Windows-GroupPolicy	1501	None	The Group Policy settings for the user were processed successfully. There were no changes detected since the last successful processing of Group Policy.
Information	5/2/2021 2:56:59 AM	Microsoft-Windows-Winlogon	7001	(1101)	User Logon Notification for Customer Experience Improvement Program
Information	5/2/2021 2:56:53 AM	Service Control Manager	7036	None	The WinHTTP Web Proxy Auto-Discovery Service service entered the running state.
Information	5/2/2021 2:56:53 AM	Microsoft-Windows-Iphlpsvc	4201	None	Isatap interface isatap.localdomain is no longer active.
Information	5/2/2021 2:56:51 AM	Microsoft-Windows-Iphlpsvc	4200	None	Isatap interface isatap.localdomain with address fe80::5efe:169.254.20.166 has been brought up.
Information	5/2/2021 2:56:49 AM	Service Control Manager	7036	None	The Portable Device Enumerator Service service entered the running state.
Information	5/2/2021 2:56:49 AM	Service Control Manager	7036	None	The Application Experience service entered the running state.
Information	5/2/2021 2:56:49 AM	Service Control Manager	7040	None	The start type of the Windows Modules Installer service was changed from auto start to demand start.
Information	5/2/2021 2:56:49 AM	Service Control Manager	7036	None	The Server service entered the running state.
Information	5/2/2021 2:56:49 AM	Service Control Manager	7036	None	The IP Helper service entered the running state.
Information	5/2/2021 2:56:49 AM	Service Control Manager	7036	None	The Windows Management Instrumentation service entered the running state.
Information	5/2/2021 2:56:49 AM	Service Control Manager	7036	None	The Windows Licensing Monitoring Service service entered the running state.
Information	5/2/2021 2:56:49 AM	Service Control Manager	7036	None	The Distributed Link Tracking Client service entered the running state.
Information	5/2/2021 2:56:49 AM	Service Control Manager	7036	None	The Remote Registry service entered the running state.
Information	5/2/2021 2:56:49 AM	Service Control Manager	7036	None	The Cryptographic Services service entered the running state.
Information	5/2/2021 2:56:49 AM	Service Control Manager	7036	None	The Print Spooler service entered the running state.
Information	5/2/2021 2:56:49 AM	Service Control Manager	7036	None	The Security Accounts Manager service entered the running state.
Information	5/2/2021 2:56:49 AM	Service Control Manager	7036	None	The Workstation service entered the running state.
Information	5/2/2021 2:56:49 AM	Service Control Manager	7036	None	The Windows Firewall service entered the running state.
Information	5/2/2021 2:56:49 AM	Service Control Manager	7036	None	The Base Filtering Engine service entered the running state.
Information	5/2/2021 2:56:49 AM	Service Control Manager	7036	None	The Task Scheduler service entered the running state.
Information	5/2/2021 2:56:49 AM	Service Control Manager	7036	None	The Shell Hardware Detection service entered the running state.
Information	5/2/2021 2:56:49 AM	Service Control Manager	7036	None	The DHCP Client service entered the running state.
Information	5/2/2021 2:56:49 AM	Service Control Manager	7036	None	The DNS Client service entered the running state.
Information	5/2/2021 2:56:49 AM	Microsoft-Windows-DHCPv6-Client	51046	Service State Event	DHCPv6 client service is started
Information	5/2/2021 2:56:49 AM	Service Control Manager	7036	None	The TCP/IP NetBIOS Helper service entered the running state.
Information	5/2/2021 2:56:49 AM	Microsoft-Windows-Dhcp-Client	50036	Service State Event	DHCPv4 client service is started
Information	5/2/2021 2:56:49 AM	Service Control Manager	7036	None	The Desktop Window Manager Session Manager service entered the running state.
Information	5/2/2021 2:56:49 AM	Service Control Manager	7036	None	The Windows Modules Installer service entered the running state.
