Information	8/27/2022 4:40:46 PM	Service Control Manager	7036	None	The IP Helper service entered the running state.
Information	8/27/2022 4:40:46 PM	Service Control Manager	7036	None	The World Wide Web Publishing Service service entered the running state.
Information	8/27/2022 4:40:46 PM	Service Control Manager	7036	None	The Windows Process Activation Service service entered the running state.
Information	8/27/2022 4:40:46 PM	Service Control Manager	7036	None	The Windows Management Instrumentation service entered the running state.
Information	8/27/2022 4:40:46 PM	Service Control Manager	7036	None	The Windows Licensing Monitoring Service service entered the running state.
Information	8/27/2022 4:40:45 PM	Service Control Manager	7036	None	The Distributed Link Tracking Client service entered the running state.
Information	8/27/2022 4:40:45 PM	Service Control Manager	7036	None	The Remote Registry service entered the running state.
Information	8/27/2022 4:40:45 PM	Service Control Manager	7036	None	The SNMP Service service entered the running state.
Information	8/27/2022 4:40:45 PM	Service Control Manager	7036	None	The MEDC Server Component - Apache service entered the running state.
Information	8/27/2022 4:40:45 PM	Service Control Manager	7036	None	The Network Location Awareness service entered the running state.
Information	8/27/2022 4:40:46 PM	Microsoft-Windows-WinRM	10121	None	"The WinRM service has been configured to accept basic authentication for unsecure HTTP connections. 

 This is not a secure configuration. 

 User Action 
 Set AllowUnencrypted to False in WinRM configuration to ensure packets are encrypted on the wire."
Information	8/27/2022 4:40:46 PM	Microsoft-Windows-WinRM	10148	None	"The WinRM service is listening for WS-Management requests. 

 User Action 
 Use the following command to see the specific IPs on which WinRM is listening: 

 winrm enumerate winrm/config/listener"
Error	8/27/2022 4:40:45 PM	SNMP	1500	None	The SNMP Service encountered an error while accessing the registry key SYSTEM\CurrentControlSet\Services\SNMP\Parameters\TrapConfiguration.
Information	8/27/2022 4:40:42 PM	Service Control Manager	7036	None	The Elasticsearch 1.1.1 (elasticsearch-service-x64) service entered the running state.
Information	8/27/2022 4:40:41 PM	Service Control Manager	7036	None	The jmx service entered the running state.
Information	8/27/2022 4:40:41 PM	Service Control Manager	7036	None	The MEDC Server Component - Notification Server service entered the running state.
Information	8/27/2022 4:40:41 PM	Service Control Manager	7036	None	The jenkins service entered the running state.
Information	8/27/2022 4:40:40 PM	Service Control Manager	7036	None	The domain1 GlassFish Server service entered the running state.
Information	8/27/2022 4:40:40 PM	Service Control Manager	7036	None	The Microsoft FTP Service service entered the running state.
Information	8/27/2022 4:40:40 PM	Service Control Manager	7036	None	The IKE and AuthIP IPsec Keying Modules service entered the running state.
Information	8/27/2022 4:40:40 PM	Service Control Manager	7036	None	The Application Host Helper Service service entered the running state.
Information	8/27/2022 4:40:40 PM	Service Control Manager	7036	None	The Cryptographic Services service entered the running state.
Information	8/27/2022 4:40:40 PM	Service Control Manager	7036	None	The Print Spooler service entered the running state.
Information	8/27/2022 4:40:40 PM	Service Control Manager	7036	None	The Security Accounts Manager service entered the running state.
Information	8/27/2022 4:40:40 PM	Service Control Manager	7036	None	The Workstation service entered the running state.
Information	8/27/2022 4:40:40 PM	Service Control Manager	7036	None	The Windows Firewall service entered the running state.
Information	8/27/2022 4:40:40 PM	Service Control Manager	7036	None	The Base Filtering Engine service entered the running state.
Information	8/27/2022 4:40:40 PM	Service Control Manager	7036	None	The Task Scheduler service entered the running state.
Information	8/27/2022 4:40:40 PM	Service Control Manager	7036	None	The Shell Hardware Detection service entered the running state.
Information	8/27/2022 4:40:40 PM	Service Control Manager	7036	None	The DHCP Client service entered the running state.
Information	8/27/2022 4:40:40 PM	Service Control Manager	7036	None	The DNS Client service entered the running state.
Information	8/27/2022 4:40:40 PM	Microsoft-Windows-DHCPv6-Client	51046	Service State Event	DHCPv6 client service is started
Information	8/27/2022 4:40:40 PM	Microsoft-Windows-Dhcp-Client	50036	Service State Event	DHCPv4 client service is started
Information	8/27/2022 4:40:40 PM	Service Control Manager	7036	None	The TCP/IP NetBIOS Helper service entered the running state.
Information	8/27/2022 4:40:40 PM	Service Control Manager	7036	None	The Network Store Interface Service service entered the running state.
Information	8/27/2022 4:40:40 PM	Service Control Manager	7036	None	The Desktop Window Manager Session Manager service entered the running state.
Information	8/27/2022 4:40:40 PM	Service Control Manager	7036	None	The System Event Notification Service service entered the running state.
Information	8/27/2022 4:40:40 PM	Service Control Manager	7036	None	The COM+ Event System service entered the running state.
Information	8/27/2022 4:40:40 PM	Service Control Manager	7036	None	The User Profile Service service entered the running state.
Information	8/27/2022 4:40:40 PM	Service Control Manager	7036	None	The Group Policy Client service entered the running state.
Information	8/27/2022 4:40:40 PM	Service Control Manager	7036	None	The Windows Event Log service entered the running state.
Information	8/27/2022 4:40:40 PM	Service Control Manager	7036	None	The Remote Procedure Call (RPC) service entered the running state.
Information	8/27/2022 4:40:39 PM	Service Control Manager	7036	None	The RPC Endpoint Mapper service entered the running state.
Information	8/27/2022 4:40:39 PM	Service Control Manager	7036	None	The DCOM Server Process Launcher service entered the running state.
Information	8/27/2022 4:40:39 PM	Microsoft-Windows-FilterManager	6	None	File System Filter 'luafv' (6.1, ‎2009‎-‎07‎-‎13T16:26:13.000000000Z) has successfully loaded and registered with Filter Manager.
Information	8/27/2022 4:40:39 PM	Service Control Manager	7036	None	The Power service entered the running state.
Information	8/27/2022 4:40:39 PM	Microsoft-Windows-UserPnp	20010	(7010)	"One or more of the Plug and Play service's subsystems has changed state. 

PlugPlay install subsystem enabled: 'true' 
PlugPlay caching subsystem enabled: 'true' 
"
Information	8/27/2022 4:40:39 PM	Service Control Manager	7036	None	The Plug and Play service entered the running state.
Information	8/27/2022 4:40:39 PM	Microsoft-Windows-Kernel-Processor-Power	26	(4)	"Processor 1 in group 0 exposes the following:

1 idle state(s)
0 performance state(s)
0 throttle state(s)"
Information	8/27/2022 4:40:39 PM	Microsoft-Windows-Kernel-Processor-Power	26	(4)	"Processor 0 in group 0 exposes the following:

1 idle state(s)
0 performance state(s)
0 throttle state(s)"
Information	8/27/2022 4:40:34 PM	Microsoft-Windows-Kernel-General	12	None	The operating system started at system time ‎2022‎-‎08‎-‎27T23:40:34.484375000Z.
Information	8/3/2022 11:05:43 AM	Microsoft-Windows-Kernel-General	13	None	The operating system is shutting down at system time ‎2022‎-‎08‎-‎03T18:05:43.189453100Z.
Information	8/3/2022 11:05:43 AM	Microsoft-Windows-Kernel-Power	109	(103)	The kernel power manager has initiated a shutdown transition.
Information	8/3/2022 11:05:42 AM	Service Control Manager	7036	None	The MEDC Server Component - Apache service entered the stopped state.
Information	8/3/2022 11:05:42 AM	Service Control Manager	7036	None	The domain1 GlassFish Server service entered the stopped state.
Information	8/3/2022 11:05:42 AM	Service Control Manager	7036	None	The Windows Process Activation Service service entered the stopped state.
Information	8/3/2022 11:05:41 AM	Service Control Manager	7036	None	The Microsoft FTP Service service entered the stopped state.
Information	8/3/2022 11:05:41 AM	Service Control Manager	7036	None	The wampmysqld service entered the stopped state.
Information	8/3/2022 11:05:41 AM	Service Control Manager	7036	None	The IKE and AuthIP IPsec Keying Modules service entered the stopped state.
Information	8/3/2022 11:05:41 AM	Service Control Manager	7036	None	The Windows Remote Management (WS-Management) service entered the stopped state.
Information	8/3/2022 11:05:41 AM	Service Control Manager	7036	None	The Remote Desktop Services service entered the stopped state.
Information	8/3/2022 11:05:41 AM	Service Control Manager	7036	None	The jmx service entered the stopped state.
Information	8/3/2022 11:05:41 AM	Service Control Manager	7036	None	The Windows Management Instrumentation service entered the stopped state.
Information	8/3/2022 11:05:41 AM	Service Control Manager	7036	None	The Windows Licensing Monitoring Service service entered the stopped state.
Information	8/3/2022 11:05:41 AM	Service Control Manager	7036	None	The Software Protection service entered the stopped state.
Information	8/3/2022 11:05:41 AM	Service Control Manager	7036	None	The Distributed Link Tracking Client service entered the stopped state.
Information	8/3/2022 11:05:41 AM	Service Control Manager	7036	None	The jenkins service entered the stopped state.
Information	8/3/2022 11:05:40 AM	Service Control Manager	7036	None	The World Wide Web Publishing Service service entered the stopped state.
Information	8/3/2022 11:05:40 AM	Service Control Manager	7036	None	The Desktop Window Manager Session Manager service entered the stopped state.
Information	8/3/2022 11:05:40 AM	Service Control Manager	7036	None	The Remote Desktop Services UserMode Port Redirector service entered the stopped state.
Information	8/3/2022 11:05:40 AM	Service Control Manager	7036	None	The Cryptographic Services service entered the stopped state.
Information	8/3/2022 11:05:40 AM	Service Control Manager	7036	None	The Distributed Transaction Coordinator service entered the stopped state.
Information	8/3/2022 11:05:40 AM	Service Control Manager	7036	None	The User Profile Service service entered the stopped state.
Information	8/3/2022 11:05:40 AM	Service Control Manager	7036	None	The SPP Notification Service service entered the stopped state.
Information	8/3/2022 11:05:40 AM	Service Control Manager	7036	None	The IPsec Policy Agent service entered the stopped state.
Information	8/3/2022 11:05:40 AM	Service Control Manager	7036	None	The Power service entered the stopped state.
Information	8/3/2022 11:05:40 AM	Service Control Manager	7036	None	The Plug and Play service entered the stopped state.
Information	8/3/2022 11:05:40 AM	Microsoft-Windows-UserPnp	20010	(7010)	"One or more of the Plug and Play service's subsystems has changed state. 

PlugPlay install subsystem enabled: 'false' 
PlugPlay caching subsystem enabled: 'false' 
"
Information	8/3/2022 11:05:40 AM	Service Control Manager	7036	None	The MEDC Server Component - Notification Server service entered the stopped state.
Information	8/3/2022 11:05:40 AM	Service Control Manager	7036	None	The Application Host Helper Service service entered the stopped state.
Information	8/3/2022 11:05:40 AM	Service Control Manager	7036	None	The Windows Event Log service entered the stopped state.
Information	8/27/2022 4:40:40 PM	EventLog	6013	None	The system uptime is 5 seconds.
Information	8/27/2022 4:40:40 PM	EventLog	6005	None	The Event log service was started.
Information	8/27/2022 4:40:40 PM	EventLog	6009	None	Microsoft (R) Windows (R) 6.01. 7601 Service Pack 1 Multiprocessor Free.
Information	8/3/2022 11:05:40 AM	Service Control Manager	7036	None	The Windows Font Cache Service service entered the stopped state.
Information	8/3/2022 11:05:40 AM	Service Control Manager	7036	None	The DHCP Client service entered the stopped state.
Information	8/3/2022 11:05:40 AM	Microsoft-Windows-Dhcp-Client	50037	Service State Event	DHCPv4 client service is stopped. ShutDown Flag value is 1
Information	8/3/2022 11:05:40 AM	Microsoft-Windows-DHCPv6-Client	51047	Service State Event	DHCPv6 client service is stopped. ShutDown Flag value is 1
Information	8/3/2022 11:05:40 AM	Service Control Manager	7036	None	The Diagnostic Policy Service service entered the stopped state.
Information	8/3/2022 11:05:40 AM	Service Control Manager	7036	None	The Certificate Propagation service entered the stopped state.
Information	8/3/2022 11:05:40 AM	EventLog	6006	None	The Event log service was stopped.
Information	8/3/2022 11:05:36 AM	Service Control Manager	7036	None	The ManageEngine Desktop Central Server service entered the stopped state.
Information	8/3/2022 11:05:35 AM	Service Control Manager	7036	None	The Windows Error Reporting Service service entered the running state.
Information	8/3/2022 11:05:34 AM	Service Control Manager	7036	None	The Elasticsearch 1.1.1 (elasticsearch-service-x64) service entered the stopped state.
Information	8/3/2022 11:05:34 AM	Service Control Manager	7036	None	The Group Policy Client service entered the stopped state.
Information	8/3/2022 11:05:34 AM	Service Control Manager	7036	None	The Windows Update service entered the stopped state.
Information	8/3/2022 11:05:34 AM	Microsoft-Windows-Winlogon	7002	(1102)	User Logoff Notification for Customer Experience Improvement Program
Information	8/3/2022 11:05:33 AM	USER32	1074	None	"The process wlms.exe has initiated the power off of computer METASPLOITABLE3 on behalf of user NT AUTHORITY\SYSTEM for the following reason: Other (Unplanned)
 Reason Code: 0x0
 Shutdown Type: power off
 Comment: "
Information	8/3/2022 10:47:31 AM	Service Control Manager	7036	None	The Diagnostic System Host service entered the stopped state.
Information	8/3/2022 10:35:32 AM	Service Control Manager	7036	None	The SPP Notification Service service entered the running state.
Information	8/3/2022 10:23:31 AM	Service Control Manager	7036	None	The WinHTTP Web Proxy Auto-Discovery Service service entered the stopped state.
Information	8/3/2022 10:15:31 AM	Service Control Manager	7036	None	The Application Experience service entered the stopped state.
Information	8/3/2022 10:07:56 AM	Microsoft-Windows-Iphlpsvc	4200	None	Isatap interface isatap.localdomain with address fe80::5efe:172.16.111.130 has been brought up.
Warning	8/3/2022 10:07:47 AM	Microsoft-Windows-DNS-Client	1014	None	Name resolution for the name wpad.localdomain timed out after none of the configured DNS servers responded.
Information	8/3/2022 10:07:37 AM	Service Control Manager	7036	None	The TCP/IP NetBIOS Helper service entered the running state.
Information	8/3/2022 10:07:32 AM	Service Control Manager	7036	None	The Windows Update service entered the running state.
Information	8/3/2022 10:07:31 AM	Service Control Manager	7036	None	The Distributed Transaction Coordinator service entered the running state.
Information	8/3/2022 10:07:31 AM	Service Control Manager	7036	None	The Portable Device Enumerator Service service entered the stopped state.
Information	8/3/2022 10:07:31 AM	Service Control Manager	7036	None	The Windows Font Cache Service service entered the running state.
Information	8/3/2022 10:07:31 AM	Service Control Manager	7036	None	The Diagnostic System Host service entered the running state.
Information	8/3/2022 10:07:31 AM	Service Control Manager	7036	None	The Diagnostic Policy Service service entered the running state.
Information	8/3/2022 10:07:31 AM	Service Control Manager	7036	None	The Microsoft .NET Framework NGEN v4.0.30319_X64 service entered the stopped state.
Information	8/3/2022 10:07:31 AM	Service Control Manager	7036	None	The Microsoft .NET Framework NGEN v4.0.30319_X64 service entered the running state.
Information	8/3/2022 10:07:31 AM	Service Control Manager	7036	None	The Microsoft .NET Framework NGEN v4.0.30319_X86 service entered the stopped state.
Information	8/3/2022 10:07:31 AM	Service Control Manager	7036	None	The Microsoft .NET Framework NGEN v4.0.30319_X86 service entered the running state.
Information	8/3/2022 10:07:31 AM	Service Control Manager	7036	None	The Background Intelligent Transfer Service service entered the running state.
Information	8/3/2022 10:07:28 AM	Service Control Manager	7036	None	The TCP/IP NetBIOS Helper service entered the stopped state.
Information	8/3/2022 10:07:28 AM	Service Control Manager	7042	None	"The TCP/IP NetBIOS Helper service was successfully sent a stop control.

 The reason specified was: 0x40030011 [Operating System: Network Connectivity (Planned)]

 Comment: None"
Information	8/3/2022 10:07:27 AM	Microsoft-Windows-Iphlpsvc	4201	None	Isatap interface isatap.localdomain is no longer active.
Information	8/3/2022 10:05:51 AM	Service Control Manager	7036	None	The Network Connections service entered the running state.
Information	8/3/2022 10:05:39 AM	Microsoft-Windows-Iphlpsvc	4200	None	Isatap interface isatap.localdomain with address fe80::5efe:172.16.21.128 has been brought up.
Information	8/3/2022 10:05:38 AM	Microsoft-Windows-Winlogon	7001	(1101)	User Logon Notification for Customer Experience Improvement Program
Warning	8/3/2022 10:05:36 AM	Microsoft-Windows-DNS-Client	1014	None	Name resolution for the name isatap.localdomain timed out after none of the configured DNS servers responded.
Information	8/3/2022 10:05:33 AM	Service Control Manager	7036	None	The IPsec Policy Agent service entered the running state.
Information	8/3/2022 10:05:33 AM	Service Control Manager	7036	None	The Certificate Propagation service entered the running state.
Information	8/3/2022 10:05:33 AM	Service Control Manager	7036	None	The Remote Desktop Configuration service entered the running state.
Information	8/3/2022 10:05:33 AM	Service Control Manager	7036	None	The Remote Desktop Services UserMode Port Redirector service entered the running state.
Information	8/3/2022 10:05:32 AM	Service Control Manager	7036	None	The Remote Desktop Services service entered the running state.
Information	8/3/2022 10:05:32 AM	SNMP	1001	None	The SNMP Service has started successfully.
Information	8/3/2022 10:05:31 AM	Service Control Manager	7036	None	The Portable Device Enumerator Service service entered the running state.
Information	8/3/2022 10:05:31 AM	Service Control Manager	7036	None	The Application Experience service entered the running state.
Information	8/3/2022 10:05:31 AM	Service Control Manager	7036	None	The Software Protection service entered the running state.
Information	8/3/2022 10:05:31 AM	Service Control Manager	7036	None	The WinHTTP Web Proxy Auto-Discovery Service service entered the running state.
Information	8/3/2022 10:05:30 AM	Service Control Manager	7036	None	The Network List Service service entered the running state.
Error	8/3/2022 10:05:30 AM	Service Control Manager	7026	None	"The following boot-start or system-start driver(s) failed to load: 
vmhgfs"
Information	8/3/2022 10:05:30 AM	Service Control Manager	7036	None	The wampmysqld service entered the running state.
Information	8/3/2022 10:05:30 AM	Service Control Manager	7036	None	The ManageEngine Desktop Central Server service entered the running state.
Information	8/3/2022 10:05:30 AM	Service Control Manager	7036	None	The Server service entered the running state.
Information	8/3/2022 10:05:29 AM	Service Control Manager	7036	None	The OpenSSH Server service entered the running state.
Information	8/3/2022 10:05:29 AM	Service Control Manager	7036	None	The Windows Remote Management (WS-Management) service entered the running state.
Information	8/3/2022 10:05:29 AM	Service Control Manager	7036	None	The IP Helper service entered the running state.
Information	8/3/2022 10:05:29 AM	Service Control Manager	7036	None	The World Wide Web Publishing Service service entered the running state.
Information	8/3/2022 10:05:29 AM	Service Control Manager	7036	None	The Windows Process Activation Service service entered the running state.
Information	8/3/2022 10:05:29 AM	Service Control Manager	7036	None	The Windows Licensing Monitoring Service service entered the running state.
Information	8/3/2022 10:05:29 AM	Service Control Manager	7036	None	The Windows Management Instrumentation service entered the running state.
Information	8/3/2022 10:05:29 AM	Service Control Manager	7036	None	The wampapache service entered the running state.
Information	8/3/2022 10:05:28 AM	Service Control Manager	7036	None	The Distributed Link Tracking Client service entered the running state.
Information	8/3/2022 10:05:28 AM	Service Control Manager	7036	None	The SNMP Service service entered the running state.
Information	8/3/2022 10:05:28 AM	Service Control Manager	7036	None	The MEDC Server Component - Apache service entered the running state.
Information	8/3/2022 10:05:28 AM	Service Control Manager	7036	None	The Remote Registry service entered the running state.
Information	8/3/2022 10:05:29 AM	Microsoft-Windows-WinRM	10121	None	"The WinRM service has been configured to accept basic authentication for unsecure HTTP connections. 

 This is not a secure configuration. 

 User Action 
 Set AllowUnencrypted to False in WinRM configuration to ensure packets are encrypted on the wire."
Information	8/3/2022 10:05:29 AM	Microsoft-Windows-WinRM	10148	None	"The WinRM service is listening for WS-Management requests. 

 User Action 
 Use the following command to see the specific IPs on which WinRM is listening: 

 winrm enumerate winrm/config/listener"
Error	8/3/2022 10:05:28 AM	SNMP	1500	None	The SNMP Service encountered an error while accessing the registry key SYSTEM\CurrentControlSet\Services\SNMP\Parameters\TrapConfiguration.
Information	8/3/2022 10:05:27 AM	Service Control Manager	7036	None	The Network Location Awareness service entered the running state.
Information	8/3/2022 10:05:24 AM	Service Control Manager	7036	None	The Elasticsearch 1.1.1 (elasticsearch-service-x64) service entered the running state.
Information	8/3/2022 10:05:24 AM	Service Control Manager	7036	None	The jmx service entered the running state.
Information	8/3/2022 10:05:24 AM	Service Control Manager	7036	None	The MEDC Server Component - Notification Server service entered the running state.
Information	8/3/2022 10:05:23 AM	Service Control Manager	7036	None	The jenkins service entered the running state.
Information	8/3/2022 10:05:23 AM	Service Control Manager	7036	None	The IKE and AuthIP IPsec Keying Modules service entered the running state.
Information	8/3/2022 10:05:23 AM	Service Control Manager	7036	None	The Microsoft FTP Service service entered the running state.
Information	8/3/2022 10:05:23 AM	Service Control Manager	7036	None	The domain1 GlassFish Server service entered the running state.
Information	8/3/2022 10:05:23 AM	Service Control Manager	7036	None	The Application Host Helper Service service entered the running state.
Information	8/3/2022 10:05:23 AM	Service Control Manager	7036	None	The Cryptographic Services service entered the running state.
Information	8/3/2022 10:05:23 AM	Service Control Manager	7036	None	The Print Spooler service entered the running state.
Information	8/3/2022 10:05:23 AM	Service Control Manager	7036	None	The Security Accounts Manager service entered the running state.
Information	8/3/2022 10:05:23 AM	Service Control Manager	7036	None	The Workstation service entered the running state.
Information	8/3/2022 10:05:23 AM	Service Control Manager	7036	None	The Windows Firewall service entered the running state.
Information	8/3/2022 10:05:23 AM	Service Control Manager	7036	None	The Base Filtering Engine service entered the running state.
Information	8/3/2022 10:05:22 AM	Service Control Manager	7036	None	The Task Scheduler service entered the running state.
Information	8/3/2022 10:05:22 AM	Service Control Manager	7036	None	The Shell Hardware Detection service entered the running state.
Information	8/3/2022 10:05:22 AM	Service Control Manager	7036	None	The DNS Client service entered the running state.
Information	8/3/2022 10:05:22 AM	Service Control Manager	7036	None	The DHCP Client service entered the running state.
Information	8/3/2022 10:05:22 AM	Microsoft-Windows-DHCPv6-Client	51046	Service State Event	DHCPv6 client service is started
Information	8/3/2022 10:05:22 AM	Service Control Manager	7036	None	The TCP/IP NetBIOS Helper service entered the running state.
Information	8/3/2022 10:05:22 AM	Microsoft-Windows-Dhcp-Client	50036	Service State Event	DHCPv4 client service is started
Information	8/3/2022 10:05:22 AM	Service Control Manager	7036	None	The Network Store Interface Service service entered the running state.
Information	8/3/2022 10:05:22 AM	Service Control Manager	7036	None	The Desktop Window Manager Session Manager service entered the running state.
Information	8/3/2022 10:05:22 AM	Service Control Manager	7036	None	The System Event Notification Service service entered the running state.
Information	8/3/2022 10:05:22 AM	Service Control Manager	7036	None	The COM+ Event System service entered the running state.
Information	8/3/2022 10:05:22 AM	Service Control Manager	7036	None	The Group Policy Client service entered the running state.
Information	8/3/2022 10:05:22 AM	Service Control Manager	7036	None	The User Profile Service service entered the running state.
Information	8/3/2022 10:05:22 AM	Service Control Manager	7036	None	The Windows Event Log service entered the running state.
Information	8/3/2022 10:05:22 AM	Service Control Manager	7036	None	The Remote Procedure Call (RPC) service entered the running state.
Information	8/3/2022 10:05:22 AM	Service Control Manager	7036	None	The RPC Endpoint Mapper service entered the running state.
Information	8/3/2022 10:05:22 AM	Service Control Manager	7036	None	The DCOM Server Process Launcher service entered the running state.
Information	8/3/2022 10:05:22 AM	Microsoft-Windows-FilterManager	6	None	File System Filter 'luafv' (6.1, ‎2009‎-‎07‎-‎13T16:26:13.000000000Z) has successfully loaded and registered with Filter Manager.
Information	8/3/2022 10:05:22 AM	Service Control Manager	7036	None	The Power service entered the running state.
Information	8/3/2022 10:05:22 AM	Microsoft-Windows-UserPnp	20010	(7010)	"One or more of the Plug and Play service's subsystems has changed state. 

PlugPlay install subsystem enabled: 'true' 
PlugPlay caching subsystem enabled: 'true' 
"
Information	8/3/2022 10:05:22 AM	Service Control Manager	7036	None	The Plug and Play service entered the running state.
Information	8/3/2022 10:05:22 AM	Microsoft-Windows-Kernel-Processor-Power	26	(4)	"Processor 1 in group 0 exposes the following:

1 idle state(s)
0 performance state(s)
0 throttle state(s)"
Information	8/3/2022 10:05:22 AM	Microsoft-Windows-Kernel-Processor-Power	26	(4)	"Processor 0 in group 0 exposes the following:

1 idle state(s)
0 performance state(s)
0 throttle state(s)"
Information	8/3/2022 10:05:17 AM	Microsoft-Windows-Kernel-General	12	None	The operating system started at system time ‎2022‎-‎08‎-‎03T17:05:17.484375000Z.
Information	8/2/2022 1:20:26 PM	Microsoft-Windows-Kernel-General	13	None	The operating system is shutting down at system time ‎2022‎-‎08‎-‎02T20:20:26.281250000Z.
Information	8/2/2022 1:20:26 PM	Microsoft-Windows-Kernel-Power	109	(103)	The kernel power manager has initiated a shutdown transition.
Information	8/2/2022 1:20:25 PM	Service Control Manager	7036	None	The MEDC Server Component - Apache service entered the stopped state.
Information	8/2/2022 1:20:25 PM	Service Control Manager	7036	None	The Windows Process Activation Service service entered the stopped state.
Information	8/2/2022 1:20:24 PM	Service Control Manager	7036	None	The Microsoft FTP Service service entered the stopped state.
Information	8/2/2022 1:20:24 PM	Service Control Manager	7036	None	The wampmysqld service entered the stopped state.
Information	8/2/2022 1:20:24 PM	Service Control Manager	7036	None	The jmx service entered the stopped state.
Information	8/2/2022 1:20:24 PM	Service Control Manager	7036	None	The Remote Desktop Services service entered the stopped state.
Information	8/2/2022 1:20:24 PM	Service Control Manager	7036	None	The Windows Remote Management (WS-Management) service entered the stopped state.
Information	8/2/2022 1:20:24 PM	Service Control Manager	7036	None	The Software Protection service entered the stopped state.
Information	8/2/2022 1:20:24 PM	Service Control Manager	7036	None	The Windows Licensing Monitoring Service service entered the stopped state.
Information	8/2/2022 1:20:24 PM	Service Control Manager	7036	None	The Windows Management Instrumentation service entered the stopped state.
Information	8/2/2022 1:20:23 PM	Service Control Manager	7036	None	The IPsec Policy Agent service entered the stopped state.
Information	8/2/2022 1:20:23 PM	Service Control Manager	7036	None	The Desktop Window Manager Session Manager service entered the stopped state.
Information	8/2/2022 1:20:23 PM	Service Control Manager	7036	None	The Distributed Link Tracking Client service entered the stopped state.
Information	8/2/2022 1:20:23 PM	Service Control Manager	7036	None	The World Wide Web Publishing Service service entered the stopped state.
Information	8/2/2022 1:20:23 PM	Service Control Manager	7036	None	The jenkins service entered the stopped state.
Information	8/2/2022 1:20:23 PM	Service Control Manager	7036	None	The Remote Desktop Services UserMode Port Redirector service entered the stopped state.
Information	8/2/2022 1:20:23 PM	Service Control Manager	7036	None	The User Profile Service service entered the stopped state.
Information	8/2/2022 1:20:23 PM	Service Control Manager	7036	None	The SPP Notification Service service entered the stopped state.
Information	8/2/2022 1:20:23 PM	Service Control Manager	7036	None	The Plug and Play service entered the stopped state.
Information	8/2/2022 1:20:23 PM	Microsoft-Windows-UserPnp	20010	(7010)	"One or more of the Plug and Play service's subsystems has changed state. 

PlugPlay install subsystem enabled: 'false' 
PlugPlay caching subsystem enabled: 'false' 
"
Information	8/3/2022 10:05:22 AM	EventLog	6013	None	The system uptime is 5 seconds.
Information	8/3/2022 10:05:22 AM	EventLog	6005	None	The Event log service was started.
Information	8/3/2022 10:05:22 AM	EventLog	6009	None	Microsoft (R) Windows (R) 6.01. 7601 Service Pack 1 Multiprocessor Free.
Information	8/2/2022 1:20:23 PM	Service Control Manager	7036	None	The Power service entered the stopped state.
Information	8/2/2022 1:20:23 PM	Service Control Manager	7036	None	The Distributed Transaction Coordinator service entered the stopped state.
Information	8/2/2022 1:20:23 PM	Service Control Manager	7036	None	The MEDC Server Component - Notification Server service entered the stopped state.
Information	8/2/2022 1:20:23 PM	Service Control Manager	7036	None	The Cryptographic Services service entered the stopped state.
Information	8/2/2022 1:20:23 PM	Service Control Manager	7036	None	The IKE and AuthIP IPsec Keying Modules service entered the stopped state.
Information	8/2/2022 1:20:23 PM	Service Control Manager	7036	None	The Application Host Helper Service service entered the stopped state.
Information	8/2/2022 1:20:23 PM	Service Control Manager	7036	None	The Windows Event Log service entered the stopped state.
Information	8/2/2022 1:20:23 PM	Service Control Manager	7036	None	The Diagnostic Policy Service service entered the stopped state.
Information	8/2/2022 1:20:23 PM	Service Control Manager	7036	None	The Windows Font Cache Service service entered the stopped state.
Information	8/2/2022 1:20:23 PM	Service Control Manager	7036	None	The DHCP Client service entered the stopped state.
Information	8/2/2022 1:20:23 PM	Microsoft-Windows-Dhcp-Client	50037	Service State Event	DHCPv4 client service is stopped. ShutDown Flag value is 1
Information	8/2/2022 1:20:23 PM	Microsoft-Windows-DHCPv6-Client	51047	Service State Event	DHCPv6 client service is stopped. ShutDown Flag value is 1
Information	8/2/2022 1:20:23 PM	Service Control Manager	7036	None	The Certificate Propagation service entered the stopped state.
Information	8/2/2022 1:20:23 PM	EventLog	6006	None	The Event log service was stopped.
Information	8/2/2022 1:20:19 PM	Service Control Manager	7036	None	The ManageEngine Desktop Central Server service entered the stopped state.
Information	8/2/2022 1:20:18 PM	Service Control Manager	7036	None	The Windows Error Reporting Service service entered the running state.
Information	8/2/2022 1:20:17 PM	Service Control Manager	7036	None	The Elasticsearch 1.1.1 (elasticsearch-service-x64) service entered the stopped state.
Information	8/2/2022 1:20:17 PM	Service Control Manager	7036	None	The Group Policy Client service entered the stopped state.
Information	8/2/2022 1:20:17 PM	Service Control Manager	7036	None	The Windows Update service entered the stopped state.
Information	8/2/2022 1:20:17 PM	USER32	1074	None	"The process wlms.exe has initiated the power off of computer METASPLOITABLE3 on behalf of user NT AUTHORITY\SYSTEM for the following reason: Other (Unplanned)
 Reason Code: 0x0
 Shutdown Type: power off
 Comment: "
Information	8/2/2022 1:02:15 PM	Service Control Manager	7036	None	The Diagnostic System Host service entered the stopped state.
Information	8/2/2022 12:50:16 PM	Service Control Manager	7036	None	The SPP Notification Service service entered the running state.
Information	8/2/2022 12:36:45 PM	Service Control Manager	7036	None	The WinHTTP Web Proxy Auto-Discovery Service service entered the stopped state.
Information	8/2/2022 12:30:15 PM	Service Control Manager	7036	None	The Application Experience service entered the stopped state.
Information	8/2/2022 12:22:17 PM	Service Control Manager	7036	None	The Shell Hardware Detection service entered the stopped state.
Information	8/2/2022 12:22:16 PM	Service Control Manager	7036	None	The Windows Update service entered the running state.
Information	8/2/2022 12:22:16 PM	Service Control Manager	7036	None	The Distributed Transaction Coordinator service entered the running state.
Information	8/2/2022 12:22:15 PM	Service Control Manager	7036	None	The Windows Font Cache Service service entered the running state.
Information	8/2/2022 12:22:15 PM	Service Control Manager	7036	None	The Diagnostic System Host service entered the running state.
Information	8/2/2022 12:22:15 PM	Service Control Manager	7036	None	The Diagnostic Policy Service service entered the running state.
Information	8/2/2022 12:22:15 PM	Service Control Manager	7036	None	The Microsoft .NET Framework NGEN v4.0.30319_X64 service entered the stopped state.
Information	8/2/2022 12:22:15 PM	Service Control Manager	7036	None	The Microsoft .NET Framework NGEN v4.0.30319_X64 service entered the running state.
Information	8/2/2022 12:22:15 PM	Service Control Manager	7036	None	The Microsoft .NET Framework NGEN v4.0.30319_X86 service entered the stopped state.
Information	8/2/2022 12:22:15 PM	Service Control Manager	7036	None	The Microsoft .NET Framework NGEN v4.0.30319_X86 service entered the running state.
Information	8/2/2022 12:22:15 PM	Service Control Manager	7036	None	The Portable Device Enumerator Service service entered the stopped state.
Information	8/2/2022 12:22:15 PM	Service Control Manager	7036	None	The Background Intelligent Transfer Service service entered the running state.
Information	8/2/2022 12:20:23 PM	Microsoft-Windows-Iphlpsvc	4200	None	Isatap interface isatap.localdomain with address fe80::5efe:172.16.21.128 has been brought up.
Warning	8/2/2022 12:20:21 PM	Microsoft-Windows-DNS-Client	1014	None	Name resolution for the name isatap.localdomain timed out after none of the configured DNS servers responded.
Information	8/2/2022 12:20:17 PM	Service Control Manager	7036	None	The Remote Desktop Configuration service entered the running state.
Information	8/2/2022 12:20:16 PM	Service Control Manager	7036	None	The Certificate Propagation service entered the running state.
Information	8/2/2022 12:20:16 PM	Service Control Manager	7036	None	The Remote Desktop Services UserMode Port Redirector service entered the running state.
Information	8/2/2022 12:20:16 PM	Service Control Manager	7036	None	The IPsec Policy Agent service entered the running state.
Information	8/2/2022 12:20:15 PM	Service Control Manager	7036	None	The Remote Desktop Services service entered the running state.
Information	8/2/2022 12:20:15 PM	Service Control Manager	7036	None	The Portable Device Enumerator Service service entered the running state.
Information	8/2/2022 12:20:15 PM	Service Control Manager	7036	None	The Application Experience service entered the running state.
Information	8/2/2022 12:20:15 PM	Service Control Manager	7036	None	The Network List Service service entered the running state.
Information	8/2/2022 12:20:15 PM	Service Control Manager	7036	None	The WinHTTP Web Proxy Auto-Discovery Service service entered the running state.
Information	8/2/2022 12:20:15 PM	Service Control Manager	7036	None	The Software Protection service entered the running state.
Information	8/2/2022 12:20:16 PM	SNMP	1001	None	The SNMP Service has started successfully.
Error	8/2/2022 12:20:15 PM	Service Control Manager	7026	None	"The following boot-start or system-start driver(s) failed to load: 
vmhgfs"
Information	8/2/2022 12:20:15 PM	Service Control Manager	7036	None	The ManageEngine Desktop Central Server service entered the running state.
Information	8/2/2022 12:20:15 PM	Service Control Manager	7036	None	The wampmysqld service entered the running state.
Information	8/2/2022 12:20:14 PM	Service Control Manager	7036	None	The Server service entered the running state.
Information	8/2/2022 12:20:14 PM	Service Control Manager	7036	None	The OpenSSH Server service entered the running state.
Information	8/2/2022 12:20:14 PM	Service Control Manager	7036	None	The Windows Remote Management (WS-Management) service entered the running state.
Information	8/2/2022 12:20:13 PM	Service Control Manager	7036	None	The World Wide Web Publishing Service service entered the running state.
Information	8/2/2022 12:20:13 PM	Service Control Manager	7036	None	The Windows Process Activation Service service entered the running state.
Information	8/2/2022 12:20:13 PM	Service Control Manager	7036	None	The wampapache service entered the running state.
Information	8/2/2022 12:20:13 PM	Service Control Manager	7036	None	The IP Helper service entered the running state.
Information	8/2/2022 12:20:13 PM	Service Control Manager	7036	None	The Windows Management Instrumentation service entered the running state.
Information	8/2/2022 12:20:13 PM	Service Control Manager	7036	None	The Windows Licensing Monitoring Service service entered the running state.
Information	8/2/2022 12:20:13 PM	Service Control Manager	7036	None	The MEDC Server Component - Apache service entered the running state.
Information	8/2/2022 12:20:13 PM	Service Control Manager	7036	None	The Distributed Link Tracking Client service entered the running state.
Information	8/2/2022 12:20:13 PM	Service Control Manager	7036	None	The Remote Registry service entered the running state.
Information	8/2/2022 12:20:14 PM	Microsoft-Windows-WinRM	10121	None	"The WinRM service has been configured to accept basic authentication for unsecure HTTP connections. 

 This is not a secure configuration. 

 User Action 
 Set AllowUnencrypted to False in WinRM configuration to ensure packets are encrypted on the wire."
Information	8/2/2022 12:20:14 PM	Microsoft-Windows-WinRM	10148	None	"The WinRM service is listening for WS-Management requests. 

 User Action 
 Use the following command to see the specific IPs on which WinRM is listening: 

 winrm enumerate winrm/config/listener"
Information	8/2/2022 12:20:13 PM	Service Control Manager	7036	None	The SNMP Service service entered the running state.
Information	8/2/2022 12:20:11 PM	Service Control Manager	7036	None	The Network Location Awareness service entered the running state.
Error	8/2/2022 12:20:13 PM	SNMP	1500	None	The SNMP Service encountered an error while accessing the registry key SYSTEM\CurrentControlSet\Services\SNMP\Parameters\TrapConfiguration.
Information	8/2/2022 12:20:11 PM	Service Control Manager	7036	None	The MEDC Server Component - Notification Server service entered the running state.
Information	8/2/2022 12:20:09 PM	Service Control Manager	7036	None	The Elasticsearch 1.1.1 (elasticsearch-service-x64) service entered the running state.
Information	8/2/2022 12:20:09 PM	Service Control Manager	7036	None	The jmx service entered the running state.
Information	8/2/2022 12:20:08 PM	Service Control Manager	7036	None	The jenkins service entered the running state.
Information	8/2/2022 12:20:07 PM	Service Control Manager	7036	None	The IKE and AuthIP IPsec Keying Modules service entered the running state.
Information	8/2/2022 12:20:07 PM	Service Control Manager	7036	None	The Microsoft FTP Service service entered the running state.
Information	8/2/2022 12:20:07 PM	Service Control Manager	7036	None	The domain1 GlassFish Server service entered the running state.
Information	8/2/2022 12:20:07 PM	Service Control Manager	7036	None	The Application Host Helper Service service entered the running state.
Information	8/2/2022 12:20:07 PM	Service Control Manager	7036	None	The Cryptographic Services service entered the running state.
Information	8/2/2022 12:20:07 PM	Service Control Manager	7036	None	The Print Spooler service entered the running state.
Information	8/2/2022 12:20:07 PM	Service Control Manager	7036	None	The Security Accounts Manager service entered the running state.
Information	8/2/2022 12:20:07 PM	Service Control Manager	7036	None	The Workstation service entered the running state.
Information	8/2/2022 12:20:07 PM	Service Control Manager	7036	None	The Windows Firewall service entered the running state.
Information	8/2/2022 12:20:07 PM	Service Control Manager	7036	None	The Base Filtering Engine service entered the running state.
Information	8/2/2022 12:20:07 PM	Service Control Manager	7036	None	The Task Scheduler service entered the running state.
Information	8/2/2022 12:20:07 PM	Service Control Manager	7036	None	The Shell Hardware Detection service entered the running state.
Information	8/2/2022 12:20:07 PM	Service Control Manager	7036	None	The DNS Client service entered the running state.
Information	8/2/2022 12:20:07 PM	Service Control Manager	7036	None	The DHCP Client service entered the running state.
Information	8/2/2022 12:20:07 PM	Microsoft-Windows-DHCPv6-Client	51046	Service State Event	DHCPv6 client service is started
Information	8/2/2022 12:20:07 PM	Microsoft-Windows-Dhcp-Client	50036	Service State Event	DHCPv4 client service is started
Information	8/2/2022 12:20:07 PM	Service Control Manager	7036	None	The TCP/IP NetBIOS Helper service entered the running state.
Information	8/2/2022 12:20:07 PM	Service Control Manager	7036	None	The Network Store Interface Service service entered the running state.
Information	8/2/2022 12:20:07 PM	Service Control Manager	7036	None	The Desktop Window Manager Session Manager service entered the running state.
Information	8/2/2022 12:20:07 PM	Service Control Manager	7036	None	The System Event Notification Service service entered the running state.
Information	8/2/2022 12:20:07 PM	Service Control Manager	7036	None	The COM+ Event System service entered the running state.
Information	8/2/2022 12:20:07 PM	Service Control Manager	7036	None	The User Profile Service service entered the running state.
Information	8/2/2022 12:20:07 PM	Service Control Manager	7036	None	The Group Policy Client service entered the running state.
Information	8/2/2022 12:20:07 PM	Service Control Manager	7036	None	The Windows Event Log service entered the running state.
Information	8/2/2022 12:20:06 PM	Service Control Manager	7036	None	The Remote Procedure Call (RPC) service entered the running state.
Information	8/2/2022 12:20:06 PM	Service Control Manager	7036	None	The RPC Endpoint Mapper service entered the running state.
Information	8/2/2022 12:20:06 PM	Service Control Manager	7036	None	The DCOM Server Process Launcher service entered the running state.
Information	8/2/2022 12:20:06 PM	Microsoft-Windows-FilterManager	6	None	File System Filter 'luafv' (6.1, ‎2009‎-‎07‎-‎13T16:26:13.000000000Z) has successfully loaded and registered with Filter Manager.
Information	8/2/2022 12:20:06 PM	Service Control Manager	7036	None	The Power service entered the running state.
Information	8/2/2022 12:20:06 PM	Microsoft-Windows-UserPnp	20010	(7010)	"One or more of the Plug and Play service's subsystems has changed state. 

PlugPlay install subsystem enabled: 'true' 
PlugPlay caching subsystem enabled: 'true' 
"
Information	8/2/2022 12:20:06 PM	Service Control Manager	7036	None	The Plug and Play service entered the running state.
Information	8/2/2022 12:20:06 PM	Microsoft-Windows-Kernel-Processor-Power	26	(4)	"Processor 1 in group 0 exposes the following:

1 idle state(s)
0 performance state(s)
0 throttle state(s)"
Information	8/2/2022 12:20:06 PM	Microsoft-Windows-Kernel-Processor-Power	26	(4)	"Processor 0 in group 0 exposes the following:

1 idle state(s)
0 performance state(s)
0 throttle state(s)"
Information	8/2/2022 12:20:01 PM	Microsoft-Windows-Kernel-General	12	None	The operating system started at system time ‎2022‎-‎08‎-‎02T19:20:01.468750000Z.
Information	8/2/2022 9:11:01 AM	Microsoft-Windows-Kernel-General	13	None	The operating system is shutting down at system time ‎2022‎-‎08‎-‎02T16:11:01.337890600Z.
Information	8/2/2022 9:11:01 AM	Microsoft-Windows-Kernel-Power	109	(103)	The kernel power manager has initiated a shutdown transition.
Information	8/2/2022 9:11:00 AM	Service Control Manager	7036	None	The MEDC Server Component - Apache service entered the stopped state.
Information	8/2/2022 9:11:00 AM	Service Control Manager	7036	None	The domain1 GlassFish Server service entered the stopped state.
Information	8/2/2022 9:11:00 AM	Service Control Manager	7036	None	The Windows Process Activation Service service entered the stopped state.
Information	8/2/2022 9:10:59 AM	Service Control Manager	7036	None	The Microsoft FTP Service service entered the stopped state.
Information	8/2/2022 9:10:59 AM	Service Control Manager	7036	None	The wampmysqld service entered the stopped state.
Information	8/2/2022 9:10:59 AM	Service Control Manager	7036	None	The jmx service entered the stopped state.
Information	8/2/2022 9:10:59 AM	Service Control Manager	7036	None	The Windows Remote Management (WS-Management) service entered the stopped state.
Information	8/2/2022 9:10:59 AM	Service Control Manager	7036	None	The Remote Desktop Services service entered the stopped state.
Information	8/2/2022 9:10:59 AM	Service Control Manager	7036	None	The IKE and AuthIP IPsec Keying Modules service entered the stopped state.
Information	8/2/2022 9:10:59 AM	Service Control Manager	7036	None	The Software Protection service entered the stopped state.
Information	8/2/2022 9:10:59 AM	Service Control Manager	7036	None	The Windows Licensing Monitoring Service service entered the stopped state.
Information	8/2/2022 9:10:59 AM	Service Control Manager	7036	None	The jenkins service entered the stopped state.
Information	8/2/2022 9:10:59 AM	Service Control Manager	7036	None	The Distributed Link Tracking Client service entered the stopped state.
Information	8/2/2022 9:10:59 AM	Service Control Manager	7036	None	The Windows Management Instrumentation service entered the stopped state.
Information	8/2/2022 9:10:59 AM	Service Control Manager	7036	None	The World Wide Web Publishing Service service entered the stopped state.
Information	8/2/2022 9:10:59 AM	Service Control Manager	7036	None	The Desktop Window Manager Session Manager service entered the stopped state.
Information	8/2/2022 9:10:59 AM	Service Control Manager	7036	None	The Windows Time service entered the stopped state.
Information	8/2/2022 9:10:59 AM	Service Control Manager	7036	None	The User Profile Service service entered the stopped state.
Information	8/2/2022 9:10:59 AM	Service Control Manager	7036	None	The SPP Notification Service service entered the stopped state.
Information	8/2/2022 9:10:58 AM	Service Control Manager	7036	None	The Remote Desktop Services UserMode Port Redirector service entered the stopped state.
Information	8/2/2022 9:10:58 AM	Service Control Manager	7036	None	The IPsec Policy Agent service entered the stopped state.
Information	8/2/2022 9:10:58 AM	Service Control Manager	7036	None	The Power service entered the stopped state.
Information	8/2/2022 9:10:58 AM	Service Control Manager	7036	None	The Distributed Transaction Coordinator service entered the stopped state.
Information	8/2/2022 9:10:58 AM	Service Control Manager	7036	None	The Application Host Helper Service service entered the stopped state.
Information	8/2/2022 9:10:58 AM	Service Control Manager	7036	None	The Plug and Play service entered the stopped state.
Information	8/2/2022 9:10:58 AM	Microsoft-Windows-UserPnp	20010	(7010)	"One or more of the Plug and Play service's subsystems has changed state. 

PlugPlay install subsystem enabled: 'false' 
PlugPlay caching subsystem enabled: 'false' 
"
Information	8/2/2022 12:20:07 PM	EventLog	6013	None	The system uptime is 5 seconds.
Information	8/2/2022 12:20:07 PM	EventLog	6005	None	The Event log service was started.
Information	8/2/2022 12:20:07 PM	EventLog	6009	None	Microsoft (R) Windows (R) 6.01. 7601 Service Pack 1 Multiprocessor Free.
