Audit Success	5/2/2021 3:10:51 AM	Microsoft-Windows-Security-Auditing	4672	Special Logon	"Special privileges assigned to new logon.

Subject:
	Security ID:		SYSTEM
	Account Name:		SYSTEM
	Account Domain:		NT AUTHORITY
	Logon ID:		0x3e7

Privileges:		SeAssignPrimaryTokenPrivilege
			SeTcbPrivilege
			SeSecurityPrivilege
			SeTakeOwnershipPrivilege
			SeLoadDriverPrivilege
			SeBackupPrivilege
			SeRestorePrivilege
			SeDebugPrivilege
			SeAuditPrivilege
			SeSystemEnvironmentPrivilege
			SeImpersonatePrivilege"
Audit Success	5/2/2021 3:10:51 AM	Microsoft-Windows-Security-Auditing	4624	Logon	"An account was successfully logged on.

Subject:
	Security ID:		SYSTEM
	Account Name:		VAGRANT-2008R2$
	Account Domain:		WORKGROUP
	Logon ID:		0x3e7

Logon Type:			5

New Logon:
	Security ID:		SYSTEM
	Account Name:		SYSTEM
	Account Domain:		NT AUTHORITY
	Logon ID:		0x3e7
	Logon GUID:		{00000000-0000-0000-0000-000000000000}

Process Information:
	Process ID:		0x1c4
	Process Name:		C:\Windows\System32\services.exe

Network Information:
	Workstation Name:	
	Source Network Address:	-
	Source Port:		-

Detailed Authentication Information:
	Logon Process:		Advapi  
	Authentication Package:	Negotiate
	Transited Services:	-
	Package Name (NTLM only):	-
	Key Length:		0

This event is generated when a logon session is created. It is generated on the computer that was accessed.

The subject fields indicate the account on the local system which requested the logon. This is most commonly a service such as the Server service, or a local process such as Winlogon.exe or Services.exe.

The logon type field indicates the kind of logon that occurred. The most common types are 2 (interactive) and 3 (network).

The New Logon fields indicate the account for whom the new logon was created, i.e. the account that was logged on.

The network fields indicate where a remote logon request originated. Workstation name is not always available and may be left blank in some cases.

The authentication information fields provide detailed information about this specific logon request.
	- Logon GUID is a unique identifier that can be used to correlate this event with a KDC event.
	- Transited services indicate which intermediate services have participated in this logon request.
	- Package name indicates which sub-protocol was used among the NTLM protocols.
	- Key length indicates the length of the generated session key. This will be 0 if no session key was requested."
Audit Success	5/2/2021 3:10:51 AM	Microsoft-Windows-Security-Auditing	4672	Special Logon	"Special privileges assigned to new logon.

Subject:
	Security ID:		SYSTEM
	Account Name:		SYSTEM
	Account Domain:		NT AUTHORITY
	Logon ID:		0x3e7

Privileges:		SeAssignPrimaryTokenPrivilege
			SeTcbPrivilege
			SeSecurityPrivilege
			SeTakeOwnershipPrivilege
			SeLoadDriverPrivilege
			SeBackupPrivilege
			SeRestorePrivilege
			SeDebugPrivilege
			SeAuditPrivilege
			SeSystemEnvironmentPrivilege
			SeImpersonatePrivilege"
Audit Success	5/2/2021 3:10:51 AM	Microsoft-Windows-Security-Auditing	4624	Logon	"An account was successfully logged on.

Subject:
	Security ID:		SYSTEM
	Account Name:		VAGRANT-2008R2$
	Account Domain:		WORKGROUP
	Logon ID:		0x3e7

Logon Type:			5

New Logon:
	Security ID:		SYSTEM
	Account Name:		SYSTEM
	Account Domain:		NT AUTHORITY
	Logon ID:		0x3e7
	Logon GUID:		{00000000-0000-0000-0000-000000000000}

Process Information:
	Process ID:		0x1c4
	Process Name:		C:\Windows\System32\services.exe

Network Information:
	Workstation Name:	
	Source Network Address:	-
	Source Port:		-

Detailed Authentication Information:
	Logon Process:		Advapi  
	Authentication Package:	Negotiate
	Transited Services:	-
	Package Name (NTLM only):	-
	Key Length:		0

This event is generated when a logon session is created. It is generated on the computer that was accessed.

The subject fields indicate the account on the local system which requested the logon. This is most commonly a service such as the Server service, or a local process such as Winlogon.exe or Services.exe.

The logon type field indicates the kind of logon that occurred. The most common types are 2 (interactive) and 3 (network).

The New Logon fields indicate the account for whom the new logon was created, i.e. the account that was logged on.

The network fields indicate where a remote logon request originated. Workstation name is not always available and may be left blank in some cases.

The authentication information fields provide detailed information about this specific logon request.
	- Logon GUID is a unique identifier that can be used to correlate this event with a KDC event.
	- Transited services indicate which intermediate services have participated in this logon request.
	- Package name indicates which sub-protocol was used among the NTLM protocols.
	- Key length indicates the length of the generated session key. This will be 0 if no session key was requested."
Audit Success	5/2/2021 3:10:51 AM	Microsoft-Windows-Security-Auditing	4672	Special Logon	"Special privileges assigned to new logon.

Subject:
	Security ID:		LOCAL SERVICE
	Account Name:		LOCAL SERVICE
	Account Domain:		NT AUTHORITY
	Logon ID:		0x3e5

Privileges:		SeAssignPrimaryTokenPrivilege
			SeAuditPrivilege
			SeImpersonatePrivilege"
Audit Success	5/2/2021 3:10:51 AM	Microsoft-Windows-Security-Auditing	4624	Logon	"An account was successfully logged on.

Subject:
	Security ID:		SYSTEM
	Account Name:		VAGRANT-2008R2$
	Account Domain:		WORKGROUP
	Logon ID:		0x3e7

Logon Type:			5

New Logon:
	Security ID:		LOCAL SERVICE
	Account Name:		LOCAL SERVICE
	Account Domain:		NT AUTHORITY
	Logon ID:		0x3e5
	Logon GUID:		{00000000-0000-0000-0000-000000000000}

Process Information:
	Process ID:		0x1c4
	Process Name:		C:\Windows\System32\services.exe

Network Information:
	Workstation Name:	
	Source Network Address:	-
	Source Port:		-

Detailed Authentication Information:
	Logon Process:		Advapi  
	Authentication Package:	Negotiate
	Transited Services:	-
	Package Name (NTLM only):	-
	Key Length:		0

This event is generated when a logon session is created. It is generated on the computer that was accessed.

The subject fields indicate the account on the local system which requested the logon. This is most commonly a service such as the Server service, or a local process such as Winlogon.exe or Services.exe.

The logon type field indicates the kind of logon that occurred. The most common types are 2 (interactive) and 3 (network).

The New Logon fields indicate the account for whom the new logon was created, i.e. the account that was logged on.

The network fields indicate where a remote logon request originated. Workstation name is not always available and may be left blank in some cases.

The authentication information fields provide detailed information about this specific logon request.
	- Logon GUID is a unique identifier that can be used to correlate this event with a KDC event.
	- Transited services indicate which intermediate services have participated in this logon request.
	- Package name indicates which sub-protocol was used among the NTLM protocols.
	- Key length indicates the length of the generated session key. This will be 0 if no session key was requested."
Audit Success	5/2/2021 3:10:51 AM	Microsoft-Windows-Security-Auditing	4672	Special Logon	"Special privileges assigned to new logon.

Subject:
	Security ID:		NETWORK SERVICE
	Account Name:		NETWORK SERVICE
	Account Domain:		NT AUTHORITY
	Logon ID:		0x3e4

Privileges:		SeAssignPrimaryTokenPrivilege
			SeAuditPrivilege
			SeImpersonatePrivilege"
Audit Success	5/2/2021 3:10:51 AM	Microsoft-Windows-Security-Auditing	4624	Logon	"An account was successfully logged on.

Subject:
	Security ID:		SYSTEM
	Account Name:		VAGRANT-2008R2$
	Account Domain:		WORKGROUP
	Logon ID:		0x3e7

Logon Type:			5

New Logon:
	Security ID:		NETWORK SERVICE
	Account Name:		NETWORK SERVICE
	Account Domain:		NT AUTHORITY
	Logon ID:		0x3e4
	Logon GUID:		{00000000-0000-0000-0000-000000000000}

Process Information:
	Process ID:		0x1c4
	Process Name:		C:\Windows\System32\services.exe

Network Information:
	Workstation Name:	
	Source Network Address:	-
	Source Port:		-

Detailed Authentication Information:
	Logon Process:		Advapi  
	Authentication Package:	Negotiate
	Transited Services:	-
	Package Name (NTLM only):	-
	Key Length:		0

This event is generated when a logon session is created. It is generated on the computer that was accessed.

The subject fields indicate the account on the local system which requested the logon. This is most commonly a service such as the Server service, or a local process such as Winlogon.exe or Services.exe.

The logon type field indicates the kind of logon that occurred. The most common types are 2 (interactive) and 3 (network).

The New Logon fields indicate the account for whom the new logon was created, i.e. the account that was logged on.

The network fields indicate where a remote logon request originated. Workstation name is not always available and may be left blank in some cases.

The authentication information fields provide detailed information about this specific logon request.
	- Logon GUID is a unique identifier that can be used to correlate this event with a KDC event.
	- Transited services indicate which intermediate services have participated in this logon request.
	- Package name indicates which sub-protocol was used among the NTLM protocols.
	- Key length indicates the length of the generated session key. This will be 0 if no session key was requested."
Audit Success	5/2/2021 3:10:51 AM	Microsoft-Windows-Security-Auditing	4672	Special Logon	"Special privileges assigned to new logon.

Subject:
	Security ID:		SYSTEM
	Account Name:		SYSTEM
	Account Domain:		NT AUTHORITY
	Logon ID:		0x3e7

Privileges:		SeAssignPrimaryTokenPrivilege
			SeTcbPrivilege
			SeSecurityPrivilege
			SeTakeOwnershipPrivilege
			SeLoadDriverPrivilege
			SeBackupPrivilege
			SeRestorePrivilege
			SeDebugPrivilege
			SeAuditPrivilege
			SeSystemEnvironmentPrivilege
			SeImpersonatePrivilege"
Audit Success	5/2/2021 3:10:51 AM	Microsoft-Windows-Security-Auditing	4624	Logon	"An account was successfully logged on.

Subject:
	Security ID:		SYSTEM
	Account Name:		VAGRANT-2008R2$
	Account Domain:		WORKGROUP
	Logon ID:		0x3e7

Logon Type:			5

New Logon:
	Security ID:		SYSTEM
	Account Name:		SYSTEM
	Account Domain:		NT AUTHORITY
	Logon ID:		0x3e7
	Logon GUID:		{00000000-0000-0000-0000-000000000000}

Process Information:
	Process ID:		0x1c4
	Process Name:		C:\Windows\System32\services.exe

Network Information:
	Workstation Name:	
	Source Network Address:	-
	Source Port:		-

Detailed Authentication Information:
	Logon Process:		Advapi  
	Authentication Package:	Negotiate
	Transited Services:	-
	Package Name (NTLM only):	-
	Key Length:		0

This event is generated when a logon session is created. It is generated on the computer that was accessed.

The subject fields indicate the account on the local system which requested the logon. This is most commonly a service such as the Server service, or a local process such as Winlogon.exe or Services.exe.

The logon type field indicates the kind of logon that occurred. The most common types are 2 (interactive) and 3 (network).

The New Logon fields indicate the account for whom the new logon was created, i.e. the account that was logged on.

The network fields indicate where a remote logon request originated. Workstation name is not always available and may be left blank in some cases.

The authentication information fields provide detailed information about this specific logon request.
	- Logon GUID is a unique identifier that can be used to correlate this event with a KDC event.
	- Transited services indicate which intermediate services have participated in this logon request.
	- Package name indicates which sub-protocol was used among the NTLM protocols.
	- Key length indicates the length of the generated session key. This will be 0 if no session key was requested."
Audit Success	5/2/2021 3:10:51 AM	Microsoft-Windows-Security-Auditing	4902	Audit Policy Change	"The Per-user audit policy table was created.

Number of Elements:	0
Policy ID:	0x8827"
Audit Success	5/2/2021 3:10:50 AM	Microsoft-Windows-Security-Auditing	4624	Logon	"An account was successfully logged on.

Subject:
	Security ID:		NULL SID
	Account Name:		-
	Account Domain:		-
	Logon ID:		0x0

Logon Type:			0

New Logon:
	Security ID:		SYSTEM
	Account Name:		SYSTEM
	Account Domain:		NT AUTHORITY
	Logon ID:		0x3e7
	Logon GUID:		{00000000-0000-0000-0000-000000000000}

Process Information:
	Process ID:		0x4
	Process Name:		

Network Information:
	Workstation Name:	-
	Source Network Address:	-
	Source Port:		-

Detailed Authentication Information:
	Logon Process:		-
	Authentication Package:	-
	Transited Services:	-
	Package Name (NTLM only):	-
	Key Length:		0

This event is generated when a logon session is created. It is generated on the computer that was accessed.

The subject fields indicate the account on the local system which requested the logon. This is most commonly a service such as the Server service, or a local process such as Winlogon.exe or Services.exe.

The logon type field indicates the kind of logon that occurred. The most common types are 2 (interactive) and 3 (network).

The New Logon fields indicate the account for whom the new logon was created, i.e. the account that was logged on.

The network fields indicate where a remote logon request originated. Workstation name is not always available and may be left blank in some cases.

The authentication information fields provide detailed information about this specific logon request.
	- Logon GUID is a unique identifier that can be used to correlate this event with a KDC event.
	- Transited services indicate which intermediate services have participated in this logon request.
	- Package name indicates which sub-protocol was used among the NTLM protocols.
	- Key length indicates the length of the generated session key. This will be 0 if no session key was requested."
Audit Success	5/2/2021 3:10:50 AM	Microsoft-Windows-Security-Auditing	4608	Security State Change	"Windows is starting up.

This event is logged when LSASS.EXE starts and the auditing subsystem is initialized."
Audit Success	5/2/2021 3:10:34 AM	Microsoft-Windows-Eventlog	1100	Service shutdown	The event logging service has shut down.
Audit Failure	5/2/2021 3:09:57 AM	Microsoft-Windows-Security-Auditing	4625	Logon	"An account failed to log on.

Subject:
	Security ID:		SYSTEM
	Account Name:		VAGRANT-2008R2$
	Account Domain:		WORKGROUP
	Logon ID:		0x3e7

Logon Type:			2

Account For Which Logon Failed:
	Security ID:		NULL SID
	Account Name:		
	Account Domain:		

Failure Information:
	Failure Reason:		Unknown user name or bad password.
	Status:			0xc000006d
	Sub Status:		0xc0000064

Process Information:
	Caller Process ID:	0x310
	Caller Process Name:	C:\Windows\System32\svchost.exe

Network Information:
	Workstation Name:	VAGRANT-2008R2
	Source Network Address:	::1
	Source Port:		0

Detailed Authentication Information:
	Logon Process:		seclogo
	Authentication Package:	MICROSOFT_AUTHENTICATION_PACKAGE_V1_0
	Transited Services:	-
	Package Name (NTLM only):	-
	Key Length:		0

This event is generated when a logon request fails. It is generated on the computer where access was attempted.

The Subject fields indicate the account on the local system which requested the logon. This is most commonly a service such as the Server service, or a local process such as Winlogon.exe or Services.exe.

The Logon Type field indicates the kind of logon that was requested. The most common types are 2 (interactive) and 3 (network).

The Process Information fields indicate which account and process on the system requested the logon.

The Network Information fields indicate where a remote logon request originated. Workstation name is not always available and may be left blank in some cases.

The authentication information fields provide detailed information about this specific logon request.
	- Transited services indicate which intermediate services have participated in this logon request.
	- Package name indicates which sub-protocol was used among the NTLM protocols.
	- Key length indicates the length of the generated session key. This will be 0 if no session key was requested."
Audit Failure	5/2/2021 3:08:58 AM	Microsoft-Windows-Security-Auditing	4625	Logon	"An account failed to log on.

Subject:
	Security ID:		SYSTEM
	Account Name:		VAGRANT-2008R2$
	Account Domain:		WORKGROUP
	Logon ID:		0x3e7

Logon Type:			2

Account For Which Logon Failed:
	Security ID:		NULL SID
	Account Name:		
	Account Domain:		

Failure Information:
	Failure Reason:		Unknown user name or bad password.
	Status:			0xc000006d
	Sub Status:		0xc0000064

Process Information:
	Caller Process ID:	0x310
	Caller Process Name:	C:\Windows\System32\svchost.exe

Network Information:
	Workstation Name:	VAGRANT-2008R2
	Source Network Address:	::1
	Source Port:		0

Detailed Authentication Information:
	Logon Process:		seclogo
	Authentication Package:	MICROSOFT_AUTHENTICATION_PACKAGE_V1_0
	Transited Services:	-
	Package Name (NTLM only):	-
	Key Length:		0

This event is generated when a logon request fails. It is generated on the computer where access was attempted.

The Subject fields indicate the account on the local system which requested the logon. This is most commonly a service such as the Server service, or a local process such as Winlogon.exe or Services.exe.

The Logon Type field indicates the kind of logon that was requested. The most common types are 2 (interactive) and 3 (network).

The Process Information fields indicate which account and process on the system requested the logon.

The Network Information fields indicate where a remote logon request originated. Workstation name is not always available and may be left blank in some cases.

The authentication information fields provide detailed information about this specific logon request.
	- Transited services indicate which intermediate services have participated in this logon request.
	- Package name indicates which sub-protocol was used among the NTLM protocols.
	- Key length indicates the length of the generated session key. This will be 0 if no session key was requested."
Audit Success	5/2/2021 3:08:44 AM	Microsoft-Windows-Security-Auditing	4672	Special Logon	"Special privileges assigned to new logon.

Subject:
	Security ID:		SYSTEM
	Account Name:		SYSTEM
	Account Domain:		NT AUTHORITY
	Logon ID:		0x3e7

Privileges:		SeAssignPrimaryTokenPrivilege
			SeTcbPrivilege
			SeSecurityPrivilege
			SeTakeOwnershipPrivilege
			SeLoadDriverPrivilege
			SeBackupPrivilege
			SeRestorePrivilege
			SeDebugPrivilege
			SeAuditPrivilege
			SeSystemEnvironmentPrivilege
			SeImpersonatePrivilege"
Audit Success	5/2/2021 3:08:44 AM	Microsoft-Windows-Security-Auditing	4624	Logon	"An account was successfully logged on.

Subject:
	Security ID:		SYSTEM
	Account Name:		VAGRANT-2008R2$
	Account Domain:		WORKGROUP
	Logon ID:		0x3e7

Logon Type:			5

New Logon:
	Security ID:		SYSTEM
	Account Name:		SYSTEM
	Account Domain:		NT AUTHORITY
	Logon ID:		0x3e7
	Logon GUID:		{00000000-0000-0000-0000-000000000000}

Process Information:
	Process ID:		0x1c4
	Process Name:		C:\Windows\System32\services.exe

Network Information:
	Workstation Name:	
	Source Network Address:	-
	Source Port:		-

Detailed Authentication Information:
	Logon Process:		Advapi  
	Authentication Package:	Negotiate
	Transited Services:	-
	Package Name (NTLM only):	-
	Key Length:		0

This event is generated when a logon session is created. It is generated on the computer that was accessed.

The subject fields indicate the account on the local system which requested the logon. This is most commonly a service such as the Server service, or a local process such as Winlogon.exe or Services.exe.

The logon type field indicates the kind of logon that occurred. The most common types are 2 (interactive) and 3 (network).

The New Logon fields indicate the account for whom the new logon was created, i.e. the account that was logged on.

The network fields indicate where a remote logon request originated. Workstation name is not always available and may be left blank in some cases.

The authentication information fields provide detailed information about this specific logon request.
	- Logon GUID is a unique identifier that can be used to correlate this event with a KDC event.
	- Transited services indicate which intermediate services have participated in this logon request.
	- Package name indicates which sub-protocol was used among the NTLM protocols.
	- Key length indicates the length of the generated session key. This will be 0 if no session key was requested."
Audit Success	5/2/2021 3:07:30 AM	Microsoft-Windows-Security-Auditing	4732	Security Group Management	"A member was added to a security-enabled local group.

Subject:
	Security ID:		METASPLOITABLE3\sshd_server
	Account Name:		sshd_server
	Account Domain:		VAGRANT-2008R2
	Logon ID:		0x12389

Member:
	Security ID:		METASPLOITABLE3\chewbacca
	Account Name:		-

Group:
	Security ID:		BUILTIN\Replicator
	Group Name:		Replicator
	Group Domain:		Builtin

Additional Information:
	Privileges:		-"
Audit Success	5/2/2021 3:07:30 AM	Microsoft-Windows-Security-Auditing	4732	Security Group Management	"A member was added to a security-enabled local group.

Subject:
	Security ID:		METASPLOITABLE3\sshd_server
	Account Name:		sshd_server
	Account Domain:		VAGRANT-2008R2
	Logon ID:		0x12389

Member:
	Security ID:		METASPLOITABLE3\greedo
	Account Name:		-

Group:
	Security ID:		BUILTIN\Remote Desktop Users
	Group Name:		Remote Desktop Users
	Group Domain:		Builtin

Additional Information:
	Privileges:		-"
Audit Success	5/2/2021 3:07:30 AM	Microsoft-Windows-Security-Auditing	4732	Security Group Management	"A member was added to a security-enabled local group.

Subject:
	Security ID:		METASPLOITABLE3\sshd_server
	Account Name:		sshd_server
	Account Domain:		VAGRANT-2008R2
	Logon ID:		0x12389

Member:
	Security ID:		METASPLOITABLE3\jabba_hutt
	Account Name:		-

Group:
	Security ID:		BUILTIN\Print Operators
	Group Name:		Print Operators
	Group Domain:		Builtin

Additional Information:
	Privileges:		-"
Audit Success	5/2/2021 3:07:30 AM	Microsoft-Windows-Security-Auditing	4732	Security Group Management	"A member was added to a security-enabled local group.

Subject:
	Security ID:		METASPLOITABLE3\sshd_server
	Account Name:		sshd_server
	Account Domain:		VAGRANT-2008R2
	Logon ID:		0x12389

Member:
	Security ID:		METASPLOITABLE3\boba_fett
	Account Name:		-

Group:
	Security ID:		BUILTIN\Power Users
	Group Name:		Power Users
	Group Domain:		Builtin

Additional Information:
	Privileges:		-"
Audit Success	5/2/2021 3:07:30 AM	Microsoft-Windows-Security-Auditing	4732	Security Group Management	"A member was added to a security-enabled local group.

Subject:
	Security ID:		METASPLOITABLE3\sshd_server
	Account Name:		sshd_server
	Account Domain:		VAGRANT-2008R2
	Logon ID:		0x12389

Member:
	Security ID:		METASPLOITABLE3\lando_calrissian
	Account Name:		-

Group:
	Security ID:		BUILTIN\Performance Monitor Users
	Group Name:		Performance Monitor Users
	Group Domain:		Builtin

Additional Information:
	Privileges:		-"
Audit Success	5/2/2021 3:07:30 AM	Microsoft-Windows-Security-Auditing	4732	Security Group Management	"A member was added to a security-enabled local group.

Subject:
	Security ID:		METASPLOITABLE3\sshd_server
	Account Name:		sshd_server
	Account Domain:		VAGRANT-2008R2
	Logon ID:		0x12389

Member:
	Security ID:		METASPLOITABLE3\jarjar_binks
	Account Name:		-

Group:
	Security ID:		BUILTIN\Performance Log Users
	Group Name:		Performance Log Users
	Group Domain:		Builtin

Additional Information:
	Privileges:		-"
Audit Success	5/2/2021 3:07:30 AM	Microsoft-Windows-Security-Auditing	4732	Security Group Management	"A member was added to a security-enabled local group.

Subject:
	Security ID:		METASPLOITABLE3\sshd_server
	Account Name:		sshd_server
	Account Domain:		VAGRANT-2008R2
	Logon ID:		0x12389

Member:
	Security ID:		METASPLOITABLE3\anakin_skywalker
	Account Name:		-

Group:
	Security ID:		BUILTIN\Network Configuration Operators
	Group Name:		Network Configuration Operators
	Group Domain:		Builtin

Additional Information:
	Privileges:		-"
Audit Success	5/2/2021 3:07:30 AM	Microsoft-Windows-Security-Auditing	4732	Security Group Management	"A member was added to a security-enabled local group.

Subject:
	Security ID:		METASPLOITABLE3\sshd_server
	Account Name:		sshd_server
	Account Domain:		VAGRANT-2008R2
	Logon ID:		0x12389

Member:
	Security ID:		METASPLOITABLE3\darth_vader
	Account Name:		-

Group:
	Security ID:		BUILTIN\IIS_IUSRS
	Group Name:		IIS_IUSRS
	Group Domain:		Builtin

Additional Information:
	Privileges:		-"
Audit Success	5/2/2021 3:07:30 AM	Microsoft-Windows-Security-Auditing	4732	Security Group Management	"A member was added to a security-enabled local group.

Subject:
	Security ID:		METASPLOITABLE3\sshd_server
	Account Name:		sshd_server
	Account Domain:		VAGRANT-2008R2
	Logon ID:		0x12389

Member:
	Security ID:		METASPLOITABLE3\ben_kenobi
	Account Name:		-

Group:
	Security ID:		BUILTIN\Guests
	Group Name:		Guests
	Group Domain:		Builtin

Additional Information:
	Privileges:		-"
Audit Success	5/2/2021 3:07:30 AM	Microsoft-Windows-Security-Auditing	4732	Security Group Management	"A member was added to a security-enabled local group.

Subject:
	Security ID:		METASPLOITABLE3\sshd_server
	Account Name:		sshd_server
	Account Domain:		VAGRANT-2008R2
	Logon ID:		0x12389

Member:
	Security ID:		METASPLOITABLE3\c_three_pio
	Account Name:		-

Group:
	Security ID:		BUILTIN\Event Log Readers
	Group Name:		Event Log Readers
	Group Domain:		Builtin

Additional Information:
	Privileges:		-"
Audit Success	5/2/2021 3:07:30 AM	Microsoft-Windows-Security-Auditing	4732	Security Group Management	"A member was added to a security-enabled local group.

Subject:
	Security ID:		METASPLOITABLE3\sshd_server
	Account Name:		sshd_server
	Account Domain:		VAGRANT-2008R2
	Logon ID:		0x12389

Member:
	Security ID:		METASPLOITABLE3\artoo_detoo
	Account Name:		-

Group:
	Security ID:		BUILTIN\Distributed COM Users
	Group Name:		Distributed COM Users
	Group Domain:		Builtin

Additional Information:
	Privileges:		-"
Audit Success	5/2/2021 3:07:30 AM	Microsoft-Windows-Security-Auditing	4732	Security Group Management	"A member was added to a security-enabled local group.

Subject:
	Security ID:		METASPLOITABLE3\sshd_server
	Account Name:		sshd_server
	Account Domain:		VAGRANT-2008R2
	Logon ID:		0x12389

Member:
	Security ID:		METASPLOITABLE3\han_solo
	Account Name:		-

Group:
	Security ID:		BUILTIN\Cryptographic Operators
	Group Name:		Cryptographic Operators
	Group Domain:		Builtin

Additional Information:
	Privileges:		-"
Audit Success	5/2/2021 3:07:30 AM	Microsoft-Windows-Security-Auditing	4732	Security Group Management	"A member was added to a security-enabled local group.

Subject:
	Security ID:		METASPLOITABLE3\sshd_server
	Account Name:		sshd_server
	Account Domain:		VAGRANT-2008R2
	Logon ID:		0x12389

Member:
	Security ID:		METASPLOITABLE3\luke_skywalker
	Account Name:		-

Group:
	Security ID:		BUILTIN\Certificate Service DCOM Access
	Group Name:		Certificate Service DCOM Access
	Group Domain:		Builtin

Additional Information:
	Privileges:		-"
Audit Success	5/2/2021 3:07:30 AM	Microsoft-Windows-Security-Auditing	4732	Security Group Management	"A member was added to a security-enabled local group.

Subject:
	Security ID:		METASPLOITABLE3\sshd_server
	Account Name:		sshd_server
	Account Domain:		VAGRANT-2008R2
	Logon ID:		0x12389

Member:
	Security ID:		METASPLOITABLE3\leia_organa
	Account Name:		-

Group:
	Security ID:		BUILTIN\Backup Operators
	Group Name:		Backup Operators
	Group Domain:		Builtin

Additional Information:
	Privileges:		-"
Audit Success	5/2/2021 3:07:30 AM	Microsoft-Windows-Security-Auditing	4732	Security Group Management	"A member was added to a security-enabled local group.

Subject:
	Security ID:		METASPLOITABLE3\sshd_server
	Account Name:		sshd_server
	Account Domain:		VAGRANT-2008R2
	Logon ID:		0x12389

Member:
	Security ID:		METASPLOITABLE3\kylo_ren
	Account Name:		-

Group:
	Security ID:		BUILTIN\Users
	Group Name:		Users
	Group Domain:		Builtin

Additional Information:
	Privileges:		-"
Audit Success	5/2/2021 3:07:30 AM	Microsoft-Windows-Security-Auditing	4724	User Account Management	"An attempt was made to reset an account's password.

Subject:
	Security ID:		METASPLOITABLE3\sshd_server
	Account Name:		sshd_server
	Account Domain:		VAGRANT-2008R2
	Logon ID:		0x12389

Target Account:
	Security ID:		METASPLOITABLE3\kylo_ren
	Account Name:		kylo_ren
	Account Domain:		VAGRANT-2008R2"
Audit Success	5/2/2021 3:07:30 AM	Microsoft-Windows-Security-Auditing	4738	User Account Management	"A user account was changed.

Subject:
	Security ID:		METASPLOITABLE3\sshd_server
	Account Name:		sshd_server
	Account Domain:		VAGRANT-2008R2
	Logon ID:		0x12389

Target Account:
	Security ID:		METASPLOITABLE3\kylo_ren
	Account Name:		kylo_ren
	Account Domain:		VAGRANT-2008R2

Changed Attributes:
	SAM Account Name:	kylo_ren
	Display Name:		<value not set>
	User Principal Name:	-
	Home Directory:		<value not set>
	Home Drive:		<value not set>
	Script Path:		<value not set>
	Profile Path:		<value not set>
	User Workstations:	<value not set>
	Password Last Set:	5/2/2021 3:07:30 AM
	Account Expires:		<never>
	Primary Group ID:	513
	AllowedToDelegateTo:	-
	Old UAC Value:		0x15
	New UAC Value:		0x10
	User Account Control:	
		Account Enabled
		'Password Not Required' - Disabled
	User Parameters:	-
	SID History:		-
	Logon Hours:		All

Additional Information:
	Privileges:		-"
Audit Success	5/2/2021 3:07:30 AM	Microsoft-Windows-Security-Auditing	4722	User Account Management	"A user account was enabled.

Subject:
	Security ID:		METASPLOITABLE3\sshd_server
	Account Name:		sshd_server
	Account Domain:		VAGRANT-2008R2
	Logon ID:		0x12389

Target Account:
	Security ID:		METASPLOITABLE3\kylo_ren
	Account Name:		kylo_ren
	Account Domain:		VAGRANT-2008R2"
Audit Success	5/2/2021 3:07:30 AM	Microsoft-Windows-Security-Auditing	4720	User Account Management	"A user account was created.

Subject:
	Security ID:		METASPLOITABLE3\sshd_server
	Account Name:		sshd_server
	Account Domain:		VAGRANT-2008R2
	Logon ID:		0x12389

New Account:
	Security ID:		METASPLOITABLE3\kylo_ren
	Account Name:		kylo_ren
	Account Domain:		VAGRANT-2008R2

Attributes:
	SAM Account Name:	kylo_ren
	Display Name:		<value not set>
	User Principal Name:	-
	Home Directory:		<value not set>
	Home Drive:		<value not set>
	Script Path:		<value not set>
	Profile Path:		<value not set>
	User Workstations:	<value not set>
	Password Last Set:	<never>
	Account Expires:		<never>
	Primary Group ID:	513
	Allowed To Delegate To:	-
	Old UAC Value:		0x0
	New UAC Value:		0x15
	User Account Control:	
		Account Disabled
		'Password Not Required' - Enabled
		'Normal Account' - Enabled
	User Parameters:	<value not set>
	SID History:		-
	Logon Hours:		All

Additional Information:
	Privileges		-"
Audit Success	5/2/2021 3:07:30 AM	Microsoft-Windows-Security-Auditing	4728	Security Group Management	"A member was added to a security-enabled global group.

Subject:
	Security ID:		METASPLOITABLE3\sshd_server
	Account Name:		sshd_server
	Account Domain:		VAGRANT-2008R2
	Logon ID:		0x12389

Member:
	Security ID:		METASPLOITABLE3\kylo_ren
	Account Name:		-

Group:
	Security ID:		METASPLOITABLE3\None
	Group Name:		None
	Group Domain:		VAGRANT-2008R2

Additional Information:
	Privileges:		-"
Audit Success	5/2/2021 3:07:30 AM	Microsoft-Windows-Security-Auditing	4732	Security Group Management	"A member was added to a security-enabled local group.

Subject:
	Security ID:		METASPLOITABLE3\sshd_server
	Account Name:		sshd_server
	Account Domain:		VAGRANT-2008R2
	Logon ID:		0x12389

Member:
	Security ID:		METASPLOITABLE3\chewbacca
	Account Name:		-

Group:
	Security ID:		BUILTIN\Users
	Group Name:		Users
	Group Domain:		Builtin

Additional Information:
	Privileges:		-"
Audit Success	5/2/2021 3:07:30 AM	Microsoft-Windows-Security-Auditing	4724	User Account Management	"An attempt was made to reset an account's password.

Subject:
	Security ID:		METASPLOITABLE3\sshd_server
	Account Name:		sshd_server
	Account Domain:		VAGRANT-2008R2
	Logon ID:		0x12389

Target Account:
	Security ID:		METASPLOITABLE3\chewbacca
	Account Name:		chewbacca
	Account Domain:		VAGRANT-2008R2"
Audit Success	5/2/2021 3:07:30 AM	Microsoft-Windows-Security-Auditing	4738	User Account Management	"A user account was changed.

Subject:
	Security ID:		METASPLOITABLE3\sshd_server
	Account Name:		sshd_server
	Account Domain:		VAGRANT-2008R2
	Logon ID:		0x12389

Target Account:
	Security ID:		METASPLOITABLE3\chewbacca
	Account Name:		chewbacca
	Account Domain:		VAGRANT-2008R2

Changed Attributes:
	SAM Account Name:	chewbacca
	Display Name:		<value not set>
	User Principal Name:	-
	Home Directory:		<value not set>
	Home Drive:		<value not set>
	Script Path:		<value not set>
	Profile Path:		<value not set>
	User Workstations:	<value not set>
	Password Last Set:	5/2/2021 3:07:30 AM
	Account Expires:		<never>
	Primary Group ID:	513
	AllowedToDelegateTo:	-
	Old UAC Value:		0x15
	New UAC Value:		0x10
	User Account Control:	
		Account Enabled
		'Password Not Required' - Disabled
	User Parameters:	-
	SID History:		-
	Logon Hours:		All

Additional Information:
	Privileges:		-"
Audit Success	5/2/2021 3:07:30 AM	Microsoft-Windows-Security-Auditing	4722	User Account Management	"A user account was enabled.

Subject:
	Security ID:		METASPLOITABLE3\sshd_server
	Account Name:		sshd_server
	Account Domain:		VAGRANT-2008R2
	Logon ID:		0x12389

Target Account:
	Security ID:		METASPLOITABLE3\chewbacca
	Account Name:		chewbacca
	Account Domain:		VAGRANT-2008R2"
Audit Success	5/2/2021 3:07:30 AM	Microsoft-Windows-Security-Auditing	4720	User Account Management	"A user account was created.

Subject:
	Security ID:		METASPLOITABLE3\sshd_server
	Account Name:		sshd_server
	Account Domain:		VAGRANT-2008R2
	Logon ID:		0x12389

New Account:
	Security ID:		METASPLOITABLE3\chewbacca
	Account Name:		chewbacca
	Account Domain:		VAGRANT-2008R2

Attributes:
	SAM Account Name:	chewbacca
	Display Name:		<value not set>
	User Principal Name:	-
	Home Directory:		<value not set>
	Home Drive:		<value not set>
	Script Path:		<value not set>
	Profile Path:		<value not set>
	User Workstations:	<value not set>
	Password Last Set:	<never>
	Account Expires:		<never>
	Primary Group ID:	513
	Allowed To Delegate To:	-
	Old UAC Value:		0x0
	New UAC Value:		0x15
	User Account Control:	
		Account Disabled
		'Password Not Required' - Enabled
		'Normal Account' - Enabled
	User Parameters:	<value not set>
	SID History:		-
	Logon Hours:		All

Additional Information:
	Privileges		-"
Audit Success	5/2/2021 3:07:30 AM	Microsoft-Windows-Security-Auditing	4728	Security Group Management	"A member was added to a security-enabled global group.

Subject:
	Security ID:		METASPLOITABLE3\sshd_server
	Account Name:		sshd_server
	Account Domain:		VAGRANT-2008R2
	Logon ID:		0x12389

Member:
	Security ID:		METASPLOITABLE3\chewbacca
	Account Name:		-

Group:
	Security ID:		METASPLOITABLE3\None
	Group Name:		None
	Group Domain:		VAGRANT-2008R2

Additional Information:
	Privileges:		-"
Audit Success	5/2/2021 3:07:30 AM	Microsoft-Windows-Security-Auditing	4732	Security Group Management	"A member was added to a security-enabled local group.

Subject:
	Security ID:		METASPLOITABLE3\sshd_server
	Account Name:		sshd_server
	Account Domain:		VAGRANT-2008R2
	Logon ID:		0x12389

Member:
	Security ID:		METASPLOITABLE3\greedo
	Account Name:		-

Group:
	Security ID:		BUILTIN\Users
	Group Name:		Users
	Group Domain:		Builtin

Additional Information:
	Privileges:		-"
Audit Success	5/2/2021 3:07:30 AM	Microsoft-Windows-Security-Auditing	4724	User Account Management	"An attempt was made to reset an account's password.

Subject:
	Security ID:		METASPLOITABLE3\sshd_server
	Account Name:		sshd_server
	Account Domain:		VAGRANT-2008R2
	Logon ID:		0x12389

Target Account:
	Security ID:		METASPLOITABLE3\greedo
	Account Name:		greedo
	Account Domain:		VAGRANT-2008R2"
Audit Success	5/2/2021 3:07:30 AM	Microsoft-Windows-Security-Auditing	4738	User Account Management	"A user account was changed.

Subject:
	Security ID:		METASPLOITABLE3\sshd_server
	Account Name:		sshd_server
	Account Domain:		VAGRANT-2008R2
	Logon ID:		0x12389

Target Account:
	Security ID:		METASPLOITABLE3\greedo
	Account Name:		greedo
	Account Domain:		VAGRANT-2008R2

Changed Attributes:
	SAM Account Name:	greedo
	Display Name:		<value not set>
	User Principal Name:	-
	Home Directory:		<value not set>
	Home Drive:		<value not set>
	Script Path:		<value not set>
	Profile Path:		<value not set>
	User Workstations:	<value not set>
	Password Last Set:	5/2/2021 3:07:30 AM
	Account Expires:		<never>
	Primary Group ID:	513
	AllowedToDelegateTo:	-
	Old UAC Value:		0x15
	New UAC Value:		0x10
	User Account Control:	
		Account Enabled
		'Password Not Required' - Disabled
	User Parameters:	-
	SID History:		-
	Logon Hours:		All

Additional Information:
	Privileges:		-"
Audit Success	5/2/2021 3:07:30 AM	Microsoft-Windows-Security-Auditing	4722	User Account Management	"A user account was enabled.

Subject:
	Security ID:		METASPLOITABLE3\sshd_server
	Account Name:		sshd_server
	Account Domain:		VAGRANT-2008R2
	Logon ID:		0x12389

Target Account:
	Security ID:		METASPLOITABLE3\greedo
	Account Name:		greedo
	Account Domain:		VAGRANT-2008R2"
Audit Success	5/2/2021 3:07:30 AM	Microsoft-Windows-Security-Auditing	4720	User Account Management	"A user account was created.

Subject:
	Security ID:		METASPLOITABLE3\sshd_server
	Account Name:		sshd_server
	Account Domain:		VAGRANT-2008R2
	Logon ID:		0x12389

New Account:
	Security ID:		METASPLOITABLE3\greedo
	Account Name:		greedo
	Account Domain:		VAGRANT-2008R2

Attributes:
	SAM Account Name:	greedo
	Display Name:		<value not set>
	User Principal Name:	-
	Home Directory:		<value not set>
	Home Drive:		<value not set>
	Script Path:		<value not set>
	Profile Path:		<value not set>
	User Workstations:	<value not set>
	Password Last Set:	<never>
	Account Expires:		<never>
	Primary Group ID:	513
	Allowed To Delegate To:	-
	Old UAC Value:		0x0
	New UAC Value:		0x15
	User Account Control:	
		Account Disabled
		'Password Not Required' - Enabled
		'Normal Account' - Enabled
	User Parameters:	<value not set>
	SID History:		-
	Logon Hours:		All

Additional Information:
	Privileges		-"
Audit Success	5/2/2021 3:07:30 AM	Microsoft-Windows-Security-Auditing	4728	Security Group Management	"A member was added to a security-enabled global group.

Subject:
	Security ID:		METASPLOITABLE3\sshd_server
	Account Name:		sshd_server
	Account Domain:		VAGRANT-2008R2
	Logon ID:		0x12389

Member:
	Security ID:		METASPLOITABLE3\greedo
	Account Name:		-

Group:
	Security ID:		METASPLOITABLE3\None
	Group Name:		None
	Group Domain:		VAGRANT-2008R2

Additional Information:
	Privileges:		-"
Audit Success	5/2/2021 3:07:30 AM	Microsoft-Windows-Security-Auditing	4732	Security Group Management	"A member was added to a security-enabled local group.

Subject:
	Security ID:		METASPLOITABLE3\sshd_server
	Account Name:		sshd_server
	Account Domain:		VAGRANT-2008R2
	Logon ID:		0x12389

Member:
	Security ID:		METASPLOITABLE3\jabba_hutt
	Account Name:		-

Group:
	Security ID:		BUILTIN\Users
	Group Name:		Users
	Group Domain:		Builtin

Additional Information:
	Privileges:		-"
Audit Success	5/2/2021 3:07:30 AM	Microsoft-Windows-Security-Auditing	4724	User Account Management	"An attempt was made to reset an account's password.

Subject:
	Security ID:		METASPLOITABLE3\sshd_server
	Account Name:		sshd_server
	Account Domain:		VAGRANT-2008R2
	Logon ID:		0x12389

Target Account:
	Security ID:		METASPLOITABLE3\jabba_hutt
	Account Name:		jabba_hutt
	Account Domain:		VAGRANT-2008R2"
Audit Success	5/2/2021 3:07:30 AM	Microsoft-Windows-Security-Auditing	4738	User Account Management	"A user account was changed.

Subject:
	Security ID:		METASPLOITABLE3\sshd_server
	Account Name:		sshd_server
	Account Domain:		VAGRANT-2008R2
	Logon ID:		0x12389

Target Account:
	Security ID:		METASPLOITABLE3\jabba_hutt
	Account Name:		jabba_hutt
	Account Domain:		VAGRANT-2008R2

Changed Attributes:
	SAM Account Name:	jabba_hutt
	Display Name:		<value not set>
	User Principal Name:	-
	Home Directory:		<value not set>
	Home Drive:		<value not set>
	Script Path:		<value not set>
	Profile Path:		<value not set>
	User Workstations:	<value not set>
	Password Last Set:	5/2/2021 3:07:30 AM
	Account Expires:		<never>
	Primary Group ID:	513
	AllowedToDelegateTo:	-
	Old UAC Value:		0x15
	New UAC Value:		0x10
	User Account Control:	
		Account Enabled
		'Password Not Required' - Disabled
	User Parameters:	-
	SID History:		-
	Logon Hours:		All

Additional Information:
	Privileges:		-"
Audit Success	5/2/2021 3:07:30 AM	Microsoft-Windows-Security-Auditing	4722	User Account Management	"A user account was enabled.

Subject:
	Security ID:		METASPLOITABLE3\sshd_server
	Account Name:		sshd_server
	Account Domain:		VAGRANT-2008R2
	Logon ID:		0x12389

Target Account:
	Security ID:		METASPLOITABLE3\jabba_hutt
	Account Name:		jabba_hutt
	Account Domain:		VAGRANT-2008R2"
Audit Success	5/2/2021 3:07:30 AM	Microsoft-Windows-Security-Auditing	4720	User Account Management	"A user account was created.

Subject:
	Security ID:		METASPLOITABLE3\sshd_server
	Account Name:		sshd_server
	Account Domain:		VAGRANT-2008R2
	Logon ID:		0x12389

New Account:
	Security ID:		METASPLOITABLE3\jabba_hutt
	Account Name:		jabba_hutt
	Account Domain:		VAGRANT-2008R2

Attributes:
	SAM Account Name:	jabba_hutt
	Display Name:		<value not set>
	User Principal Name:	-
	Home Directory:		<value not set>
	Home Drive:		<value not set>
	Script Path:		<value not set>
	Profile Path:		<value not set>
	User Workstations:	<value not set>
	Password Last Set:	<never>
	Account Expires:		<never>
	Primary Group ID:	513
	Allowed To Delegate To:	-
	Old UAC Value:		0x0
	New UAC Value:		0x15
	User Account Control:	
		Account Disabled
		'Password Not Required' - Enabled
		'Normal Account' - Enabled
	User Parameters:	<value not set>
	SID History:		-
	Logon Hours:		All

Additional Information:
	Privileges		-"
Audit Success	5/2/2021 3:07:30 AM	Microsoft-Windows-Security-Auditing	4728	Security Group Management	"A member was added to a security-enabled global group.

Subject:
	Security ID:		METASPLOITABLE3\sshd_server
	Account Name:		sshd_server
	Account Domain:		VAGRANT-2008R2
	Logon ID:		0x12389

Member:
	Security ID:		METASPLOITABLE3\jabba_hutt
	Account Name:		-

Group:
	Security ID:		METASPLOITABLE3\None
	Group Name:		None
	Group Domain:		VAGRANT-2008R2

Additional Information:
	Privileges:		-"
Audit Success	5/2/2021 3:07:30 AM	Microsoft-Windows-Security-Auditing	4732	Security Group Management	"A member was added to a security-enabled local group.

Subject:
	Security ID:		METASPLOITABLE3\sshd_server
	Account Name:		sshd_server
	Account Domain:		VAGRANT-2008R2
	Logon ID:		0x12389

Member:
	Security ID:		METASPLOITABLE3\boba_fett
	Account Name:		-

Group:
	Security ID:		BUILTIN\Users
	Group Name:		Users
	Group Domain:		Builtin

Additional Information:
	Privileges:		-"
Audit Success	5/2/2021 3:07:30 AM	Microsoft-Windows-Security-Auditing	4724	User Account Management	"An attempt was made to reset an account's password.

Subject:
	Security ID:		METASPLOITABLE3\sshd_server
	Account Name:		sshd_server
	Account Domain:		VAGRANT-2008R2
	Logon ID:		0x12389

Target Account:
	Security ID:		METASPLOITABLE3\boba_fett
	Account Name:		boba_fett
	Account Domain:		VAGRANT-2008R2"
Audit Success	5/2/2021 3:07:30 AM	Microsoft-Windows-Security-Auditing	4738	User Account Management	"A user account was changed.

Subject:
	Security ID:		METASPLOITABLE3\sshd_server
	Account Name:		sshd_server
	Account Domain:		VAGRANT-2008R2
	Logon ID:		0x12389

Target Account:
	Security ID:		METASPLOITABLE3\boba_fett
	Account Name:		boba_fett
	Account Domain:		VAGRANT-2008R2

Changed Attributes:
	SAM Account Name:	boba_fett
	Display Name:		<value not set>
	User Principal Name:	-
	Home Directory:		<value not set>
	Home Drive:		<value not set>
	Script Path:		<value not set>
	Profile Path:		<value not set>
	User Workstations:	<value not set>
	Password Last Set:	5/2/2021 3:07:30 AM
	Account Expires:		<never>
	Primary Group ID:	513
	AllowedToDelegateTo:	-
	Old UAC Value:		0x15
	New UAC Value:		0x10
	User Account Control:	
		Account Enabled
		'Password Not Required' - Disabled
	User Parameters:	-
	SID History:		-
	Logon Hours:		All

Additional Information:
	Privileges:		-"
Audit Success	5/2/2021 3:07:30 AM	Microsoft-Windows-Security-Auditing	4722	User Account Management	"A user account was enabled.

Subject:
	Security ID:		METASPLOITABLE3\sshd_server
	Account Name:		sshd_server
	Account Domain:		VAGRANT-2008R2
	Logon ID:		0x12389

Target Account:
	Security ID:		METASPLOITABLE3\boba_fett
	Account Name:		boba_fett
	Account Domain:		VAGRANT-2008R2"
Audit Success	5/2/2021 3:07:30 AM	Microsoft-Windows-Security-Auditing	4720	User Account Management	"A user account was created.

Subject:
	Security ID:		METASPLOITABLE3\sshd_server
	Account Name:		sshd_server
	Account Domain:		VAGRANT-2008R2
	Logon ID:		0x12389

New Account:
	Security ID:		METASPLOITABLE3\boba_fett
	Account Name:		boba_fett
	Account Domain:		VAGRANT-2008R2

Attributes:
	SAM Account Name:	boba_fett
	Display Name:		<value not set>
	User Principal Name:	-
	Home Directory:		<value not set>
	Home Drive:		<value not set>
	Script Path:		<value not set>
	Profile Path:		<value not set>
	User Workstations:	<value not set>
	Password Last Set:	<never>
	Account Expires:		<never>
	Primary Group ID:	513
	Allowed To Delegate To:	-
	Old UAC Value:		0x0
	New UAC Value:		0x15
	User Account Control:	
		Account Disabled
		'Password Not Required' - Enabled
		'Normal Account' - Enabled
	User Parameters:	<value not set>
	SID History:		-
	Logon Hours:		All

Additional Information:
	Privileges		-"
Audit Success	5/2/2021 3:07:30 AM	Microsoft-Windows-Security-Auditing	4728	Security Group Management	"A member was added to a security-enabled global group.

Subject:
	Security ID:		METASPLOITABLE3\sshd_server
	Account Name:		sshd_server
	Account Domain:		VAGRANT-2008R2
	Logon ID:		0x12389

Member:
	Security ID:		METASPLOITABLE3\boba_fett
	Account Name:		-

Group:
	Security ID:		METASPLOITABLE3\None
	Group Name:		None
	Group Domain:		VAGRANT-2008R2

Additional Information:
	Privileges:		-"
Audit Success	5/2/2021 3:07:30 AM	Microsoft-Windows-Security-Auditing	4732	Security Group Management	"A member was added to a security-enabled local group.

Subject:
	Security ID:		METASPLOITABLE3\sshd_server
	Account Name:		sshd_server
	Account Domain:		VAGRANT-2008R2
	Logon ID:		0x12389

Member:
	Security ID:		METASPLOITABLE3\lando_calrissian
	Account Name:		-

Group:
	Security ID:		BUILTIN\Users
	Group Name:		Users
	Group Domain:		Builtin

Additional Information:
	Privileges:		-"
Audit Success	5/2/2021 3:07:30 AM	Microsoft-Windows-Security-Auditing	4724	User Account Management	"An attempt was made to reset an account's password.

Subject:
	Security ID:		METASPLOITABLE3\sshd_server
	Account Name:		sshd_server
	Account Domain:		VAGRANT-2008R2
	Logon ID:		0x12389

Target Account:
	Security ID:		METASPLOITABLE3\lando_calrissian
	Account Name:		lando_calrissian
	Account Domain:		VAGRANT-2008R2"
