Information	6/20/2021 2:01:05 PM	Service Control Manager	7036	None	The Diagnostic Policy Service service entered the stopped state.
Information	6/20/2021 2:01:17 PM	EventLog	6013	None	The system uptime is 5 seconds.
Information	6/20/2021 2:01:17 PM	EventLog	6005	None	The Event log service was started.
Information	6/20/2021 2:01:17 PM	EventLog	6009	None	Microsoft (R) Windows (R) 6.01. 7601 Service Pack 1 Multiprocessor Free.
Information	6/20/2021 2:01:05 PM	Service Control Manager	7036	None	The Certificate Propagation service entered the stopped state.
Information	6/20/2021 2:01:05 PM	Service Control Manager	7036	None	The DHCP Client service entered the stopped state.
Information	6/20/2021 2:01:05 PM	Microsoft-Windows-Dhcp-Client	50037	Service State Event	DHCPv4 client service is stopped. ShutDown Flag value is 1
Information	6/20/2021 2:01:05 PM	Service Control Manager	7036	None	The Windows Font Cache Service service entered the stopped state.
Information	6/20/2021 2:01:05 PM	Microsoft-Windows-DHCPv6-Client	51047	Service State Event	DHCPv6 client service is stopped. ShutDown Flag value is 1
Information	6/20/2021 2:01:05 PM	Service Control Manager	7036	None	The Diagnostic System Host service entered the stopped state.
Information	6/20/2021 2:01:05 PM	EventLog	6006	None	The Event log service was stopped.
Information	6/20/2021 2:01:00 PM	Service Control Manager	7036	None	The ManageEngine Desktop Central Server service entered the stopped state.
Information	6/20/2021 2:01:00 PM	Service Control Manager	7036	None	The Windows Error Reporting Service service entered the running state.
Information	6/20/2021 2:00:58 PM	Service Control Manager	7036	None	The Elasticsearch 1.1.1 (elasticsearch-service-x64) service entered the stopped state.
Information	6/20/2021 2:00:58 PM	Service Control Manager	7036	None	The VMware Tools service entered the stopped state.
Information	6/20/2021 2:00:58 PM	Service Control Manager	7036	None	The Group Policy Client service entered the stopped state.
Information	6/20/2021 2:00:58 PM	Service Control Manager	7036	None	The Application Experience service entered the running state.
Information	6/20/2021 2:00:58 PM	Service Control Manager	7036	None	The Windows Update service entered the stopped state.
Information	6/20/2021 2:00:58 PM	Microsoft-Windows-Winlogon	7002	(1102)	User Logoff Notification for Customer Experience Improvement Program
Information	6/20/2021 2:00:57 PM	USER32	1074	None	"The process C:\Program Files\VMware\VMware Tools\vmtoolsd.exe (METASPLOITABLE3) has initiated the restart of computer METASPLOITABLE3 on behalf of user NT AUTHORITY\SYSTEM for the following reason: Legacy API shutdown
 Reason Code: 0x80070000
 Shutdown Type: restart
 Comment: "
Information	6/20/2021 2:00:35 PM	Service Control Manager	7036	None	The Application Experience service entered the stopped state.
Information	6/20/2021 2:00:21 PM	Service Control Manager	7036	None	The WinHTTP Web Proxy Auto-Discovery Service service entered the stopped state.
Information	6/20/2021 1:53:00 PM	Service Control Manager	7036	None	The WMI Performance Adapter service entered the stopped state.
Information	6/20/2021 1:50:40 PM	Service Control Manager	7036	None	The Network Connections service entered the running state.
Information	6/20/2021 1:50:07 PM	Microsoft-Windows-Winlogon	7001	(1101)	User Logon Notification for Customer Experience Improvement Program
Information	6/20/2021 1:50:05 PM	Service Control Manager	7036	None	The Shell Hardware Detection service entered the running state.
Information	6/20/2021 1:47:56 PM	Service Control Manager	7036	None	The Windows Time service entered the stopped state.
Information	6/20/2021 1:47:56 PM	Microsoft-Windows-Kernel-General	1	None	The system time has changed to ‎2021‎-‎06‎-‎20T20:47:56.728000000Z from ‎2021‎-‎06‎-‎20T20:47:56.728955400Z.
Information	6/20/2021 1:47:56 PM	Microsoft-Windows-Time-Service	35	None	The time service is now synchronizing the system time with the time source time.windows.com,0x9 (ntp.m|0x9|0.0.0.0:123->40.119.6.228:123).
Information	6/20/2021 1:47:42 PM	Microsoft-Windows-Time-Service	37	None	The time provider NtpClient is currently receiving valid time data from time.windows.com,0x9 (ntp.m|0x9|0.0.0.0:123->40.119.6.228:123).
Information	6/20/2021 1:47:40 PM	Service Control Manager	7036	None	The Windows Time service entered the running state.
Information	6/20/2021 1:47:24 PM	Service Control Manager	7036	None	The WMI Performance Adapter service entered the running state.
Information	6/20/2021 1:47:02 PM	Service Control Manager	7036	None	The Volume Shadow Copy service entered the stopped state.
Information	6/20/2021 1:47:01 PM	Service Control Manager	7036	None	The VMware Snapshot Provider service entered the stopped state.
Information	6/20/2021 1:47:00 PM	Service Control Manager	7036	None	The WMI Performance Adapter service entered the stopped state.
Warning	6/20/2021 1:46:18 PM	USER32	1075	None	"The last restart/shutdown request of computer METASPLOITABLE3 was aborted by user METASPLOITABLE3\vagrant
"
Information	6/20/2021 1:46:18 PM	USER32	1074	None	"The process wininit.exe (METASPLOITABLE3) has initiated the restart of computer METASPLOITABLE3 on behalf of user METASPLOITABLE3\vagrant for the following reason: No title for this reason could be found
 Reason Code: 0x800000ff
 Shutdown Type: restart
 Comment: "
Warning	6/20/2021 1:46:11 PM	USER32	1075	None	"The last restart/shutdown request of computer METASPLOITABLE3 was aborted by user METASPLOITABLE3\vagrant
"
Information	6/20/2021 1:46:11 PM	USER32	1074	None	"The process wininit.exe (METASPLOITABLE3) has initiated the restart of computer METASPLOITABLE3 on behalf of user METASPLOITABLE3\vagrant for the following reason: No title for this reason could be found
 Reason Code: 0x800000ff
 Shutdown Type: restart
 Comment: "
Warning	6/20/2021 1:46:09 PM	USER32	1075	None	"The last restart/shutdown request of computer METASPLOITABLE3 was aborted by user METASPLOITABLE3\vagrant
"
Information	6/20/2021 1:46:09 PM	USER32	1074	None	"The process wininit.exe (METASPLOITABLE3) has initiated the restart of computer METASPLOITABLE3 on behalf of user METASPLOITABLE3\vagrant for the following reason: No title for this reason could be found
 Reason Code: 0x800000ff
 Shutdown Type: restart
 Comment: "
Warning	6/20/2021 1:46:05 PM	USER32	1075	None	"The last restart/shutdown request of computer METASPLOITABLE3 was aborted by user METASPLOITABLE3\vagrant
"
Information	6/20/2021 1:46:05 PM	USER32	1074	None	"The process wininit.exe (METASPLOITABLE3) has initiated the restart of computer METASPLOITABLE3 on behalf of user METASPLOITABLE3\vagrant for the following reason: No title for this reason could be found
 Reason Code: 0x800000ff
 Shutdown Type: restart
 Comment: "
Information	6/20/2021 1:45:57 PM	Service Control Manager	7036	None	The Shell Hardware Detection service entered the stopped state.
Information	6/20/2021 1:45:54 PM	Service Control Manager	7036	None	The Portable Device Enumerator Service service entered the stopped state.
Information	6/20/2021 1:45:53 PM	Service Control Manager	7036	None	The Windows Update service entered the running state.
Information	6/20/2021 1:45:52 PM	Service Control Manager	7036	None	The Windows Font Cache Service service entered the running state.
Information	6/20/2021 1:45:52 PM	Service Control Manager	7036	None	The Diagnostic System Host service entered the running state.
Information	6/20/2021 1:45:52 PM	Service Control Manager	7036	None	The Diagnostic Policy Service service entered the running state.
Information	6/20/2021 1:45:51 PM	Service Control Manager	7036	None	The Microsoft .NET Framework NGEN v4.0.30319_X64 service entered the stopped state.
Information	6/20/2021 1:45:51 PM	Service Control Manager	7036	None	The Microsoft .NET Framework NGEN v4.0.30319_X64 service entered the running state.
Information	6/20/2021 1:45:51 PM	Service Control Manager	7036	None	The Microsoft .NET Framework NGEN v4.0.30319_X86 service entered the stopped state.
Information	6/20/2021 1:45:51 PM	Service Control Manager	7036	None	The Microsoft .NET Framework NGEN v4.0.30319_X86 service entered the running state.
Information	6/20/2021 1:45:51 PM	Service Control Manager	7036	None	The Background Intelligent Transfer Service service entered the running state.
Warning	6/20/2021 1:45:52 PM	USER32	1075	None	"The last restart/shutdown request of computer METASPLOITABLE3 was aborted by user METASPLOITABLE3\vagrant
"
Information	6/20/2021 1:45:52 PM	USER32	1074	None	"The process wininit.exe (METASPLOITABLE3) has initiated the restart of computer METASPLOITABLE3 on behalf of user METASPLOITABLE3\vagrant for the following reason: No title for this reason could be found
 Reason Code: 0x800000ff
 Shutdown Type: restart
 Comment: "
Warning	6/20/2021 1:45:50 PM	USER32	1075	None	"The last restart/shutdown request of computer METASPLOITABLE3 was aborted by user METASPLOITABLE3\vagrant
"
Information	6/20/2021 1:45:50 PM	USER32	1074	None	"The process wininit.exe (METASPLOITABLE3) has initiated the restart of computer METASPLOITABLE3 on behalf of user METASPLOITABLE3\vagrant for the following reason: No title for this reason could be found
 Reason Code: 0x800000ff
 Shutdown Type: restart
 Comment: "
Information	6/20/2021 1:44:11 PM	Service Control Manager	7036	None	The WMI Performance Adapter service entered the running state.
Information	6/20/2021 1:44:02 PM	Service Control Manager	7036	None	The Volume Shadow Copy service entered the running state.
Information	6/20/2021 1:44:00 PM	Service Control Manager	7036	None	The Distributed Transaction Coordinator service entered the running state.
Information	6/20/2021 1:43:59 PM	Microsoft-Windows-TerminalServices-RemoteConnectionManager	1056	None	A new self signed certificate to be used for Terminal Server authentication on SSL connections was generated. The name on this certificate is metasploitable3-win2k8. The SHA1 hash of the certificate is in the event data.
Information	6/20/2021 1:43:59 PM	Service Control Manager	7036	None	The IPsec Policy Agent service entered the running state.
Information	6/20/2021 1:43:59 PM	Service Control Manager	7036	None	The Certificate Propagation service entered the running state.
Information	6/20/2021 1:43:58 PM	Service Control Manager	7036	None	The Remote Desktop Configuration service entered the running state.
Information	6/20/2021 1:43:56 PM	Service Control Manager	7036	None	The Remote Desktop Services UserMode Port Redirector service entered the running state.
Information	6/20/2021 1:43:56 PM	Microsoft-Windows-Iphlpsvc	4200	None	Isatap interface isatap.{C4693D89-C34D-4CB3-98BB-1A53D6BAFCB8} with address fe80::5efe:172.16.136.8 has been brought up.
Information	6/20/2021 1:43:55 PM	Service Control Manager	7036	None	The COM+ System Application service entered the running state.
Information	6/20/2021 1:43:54 PM	Service Control Manager	7036	None	The Application Experience service entered the running state.
Information	6/20/2021 1:43:54 PM	Service Control Manager	7036	None	The Portable Device Enumerator Service service entered the running state.
Information	6/20/2021 1:43:54 PM	Service Control Manager	7036	None	The Software Protection service entered the running state.
Information	6/20/2021 1:43:54 PM	Service Control Manager	7036	None	The Remote Desktop Services service entered the running state.
Information	6/20/2021 1:43:53 PM	Microsoft-Windows-Iphlpsvc	4200	None	Isatap interface isatap.{3FF0E5D3-0D6F-4A55-BC90-5BFA25B7AF4E} with address fe80::5efe:192.168.52.3 has been brought up.
Information	6/20/2021 1:43:52 PM	Service Control Manager	7036	None	The Network List Service service entered the running state.
Information	6/20/2021 1:43:52 PM	Service Control Manager	7036	None	The WinHTTP Web Proxy Auto-Discovery Service service entered the running state.
Information	6/20/2021 1:43:52 PM	Service Control Manager	7036	None	The VMware Snapshot Provider service entered the running state.
Information	6/20/2021 1:43:52 PM	Service Control Manager	7036	None	The wampmysqld service entered the running state.
Information	6/20/2021 1:43:52 PM	Service Control Manager	7036	None	The Server service entered the running state.
Information	6/20/2021 1:43:51 PM	Service Control Manager	7036	None	The Windows Remote Management (WS-Management) service entered the running state.
Information	6/20/2021 1:43:50 PM	Service Control Manager	7036	None	The World Wide Web Publishing Service service entered the running state.
Information	6/20/2021 1:43:50 PM	Service Control Manager	7036	None	The IP Helper service entered the running state.
Information	6/20/2021 1:43:50 PM	Service Control Manager	7036	None	The Windows Licensing Monitoring Service service entered the running state.
Information	6/20/2021 1:43:50 PM	Service Control Manager	7036	None	The Windows Process Activation Service service entered the running state.
Information	6/20/2021 1:43:50 PM	Service Control Manager	7036	None	The wampapache service entered the running state.
Information	6/20/2021 1:43:50 PM	Service Control Manager	7036	None	The Windows Management Instrumentation service entered the running state.
Information	6/20/2021 1:43:51 PM	SNMP	1001	None	The SNMP Service has started successfully.
Information	6/20/2021 1:43:50 PM	Microsoft-Windows-WinRM	10121	None	"The WinRM service has been configured to accept basic authentication for unsecure HTTP connections. 

 This is not a secure configuration. 

 User Action 
 Set AllowUnencrypted to False in WinRM configuration to ensure packets are encrypted on the wire."
Information	6/20/2021 1:43:50 PM	Microsoft-Windows-WinRM	10148	None	"The WinRM service is listening for WS-Management requests. 

 User Action 
 Use the following command to see the specific IPs on which WinRM is listening: 

 winrm enumerate winrm/config/listener"
Information	6/20/2021 1:43:49 PM	Service Control Manager	7036	None	The OpenSSH Server service entered the running state.
Information	6/20/2021 1:43:48 PM	Service Control Manager	7036	None	The VMware Tools service entered the running state.
Information	6/20/2021 1:43:48 PM	Service Control Manager	7036	None	The ManageEngine Desktop Central Server service entered the running state.
Information	6/20/2021 1:43:48 PM	Service Control Manager	7036	None	The VMware Alias Manager and Ticket Service service entered the running state.
Information	6/20/2021 1:43:47 PM	Service Control Manager	7036	None	The Distributed Link Tracking Client service entered the running state.
Information	6/20/2021 1:43:47 PM	Service Control Manager	7036	None	The Remote Registry service entered the running state.
Information	6/20/2021 1:43:47 PM	Service Control Manager	7036	None	The SNMP Service service entered the running state.
Information	6/20/2021 1:43:47 PM	Service Control Manager	7036	None	The MEDC Server Component - Apache service entered the running state.
Error	6/20/2021 1:43:47 PM	SNMP	1500	None	The SNMP Service encountered an error while accessing the registry key SYSTEM\CurrentControlSet\Services\SNMP\Parameters\TrapConfiguration.
Information	6/20/2021 1:43:46 PM	Service Control Manager	7036	None	The Network Location Awareness service entered the running state.
Information	6/20/2021 1:43:43 PM	Service Control Manager	7036	None	The Elasticsearch 1.1.1 (elasticsearch-service-x64) service entered the running state.
Information	6/20/2021 1:43:43 PM	Service Control Manager	7036	None	The MEDC Server Component - Notification Server service entered the running state.
Information	6/20/2021 1:43:42 PM	Service Control Manager	7036	None	The jmx service entered the running state.
Information	6/20/2021 1:43:42 PM	Service Control Manager	7036	None	The jenkins service entered the running state.
Information	6/20/2021 1:43:41 PM	Service Control Manager	7036	None	The IKE and AuthIP IPsec Keying Modules service entered the running state.
Information	6/20/2021 1:43:41 PM	Service Control Manager	7036	None	The Microsoft FTP Service service entered the running state.
Information	6/20/2021 1:43:41 PM	Service Control Manager	7036	None	The domain1 GlassFish Server service entered the running state.
Information	6/20/2021 1:43:41 PM	Service Control Manager	7036	None	The Application Host Helper Service service entered the running state.
Information	6/20/2021 1:43:41 PM	Service Control Manager	7036	None	The Cryptographic Services service entered the running state.
Information	6/20/2021 1:43:41 PM	Service Control Manager	7036	None	The Print Spooler service entered the running state.
Information	6/20/2021 1:43:41 PM	Service Control Manager	7036	None	The Security Accounts Manager service entered the running state.
Information	6/20/2021 1:43:41 PM	Service Control Manager	7036	None	The Workstation service entered the running state.
Information	6/20/2021 1:43:41 PM	Service Control Manager	7036	None	The Windows Firewall service entered the running state.
Information	6/20/2021 1:43:41 PM	Service Control Manager	7036	None	The Base Filtering Engine service entered the running state.
Information	6/20/2021 1:43:41 PM	Service Control Manager	7036	None	The Task Scheduler service entered the running state.
Information	6/20/2021 1:43:41 PM	Service Control Manager	7036	None	The Shell Hardware Detection service entered the running state.
Information	6/20/2021 1:43:41 PM	Service Control Manager	7036	None	The DNS Client service entered the running state.
Information	6/20/2021 1:43:41 PM	Service Control Manager	7036	None	The DHCP Client service entered the running state.
Information	6/20/2021 1:43:41 PM	Microsoft-Windows-DHCPv6-Client	51046	Service State Event	DHCPv6 client service is started
Information	6/20/2021 1:43:41 PM	Service Control Manager	7036	None	The TCP/IP NetBIOS Helper service entered the running state.
Information	6/20/2021 1:43:41 PM	Microsoft-Windows-Dhcp-Client	50036	Service State Event	DHCPv4 client service is started
Information	6/20/2021 1:43:41 PM	Service Control Manager	7036	None	The Network Store Interface Service service entered the running state.
Information	6/20/2021 1:43:41 PM	Service Control Manager	7036	None	The Desktop Window Manager Session Manager service entered the running state.
Information	6/20/2021 1:43:41 PM	Service Control Manager	7036	None	The System Event Notification Service service entered the running state.
Information	6/20/2021 1:43:41 PM	Service Control Manager	7036	None	The COM+ Event System service entered the running state.
Information	6/20/2021 1:43:41 PM	Service Control Manager	7036	None	The User Profile Service service entered the running state.
Information	6/20/2021 1:43:41 PM	Service Control Manager	7036	None	The Group Policy Client service entered the running state.
Information	6/20/2021 1:43:41 PM	Service Control Manager	7036	None	The Windows Event Log service entered the running state.
Information	6/20/2021 1:43:40 PM	Service Control Manager	7036	None	The Remote Procedure Call (RPC) service entered the running state.
Information	6/20/2021 1:43:40 PM	Service Control Manager	7036	None	The RPC Endpoint Mapper service entered the running state.
Information	6/20/2021 1:43:40 PM	Service Control Manager	7036	None	The DCOM Server Process Launcher service entered the running state.
Information	6/20/2021 1:43:40 PM	Microsoft-Windows-FilterManager	6	None	File System Filter 'luafv' (6.1, ‎2009‎-‎07‎-‎13T16:26:13.000000000Z) has successfully loaded and registered with Filter Manager.
Information	6/20/2021 1:43:40 PM	Service Control Manager	7036	None	The Power service entered the running state.
Information	6/20/2021 1:43:40 PM	Microsoft-Windows-UserPnp	20010	(7010)	"One or more of the Plug and Play service's subsystems has changed state. 

PlugPlay install subsystem enabled: 'true' 
PlugPlay caching subsystem enabled: 'true' 
"
Information	6/20/2021 1:43:40 PM	Service Control Manager	7036	None	The Plug and Play service entered the running state.
Information	6/20/2021 1:43:40 PM	Microsoft-Windows-Kernel-Processor-Power	26	(4)	"Processor 1 in group 0 exposes the following:

1 idle state(s)
0 performance state(s)
8 throttle state(s)"
Information	6/20/2021 1:43:40 PM	Microsoft-Windows-Kernel-Processor-Power	26	(4)	"Processor 0 in group 0 exposes the following:

1 idle state(s)
0 performance state(s)
8 throttle state(s)"
Information	6/20/2021 1:43:37 PM	vmci	3	None	VMCI: Using capabilities (0xc).

Information	6/20/2021 1:43:35 PM	Microsoft-Windows-Kernel-General	12	None	The operating system started at system time ‎2021‎-‎06‎-‎20T20:43:35.484375000Z.
Information	6/20/2021 1:43:31 PM	Service Control Manager	7036	None	The VMware Tools service entered the stopped state.
Information	6/20/2021 1:43:31 PM	Microsoft-Windows-Kernel-General	13	None	The operating system is shutting down at system time ‎2021‎-‎06‎-‎20T20:43:31.618163700Z.
Information	6/20/2021 1:43:31 PM	Microsoft-Windows-Kernel-Power	109	(103)	The kernel power manager has initiated a shutdown transition.
Information	6/20/2021 1:43:28 PM	Service Control Manager	7036	None	The MEDC Server Component - Apache service entered the stopped state.
Information	6/20/2021 1:43:28 PM	Service Control Manager	7036	None	The domain1 GlassFish Server service entered the stopped state.
Information	6/20/2021 1:43:28 PM	Service Control Manager	7036	None	The Volume Shadow Copy service entered the stopped state.
Information	6/20/2021 1:43:28 PM	Service Control Manager	7036	None	The Windows Process Activation Service service entered the stopped state.
Information	6/20/2021 1:43:27 PM	Service Control Manager	7036	None	The wampmysqld service entered the stopped state.
Information	6/20/2021 1:43:27 PM	Service Control Manager	7036	None	The Application Host Helper Service service entered the stopped state.
Information	6/20/2021 1:43:27 PM	Service Control Manager	7036	None	The Cryptographic Services service entered the stopped state.
Information	6/20/2021 1:43:27 PM	Service Control Manager	7036	None	The IKE and AuthIP IPsec Keying Modules service entered the stopped state.
Information	6/20/2021 1:43:27 PM	Service Control Manager	7036	None	The Windows Remote Management (WS-Management) service entered the stopped state.
Information	6/20/2021 1:43:27 PM	Service Control Manager	7036	None	The Microsoft FTP Service service entered the stopped state.
Information	6/20/2021 1:43:27 PM	Service Control Manager	7036	None	The Remote Desktop Services service entered the stopped state.
Information	6/20/2021 1:43:27 PM	Service Control Manager	7036	None	The IPsec Policy Agent service entered the stopped state.
Information	6/20/2021 1:43:27 PM	Service Control Manager	7036	None	The Windows Modules Installer service entered the stopped state.
Information	6/20/2021 1:43:27 PM	Service Control Manager	7036	None	The jmx service entered the stopped state.
Information	6/20/2021 1:43:27 PM	Service Control Manager	7036	None	The Software Protection service entered the stopped state.
Information	6/20/2021 1:43:27 PM	Service Control Manager	7036	None	The Microsoft Software Shadow Copy Provider service entered the stopped state.
Information	6/20/2021 1:43:27 PM	Service Control Manager	7036	None	The Windows Licensing Monitoring Service service entered the stopped state.
Information	6/20/2021 1:43:27 PM	Service Control Manager	7036	None	The jenkins service entered the stopped state.
Information	6/20/2021 1:43:27 PM	Service Control Manager	7036	None	The Windows Management Instrumentation service entered the stopped state.
Information	6/20/2021 1:43:27 PM	Service Control Manager	7036	None	The Desktop Window Manager Session Manager service entered the stopped state.
Information	6/20/2021 1:43:27 PM	Service Control Manager	7036	None	The Plug and Play service entered the stopped state.
Information	6/20/2021 1:43:27 PM	Microsoft-Windows-UserPnp	20010	(7010)	"One or more of the Plug and Play service's subsystems has changed state. 

PlugPlay install subsystem enabled: 'false' 
PlugPlay caching subsystem enabled: 'false' 
"
Information	6/20/2021 1:43:27 PM	Service Control Manager	7036	None	The User Profile Service service entered the stopped state.
Information	6/20/2021 1:43:27 PM	Service Control Manager	7036	None	The Distributed Link Tracking Client service entered the stopped state.
Information	6/20/2021 1:43:27 PM	Service Control Manager	7036	None	The World Wide Web Publishing Service service entered the stopped state.
Information	6/20/2021 1:43:27 PM	Service Control Manager	7036	None	The Remote Desktop Services UserMode Port Redirector service entered the stopped state.
Information	6/20/2021 1:43:26 PM	Service Control Manager	7036	None	The Power service entered the stopped state.
Information	6/20/2021 1:43:26 PM	Service Control Manager	7036	None	The Distributed Transaction Coordinator service entered the stopped state.
Information	6/20/2021 1:43:26 PM	Service Control Manager	7036	None	The MEDC Server Component - Notification Server service entered the stopped state.
Information	6/20/2021 1:43:26 PM	Service Control Manager	7036	None	The Windows Event Log service entered the stopped state.
Information	6/20/2021 1:43:26 PM	Service Control Manager	7036	None	The Certificate Propagation service entered the stopped state.
Information	6/20/2021 1:43:41 PM	EventLog	6013	None	The system uptime is 5 seconds.
Information	6/20/2021 1:43:41 PM	EventLog	6005	None	The Event log service was started.
Information	6/20/2021 1:43:41 PM	EventLog	6009	None	Microsoft (R) Windows (R) 6.01. 7601 Service Pack 1 Multiprocessor Free.
Information	6/20/2021 1:43:41 PM	EventLog	6011	None	The NetBIOS name and DNS host name of this machine have been changed from VAGRANT-2008R2 to METASPLOITABLE3.
Information	6/20/2021 1:43:26 PM	Service Control Manager	7036	None	The DHCP Client service entered the stopped state.
Information	6/20/2021 1:43:26 PM	Microsoft-Windows-Dhcp-Client	50037	Service State Event	DHCPv4 client service is stopped. ShutDown Flag value is 1
Information	6/20/2021 1:43:26 PM	Microsoft-Windows-DHCPv6-Client	51047	Service State Event	DHCPv6 client service is stopped. ShutDown Flag value is 1
Information	6/20/2021 1:43:26 PM	EventLog	6006	None	The Event log service was stopped.
Information	6/20/2021 1:43:22 PM	Service Control Manager	7036	None	The ManageEngine Desktop Central Server service entered the stopped state.
Information	6/20/2021 1:43:21 PM	Service Control Manager	7036	None	The Windows Error Reporting Service service entered the running state.
Information	6/20/2021 1:43:20 PM	Service Control Manager	7036	None	The Elasticsearch 1.1.1 (elasticsearch-service-x64) service entered the stopped state.
Information	6/20/2021 1:43:20 PM	Service Control Manager	7036	None	The Group Policy Client service entered the stopped state.
Information	6/20/2021 1:43:20 PM	Service Control Manager	7036	None	The Windows Update service entered the stopped state.
Information	6/20/2021 1:43:19 PM	Microsoft-Windows-WindowsUpdateClient	28	Windows Update Agent	Automatic Updates is now resumed.
Information	6/20/2021 1:43:19 PM	Microsoft-Windows-WindowsUpdateClient	27	Windows Update Agent	Automatic Updates is now paused.
Information	6/20/2021 1:43:19 PM	Microsoft-Windows-WindowsUpdateClient	28	Windows Update Agent	Automatic Updates is now resumed.
Information	6/20/2021 1:43:19 PM	Microsoft-Windows-WindowsUpdateClient	19	Windows Update Agent	Installation Successful: Windows successfully installed the following update: Update for Windows (KB2999226)
Information	6/20/2021 1:43:18 PM	Service Control Manager	7036	None	The WMI Performance Adapter service entered the running state.
Information	6/20/2021 1:43:14 PM	Service Control Manager	7036	None	The Windows Installer service entered the running state.
Information	6/20/2021 1:43:14 PM	Service Control Manager	7036	None	The Microsoft Software Shadow Copy Provider service entered the running state.
Information	6/20/2021 1:43:14 PM	Service Control Manager	7040	None	The start type of the Windows Modules Installer service was changed from auto start to demand start.
Information	6/20/2021 1:43:14 PM	Microsoft-Windows-WindowsUpdateClient	27	Windows Update Agent	Automatic Updates is now paused.
Information	6/20/2021 1:43:13 PM	Service Control Manager	7040	None	The start type of the Windows Modules Installer service was changed from demand start to auto start.
Information	6/20/2021 1:43:14 PM	USER32	1074	None	"The process wininit.exe (VAGRANT-2008R2) has initiated the restart of computer VAGRANT-2008R2 on behalf of user VAGRANT-2008R2\vagrant for the following reason: Application: Maintenance (Planned)
 Reason Code: 0x80040001
 Shutdown Type: restart
 Comment: Vagrant Reboot Computer"
Warning	6/20/2021 1:43:14 PM	USER32	1075	None	"The last restart/shutdown request of computer VAGRANT-2008R2 was aborted by user VAGRANT-2008R2\vagrant
"
Information	6/20/2021 1:43:14 PM	USER32	1074	None	"The process wininit.exe (VAGRANT-2008R2) has initiated the restart of computer VAGRANT-2008R2 on behalf of user VAGRANT-2008R2\vagrant for the following reason: No title for this reason could be found
 Reason Code: 0x800000ff
 Shutdown Type: restart
 Comment: "
Information	6/20/2021 1:43:13 PM	Service Control Manager	7036	None	The Windows Modules Installer service entered the running state.
Information	6/20/2021 1:43:10 PM	Service Control Manager	7036	None	The Volume Shadow Copy service entered the running state.
Information	6/20/2021 1:43:09 PM	Microsoft-Windows-UserPnp	20001	(7005)	Driver Management concluded the process to install driver FileRepository\cpu.inf_amd64_neutral_ae5de2e1bf2793c3\cpu.inf for Device Instance ID ACPI\GENUINEINTEL_-_INTEL64_FAMILY_6_MODEL_158_-_INTEL(R)_CORE(TM)_I9-9880H_CPU_@_2.30GHZ\_1 with the following status: 0x0.
Information	6/20/2021 1:43:09 PM	Microsoft-Windows-UserPnp	20003	(7005)	Driver Management has concluded the process to add Service intelppm for Device Instance ID ACPI\GENUINEINTEL_-_INTEL64_FAMILY_6_MODEL_158_-_INTEL(R)_CORE(TM)_I9-9880H_CPU_@_2.30GHZ\_1 with the following status: 0.
Information	6/20/2021 1:43:09 PM	Microsoft-Windows-UserPnp	20001	(7005)	Driver Management concluded the process to install driver FileRepository\nete1g3e.inf_amd64_neutral_7f08406e40c6ede2\nete1g3e.inf for Device Instance ID PCI\VEN_8086&DEV_100F&SUBSYS_075015AD&REV_01\4&3AD87E0A&0&0088 with the following status: 0x0.
Information	6/20/2021 1:43:07 PM	Microsoft-Windows-UserPnp	20003	(7005)	Driver Management has concluded the process to add Service E1G60 for Device Instance ID PCI\VEN_8086&DEV_100F&SUBSYS_075015AD&REV_01\4&3AD87E0A&0&0088 with the following status: 0.
Information	6/20/2021 1:43:07 PM	Service Control Manager	7036	None	The Certificate Propagation service entered the running state.
Information	6/20/2021 1:43:07 PM	Service Control Manager	7036	None	The Windows Update service entered the running state.
Information	6/20/2021 1:43:07 PM	Service Control Manager	7036	None	The Remote Desktop Configuration service entered the running state.
Information	6/20/2021 1:43:05 PM	Service Control Manager	7036	None	The Distributed Transaction Coordinator service entered the running state.
Information	6/20/2021 1:43:05 PM	Service Control Manager	7036	None	The Remote Desktop Services UserMode Port Redirector service entered the running state.
Information	6/20/2021 1:43:05 PM	Microsoft-Windows-Iphlpsvc	4200	None	Isatap interface isatap.{3FF0E5D3-0D6F-4A55-BC90-5BFA25B7AF4E} with address fe80::5efe:192.168.52.3 has been brought up.
Information	6/20/2021 1:43:05 PM	Microsoft-Windows-UserPnp	20001	(7005)	Driver Management concluded the process to install driver FileRepository\monitor.inf_amd64_neutral_ab477c4d805d044f\monitor.inf for Device Instance ID DISPLAY\DEFAULT_MONITOR\4&10C2E2D6&0&UID0 with the following status: 0x0.
Information	6/20/2021 1:43:04 PM	Microsoft-Windows-UserPnp	20003	(7005)	Driver Management has concluded the process to add Service monitor for Device Instance ID DISPLAY\DEFAULT_MONITOR\4&10C2E2D6&0&UID0 with the following status: 0.
Information	6/20/2021 1:43:04 PM	Service Control Manager	7036	None	The IPsec Policy Agent service entered the running state.
Information	6/20/2021 1:43:02 PM	Service Control Manager	7036	None	The COM+ System Application service entered the running state.
Information	6/20/2021 1:43:02 PM	Microsoft-Windows-UserPnp	20003	(7005)	Driver Management has concluded the process to add Service tunnel for Device Instance ID ROOT\*ISATAP\0001 with the following status: 0.
Information	6/20/2021 1:43:01 PM	Microsoft-Windows-UserPnp	20001	(7005)	Driver Management concluded the process to install driver FileRepository\cpu.inf_amd64_neutral_ae5de2e1bf2793c3\cpu.inf for Device Instance ID ACPI\GENUINEINTEL_-_INTEL64_FAMILY_6_MODEL_158_-_INTEL(R)_CORE(TM)_I9-9880H_CPU_@_2.30GHZ\_0 with the following status: 0x0.
Information	6/20/2021 1:43:01 PM	Microsoft-Windows-UserPnp	20003	(7005)	Driver Management has concluded the process to add Service intelppm for Device Instance ID ACPI\GENUINEINTEL_-_INTEL64_FAMILY_6_MODEL_158_-_INTEL(R)_CORE(TM)_I9-9880H_CPU_@_2.30GHZ\_0 with the following status: 0.
Information	6/20/2021 1:43:01 PM	Service Control Manager	7036	None	The Remote Desktop Services service entered the running state.
Information	6/20/2021 1:43:01 PM	Service Control Manager	7036	None	The Portable Device Enumerator Service service entered the running state.
Information	6/20/2021 1:43:01 PM	Service Control Manager	7036	None	The Application Experience service entered the running state.
Information	6/20/2021 1:42:59 PM	Service Control Manager	7036	None	The Software Protection service entered the running state.
Information	6/20/2021 1:42:59 PM	Service Control Manager	7036	None	The WinHTTP Web Proxy Auto-Discovery Service service entered the running state.
Information	6/20/2021 1:43:00 PM	SNMP	1001	None	The SNMP Service has started successfully.
Information	6/20/2021 1:42:58 PM	Service Control Manager	7036	None	The VMware Snapshot Provider service entered the running state.
Information	6/20/2021 1:42:57 PM	Service Control Manager	7036	None	The Network List Service service entered the running state.
Information	6/20/2021 1:42:57 PM	Service Control Manager	7036	None	The wampmysqld service entered the running state.
Information	6/20/2021 1:42:56 PM	Service Control Manager	7036	None	The ManageEngine Desktop Central Server service entered the running state.
Information	6/20/2021 1:42:56 PM	Service Control Manager	7036	None	The Server service entered the running state.
Information	6/20/2021 1:42:56 PM	Service Control Manager	7036	None	The Windows Remote Management (WS-Management) service entered the running state.
Information	6/20/2021 1:42:55 PM	Service Control Manager	7036	None	The World Wide Web Publishing Service service entered the running state.
Information	6/20/2021 1:42:55 PM	Service Control Manager	7036	None	The wampapache service entered the running state.
Information	6/20/2021 1:42:55 PM	Service Control Manager	7036	None	The Windows Process Activation Service service entered the running state.
Information	6/20/2021 1:42:55 PM	Service Control Manager	7036	None	The IP Helper service entered the running state.
Information	6/20/2021 1:42:55 PM	Service Control Manager	7036	None	The Windows Management Instrumentation service entered the running state.
Information	6/20/2021 1:42:55 PM	Service Control Manager	7036	None	The Windows Licensing Monitoring Service service entered the running state.
Information	6/20/2021 1:42:56 PM	Microsoft-Windows-WinRM	10121	None	"The WinRM service has been configured to accept basic authentication for unsecure HTTP connections. 

 This is not a secure configuration. 

 User Action 
 Set AllowUnencrypted to False in WinRM configuration to ensure packets are encrypted on the wire."
Information	6/20/2021 1:42:56 PM	Microsoft-Windows-WinRM	10148	None	"The WinRM service is listening for WS-Management requests. 

 User Action 
 Use the following command to see the specific IPs on which WinRM is listening: 

 winrm enumerate winrm/config/listener"
Information	6/20/2021 1:42:55 PM	Service Control Manager	7036	None	The OpenSSH Server service entered the running state.
Information	6/20/2021 1:42:55 PM	Service Control Manager	7036	None	The VMware Tools service entered the running state.
Information	6/20/2021 1:42:54 PM	Service Control Manager	7036	None	The VMware Alias Manager and Ticket Service service entered the running state.
Information	6/20/2021 1:42:54 PM	Service Control Manager	7036	None	The Distributed Link Tracking Client service entered the running state.
Information	6/20/2021 1:42:54 PM	Service Control Manager	7036	None	The SNMP Service service entered the running state.
Information	6/20/2021 1:42:54 PM	Service Control Manager	7036	None	The Remote Registry service entered the running state.
Error	6/20/2021 1:42:54 PM	SNMP	1500	None	The SNMP Service encountered an error while accessing the registry key SYSTEM\CurrentControlSet\Services\SNMP\Parameters\TrapConfiguration.
Information	6/20/2021 1:42:52 PM	Service Control Manager	7036	None	The MEDC Server Component - Apache service entered the running state.
Information	6/20/2021 1:42:51 PM	Service Control Manager	7036	None	The Network Location Awareness service entered the running state.
Information	6/20/2021 1:42:49 PM	Service Control Manager	7036	None	The Elasticsearch 1.1.1 (elasticsearch-service-x64) service entered the running state.
Information	6/20/2021 1:42:49 PM	Service Control Manager	7036	None	The jmx service entered the running state.
Information	6/20/2021 1:42:49 PM	Service Control Manager	7036	None	The MEDC Server Component - Notification Server service entered the running state.
Information	6/20/2021 1:42:48 PM	Service Control Manager	7036	None	The jenkins service entered the running state.
Information	6/20/2021 1:42:48 PM	Service Control Manager	7036	None	The domain1 GlassFish Server service entered the running state.
Information	6/20/2021 1:42:48 PM	Service Control Manager	7036	None	The Microsoft FTP Service service entered the running state.
Information	6/20/2021 1:42:48 PM	Service Control Manager	7036	None	The IKE and AuthIP IPsec Keying Modules service entered the running state.
Information	6/20/2021 1:42:47 PM	Service Control Manager	7036	None	The Application Host Helper Service service entered the running state.
Information	6/20/2021 1:42:47 PM	Service Control Manager	7036	None	The Cryptographic Services service entered the running state.
Information	6/20/2021 1:42:47 PM	Service Control Manager	7036	None	The Print Spooler service entered the running state.
Information	6/20/2021 1:42:47 PM	Service Control Manager	7036	None	The Security Accounts Manager service entered the running state.
Information	6/20/2021 1:42:47 PM	Service Control Manager	7036	None	The Workstation service entered the running state.
Information	6/20/2021 1:42:47 PM	Service Control Manager	7036	None	The Windows Firewall service entered the running state.
Information	6/20/2021 1:42:47 PM	Service Control Manager	7036	None	The Base Filtering Engine service entered the running state.
Information	6/20/2021 1:42:47 PM	Service Control Manager	7036	None	The Task Scheduler service entered the running state.
Information	6/20/2021 1:42:47 PM	Service Control Manager	7036	None	The Shell Hardware Detection service entered the running state.
Information	6/20/2021 1:42:47 PM	Service Control Manager	7036	None	The DNS Client service entered the running state.
Information	6/20/2021 1:42:47 PM	Service Control Manager	7036	None	The DHCP Client service entered the running state.
Information	6/20/2021 1:42:47 PM	Microsoft-Windows-DHCPv6-Client	51046	Service State Event	DHCPv6 client service is started
Information	6/20/2021 1:42:47 PM	Microsoft-Windows-Dhcp-Client	50036	Service State Event	DHCPv4 client service is started
Information	6/20/2021 1:42:47 PM	Service Control Manager	7036	None	The TCP/IP NetBIOS Helper service entered the running state.
Information	6/20/2021 1:42:47 PM	Service Control Manager	7036	None	The Network Store Interface Service service entered the running state.
Information	6/20/2021 1:42:47 PM	Service Control Manager	7036	None	The Desktop Window Manager Session Manager service entered the running state.
Information	6/20/2021 1:42:47 PM	Service Control Manager	7036	None	The System Event Notification Service service entered the running state.
Information	6/20/2021 1:42:47 PM	Service Control Manager	7036	None	The COM+ Event System service entered the running state.
Information	6/20/2021 1:42:47 PM	Service Control Manager	7036	None	The User Profile Service service entered the running state.
Information	6/20/2021 1:42:47 PM	Service Control Manager	7036	None	The Group Policy Client service entered the running state.
Information	6/20/2021 1:42:47 PM	Service Control Manager	7036	None	The Windows Event Log service entered the running state.
Information	6/20/2021 1:42:47 PM	Service Control Manager	7036	None	The Remote Procedure Call (RPC) service entered the running state.
Information	6/20/2021 1:42:47 PM	Service Control Manager	7036	None	The RPC Endpoint Mapper service entered the running state.
Information	6/20/2021 1:42:47 PM	Service Control Manager	7036	None	The DCOM Server Process Launcher service entered the running state.
Information	6/20/2021 1:42:47 PM	Microsoft-Windows-FilterManager	6	None	File System Filter 'luafv' (6.1, ‎2009‎-‎07‎-‎13T16:26:13.000000000Z) has successfully loaded and registered with Filter Manager.
Information	6/20/2021 1:42:47 PM	Service Control Manager	7036	None	The Power service entered the running state.
Information	6/20/2021 1:42:47 PM	Microsoft-Windows-UserPnp	20010	(7010)	"One or more of the Plug and Play service's subsystems has changed state. 

PlugPlay install subsystem enabled: 'true' 
PlugPlay caching subsystem enabled: 'true' 
"
Information	6/20/2021 1:42:47 PM	Service Control Manager	7036	None	The Plug and Play service entered the running state.
Information	6/20/2021 1:42:46 PM	Microsoft-Windows-Kernel-Processor-Power	26	(4)	"Processor 1 in group 0 exposes the following:

1 idle state(s)
0 performance state(s)
8 throttle state(s)"
Information	6/20/2021 1:42:46 PM	Microsoft-Windows-Kernel-Processor-Power	26	(4)	"Processor 0 in group 0 exposes the following:

1 idle state(s)
0 performance state(s)
8 throttle state(s)"
Information	6/20/2021 1:42:43 PM	vmci	3	None	VMCI: Using capabilities (0xc).

Information	6/20/2021 1:42:41 PM	Microsoft-Windows-Kernel-General	12	None	The operating system started at system time ‎2021‎-‎06‎-‎20T20:42:41.484375000Z.
Information	5/2/2021 3:33:31 AM	Microsoft-Windows-Kernel-General	13	None	The operating system is shutting down at system time ‎2021‎-‎05‎-‎02T10:33:31.374023400Z.
Information	5/2/2021 3:33:29 AM	Microsoft-Windows-Kernel-Power	109	(103)	The kernel power manager has initiated a shutdown transition.
Information	5/2/2021 3:33:28 AM	Service Control Manager	7036	None	The MEDC Server Component - Apache service entered the stopped state.
Information	5/2/2021 3:33:27 AM	Service Control Manager	7036	None	The Windows Process Activation Service service entered the stopped state.
Information	5/2/2021 3:33:27 AM	Service Control Manager	7036	None	The Microsoft FTP Service service entered the stopped state.
Information	5/2/2021 3:33:27 AM	Service Control Manager	7036	None	The wampmysqld service entered the stopped state.
Information	5/2/2021 3:33:26 AM	Service Control Manager	7036	None	The ManageEngine Desktop Central Server service entered the stopped state.
Information	5/2/2021 3:33:26 AM	Service Control Manager	7036	None	The Cryptographic Services service entered the stopped state.
Information	5/2/2021 3:33:26 AM	Service Control Manager	7036	None	The Software Protection service entered the stopped state.
Information	5/2/2021 3:33:26 AM	Service Control Manager	7036	None	The Windows Remote Management (WS-Management) service entered the stopped state.
Information	5/2/2021 3:33:26 AM	Service Control Manager	7036	None	The Remote Desktop Services service entered the stopped state.
Information	5/2/2021 3:33:26 AM	Service Control Manager	7036	None	The Application Host Helper Service service entered the stopped state.
Information	5/2/2021 3:33:26 AM	Service Control Manager	7036	None	The Windows Event Log service entered the stopped state.
Information	5/2/2021 3:33:26 AM	Service Control Manager	7036	None	The MEDC Server Component - Notification Server service entered the stopped state.
Information	6/20/2021 1:42:47 PM	EventLog	6013	None	The system uptime is 5 seconds.
Information	6/20/2021 1:42:47 PM	EventLog	6005	None	The Event log service was started.
Information	6/20/2021 1:42:47 PM	EventLog	6009	None	Microsoft (R) Windows (R) 6.01. 7601 Service Pack 1 Multiprocessor Free.
Information	5/2/2021 3:33:26 AM	Service Control Manager	7036	None	The Distributed Link Tracking Client service entered the stopped state.
Information	5/2/2021 3:33:26 AM	Service Control Manager	7036	None	The Windows Licensing Monitoring Service service entered the stopped state.
Information	5/2/2021 3:33:26 AM	Service Control Manager	7036	None	The Windows Management Instrumentation service entered the stopped state.
Information	5/2/2021 3:33:26 AM	Service Control Manager	7036	None	The Desktop Window Manager Session Manager service entered the stopped state.
Information	5/2/2021 3:33:26 AM	Service Control Manager	7036	None	The World Wide Web Publishing Service service entered the stopped state.
Information	5/2/2021 3:33:26 AM	Service Control Manager	7036	None	The IKE and AuthIP IPsec Keying Modules service entered the stopped state.
Information	5/2/2021 3:33:26 AM	Service Control Manager	7036	None	The Remote Desktop Services UserMode Port Redirector service entered the stopped state.
Information	5/2/2021 3:33:26 AM	Service Control Manager	7036	None	The Interactive Services Detection service entered the stopped state.
Information	5/2/2021 3:33:26 AM	Service Control Manager	7036	None	The IPsec Policy Agent service entered the stopped state.
Information	5/2/2021 3:33:26 AM	Service Control Manager	7036	None	The User Profile Service service entered the stopped state.
Information	5/2/2021 3:33:26 AM	Service Control Manager	7036	None	The DHCP Client service entered the stopped state.
Information	5/2/2021 3:33:26 AM	Microsoft-Windows-Dhcp-Client	50037	Service State Event	DHCPv4 client service is stopped. ShutDown Flag value is 1
Information	5/2/2021 3:33:26 AM	Microsoft-Windows-DHCPv6-Client	51047	Service State Event	DHCPv6 client service is stopped. ShutDown Flag value is 1
Information	5/2/2021 3:33:26 AM	Service Control Manager	7036	None	The Distributed Transaction Coordinator service entered the stopped state.
Information	5/2/2021 3:33:26 AM	Service Control Manager	7036	None	The Power service entered the stopped state.
Information	5/2/2021 3:33:26 AM	Service Control Manager	7036	None	The Plug and Play service entered the stopped state.
Information	5/2/2021 3:33:26 AM	Microsoft-Windows-UserPnp	20010	(7010)	"One or more of the Plug and Play service's subsystems has changed state. 

PlugPlay install subsystem enabled: 'false' 
PlugPlay caching subsystem enabled: 'false' 
"
Information	5/2/2021 3:33:26 AM	Service Control Manager	7036	None	The Diagnostic Policy Service service entered the stopped state.
Information	5/2/2021 3:33:26 AM	Service Control Manager	7036	None	The Diagnostic System Host service entered the stopped state.
Information	5/2/2021 3:33:26 AM	Service Control Manager	7036	None	The Windows Font Cache Service service entered the stopped state.
Information	5/2/2021 3:33:26 AM	Service Control Manager	7036	None	The Certificate Propagation service entered the stopped state.
Information	5/2/2021 3:33:26 AM	Service Control Manager	7036	None	The Windows Installer service entered the stopped state.
Information	5/2/2021 3:33:26 AM	EventLog	6006	None	The Event log service was stopped.
Information	5/2/2021 3:33:25 AM	Service Control Manager	7036	None	The Windows Error Reporting Service service entered the running state.
Information	5/2/2021 3:33:24 AM	Service Control Manager	7036	None	The jmx service entered the stopped state.
Information	5/2/2021 3:33:24 AM	Service Control Manager	7036	None	The jenkins service entered the stopped state.
Information	5/2/2021 3:33:24 AM	Service Control Manager	7036	None	The Elasticsearch 1.1.1 (elasticsearch-service-x64) service entered the stopped state.
Error	5/2/2021 3:33:24 AM	Service Control Manager	7034	None	The domain1 GlassFish Server service terminated unexpectedly.  It has done this 1 time(s).
Information	5/2/2021 3:33:18 AM	Service Control Manager	7036	None	The VMware Tools service entered the stopped state.
Information	5/2/2021 3:33:18 AM	Service Control Manager	7036	None	The Group Policy Client service entered the stopped state.
Information	5/2/2021 3:33:18 AM	Service Control Manager	7036	None	The Windows Update service entered the stopped state.
Information	5/2/2021 3:33:08 AM	USER32	1074	None	"The process C:\Windows\system32\shutdown.exe (VAGRANT-2008R2) has initiated the shutdown of computer VAGRANT-2008R2 on behalf of user VAGRANT-2008R2\vagrant for the following reason: Application: Maintenance (Planned)
 Reason Code: 0x80040001
 Shutdown Type: shutdown
 Comment: Packer Shutdown"
Information	5/2/2021 3:33:05 AM	Service Control Manager	7045	None	"A service was installed in the system.

Service Name:  VMware Snapshot Provider
Service File Name:  C:\Windows\system32\dllhost.exe /Processid:{9A2062FF-71A6-48A1-A169-FAA4E2F4AED6}
Service Type:  user mode service
Service Start Type:  demand start
Service Account:  NT AUTHORITY\LocalService"
Information	5/2/2021 3:33:03 AM	Service Control Manager	7036	None	The COM+ System Application service entered the running state.
