Information	8/16/2021 3:13:12 PM	Microsoft-Windows-WinRM	10121	None	"The WinRM service has been configured to accept basic authentication for unsecure HTTP connections. 

 This is not a secure configuration. 

 User Action 
 Set AllowUnencrypted to False in WinRM configuration to ensure packets are encrypted on the wire."
Information	8/16/2021 3:13:12 PM	Service Control Manager	7036	None	The IP Helper service entered the running state.
Information	8/16/2021 3:13:12 PM	Service Control Manager	7036	None	The World Wide Web Publishing Service service entered the running state.
Information	8/16/2021 3:13:11 PM	Service Control Manager	7036	None	The Windows Process Activation Service service entered the running state.
Information	8/16/2021 3:13:11 PM	Service Control Manager	7036	None	The Windows Management Instrumentation service entered the running state.
Information	8/16/2021 3:13:11 PM	Service Control Manager	7036	None	The Windows Licensing Monitoring Service service entered the running state.
Information	8/16/2021 3:13:11 PM	Service Control Manager	7036	None	The SNMP Service service entered the running state.
Information	8/16/2021 3:13:11 PM	Service Control Manager	7036	None	The Distributed Link Tracking Client service entered the running state.
Information	8/16/2021 3:13:11 PM	Service Control Manager	7036	None	The Remote Registry service entered the running state.
Information	8/16/2021 3:13:10 PM	Service Control Manager	7036	None	The MEDC Server Component - Apache service entered the running state.
Information	8/16/2021 3:13:12 PM	Microsoft-Windows-WinRM	10148	None	"The WinRM service is listening for WS-Management requests. 

 User Action 
 Use the following command to see the specific IPs on which WinRM is listening: 

 winrm enumerate winrm/config/listener"
Error	8/16/2021 3:13:11 PM	SNMP	1500	None	The SNMP Service encountered an error while accessing the registry key SYSTEM\CurrentControlSet\Services\SNMP\Parameters\TrapConfiguration.
Information	8/16/2021 3:13:07 PM	Service Control Manager	7036	None	The Network Location Awareness service entered the running state.
Information	8/16/2021 3:13:05 PM	Service Control Manager	7036	None	The Elasticsearch 1.1.1 (elasticsearch-service-x64) service entered the running state.
Information	8/16/2021 3:13:04 PM	Service Control Manager	7036	None	The jmx service entered the running state.
Information	8/16/2021 3:13:03 PM	Service Control Manager	7036	None	The MEDC Server Component - Notification Server service entered the running state.
Information	8/16/2021 3:13:03 PM	Service Control Manager	7036	None	The jenkins service entered the running state.
Information	8/16/2021 3:13:03 PM	Service Control Manager	7036	None	The domain1 GlassFish Server service entered the running state.
Information	8/16/2021 3:13:03 PM	Service Control Manager	7036	None	The Microsoft FTP Service service entered the running state.
Information	8/16/2021 3:13:03 PM	Service Control Manager	7036	None	The IKE and AuthIP IPsec Keying Modules service entered the running state.
Information	8/16/2021 3:13:02 PM	Service Control Manager	7036	None	The Application Host Helper Service service entered the running state.
Information	8/16/2021 3:13:02 PM	Service Control Manager	7036	None	The Cryptographic Services service entered the running state.
Information	8/16/2021 3:13:02 PM	Service Control Manager	7036	None	The Print Spooler service entered the running state.
Information	8/16/2021 3:13:02 PM	Service Control Manager	7036	None	The Security Accounts Manager service entered the running state.
Information	8/16/2021 3:13:02 PM	Service Control Manager	7036	None	The Workstation service entered the running state.
Information	8/16/2021 3:13:02 PM	Service Control Manager	7036	None	The Windows Firewall service entered the running state.
Information	8/16/2021 3:13:02 PM	Service Control Manager	7036	None	The Base Filtering Engine service entered the running state.
Information	8/16/2021 3:13:02 PM	Service Control Manager	7036	None	The Task Scheduler service entered the running state.
Information	8/16/2021 3:13:02 PM	Service Control Manager	7036	None	The Shell Hardware Detection service entered the running state.
Information	8/16/2021 3:13:02 PM	Service Control Manager	7036	None	The DHCP Client service entered the running state.
Information	8/16/2021 3:13:02 PM	Service Control Manager	7036	None	The DNS Client service entered the running state.
Information	8/16/2021 3:13:02 PM	Microsoft-Windows-DHCPv6-Client	51046	Service State Event	DHCPv6 client service is started
Information	8/16/2021 3:13:02 PM	Microsoft-Windows-Dhcp-Client	50036	Service State Event	DHCPv4 client service is started
Information	8/16/2021 3:13:02 PM	Service Control Manager	7036	None	The TCP/IP NetBIOS Helper service entered the running state.
Information	8/16/2021 3:13:02 PM	Service Control Manager	7036	None	The Network Store Interface Service service entered the running state.
Information	8/16/2021 3:13:02 PM	Service Control Manager	7036	None	The Desktop Window Manager Session Manager service entered the running state.
Information	8/16/2021 3:13:02 PM	Service Control Manager	7036	None	The System Event Notification Service service entered the running state.
Information	8/16/2021 3:13:02 PM	Service Control Manager	7036	None	The COM+ Event System service entered the running state.
Information	8/16/2021 3:13:02 PM	Service Control Manager	7036	None	The User Profile Service service entered the running state.
Information	8/16/2021 3:13:02 PM	Service Control Manager	7036	None	The Group Policy Client service entered the running state.
Information	8/16/2021 3:13:02 PM	Service Control Manager	7036	None	The Windows Event Log service entered the running state.
Information	8/16/2021 3:13:02 PM	Service Control Manager	7036	None	The Remote Procedure Call (RPC) service entered the running state.
Information	8/16/2021 3:13:02 PM	Service Control Manager	7036	None	The RPC Endpoint Mapper service entered the running state.
Information	8/16/2021 3:13:02 PM	Service Control Manager	7036	None	The DCOM Server Process Launcher service entered the running state.
Information	8/16/2021 3:13:02 PM	Microsoft-Windows-FilterManager	6	None	File System Filter 'luafv' (6.1, ‎2009‎-‎07‎-‎13T16:26:13.000000000Z) has successfully loaded and registered with Filter Manager.
Information	8/16/2021 3:13:02 PM	Service Control Manager	7036	None	The Power service entered the running state.
Information	8/16/2021 3:13:02 PM	Microsoft-Windows-UserPnp	20010	(7010)	"One or more of the Plug and Play service's subsystems has changed state. 

PlugPlay install subsystem enabled: 'true' 
PlugPlay caching subsystem enabled: 'true' 
"
Information	8/16/2021 3:13:02 PM	Service Control Manager	7036	None	The Plug and Play service entered the running state.
Information	8/16/2021 3:13:01 PM	Microsoft-Windows-Kernel-Processor-Power	26	(4)	"Processor 1 in group 0 exposes the following:

1 idle state(s)
0 performance state(s)
8 throttle state(s)"
Information	8/16/2021 3:13:01 PM	Microsoft-Windows-Kernel-Processor-Power	26	(4)	"Processor 0 in group 0 exposes the following:

1 idle state(s)
0 performance state(s)
8 throttle state(s)"
Critical	8/16/2021 3:13:01 PM	Microsoft-Windows-Kernel-Power	41	(63)	The system has rebooted without cleanly shutting down first. This error could be caused if the system stopped responding, crashed, or lost power unexpectedly.
Information	8/16/2021 3:13:02 PM	EventLog	6013	None	The system uptime is 5 seconds.
Information	8/16/2021 3:13:02 PM	EventLog	6005	None	The Event log service was started.
Information	8/16/2021 3:13:02 PM	EventLog	6009	None	Microsoft (R) Windows (R) 6.01. 7601 Service Pack 1 Multiprocessor Free.
Error	8/16/2021 3:13:02 PM	EventLog	6008	None	The previous system shutdown at 3:11:48 PM on ‎8/‎16/‎2021 was unexpected.
Information	8/16/2021 3:12:56 PM	Microsoft-Windows-Kernel-General	12	None	The operating system started at system time ‎2021‎-‎08‎-‎16T22:12:56.484375000Z.
Information	8/16/2021 3:07:05 PM	Service Control Manager	7036	None	The SPP Notification Service service entered the running state.
Information	8/16/2021 3:01:15 PM	Microsoft-Windows-WAS	5186	None	A worker process with process id of '516' serving application pool 'DefaultAppPool' was shutdown due to inactivity.  Application Pool timeout configuration was set to 20 minutes.  A new worker process will be started when needed.
Information	8/16/2021 2:58:23 PM	Service Control Manager	7036	None	The DNS Client service entered the running state.
Information	8/16/2021 2:56:48 PM	Service Control Manager	7036	None	The DNS Client service entered the stopped state.
Information	8/16/2021 2:53:31 PM	Service Control Manager	7036	None	The WinHTTP Web Proxy Auto-Discovery Service service entered the stopped state.
Information	8/16/2021 2:49:15 PM	Service Control Manager	7036	None	The Application Experience service entered the stopped state.
Information	8/16/2021 2:39:04 PM	Service Control Manager	7036	None	The Shell Hardware Detection service entered the stopped state.
Information	8/16/2021 2:39:03 PM	Service Control Manager	7036	None	The Portable Device Enumerator Service service entered the stopped state.
Information	8/16/2021 2:39:01 PM	Service Control Manager	7036	None	The Windows Update service entered the running state.
Information	8/16/2021 2:39:01 PM	Service Control Manager	7036	None	The Distributed Transaction Coordinator service entered the running state.
Information	8/16/2021 2:39:00 PM	Service Control Manager	7036	None	The Windows Font Cache Service service entered the running state.
Information	8/16/2021 2:39:00 PM	Service Control Manager	7036	None	The Diagnostic System Host service entered the running state.
Information	8/16/2021 2:39:00 PM	Service Control Manager	7036	None	The Diagnostic Policy Service service entered the running state.
Information	8/16/2021 2:39:00 PM	Service Control Manager	7036	None	The Microsoft .NET Framework NGEN v4.0.30319_X64 service entered the stopped state.
Information	8/16/2021 2:39:00 PM	Service Control Manager	7036	None	The Microsoft .NET Framework NGEN v4.0.30319_X64 service entered the running state.
Information	8/16/2021 2:39:00 PM	Service Control Manager	7036	None	The Microsoft .NET Framework NGEN v4.0.30319_X86 service entered the stopped state.
Information	8/16/2021 2:39:00 PM	Service Control Manager	7036	None	The Microsoft .NET Framework NGEN v4.0.30319_X86 service entered the running state.
Information	8/16/2021 2:39:00 PM	Service Control Manager	7036	None	The Background Intelligent Transfer Service service entered the running state.
Information	8/16/2021 2:37:07 PM	Service Control Manager	7036	None	The Remote Desktop Configuration service entered the running state.
Information	8/16/2021 2:37:06 PM	Service Control Manager	7036	None	The IPsec Policy Agent service entered the running state.
Information	8/16/2021 2:37:05 PM	Service Control Manager	7036	None	The Certificate Propagation service entered the running state.
Information	8/16/2021 2:37:03 PM	Service Control Manager	7036	None	The Remote Desktop Services UserMode Port Redirector service entered the running state.
Information	8/16/2021 2:37:03 PM	Service Control Manager	7036	None	The Portable Device Enumerator Service service entered the running state.
Information	8/16/2021 2:37:03 PM	Service Control Manager	7036	None	The Application Experience service entered the running state.
Information	8/16/2021 2:37:03 PM	Service Control Manager	7036	None	The Software Protection service entered the running state.
Information	8/16/2021 2:37:02 PM	Service Control Manager	7036	None	The Remote Desktop Services service entered the running state.
Information	8/16/2021 2:37:01 PM	Service Control Manager	7036	None	The Network List Service service entered the running state.
Information	8/16/2021 2:37:01 PM	Microsoft-Windows-Iphlpsvc	4200	None	Isatap interface isatap.{C4693D89-C34D-4CB3-98BB-1A53D6BAFCB8} with address fe80::5efe:192.168.52.5 has been brought up.
Information	8/16/2021 2:37:01 PM	Service Control Manager	7036	None	The WinHTTP Web Proxy Auto-Discovery Service service entered the running state.
Error	8/16/2021 2:37:00 PM	Service Control Manager	7026	None	"The following boot-start or system-start driver(s) failed to load: 
vmhgfs"
Information	8/16/2021 2:37:00 PM	Service Control Manager	7036	None	The wampmysqld service entered the running state.
Information	8/16/2021 2:37:01 PM	SNMP	1001	None	The SNMP Service has started successfully.
Information	8/16/2021 2:36:59 PM	Service Control Manager	7036	None	The wampapache service entered the running state.
Information	8/16/2021 2:36:59 PM	Service Control Manager	7036	None	The Server service entered the running state.
Information	8/16/2021 2:36:58 PM	Service Control Manager	7036	None	The Windows Remote Management (WS-Management) service entered the running state.
Information	8/16/2021 2:36:58 PM	Service Control Manager	7036	None	The World Wide Web Publishing Service service entered the running state.
Information	8/16/2021 2:36:58 PM	Service Control Manager	7036	None	The ManageEngine Desktop Central Server service entered the running state.
Information	8/16/2021 2:36:58 PM	Service Control Manager	7036	None	The Windows Process Activation Service service entered the running state.
Information	8/16/2021 2:36:58 PM	Service Control Manager	7036	None	The IP Helper service entered the running state.
Information	8/16/2021 2:36:58 PM	Service Control Manager	7036	None	The Windows Management Instrumentation service entered the running state.
Information	8/16/2021 2:36:58 PM	Service Control Manager	7036	None	The Windows Licensing Monitoring Service service entered the running state.
Information	8/16/2021 2:36:58 PM	Service Control Manager	7036	None	The OpenSSH Server service entered the running state.
Information	8/16/2021 2:36:58 PM	Microsoft-Windows-WinRM	10121	None	"The WinRM service has been configured to accept basic authentication for unsecure HTTP connections. 

 This is not a secure configuration. 

 User Action 
 Set AllowUnencrypted to False in WinRM configuration to ensure packets are encrypted on the wire."
Information	8/16/2021 2:36:58 PM	Microsoft-Windows-WinRM	10148	None	"The WinRM service is listening for WS-Management requests. 

 User Action 
 Use the following command to see the specific IPs on which WinRM is listening: 

 winrm enumerate winrm/config/listener"
Information	8/16/2021 2:36:57 PM	Service Control Manager	7036	None	The Distributed Link Tracking Client service entered the running state.
Information	8/16/2021 2:36:57 PM	Service Control Manager	7036	None	The SNMP Service service entered the running state.
Information	8/16/2021 2:36:57 PM	Service Control Manager	7036	None	The MEDC Server Component - Apache service entered the running state.
Information	8/16/2021 2:36:57 PM	Service Control Manager	7036	None	The Remote Registry service entered the running state.
Error	8/16/2021 2:36:57 PM	SNMP	1500	None	The SNMP Service encountered an error while accessing the registry key SYSTEM\CurrentControlSet\Services\SNMP\Parameters\TrapConfiguration.
Information	8/16/2021 2:36:55 PM	Service Control Manager	7036	None	The Network Location Awareness service entered the running state.
Information	8/16/2021 2:36:51 PM	Service Control Manager	7036	None	The Elasticsearch 1.1.1 (elasticsearch-service-x64) service entered the running state.
Information	8/16/2021 2:36:50 PM	Service Control Manager	7036	None	The jmx service entered the running state.
Information	8/16/2021 2:36:50 PM	Service Control Manager	7036	None	The MEDC Server Component - Notification Server service entered the running state.
Information	8/16/2021 2:36:50 PM	Service Control Manager	7036	None	The jenkins service entered the running state.
Information	8/16/2021 2:36:49 PM	Service Control Manager	7036	None	The domain1 GlassFish Server service entered the running state.
Information	8/16/2021 2:36:49 PM	Service Control Manager	7036	None	The Microsoft FTP Service service entered the running state.
Information	8/16/2021 2:36:49 PM	Service Control Manager	7036	None	The IKE and AuthIP IPsec Keying Modules service entered the running state.
Information	8/16/2021 2:36:49 PM	Service Control Manager	7036	None	The Application Host Helper Service service entered the running state.
Information	8/16/2021 2:36:49 PM	Service Control Manager	7036	None	The Cryptographic Services service entered the running state.
Information	8/16/2021 2:36:49 PM	Service Control Manager	7036	None	The Print Spooler service entered the running state.
Information	8/16/2021 2:36:49 PM	Service Control Manager	7036	None	The Security Accounts Manager service entered the running state.
Information	8/16/2021 2:36:49 PM	Service Control Manager	7036	None	The Workstation service entered the running state.
Information	8/16/2021 2:36:48 PM	Service Control Manager	7036	None	The Windows Firewall service entered the running state.
Information	8/16/2021 2:36:48 PM	Service Control Manager	7036	None	The Base Filtering Engine service entered the running state.
Information	8/16/2021 2:36:48 PM	Service Control Manager	7036	None	The Task Scheduler service entered the running state.
Information	8/16/2021 2:36:48 PM	Service Control Manager	7036	None	The Shell Hardware Detection service entered the running state.
Information	8/16/2021 2:36:48 PM	Service Control Manager	7036	None	The DHCP Client service entered the running state.
Information	8/16/2021 2:36:48 PM	Service Control Manager	7036	None	The DNS Client service entered the running state.
Information	8/16/2021 2:36:48 PM	Microsoft-Windows-DHCPv6-Client	51046	Service State Event	DHCPv6 client service is started
Information	8/16/2021 2:36:48 PM	Microsoft-Windows-Dhcp-Client	50036	Service State Event	DHCPv4 client service is started
Information	8/16/2021 2:36:48 PM	Service Control Manager	7036	None	The TCP/IP NetBIOS Helper service entered the running state.
Information	8/16/2021 2:36:48 PM	Service Control Manager	7036	None	The Network Store Interface Service service entered the running state.
Information	8/16/2021 2:36:48 PM	Service Control Manager	7036	None	The Desktop Window Manager Session Manager service entered the running state.
Information	8/16/2021 2:36:48 PM	Service Control Manager	7036	None	The System Event Notification Service service entered the running state.
Information	8/16/2021 2:36:48 PM	Service Control Manager	7036	None	The COM+ Event System service entered the running state.
Information	8/16/2021 2:36:48 PM	Service Control Manager	7036	None	The User Profile Service service entered the running state.
Information	8/16/2021 2:36:48 PM	Service Control Manager	7036	None	The Group Policy Client service entered the running state.
Information	8/16/2021 2:36:48 PM	Service Control Manager	7036	None	The Windows Event Log service entered the running state.
Information	8/16/2021 2:36:48 PM	Service Control Manager	7036	None	The Remote Procedure Call (RPC) service entered the running state.
Information	8/16/2021 2:36:48 PM	Service Control Manager	7036	None	The RPC Endpoint Mapper service entered the running state.
Information	8/16/2021 2:36:48 PM	Service Control Manager	7036	None	The DCOM Server Process Launcher service entered the running state.
Information	8/16/2021 2:36:48 PM	Microsoft-Windows-FilterManager	6	None	File System Filter 'luafv' (6.1, ‎2009‎-‎07‎-‎13T16:26:13.000000000Z) has successfully loaded and registered with Filter Manager.
Information	8/16/2021 2:36:48 PM	Service Control Manager	7036	None	The Power service entered the running state.
Information	8/16/2021 2:36:48 PM	Microsoft-Windows-UserPnp	20010	(7010)	"One or more of the Plug and Play service's subsystems has changed state. 

PlugPlay install subsystem enabled: 'true' 
PlugPlay caching subsystem enabled: 'true' 
"
Information	8/16/2021 2:36:48 PM	Service Control Manager	7036	None	The Plug and Play service entered the running state.
Information	8/16/2021 2:36:47 PM	Microsoft-Windows-Kernel-Processor-Power	26	(4)	"Processor 1 in group 0 exposes the following:

1 idle state(s)
0 performance state(s)
8 throttle state(s)"
Information	8/16/2021 2:36:47 PM	Microsoft-Windows-Kernel-Processor-Power	26	(4)	"Processor 0 in group 0 exposes the following:

1 idle state(s)
0 performance state(s)
8 throttle state(s)"
Information	8/16/2021 2:36:42 PM	Microsoft-Windows-Kernel-General	12	None	The operating system started at system time ‎2021‎-‎08‎-‎16T21:36:42.484375000Z.
Information	8/16/2021 11:22:54 AM	Microsoft-Windows-Kernel-General	13	None	The operating system is shutting down at system time ‎2021‎-‎08‎-‎16T18:22:54.909179600Z.
Information	8/16/2021 11:22:54 AM	Microsoft-Windows-Kernel-Power	109	(103)	The kernel power manager has initiated a shutdown transition.
Information	8/16/2021 11:22:54 AM	Service Control Manager	7036	None	The MEDC Server Component - Apache service entered the stopped state.
Information	8/16/2021 11:22:54 AM	Service Control Manager	7036	None	The Windows Process Activation Service service entered the stopped state.
Information	8/16/2021 11:22:53 AM	Service Control Manager	7036	None	The jenkins service entered the stopped state.
Information	8/16/2021 11:22:53 AM	Service Control Manager	7036	None	The Microsoft FTP Service service entered the stopped state.
Information	8/16/2021 11:22:53 AM	Service Control Manager	7036	None	The wampmysqld service entered the stopped state.
Information	8/16/2021 11:22:53 AM	Service Control Manager	7036	None	The Windows Remote Management (WS-Management) service entered the stopped state.
Information	8/16/2021 11:22:53 AM	Service Control Manager	7036	None	The jmx service entered the stopped state.
Information	8/16/2021 11:22:53 AM	Service Control Manager	7036	None	The Remote Desktop Services service entered the stopped state.
Information	8/16/2021 11:22:53 AM	Service Control Manager	7036	None	The Windows Management Instrumentation service entered the stopped state.
Information	8/16/2021 11:22:53 AM	Service Control Manager	7036	None	The Windows Licensing Monitoring Service service entered the stopped state.
Information	8/16/2021 11:22:53 AM	Service Control Manager	7036	None	The World Wide Web Publishing Service service entered the stopped state.
Information	8/16/2021 11:22:53 AM	Service Control Manager	7036	None	The Software Protection service entered the stopped state.
Information	8/16/2021 11:22:53 AM	Service Control Manager	7036	None	The Distributed Link Tracking Client service entered the stopped state.
Information	8/16/2021 11:22:52 AM	Service Control Manager	7036	None	The Windows Time service entered the stopped state.
Information	8/16/2021 11:22:52 AM	Service Control Manager	7036	None	The Desktop Window Manager Session Manager service entered the stopped state.
Information	8/16/2021 11:22:52 AM	Service Control Manager	7036	None	The Remote Desktop Services UserMode Port Redirector service entered the stopped state.
Information	8/16/2021 11:22:52 AM	Service Control Manager	7036	None	The IPsec Policy Agent service entered the stopped state.
Information	8/16/2021 11:22:52 AM	Service Control Manager	7036	None	The SPP Notification Service service entered the stopped state.
Information	8/16/2021 11:22:52 AM	Service Control Manager	7036	None	The User Profile Service service entered the stopped state.
Information	8/16/2021 11:22:52 AM	Service Control Manager	7036	None	The Plug and Play service entered the stopped state.
Information	8/16/2021 11:22:52 AM	Microsoft-Windows-UserPnp	20010	(7010)	"One or more of the Plug and Play service's subsystems has changed state. 

PlugPlay install subsystem enabled: 'false' 
PlugPlay caching subsystem enabled: 'false' 
"
Information	8/16/2021 11:22:52 AM	Service Control Manager	7036	None	The Power service entered the stopped state.
Information	8/16/2021 11:22:52 AM	Service Control Manager	7036	None	The Distributed Transaction Coordinator service entered the stopped state.
Information	8/16/2021 11:22:52 AM	Service Control Manager	7036	None	The MEDC Server Component - Notification Server service entered the stopped state.
Information	8/16/2021 11:22:52 AM	Service Control Manager	7036	None	The domain1 GlassFish Server service entered the stopped state.
Information	8/16/2021 11:22:52 AM	Service Control Manager	7036	None	The IKE and AuthIP IPsec Keying Modules service entered the stopped state.
Information	8/16/2021 11:22:52 AM	Service Control Manager	7036	None	The Application Host Helper Service service entered the stopped state.
Information	8/16/2021 11:22:52 AM	Service Control Manager	7036	None	The Cryptographic Services service entered the stopped state.
Information	8/16/2021 11:22:52 AM	Service Control Manager	7036	None	The Windows Event Log service entered the stopped state.
Information	8/16/2021 2:36:48 PM	EventLog	6013	None	The system uptime is 6 seconds.
Information	8/16/2021 2:36:48 PM	EventLog	6005	None	The Event log service was started.
Information	8/16/2021 2:36:48 PM	EventLog	6009	None	Microsoft (R) Windows (R) 6.01. 7601 Service Pack 1 Multiprocessor Free.
Information	8/16/2021 11:22:52 AM	Service Control Manager	7036	None	The Windows Font Cache Service service entered the stopped state.
Information	8/16/2021 11:22:52 AM	Service Control Manager	7036	None	The Diagnostic Policy Service service entered the stopped state.
Information	8/16/2021 11:22:52 AM	Service Control Manager	7036	None	The DHCP Client service entered the stopped state.
Information	8/16/2021 11:22:52 AM	Microsoft-Windows-Dhcp-Client	50037	Service State Event	DHCPv4 client service is stopped. ShutDown Flag value is 1
Information	8/16/2021 11:22:52 AM	Microsoft-Windows-DHCPv6-Client	51047	Service State Event	DHCPv6 client service is stopped. ShutDown Flag value is 1
Information	8/16/2021 11:22:52 AM	Service Control Manager	7036	None	The Certificate Propagation service entered the stopped state.
Information	8/16/2021 11:22:52 AM	EventLog	6006	None	The Event log service was stopped.
Information	8/16/2021 11:22:48 AM	Service Control Manager	7036	None	The ManageEngine Desktop Central Server service entered the stopped state.
Information	8/16/2021 11:22:47 AM	Service Control Manager	7036	None	The Windows Error Reporting Service service entered the running state.
Information	8/16/2021 11:22:47 AM	Service Control Manager	7036	None	The Elasticsearch 1.1.1 (elasticsearch-service-x64) service entered the stopped state.
Information	8/16/2021 11:22:46 AM	Service Control Manager	7036	None	The Group Policy Client service entered the stopped state.
Information	8/16/2021 11:22:46 AM	Service Control Manager	7036	None	The Windows Update service entered the stopped state.
Information	8/16/2021 11:22:46 AM	USER32	1074	None	"The process wlms.exe has initiated the power off of computer METASPLOITABLE3 on behalf of user NT AUTHORITY\SYSTEM for the following reason: Other (Unplanned)
 Reason Code: 0x0
 Shutdown Type: power off
 Comment: "
Information	8/16/2021 11:05:23 AM	Service Control Manager	7036	None	The DNS Client service entered the running state.
Information	8/16/2021 11:04:43 AM	Service Control Manager	7036	None	The Diagnostic System Host service entered the stopped state.
Information	8/16/2021 11:02:27 AM	Service Control Manager	7036	None	The DNS Client service entered the stopped state.
Information	8/16/2021 10:52:45 AM	Service Control Manager	7036	None	The SPP Notification Service service entered the running state.
Information	8/16/2021 10:39:12 AM	Service Control Manager	7036	None	The WinHTTP Web Proxy Auto-Discovery Service service entered the stopped state.
Information	8/16/2021 10:32:43 AM	Service Control Manager	7036	None	The Application Experience service entered the stopped state.
Warning	8/16/2021 10:27:29 AM	Microsoft-Windows-Time-Service	134	None	NtpClient was unable to set a manual peer to use as a time source because of DNS resolution error on ''. NtpClient will try again in 3473457 minutes and double the reattempt interval thereafter. The error was: The requested name is valid, but no data of the requested type was found. (0x80072AFC)
Information	8/16/2021 10:27:27 AM	Service Control Manager	7036	None	The Windows Time service entered the running state.
Information	8/16/2021 10:24:46 AM	Service Control Manager	7036	None	The Shell Hardware Detection service entered the stopped state.
Information	8/16/2021 10:24:44 AM	Service Control Manager	7036	None	The Windows Update service entered the running state.
Information	8/16/2021 10:24:43 AM	Service Control Manager	7036	None	The Portable Device Enumerator Service service entered the stopped state.
Information	8/16/2021 10:24:43 AM	Service Control Manager	7036	None	The Distributed Transaction Coordinator service entered the running state.
Information	8/16/2021 10:24:43 AM	Service Control Manager	7036	None	The Windows Font Cache Service service entered the running state.
Information	8/16/2021 10:24:43 AM	Service Control Manager	7036	None	The Diagnostic System Host service entered the running state.
Information	8/16/2021 10:24:43 AM	Service Control Manager	7036	None	The Diagnostic Policy Service service entered the running state.
Information	8/16/2021 10:24:42 AM	Service Control Manager	7036	None	The Microsoft .NET Framework NGEN v4.0.30319_X64 service entered the stopped state.
Information	8/16/2021 10:24:42 AM	Service Control Manager	7036	None	The Microsoft .NET Framework NGEN v4.0.30319_X64 service entered the running state.
Information	8/16/2021 10:24:42 AM	Service Control Manager	7036	None	The Microsoft .NET Framework NGEN v4.0.30319_X86 service entered the stopped state.
Information	8/16/2021 10:24:42 AM	Service Control Manager	7036	None	The Microsoft .NET Framework NGEN v4.0.30319_X86 service entered the running state.
Information	8/16/2021 10:24:42 AM	Service Control Manager	7036	None	The Background Intelligent Transfer Service service entered the running state.
Information	8/16/2021 10:22:46 AM	Service Control Manager	7036	None	The Remote Desktop Configuration service entered the running state.
Information	8/16/2021 10:22:46 AM	Service Control Manager	7036	None	The Certificate Propagation service entered the running state.
Information	8/16/2021 10:22:46 AM	Service Control Manager	7036	None	The Remote Desktop Services UserMode Port Redirector service entered the running state.
Information	8/16/2021 10:22:45 AM	Service Control Manager	7036	None	The IPsec Policy Agent service entered the running state.
Information	8/16/2021 10:22:43 AM	Service Control Manager	7036	None	The Portable Device Enumerator Service service entered the running state.
Information	8/16/2021 10:22:43 AM	Service Control Manager	7036	None	The Software Protection service entered the running state.
Information	8/16/2021 10:22:43 AM	Service Control Manager	7036	None	The Application Experience service entered the running state.
Information	8/16/2021 10:22:43 AM	Microsoft-Windows-Iphlpsvc	4200	None	Isatap interface isatap.{C4693D89-C34D-4CB3-98BB-1A53D6BAFCB8} with address fe80::5efe:192.168.52.5 has been brought up.
Information	8/16/2021 10:22:42 AM	Service Control Manager	7036	None	The Remote Desktop Services service entered the running state.
Information	8/16/2021 10:22:42 AM	Service Control Manager	7036	None	The Network List Service service entered the running state.
Information	8/16/2021 10:22:42 AM	Service Control Manager	7036	None	The WinHTTP Web Proxy Auto-Discovery Service service entered the running state.
Error	8/16/2021 10:22:42 AM	Service Control Manager	7026	None	"The following boot-start or system-start driver(s) failed to load: 
vmhgfs"
Information	8/16/2021 10:22:42 AM	Service Control Manager	7036	None	The wampmysqld service entered the running state.
Information	8/16/2021 10:22:41 AM	Service Control Manager	7036	None	The ManageEngine Desktop Central Server service entered the running state.
Information	8/16/2021 10:22:40 AM	Service Control Manager	7036	None	The Server service entered the running state.
Information	8/16/2021 10:22:40 AM	Service Control Manager	7036	None	The Windows Remote Management (WS-Management) service entered the running state.
Information	8/16/2021 10:22:40 AM	Service Control Manager	7036	None	The World Wide Web Publishing Service service entered the running state.
Information	8/16/2021 10:22:40 AM	Service Control Manager	7036	None	The IP Helper service entered the running state.
Information	8/16/2021 10:22:40 AM	Service Control Manager	7036	None	The Windows Process Activation Service service entered the running state.
Information	8/16/2021 10:22:40 AM	Service Control Manager	7036	None	The Windows Licensing Monitoring Service service entered the running state.
Information	8/16/2021 10:22:40 AM	Service Control Manager	7036	None	The Windows Management Instrumentation service entered the running state.
Information	8/16/2021 10:22:40 AM	SNMP	1001	None	The SNMP Service has started successfully.
Information	8/16/2021 10:22:40 AM	Microsoft-Windows-WinRM	10121	None	"The WinRM service has been configured to accept basic authentication for unsecure HTTP connections. 

 This is not a secure configuration. 

 User Action 
 Set AllowUnencrypted to False in WinRM configuration to ensure packets are encrypted on the wire."
Information	8/16/2021 10:22:40 AM	Microsoft-Windows-WinRM	10148	None	"The WinRM service is listening for WS-Management requests. 

 User Action 
 Use the following command to see the specific IPs on which WinRM is listening: 

 winrm enumerate winrm/config/listener"
Information	8/16/2021 10:22:39 AM	Service Control Manager	7036	None	The wampapache service entered the running state.
Information	8/16/2021 10:22:38 AM	Service Control Manager	7036	None	The MEDC Server Component - Apache service entered the running state.
Information	8/16/2021 10:22:38 AM	Service Control Manager	7036	None	The OpenSSH Server service entered the running state.
Information	8/16/2021 10:22:37 AM	Service Control Manager	7036	None	The SNMP Service service entered the running state.
Information	8/16/2021 10:22:37 AM	Service Control Manager	7036	None	The Distributed Link Tracking Client service entered the running state.
Information	8/16/2021 10:22:37 AM	Service Control Manager	7036	None	The Remote Registry service entered the running state.
Error	8/16/2021 10:22:37 AM	SNMP	1500	None	The SNMP Service encountered an error while accessing the registry key SYSTEM\CurrentControlSet\Services\SNMP\Parameters\TrapConfiguration.
Information	8/16/2021 10:22:33 AM	Service Control Manager	7036	None	The Network Location Awareness service entered the running state.
Information	8/16/2021 10:22:29 AM	Service Control Manager	7036	None	The Elasticsearch 1.1.1 (elasticsearch-service-x64) service entered the running state.
Information	8/16/2021 10:22:29 AM	Service Control Manager	7036	None	The jmx service entered the running state.
Information	8/16/2021 10:22:29 AM	Service Control Manager	7036	None	The MEDC Server Component - Notification Server service entered the running state.
Information	8/16/2021 10:22:28 AM	Service Control Manager	7036	None	The jenkins service entered the running state.
Information	8/16/2021 10:22:28 AM	Service Control Manager	7036	None	The domain1 GlassFish Server service entered the running state.
Information	8/16/2021 10:22:28 AM	Service Control Manager	7036	None	The Microsoft FTP Service service entered the running state.
Information	8/16/2021 10:22:28 AM	Service Control Manager	7036	None	The IKE and AuthIP IPsec Keying Modules service entered the running state.
Information	8/16/2021 10:22:27 AM	Service Control Manager	7036	None	The Application Host Helper Service service entered the running state.
Information	8/16/2021 10:22:27 AM	Service Control Manager	7036	None	The Cryptographic Services service entered the running state.
Information	8/16/2021 10:22:27 AM	Service Control Manager	7036	None	The Print Spooler service entered the running state.
Information	8/16/2021 10:22:27 AM	Service Control Manager	7036	None	The Security Accounts Manager service entered the running state.
Information	8/16/2021 10:22:27 AM	Service Control Manager	7036	None	The Workstation service entered the running state.
Information	8/16/2021 10:22:27 AM	Service Control Manager	7036	None	The Windows Firewall service entered the running state.
Information	8/16/2021 10:22:27 AM	Service Control Manager	7036	None	The Base Filtering Engine service entered the running state.
Information	8/16/2021 10:22:27 AM	Service Control Manager	7036	None	The Task Scheduler service entered the running state.
Information	8/16/2021 10:22:27 AM	Service Control Manager	7036	None	The Shell Hardware Detection service entered the running state.
Information	8/16/2021 10:22:27 AM	Service Control Manager	7036	None	The DNS Client service entered the running state.
Information	8/16/2021 10:22:27 AM	Service Control Manager	7036	None	The DHCP Client service entered the running state.
Information	8/16/2021 10:22:27 AM	Microsoft-Windows-DHCPv6-Client	51046	Service State Event	DHCPv6 client service is started
Information	8/16/2021 10:22:27 AM	Microsoft-Windows-Dhcp-Client	50036	Service State Event	DHCPv4 client service is started
Information	8/16/2021 10:22:27 AM	Service Control Manager	7036	None	The TCP/IP NetBIOS Helper service entered the running state.
Information	8/16/2021 10:22:27 AM	Service Control Manager	7036	None	The Network Store Interface Service service entered the running state.
Information	8/16/2021 10:22:27 AM	Service Control Manager	7036	None	The Desktop Window Manager Session Manager service entered the running state.
Information	8/16/2021 10:22:27 AM	Service Control Manager	7036	None	The System Event Notification Service service entered the running state.
Information	8/16/2021 10:22:27 AM	Service Control Manager	7036	None	The COM+ Event System service entered the running state.
Information	8/16/2021 10:22:27 AM	Service Control Manager	7036	None	The User Profile Service service entered the running state.
Information	8/16/2021 10:22:27 AM	Service Control Manager	7036	None	The Group Policy Client service entered the running state.
Information	8/16/2021 10:22:27 AM	Service Control Manager	7036	None	The Windows Event Log service entered the running state.
Information	8/16/2021 10:22:27 AM	Service Control Manager	7036	None	The Remote Procedure Call (RPC) service entered the running state.
Information	8/16/2021 10:22:27 AM	Service Control Manager	7036	None	The RPC Endpoint Mapper service entered the running state.
Information	8/16/2021 10:22:27 AM	Service Control Manager	7036	None	The DCOM Server Process Launcher service entered the running state.
Information	8/16/2021 10:22:27 AM	Microsoft-Windows-FilterManager	6	None	File System Filter 'luafv' (6.1, ‎2009‎-‎07‎-‎13T16:26:13.000000000Z) has successfully loaded and registered with Filter Manager.
Information	8/16/2021 10:22:27 AM	Service Control Manager	7036	None	The Power service entered the running state.
Information	8/16/2021 10:22:27 AM	Microsoft-Windows-UserPnp	20010	(7010)	"One or more of the Plug and Play service's subsystems has changed state. 

PlugPlay install subsystem enabled: 'true' 
PlugPlay caching subsystem enabled: 'true' 
"
Information	8/16/2021 10:22:27 AM	Service Control Manager	7036	None	The Plug and Play service entered the running state.
Information	8/16/2021 10:22:26 AM	Microsoft-Windows-Kernel-Processor-Power	26	(4)	"Processor 1 in group 0 exposes the following:

1 idle state(s)
0 performance state(s)
8 throttle state(s)"
Information	8/16/2021 10:22:26 AM	Microsoft-Windows-Kernel-Processor-Power	26	(4)	"Processor 0 in group 0 exposes the following:

1 idle state(s)
0 performance state(s)
8 throttle state(s)"
Information	8/16/2021 10:22:21 AM	Microsoft-Windows-Kernel-General	12	None	The operating system started at system time ‎2021‎-‎08‎-‎16T17:22:21.468750000Z.
Information	8/12/2021 8:52:38 AM	Microsoft-Windows-Kernel-General	13	None	The operating system is shutting down at system time ‎2021‎-‎08‎-‎12T15:52:38.947265600Z.
Information	8/12/2021 8:52:38 AM	Microsoft-Windows-Kernel-Power	109	(103)	The kernel power manager has initiated a shutdown transition.
Information	8/12/2021 8:52:38 AM	Service Control Manager	7036	None	The MEDC Server Component - Apache service entered the stopped state.
Information	8/12/2021 8:52:37 AM	Service Control Manager	7036	None	The Windows Process Activation Service service entered the stopped state.
Information	8/12/2021 8:52:37 AM	Service Control Manager	7036	None	The Microsoft FTP Service service entered the stopped state.
Information	8/12/2021 8:52:37 AM	Service Control Manager	7036	None	The wampmysqld service entered the stopped state.
Information	8/12/2021 8:52:37 AM	Service Control Manager	7036	None	The jmx service entered the stopped state.
Information	8/12/2021 8:52:36 AM	Service Control Manager	7036	None	The Software Protection service entered the stopped state.
Information	8/12/2021 8:52:36 AM	Service Control Manager	7036	None	The Windows Remote Management (WS-Management) service entered the stopped state.
Information	8/12/2021 8:52:36 AM	Service Control Manager	7036	None	The Remote Desktop Services service entered the stopped state.
Information	8/12/2021 8:52:36 AM	Service Control Manager	7036	None	The jenkins service entered the stopped state.
Information	8/12/2021 8:52:36 AM	Service Control Manager	7036	None	The Distributed Link Tracking Client service entered the stopped state.
Information	8/12/2021 8:52:36 AM	Service Control Manager	7036	None	The IPsec Policy Agent service entered the stopped state.
Information	8/12/2021 8:52:36 AM	Service Control Manager	7036	None	The Cryptographic Services service entered the stopped state.
Information	8/12/2021 8:52:36 AM	Service Control Manager	7036	None	The Desktop Window Manager Session Manager service entered the stopped state.
Information	8/12/2021 8:52:36 AM	Service Control Manager	7036	None	The Windows Licensing Monitoring Service service entered the stopped state.
Information	8/12/2021 8:52:36 AM	Service Control Manager	7036	None	The Windows Management Instrumentation service entered the stopped state.
Information	8/12/2021 8:52:36 AM	Service Control Manager	7036	None	The World Wide Web Publishing Service service entered the stopped state.
Information	8/12/2021 8:52:36 AM	Service Control Manager	7036	None	The Remote Desktop Services UserMode Port Redirector service entered the stopped state.
Information	8/12/2021 8:52:36 AM	Service Control Manager	7036	None	The User Profile Service service entered the stopped state.
Information	8/12/2021 8:52:36 AM	Service Control Manager	7036	None	The SPP Notification Service service entered the stopped state.
Information	8/12/2021 8:52:36 AM	Service Control Manager	7036	None	The Application Host Helper Service service entered the stopped state.
Information	8/12/2021 8:52:36 AM	Service Control Manager	7036	None	The Plug and Play service entered the stopped state.
Information	8/12/2021 8:52:36 AM	Microsoft-Windows-UserPnp	20010	(7010)	"One or more of the Plug and Play service's subsystems has changed state. 

PlugPlay install subsystem enabled: 'false' 
PlugPlay caching subsystem enabled: 'false' 
"
Information	8/12/2021 8:52:36 AM	Service Control Manager	7036	None	The Power service entered the stopped state.
Information	8/12/2021 8:52:36 AM	Service Control Manager	7036	None	The Distributed Transaction Coordinator service entered the stopped state.
Information	8/12/2021 8:52:36 AM	Service Control Manager	7036	None	The Windows Event Log service entered the stopped state.
Information	8/16/2021 10:22:27 AM	EventLog	6013	None	The system uptime is 5 seconds.
Information	8/16/2021 10:22:27 AM	EventLog	6005	None	The Event log service was started.
Information	8/16/2021 10:22:27 AM	EventLog	6009	None	Microsoft (R) Windows (R) 6.01. 7601 Service Pack 1 Multiprocessor Free.
Information	8/12/2021 8:52:36 AM	Service Control Manager	7036	None	The MEDC Server Component - Notification Server service entered the stopped state.
Information	8/12/2021 8:52:36 AM	Service Control Manager	7036	None	The IKE and AuthIP IPsec Keying Modules service entered the stopped state.
Information	8/12/2021 8:52:36 AM	Service Control Manager	7036	None	The Windows Font Cache Service service entered the stopped state.
Information	8/12/2021 8:52:36 AM	Service Control Manager	7036	None	The Diagnostic Policy Service service entered the stopped state.
Information	8/12/2021 8:52:36 AM	Service Control Manager	7036	None	The DHCP Client service entered the stopped state.
Information	8/12/2021 8:52:36 AM	Microsoft-Windows-Dhcp-Client	50037	Service State Event	DHCPv4 client service is stopped. ShutDown Flag value is 1
Information	8/12/2021 8:52:36 AM	Service Control Manager	7036	None	The Certificate Propagation service entered the stopped state.
Information	8/12/2021 8:52:36 AM	Microsoft-Windows-DHCPv6-Client	51047	Service State Event	DHCPv6 client service is stopped. ShutDown Flag value is 1
Information	8/12/2021 8:52:36 AM	EventLog	6006	None	The Event log service was stopped.
Information	8/12/2021 8:52:32 AM	Service Control Manager	7036	None	The ManageEngine Desktop Central Server service entered the stopped state.
Information	8/12/2021 8:52:31 AM	Service Control Manager	7036	None	The Windows Error Reporting Service service entered the running state.
Information	8/12/2021 8:52:30 AM	Service Control Manager	7036	None	The Elasticsearch 1.1.1 (elasticsearch-service-x64) service entered the stopped state.
Information	8/12/2021 8:52:30 AM	Service Control Manager	7036	None	The Group Policy Client service entered the stopped state.
Information	8/12/2021 8:52:30 AM	Service Control Manager	7036	None	The Windows Update service entered the stopped state.
Information	8/12/2021 8:52:30 AM	USER32	1074	None	"The process wlms.exe has initiated the power off of computer METASPLOITABLE3 on behalf of user NT AUTHORITY\SYSTEM for the following reason: Other (Unplanned)
 Reason Code: 0x0
 Shutdown Type: power off
 Comment: "
Information	8/12/2021 8:49:29 AM	Service Control Manager	7036	None	The Application Experience service entered the stopped state.
Information	8/12/2021 8:39:29 AM	Service Control Manager	7036	None	The Application Experience service entered the running state.
Information	8/12/2021 8:35:09 AM	Service Control Manager	7036	None	The DNS Client service entered the running state.
Information	8/12/2021 8:34:26 AM	Service Control Manager	7036	None	The Diagnostic System Host service entered the stopped state.
Information	8/12/2021 8:33:49 AM	Service Control Manager	7036	None	The DNS Client service entered the stopped state.
Information	8/12/2021 8:22:29 AM	Service Control Manager	7036	None	The SPP Notification Service service entered the running state.
Information	8/12/2021 8:13:49 AM	Service Control Manager	7036	None	The DNS Client service entered the running state.
Information	8/12/2021 8:12:14 AM	Service Control Manager	7036	None	The DNS Client service entered the stopped state.
Information	8/12/2021 8:08:56 AM	Service Control Manager	7036	None	The WinHTTP Web Proxy Auto-Discovery Service service entered the stopped state.
Information	8/12/2021 8:02:27 AM	Service Control Manager	7036	None	The Application Experience service entered the stopped state.
Information	8/12/2021 7:54:29 AM	Service Control Manager	7036	None	The Shell Hardware Detection service entered the stopped state.
Information	8/12/2021 7:54:27 AM	Service Control Manager	7036	None	The Windows Update service entered the running state.
Information	8/12/2021 7:54:27 AM	Service Control Manager	7036	None	The Portable Device Enumerator Service service entered the stopped state.
Information	8/12/2021 7:54:27 AM	Service Control Manager	7036	None	The Distributed Transaction Coordinator service entered the running state.
Information	8/12/2021 7:54:26 AM	Service Control Manager	7036	None	The Windows Font Cache Service service entered the running state.
Information	8/12/2021 7:54:26 AM	Service Control Manager	7036	None	The Diagnostic System Host service entered the running state.
Information	8/12/2021 7:54:26 AM	Service Control Manager	7036	None	The Diagnostic Policy Service service entered the running state.
Information	8/12/2021 7:54:26 AM	Service Control Manager	7036	None	The Microsoft .NET Framework NGEN v4.0.30319_X64 service entered the stopped state.
Information	8/12/2021 7:54:26 AM	Service Control Manager	7036	None	The Microsoft .NET Framework NGEN v4.0.30319_X64 service entered the running state.
Information	8/12/2021 7:54:26 AM	Service Control Manager	7036	None	The Microsoft .NET Framework NGEN v4.0.30319_X86 service entered the stopped state.
Information	8/12/2021 7:54:26 AM	Service Control Manager	7036	None	The Microsoft .NET Framework NGEN v4.0.30319_X86 service entered the running state.
Information	8/12/2021 7:54:26 AM	Service Control Manager	7036	None	The Background Intelligent Transfer Service service entered the running state.
Information	8/12/2021 7:52:29 AM	Service Control Manager	7036	None	The Remote Desktop Configuration service entered the running state.
Information	8/12/2021 7:52:28 AM	Service Control Manager	7036	None	The Certificate Propagation service entered the running state.
Information	8/12/2021 7:52:28 AM	Service Control Manager	7036	None	The Remote Desktop Services UserMode Port Redirector service entered the running state.
Information	8/12/2021 7:52:27 AM	Service Control Manager	7036	None	The IPsec Policy Agent service entered the running state.
Information	8/12/2021 7:52:27 AM	Service Control Manager	7036	None	The Portable Device Enumerator Service service entered the running state.
